#
# There is insufficient memory for the Java Runtime Environment to continue.
# Native memory allocation (malloc) failed to allocate 1234304 bytes for Chunk::new
# Possible reasons:
#   The system is out of physical RAM or swap space
#   The process is running with CompressedOops enabled, and the Java Heap may be blocking the growth of the native heap
# Possible solutions:
#   Reduce memory load on the system
#   Increase physical memory or swap space
#   Check if swap backing store is full
#   Decrease Java heap size (-Xmx/-Xms)
#   Decrease number of Java threads
#   Decrease Java thread stack sizes (-Xss)
#   Set larger code cache with -XX:ReservedCodeCacheSize=
#   JVM is running with Unscaled Compressed Oops mode in which the Java heap is
#     placed in the first 4GB address space. The Java Heap base address is the
#     maximum limit for the native heap growth. Please use -XX:HeapBaseMinAddress
#     to set the Java Heap base and to place the Java Heap above 4GB virtual address.
# This output file may be truncated or incomplete.
#
#  Out of Memory Error (arena.cpp:189), pid=19268, tid=17960
#
# JRE version: OpenJDK Runtime Environment Temurin-17.0.8.1+1 (17.0.8.1+1) (build 17.0.8.1+1)
# Java VM: OpenJDK 64-Bit Server VM Temurin-17.0.8.1+1 (17.0.8.1+1, mixed mode, tiered, compressed oops, compressed class ptrs, parallel gc, windows-amd64)
# No core dump will be written. Minidumps are not enabled by default on client versions of Windows
#

---------------  S U M M A R Y ------------

Command Line: --add-modules=ALL-SYSTEM --add-opens=java.base/java.util=ALL-UNNAMED --add-opens=java.base/java.lang=ALL-UNNAMED --add-opens=java.base/sun.nio.fs=ALL-UNNAMED -Declipse.application=org.eclipse.jdt.ls.core.id1 -Dosgi.bundles.defaultStartLevel=4 -Declipse.product=org.eclipse.jdt.ls.core.product -Djava.import.generatesMetadataFilesAtProjectRoot=false -DDetectVMInstallationsJob.disabled=true -Dfile.encoding=utf8 -XX:+UseParallelGC -XX:GCTimeRatio=4 -XX:AdaptiveSizePolicyWeight=90 -Dsun.zip.disableMemoryMapping=true -Xmx1G -Xms100m -Xlog:disable -javaagent:c:\Users\hang\.vscode\extensions\redhat.java-1.23.0-win32-x64\lombok\lombok-1.18.30.jar -XX:+HeapDumpOnOutOfMemoryError -XX:HeapDumpPath=c:\Users\hang\AppData\Roaming\Code\User\workspaceStorage\813dacee7a4e38ad1d20c30dbadee0cf\redhat.java -Daether.dependencyCollector.impl=bf c:\Users\hang\.vscode\extensions\redhat.java-1.23.0-win32-x64\server\plugins\org.eclipse.equinox.launcher_1.6.500.v20230717-2134.jar -configuration c:\Users\hang\AppData\Roaming\Code\User\globalStorage\redhat.java\1.23.0\config_win -data c:\Users\hang\AppData\Roaming\Code\User\workspaceStorage\813dacee7a4e38ad1d20c30dbadee0cf\redhat.java\jdt_ws

Host: AMD Ryzen 5 5500U with Radeon Graphics         , 12 cores, 7G,  Windows 11 , 64 bit Build 22621 (10.0.22621.2215)
Time: Tue Oct  3 11:37:54 2023 SE Asia Standard Time elapsed time: 8.238128 seconds (0d 0h 0m 8s)

---------------  T H R E A D  ---------------

Current thread (0x0000020ffcc56300):  JavaThread "C2 CompilerThread0" daemon [_thread_in_native, id=17960, stack(0x000000a43a000000,0x000000a43a100000)]


Current CompileTask:
C2:   8238 3778       4       jdk.internal.org.objectweb.asm.Frame::execute (2318 bytes)

Stack: [0x000000a43a000000,0x000000a43a100000]
Native frames: (J=compiled Java code, j=interpreted, Vv=VM code, C=native code)
V  [jvm.dll+0x678b0a]
V  [jvm.dll+0x835e84]
V  [jvm.dll+0x83762e]
V  [jvm.dll+0x837c93]
V  [jvm.dll+0x24746f]
V  [jvm.dll+0xac20c]
V  [jvm.dll+0xac7dc]
V  [jvm.dll+0x365ca7]
V  [jvm.dll+0x1bd1f8]
V  [jvm.dll+0x219d49]
V  [jvm.dll+0x219011]
V  [jvm.dll+0x1a534d]
V  [jvm.dll+0x228d8a]
V  [jvm.dll+0x226dcc]
V  [jvm.dll+0x7ec09b]
V  [jvm.dll+0x7e64ca]
V  [jvm.dll+0x677955]
C  [ucrtbase.dll+0x29363]
C  [KERNEL32.DLL+0x1257d]
C  [ntdll.dll+0x5aa68]


---------------  P R O C E S S  ---------------

Threads class SMR info:
_java_thread_list=0x0000020f90b3d9c0, length=26, elements={
0x0000020ff0d80560, 0x0000020ff7b33020, 0x0000020ff7b352a0, 0x0000020ff7b3e2d0,
0x0000020ffcc54000, 0x0000020ffcc548d0, 0x0000020ffcc552a0, 0x0000020ffcc56300,
0x0000020ffcc66cc0, 0x0000020ffcc7c950, 0x0000020ffcd7c000, 0x0000020ffe43bac0,
0x0000020ffeb7abb0, 0x0000020fff15b6d0, 0x0000020fff241650, 0x0000020fff011be0,
0x0000020ffef6a2c0, 0x0000020ffef6ace0, 0x0000020ffef6b1f0, 0x0000020ffef6cb40,
0x0000020ffef6c120, 0x0000020ffebcaf30, 0x0000020ffef6b700, 0x0000020ffef6d050,
0x0000020ffef6a7d0, 0x0000020ffef6c630
}

Java Threads: ( => current thread )
  0x0000020ff0d80560 JavaThread "main" [_thread_in_vm, id=3336, stack(0x000000a439700000,0x000000a439800000)]
  0x0000020ff7b33020 JavaThread "Reference Handler" daemon [_thread_blocked, id=3364, stack(0x000000a439a00000,0x000000a439b00000)]
  0x0000020ff7b352a0 JavaThread "Finalizer" daemon [_thread_blocked, id=14580, stack(0x000000a439b00000,0x000000a439c00000)]
  0x0000020ff7b3e2d0 JavaThread "Signal Dispatcher" daemon [_thread_blocked, id=6904, stack(0x000000a439c00000,0x000000a439d00000)]
  0x0000020ffcc54000 JavaThread "Attach Listener" daemon [_thread_blocked, id=12152, stack(0x000000a439d00000,0x000000a439e00000)]
  0x0000020ffcc548d0 JavaThread "Service Thread" daemon [_thread_blocked, id=9848, stack(0x000000a439e00000,0x000000a439f00000)]
  0x0000020ffcc552a0 JavaThread "Monitor Deflation Thread" daemon [_thread_blocked, id=13624, stack(0x000000a439f00000,0x000000a43a000000)]
=>0x0000020ffcc56300 JavaThread "C2 CompilerThread0" daemon [_thread_in_native, id=17960, stack(0x000000a43a000000,0x000000a43a100000)]
  0x0000020ffcc66cc0 JavaThread "C1 CompilerThread0" daemon [_thread_blocked, id=12296, stack(0x000000a43a100000,0x000000a43a200000)]
  0x0000020ffcc7c950 JavaThread "Sweeper thread" daemon [_thread_blocked, id=18996, stack(0x000000a43a200000,0x000000a43a300000)]
  0x0000020ffcd7c000 JavaThread "Common-Cleaner" daemon [_thread_blocked, id=10848, stack(0x000000a43a300000,0x000000a43a400000)]
  0x0000020ffe43bac0 JavaThread "Notification Thread" daemon [_thread_blocked, id=8668, stack(0x000000a43a500000,0x000000a43a600000)]
  0x0000020ffeb7abb0 JavaThread "Active Thread: Equinox Container: 254c77f3-9182-47cd-a583-b9748b42d83b" [_thread_blocked, id=16344, stack(0x000000a43ae00000,0x000000a43af00000)]
  0x0000020fff15b6d0 JavaThread "Framework Event Dispatcher: Equinox Container: 254c77f3-9182-47cd-a583-b9748b42d83b" daemon [_thread_blocked, id=3088, stack(0x000000a43af00000,0x000000a43b000000)]
  0x0000020fff241650 JavaThread "Start Level: Equinox Container: 254c77f3-9182-47cd-a583-b9748b42d83b" daemon [_thread_blocked, id=19472, stack(0x000000a43b000000,0x000000a43b100000)]
  0x0000020fff011be0 JavaThread "Bundle File Closer" daemon [_thread_blocked, id=19660, stack(0x000000a43b100000,0x000000a43b200000)]
  0x0000020ffef6a2c0 JavaThread "SCR Component Actor" daemon [_thread_blocked, id=12896, stack(0x000000a43ac00000,0x000000a43ad00000)]
  0x0000020ffef6ace0 JavaThread "SCR Component Registry" daemon [_thread_blocked, id=19672, stack(0x000000a43b400000,0x000000a43b500000)]
  0x0000020ffef6b1f0 JavaThread "Worker-JM" [_thread_blocked, id=4940, stack(0x000000a43b500000,0x000000a43b600000)]
  0x0000020ffef6cb40 JavaThread "Worker-0: Repository registry initialization" [_thread_in_vm, id=8992, stack(0x000000a43b600000,0x000000a43b700000)]
  0x0000020ffef6c120 JavaThread "Worker-1: Updating Maven Dependencies" [_thread_blocked, id=10328, stack(0x000000a43b700000,0x000000a43b800000)]
  0x0000020ffebcaf30 JavaThread "C2 CompilerThread1" daemon [_thread_in_native, id=15704, stack(0x000000a43b800000,0x000000a43b900000)]
  0x0000020ffef6b700 JavaThread "Worker-2" [_thread_blocked, id=9224, stack(0x000000a43b900000,0x000000a43ba00000)]
  0x0000020ffef6d050 JavaThread "Java indexing" daemon [_thread_blocked, id=8740, stack(0x000000a43ba00000,0x000000a43bb00000)]
  0x0000020ffef6a7d0 JavaThread "Worker-3" [_thread_blocked, id=7228, stack(0x000000a43bb00000,0x000000a43bc00000)]
  0x0000020ffef6c630 JavaThread "JNA Cleaner" daemon [_thread_blocked, id=19128, stack(0x000000a43bc00000,0x000000a43bd00000)]

Other Threads:
  0x0000020ff0e28850 VMThread "VM Thread" [stack: 0x000000a439900000,0x000000a439a00000] [id=10860]
  0x0000020ffcf4eef0 WatcherThread [stack: 0x000000a43a600000,0x000000a43a700000] [id=12320]
  0x0000020ff0d98190 GCTaskThread "GC Thread#0" [stack: 0x000000a439800000,0x000000a439900000] [id=20040]
  0x0000020ffe680eb0 GCTaskThread "GC Thread#1" [stack: 0x000000a43a400000,0x000000a43a500000] [id=20468]
  0x0000020ffeb64430 GCTaskThread "GC Thread#2" [stack: 0x000000a43a700000,0x000000a43a800000] [id=14352]
  0x0000020ffec6abb0 GCTaskThread "GC Thread#3" [stack: 0x000000a43a800000,0x000000a43a900000] [id=11544]
  0x0000020ffe681170 GCTaskThread "GC Thread#4" [stack: 0x000000a43a900000,0x000000a43aa00000] [id=4912]
  0x0000020ffe681430 GCTaskThread "GC Thread#5" [stack: 0x000000a43aa00000,0x000000a43ab00000] [id=15780]
  0x0000020ffe6816f0 GCTaskThread "GC Thread#6" [stack: 0x000000a43ab00000,0x000000a43ac00000] [id=20420]
  0x0000020ffefba290 GCTaskThread "GC Thread#7" [stack: 0x000000a43ad00000,0x000000a43ae00000] [id=19468]
  0x0000020fff3c0530 GCTaskThread "GC Thread#8" [stack: 0x000000a43b200000,0x000000a43b300000] [id=6912]
  0x0000020fff0b9430 GCTaskThread "GC Thread#9" [stack: 0x000000a43b300000,0x000000a43b400000] [id=19656]

Threads with active compile tasks:
C2 CompilerThread0     8261 3778       4       jdk.internal.org.objectweb.asm.Frame::execute (2318 bytes)
C2 CompilerThread1     8261 4098       4       org.eclipse.core.runtime.Path::computeSegments (163 bytes)

VM state: not at safepoint (normal execution)

VM Mutex/Monitor currently owned by a thread: None

Heap address: 0x00000000c0000000, size: 1024 MB, Compressed Oops mode: 32-bit

CDS archive(s) not mapped
Compressed class space mapped at: 0x0000000100000000-0x0000000140000000, reserved size: 1073741824
Narrow klass base: 0x0000000000000000, Narrow klass shift: 3, Narrow klass range: 0x140000000

GC Precious Log:
 CPUs: 12 total, 12 available
 Memory: 7530M
 Large Page Support: Disabled
 NUMA Support: Disabled
 Compressed Oops: Enabled (32-bit)
 Alignments: Space 512K, Generation 512K, Heap 2M
 Heap Min Capacity: 100M
 Heap Initial Capacity: 100M
 Heap Max Capacity: 1G
 Pre-touch: Disabled
 Parallel Workers: 10

Heap:
 PSYoungGen      total 23552K, used 21936K [0x00000000eab00000, 0x00000000ec580000, 0x0000000100000000)
  eden space 22016K, 94% used [0x00000000eab00000,0x00000000ebf5cd40,0x00000000ec080000)
  from space 1536K, 70% used [0x00000000ec400000,0x00000000ec50f678,0x00000000ec580000)
  to   space 2048K, 0% used [0x00000000ec180000,0x00000000ec180000,0x00000000ec380000)
 ParOldGen       total 68608K, used 14506K [0x00000000c0000000, 0x00000000c4300000, 0x00000000eab00000)
  object space 68608K, 21% used [0x00000000c0000000,0x00000000c0e2a9a0,0x00000000c4300000)
 Metaspace       used 39648K, committed 40384K, reserved 1114112K
  class space    used 4048K, committed 4416K, reserved 1048576K

Card table byte_map: [0x0000020ff53d0000,0x0000020ff55e0000] _byte_map_base: 0x0000020ff4dd0000

Marking Bits: (ParMarkBitMap*) 0x00007ffb8c0683a0
 Begin Bits: [0x0000020ff5740000, 0x0000020ff6740000)
 End Bits:   [0x0000020ff6740000, 0x0000020ff7740000)

Polling page: 0x0000020ff0e30000

Metaspace:

Usage:
  Non-class:     34.77 MB used.
      Class:      3.95 MB used.
       Both:     38.72 MB used.

Virtual space:
  Non-class space:       64.00 MB reserved,      35.12 MB ( 55%) committed,  1 nodes.
      Class space:        1.00 GB reserved,       4.31 MB ( <1%) committed,  1 nodes.
             Both:        1.06 GB reserved,      39.44 MB (  4%) committed. 

Chunk freelists:
   Non-Class:  12.45 MB
       Class:  11.60 MB
        Both:  24.05 MB

MaxMetaspaceSize: unlimited
CompressedClassSpaceSize: 1.00 GB
Initial GC threshold: 21.00 MB
Current GC threshold: 58.38 MB
CDS: off
MetaspaceReclaimPolicy: balanced
 - commit_granule_bytes: 65536.
 - commit_granule_words: 8192.
 - virtual_space_node_default_size: 8388608.
 - enlarge_chunks_in_place: 1.
 - new_chunks_are_fully_committed: 0.
 - uncommit_free_chunks: 1.
 - use_allocation_guard: 0.
 - handle_deallocations: 1.


Internal statistics:

num_allocs_failed_limit: 6.
num_arena_births: 394.
num_arena_deaths: 14.
num_vsnodes_births: 2.
num_vsnodes_deaths: 0.
num_space_committed: 631.
num_space_uncommitted: 0.
num_chunks_returned_to_freelist: 20.
num_chunks_taken_from_freelist: 1682.
num_chunk_merges: 7.
num_chunk_splits: 1071.
num_chunks_enlarged: 693.
num_inconsistent_stats: 0.

CodeHeap 'non-profiled nmethods': size=120000Kb used=1834Kb max_used=1834Kb free=118165Kb
 bounds [0x0000020f87ad0000, 0x0000020f87d40000, 0x0000020f8f000000]
CodeHeap 'profiled nmethods': size=120000Kb used=8459Kb max_used=8459Kb free=111540Kb
 bounds [0x0000020f80000000, 0x0000020f80850000, 0x0000020f87530000]
CodeHeap 'non-nmethods': size=5760Kb used=1271Kb max_used=1323Kb free=4488Kb
 bounds [0x0000020f87530000, 0x0000020f877a0000, 0x0000020f87ad0000]
 total_blobs=4680 nmethods=4088 adapters=506
 compilation: enabled
              stopped_count=0, restarted_count=0
 full_count=0

Compilation events (20 events):
Event: 8.213 Thread 0x0000020ffebcaf30 3858       4       sun.nio.cs.UTF_8$Decoder::decodeArrayLoop (688 bytes)
Event: 8.214 Thread 0x0000020ffcc66cc0 nmethod 4093 0x0000020f8083a890 code [0x0000020f8083aa40, 0x0000020f8083ad18]
Event: 8.214 Thread 0x0000020ffcc66cc0 4094       3       org.eclipse.core.internal.resources.Resource$$Lambda$257/0x00000001002e18c0::visitElement (27 bytes)
Event: 8.214 Thread 0x0000020ffcc66cc0 nmethod 4094 0x0000020f8083ad90 code [0x0000020f8083af40, 0x0000020f8083b0a8]
Event: 8.214 Thread 0x0000020ffcc66cc0 4095   !   3       org.eclipse.core.internal.resources.Resource::lambda$0 (159 bytes)
Event: 8.214 Thread 0x0000020ffcc66cc0 nmethod 4095 0x0000020f8083b190 code [0x0000020f8083b3e0, 0x0000020f8083bf98]
Event: 8.214 Thread 0x0000020ffcc66cc0 4096       3       org.eclipse.debug.internal.core.LaunchManager$ResourceProxyVisitor::visit (68 bytes)
Event: 8.215 Thread 0x0000020ffcc66cc0 nmethod 4096 0x0000020f8083c690 code [0x0000020f8083c960, 0x0000020f8083d848]
Event: 8.215 Thread 0x0000020ffcc66cc0 4090       3       org.eclipse.core.runtime.Path::backslashToForward (15 bytes)
Event: 8.215 Thread 0x0000020ffcc66cc0 nmethod 4090 0x0000020f8083de10 code [0x0000020f8083dfc0, 0x0000020f8083e148]
Event: 8.219 Thread 0x0000020ffcc66cc0 4100       2       org.eclipse.sisu.space.asm.ClassReader::readClass (16 bytes)
Event: 8.219 Thread 0x0000020ffcc66cc0 nmethod 4100 0x0000020f8083e210 code [0x0000020f8083e3c0, 0x0000020f8083e538]
Event: 8.222 Thread 0x0000020ffebcaf30 nmethod 3858 0x0000020f87c99a90 code [0x0000020f87c99c40, 0x0000020f87c9a378]
Event: 8.222 Thread 0x0000020ffebcaf30 4098       4       org.eclipse.core.runtime.Path::computeSegments (163 bytes)
Event: 8.232 Thread 0x0000020ffcc66cc0 4101       3       sun.reflect.generics.parser.SignatureParser::parseClassTypeSignature (118 bytes)
Event: 8.234 Thread 0x0000020ffcc66cc0 nmethod 4101 0x0000020f8083e690 code [0x0000020f8083ea20, 0x0000020f8083fdd8]
Event: 8.234 Thread 0x0000020ffcc66cc0 4102       3       sun.reflect.generics.parser.SignatureParser::parsePackageNameAndSimpleClassTypeSignature (119 bytes)
Event: 8.235 Thread 0x0000020ffcc66cc0 nmethod 4102 0x0000020f80840590 code [0x0000020f80840880, 0x0000020f80841328]
Event: 8.235 Thread 0x0000020ffcc66cc0 4103       3       sun.reflect.generics.tree.SimpleClassTypeSignature::make (11 bytes)
Event: 8.236 Thread 0x0000020ffcc66cc0 nmethod 4103 0x0000020f80841790 code [0x0000020f80841940, 0x0000020f80841b78]

GC Heap History (20 events):
Event: 3.506 GC heap before
{Heap before GC invocations=3 (full 0):
 PSYoungGen      total 29696K, used 29672K [0x00000000eab00000, 0x00000000ecc00000, 0x0000000100000000)
  eden space 25600K, 100% used [0x00000000eab00000,0x00000000ec400000,0x00000000ec400000)
  from space 4096K, 99% used [0x00000000ec800000,0x00000000ecbfa368,0x00000000ecc00000)
  to   space 4096K, 0% used [0x00000000ec400000,0x00000000ec400000,0x00000000ec800000)
 ParOldGen       total 68608K, used 1490K [0x00000000c0000000, 0x00000000c4300000, 0x00000000eab00000)
  object space 68608K, 2% used [0x00000000c0000000,0x00000000c0174af8,0x00000000c4300000)
 Metaspace       used 16965K, committed 17280K, reserved 1114112K
  class space    used 1709K, committed 1856K, reserved 1048576K
}
Event: 3.513 GC heap after
{Heap after GC invocations=3 (full 0):
 PSYoungGen      total 29696K, used 4076K [0x00000000eab00000, 0x00000000ecc00000, 0x0000000100000000)
  eden space 25600K, 0% used [0x00000000eab00000,0x00000000eab00000,0x00000000ec400000)
  from space 4096K, 99% used [0x00000000ec400000,0x00000000ec7fb1e8,0x00000000ec800000)
  to   space 4096K, 0% used [0x00000000ec800000,0x00000000ec800000,0x00000000ecc00000)
 ParOldGen       total 68608K, used 5217K [0x00000000c0000000, 0x00000000c4300000, 0x00000000eab00000)
  object space 68608K, 7% used [0x00000000c0000000,0x00000000c0518590,0x00000000c4300000)
 Metaspace       used 16965K, committed 17280K, reserved 1114112K
  class space    used 1709K, committed 1856K, reserved 1048576K
}
Event: 4.207 GC heap before
{Heap before GC invocations=4 (full 0):
 PSYoungGen      total 29696K, used 28666K [0x00000000eab00000, 0x00000000ecc00000, 0x0000000100000000)
  eden space 25600K, 96% used [0x00000000eab00000,0x00000000ec3036c0,0x00000000ec400000)
  from space 4096K, 99% used [0x00000000ec400000,0x00000000ec7fb1e8,0x00000000ec800000)
  to   space 4096K, 0% used [0x00000000ec800000,0x00000000ec800000,0x00000000ecc00000)
 ParOldGen       total 68608K, used 5217K [0x00000000c0000000, 0x00000000c4300000, 0x00000000eab00000)
  object space 68608K, 7% used [0x00000000c0000000,0x00000000c0518590,0x00000000c4300000)
 Metaspace       used 21038K, committed 21504K, reserved 1114112K
  class space    used 2127K, committed 2368K, reserved 1048576K
}
Event: 4.211 GC heap after
{Heap after GC invocations=4 (full 0):
 PSYoungGen      total 29696K, used 4090K [0x00000000eab00000, 0x00000000ecc00000, 0x0000000100000000)
  eden space 25600K, 0% used [0x00000000eab00000,0x00000000eab00000,0x00000000ec400000)
  from space 4096K, 99% used [0x00000000ec800000,0x00000000ecbfe898,0x00000000ecc00000)
  to   space 4096K, 0% used [0x00000000ec400000,0x00000000ec400000,0x00000000ec800000)
 ParOldGen       total 68608K, used 6463K [0x00000000c0000000, 0x00000000c4300000, 0x00000000eab00000)
  object space 68608K, 9% used [0x00000000c0000000,0x00000000c064ffe0,0x00000000c4300000)
 Metaspace       used 21038K, committed 21504K, reserved 1114112K
  class space    used 2127K, committed 2368K, reserved 1048576K
}
Event: 4.211 GC heap before
{Heap before GC invocations=5 (full 1):
 PSYoungGen      total 29696K, used 4090K [0x00000000eab00000, 0x00000000ecc00000, 0x0000000100000000)
  eden space 25600K, 0% used [0x00000000eab00000,0x00000000eab00000,0x00000000ec400000)
  from space 4096K, 99% used [0x00000000ec800000,0x00000000ecbfe898,0x00000000ecc00000)
  to   space 4096K, 0% used [0x00000000ec400000,0x00000000ec400000,0x00000000ec800000)
 ParOldGen       total 68608K, used 6463K [0x00000000c0000000, 0x00000000c4300000, 0x00000000eab00000)
  object space 68608K, 9% used [0x00000000c0000000,0x00000000c064ffe0,0x00000000c4300000)
 Metaspace       used 21038K, committed 21504K, reserved 1114112K
  class space    used 2127K, committed 2368K, reserved 1048576K
}
Event: 4.247 GC heap after
{Heap after GC invocations=5 (full 1):
 PSYoungGen      total 29696K, used 0K [0x00000000eab00000, 0x00000000ecc00000, 0x0000000100000000)
  eden space 25600K, 0% used [0x00000000eab00000,0x00000000eab00000,0x00000000ec400000)
  from space 4096K, 0% used [0x00000000ec800000,0x00000000ec800000,0x00000000ecc00000)
  to   space 4096K, 0% used [0x00000000ec400000,0x00000000ec400000,0x00000000ec800000)
 ParOldGen       total 68608K, used 10289K [0x00000000c0000000, 0x00000000c4300000, 0x00000000eab00000)
  object space 68608K, 14% used [0x00000000c0000000,0x00000000c0a0c4b0,0x00000000c4300000)
 Metaspace       used 21025K, committed 21504K, reserved 1114112K
  class space    used 2123K, committed 2368K, reserved 1048576K
}
Event: 5.547 GC heap before
{Heap before GC invocations=6 (full 1):
 PSYoungGen      total 29696K, used 25600K [0x00000000eab00000, 0x00000000ecc00000, 0x0000000100000000)
  eden space 25600K, 100% used [0x00000000eab00000,0x00000000ec400000,0x00000000ec400000)
  from space 4096K, 0% used [0x00000000ec800000,0x00000000ec800000,0x00000000ecc00000)
  to   space 4096K, 0% used [0x00000000ec400000,0x00000000ec400000,0x00000000ec800000)
 ParOldGen       total 68608K, used 10289K [0x00000000c0000000, 0x00000000c4300000, 0x00000000eab00000)
  object space 68608K, 14% used [0x00000000c0000000,0x00000000c0a0c4b0,0x00000000c4300000)
 Metaspace       used 24196K, committed 24768K, reserved 1114112K
  class space    used 2450K, committed 2688K, reserved 1048576K
}
Event: 5.550 GC heap after
{Heap after GC invocations=6 (full 1):
 PSYoungGen      total 27648K, used 2104K [0x00000000eab00000, 0x00000000eca80000, 0x0000000100000000)
  eden space 25088K, 0% used [0x00000000eab00000,0x00000000eab00000,0x00000000ec380000)
  from space 2560K, 82% used [0x00000000ec400000,0x00000000ec60e160,0x00000000ec680000)
  to   space 3584K, 0% used [0x00000000ec700000,0x00000000ec700000,0x00000000eca80000)
 ParOldGen       total 68608K, used 10297K [0x00000000c0000000, 0x00000000c4300000, 0x00000000eab00000)
  object space 68608K, 15% used [0x00000000c0000000,0x00000000c0a0e4b0,0x00000000c4300000)
 Metaspace       used 24196K, committed 24768K, reserved 1114112K
  class space    used 2450K, committed 2688K, reserved 1048576K
}
Event: 6.197 GC heap before
{Heap before GC invocations=7 (full 1):
 PSYoungGen      total 27648K, used 27192K [0x00000000eab00000, 0x00000000eca80000, 0x0000000100000000)
  eden space 25088K, 100% used [0x00000000eab00000,0x00000000ec380000,0x00000000ec380000)
  from space 2560K, 82% used [0x00000000ec400000,0x00000000ec60e160,0x00000000ec680000)
  to   space 3584K, 0% used [0x00000000ec700000,0x00000000ec700000,0x00000000eca80000)
 ParOldGen       total 68608K, used 10297K [0x00000000c0000000, 0x00000000c4300000, 0x00000000eab00000)
  object space 68608K, 15% used [0x00000000c0000000,0x00000000c0a0e4b0,0x00000000c4300000)
 Metaspace       used 27267K, committed 27840K, reserved 1114112K
  class space    used 2778K, committed 3008K, reserved 1048576K
}
Event: 6.201 GC heap after
{Heap after GC invocations=7 (full 1):
 PSYoungGen      total 26112K, used 3562K [0x00000000eab00000, 0x00000000ecf00000, 0x0000000100000000)
  eden space 22528K, 0% used [0x00000000eab00000,0x00000000eab00000,0x00000000ec100000)
  from space 3584K, 99% used [0x00000000ec700000,0x00000000eca7a9b0,0x00000000eca80000)
  to   space 6144K, 0% used [0x00000000ec100000,0x00000000ec100000,0x00000000ec700000)
 ParOldGen       total 68608K, used 11881K [0x00000000c0000000, 0x00000000c4300000, 0x00000000eab00000)
  object space 68608K, 17% used [0x00000000c0000000,0x00000000c0b9a628,0x00000000c4300000)
 Metaspace       used 27267K, committed 27840K, reserved 1114112K
  class space    used 2778K, committed 3008K, reserved 1048576K
}
Event: 6.541 GC heap before
{Heap before GC invocations=8 (full 1):
 PSYoungGen      total 26112K, used 26090K [0x00000000eab00000, 0x00000000ecf00000, 0x0000000100000000)
  eden space 22528K, 100% used [0x00000000eab00000,0x00000000ec100000,0x00000000ec100000)
  from space 3584K, 99% used [0x00000000ec700000,0x00000000eca7a9b0,0x00000000eca80000)
  to   space 6144K, 0% used [0x00000000ec100000,0x00000000ec100000,0x00000000ec700000)
 ParOldGen       total 68608K, used 11881K [0x00000000c0000000, 0x00000000c4300000, 0x00000000eab00000)
  object space 68608K, 17% used [0x00000000c0000000,0x00000000c0b9a628,0x00000000c4300000)
 Metaspace       used 30113K, committed 30784K, reserved 1114112K
  class space    used 2971K, committed 3200K, reserved 1048576K
}
Event: 6.544 GC heap after
{Heap after GC invocations=8 (full 1):
 PSYoungGen      total 26624K, used 4161K [0x00000000eab00000, 0x00000000ec980000, 0x0000000100000000)
  eden space 22016K, 0% used [0x00000000eab00000,0x00000000eab00000,0x00000000ec080000)
  from space 4608K, 90% used [0x00000000ec100000,0x00000000ec5106a8,0x00000000ec580000)
  to   space 4096K, 0% used [0x00000000ec580000,0x00000000ec580000,0x00000000ec980000)
 ParOldGen       total 68608K, used 11881K [0x00000000c0000000, 0x00000000c4300000, 0x00000000eab00000)
  object space 68608K, 17% used [0x00000000c0000000,0x00000000c0b9a628,0x00000000c4300000)
 Metaspace       used 30113K, committed 30784K, reserved 1114112K
  class space    used 2971K, committed 3200K, reserved 1048576K
}
Event: 7.020 GC heap before
{Heap before GC invocations=9 (full 1):
 PSYoungGen      total 26624K, used 26177K [0x00000000eab00000, 0x00000000ec980000, 0x0000000100000000)
  eden space 22016K, 100% used [0x00000000eab00000,0x00000000ec080000,0x00000000ec080000)
  from space 4608K, 90% used [0x00000000ec100000,0x00000000ec5106a8,0x00000000ec580000)
  to   space 4096K, 0% used [0x00000000ec580000,0x00000000ec580000,0x00000000ec980000)
 ParOldGen       total 68608K, used 11881K [0x00000000c0000000, 0x00000000c4300000, 0x00000000eab00000)
  object space 68608K, 17% used [0x00000000c0000000,0x00000000c0b9a628,0x00000000c4300000)
 Metaspace       used 32086K, committed 32768K, reserved 1114112K
  class space    used 3118K, committed 3456K, reserved 1048576K
}
Event: 7.022 GC heap after
{Heap after GC invocations=9 (full 1):
 PSYoungGen      total 26112K, used 4084K [0x00000000eab00000, 0x00000000ec980000, 0x0000000100000000)
  eden space 22016K, 0% used [0x00000000eab00000,0x00000000eab00000,0x00000000ec080000)
  from space 4096K, 99% used [0x00000000ec580000,0x00000000ec97d0e0,0x00000000ec980000)
  to   space 4608K, 0% used [0x00000000ec080000,0x00000000ec080000,0x00000000ec500000)
 ParOldGen       total 68608K, used 12305K [0x00000000c0000000, 0x00000000c4300000, 0x00000000eab00000)
  object space 68608K, 17% used [0x00000000c0000000,0x00000000c0c04668,0x00000000c4300000)
 Metaspace       used 32086K, committed 32768K, reserved 1114112K
  class space    used 3118K, committed 3456K, reserved 1048576K
}
Event: 7.579 GC heap before
{Heap before GC invocations=10 (full 1):
 PSYoungGen      total 26112K, used 25783K [0x00000000eab00000, 0x00000000ec980000, 0x0000000100000000)
  eden space 22016K, 98% used [0x00000000eab00000,0x00000000ec030d18,0x00000000ec080000)
  from space 4096K, 99% used [0x00000000ec580000,0x00000000ec97d0e0,0x00000000ec980000)
  to   space 4608K, 0% used [0x00000000ec080000,0x00000000ec080000,0x00000000ec500000)
 ParOldGen       total 68608K, used 12305K [0x00000000c0000000, 0x00000000c4300000, 0x00000000eab00000)
  object space 68608K, 17% used [0x00000000c0000000,0x00000000c0c04668,0x00000000c4300000)
 Metaspace       used 35228K, committed 35840K, reserved 1114112K
  class space    used 3509K, committed 3776K, reserved 1048576K
}
Event: 7.584 GC heap after
{Heap after GC invocations=10 (full 1):
 PSYoungGen      total 24576K, used 2253K [0x00000000eab00000, 0x00000000ec780000, 0x0000000100000000)
  eden space 22016K, 0% used [0x00000000eab00000,0x00000000eab00000,0x00000000ec080000)
  from space 2560K, 88% used [0x00000000ec080000,0x00000000ec2b34f8,0x00000000ec300000)
  to   space 3584K, 0% used [0x00000000ec400000,0x00000000ec400000,0x00000000ec780000)
 ParOldGen       total 68608K, used 15295K [0x00000000c0000000, 0x00000000c4300000, 0x00000000eab00000)
  object space 68608K, 22% used [0x00000000c0000000,0x00000000c0eefc48,0x00000000c4300000)
 Metaspace       used 35228K, committed 35840K, reserved 1114112K
  class space    used 3509K, committed 3776K, reserved 1048576K
}
Event: 7.584 GC heap before
{Heap before GC invocations=11 (full 2):
 PSYoungGen      total 24576K, used 2253K [0x00000000eab00000, 0x00000000ec780000, 0x0000000100000000)
  eden space 22016K, 0% used [0x00000000eab00000,0x00000000eab00000,0x00000000ec080000)
  from space 2560K, 88% used [0x00000000ec080000,0x00000000ec2b34f8,0x00000000ec300000)
  to   space 3584K, 0% used [0x00000000ec400000,0x00000000ec400000,0x00000000ec780000)
 ParOldGen       total 68608K, used 15295K [0x00000000c0000000, 0x00000000c4300000, 0x00000000eab00000)
  object space 68608K, 22% used [0x00000000c0000000,0x00000000c0eefc48,0x00000000c4300000)
 Metaspace       used 35228K, committed 35840K, reserved 1114112K
  class space    used 3509K, committed 3776K, reserved 1048576K
}
Event: 7.617 GC heap after
{Heap after GC invocations=11 (full 2):
 PSYoungGen      total 24576K, used 0K [0x00000000eab00000, 0x00000000ec780000, 0x0000000100000000)
  eden space 22016K, 0% used [0x00000000eab00000,0x00000000eab00000,0x00000000ec080000)
  from space 2560K, 0% used [0x00000000ec080000,0x00000000ec080000,0x00000000ec300000)
  to   space 3584K, 0% used [0x00000000ec400000,0x00000000ec400000,0x00000000ec780000)
 ParOldGen       total 68608K, used 14498K [0x00000000c0000000, 0x00000000c4300000, 0x00000000eab00000)
  object space 68608K, 21% used [0x00000000c0000000,0x00000000c0e289a0,0x00000000c4300000)
 Metaspace       used 35228K, committed 35840K, reserved 1114112K
  class space    used 3509K, committed 3776K, reserved 1048576K
}
Event: 7.964 GC heap before
{Heap before GC invocations=12 (full 2):
 PSYoungGen      total 24576K, used 22016K [0x00000000eab00000, 0x00000000ec780000, 0x0000000100000000)
  eden space 22016K, 100% used [0x00000000eab00000,0x00000000ec080000,0x00000000ec080000)
  from space 2560K, 0% used [0x00000000ec080000,0x00000000ec080000,0x00000000ec300000)
  to   space 3584K, 0% used [0x00000000ec400000,0x00000000ec400000,0x00000000ec780000)
 ParOldGen       total 68608K, used 14498K [0x00000000c0000000, 0x00000000c4300000, 0x00000000eab00000)
  object space 68608K, 21% used [0x00000000c0000000,0x00000000c0e289a0,0x00000000c4300000)
 Metaspace       used 37665K, committed 38464K, reserved 1114112K
  class space    used 3823K, committed 4224K, reserved 1048576K
}
Event: 7.967 GC heap after
{Heap after GC invocations=12 (full 2):
 PSYoungGen      total 23552K, used 1085K [0x00000000eab00000, 0x00000000ec580000, 0x0000000100000000)
  eden space 22016K, 0% used [0x00000000eab00000,0x00000000eab00000,0x00000000ec080000)
  from space 1536K, 70% used [0x00000000ec400000,0x00000000ec50f678,0x00000000ec580000)
  to   space 2048K, 0% used [0x00000000ec180000,0x00000000ec180000,0x00000000ec380000)
 ParOldGen       total 68608K, used 14506K [0x00000000c0000000, 0x00000000c4300000, 0x00000000eab00000)
  object space 68608K, 21% used [0x00000000c0000000,0x00000000c0e2a9a0,0x00000000c4300000)
 Metaspace       used 37665K, committed 38464K, reserved 1114112K
  class space    used 3823K, committed 4224K, reserved 1048576K
}

Dll operation events (10 events):
Event: 0.014 Loaded shared library c:\Users\hang\.vscode\extensions\redhat.java-1.23.0-win32-x64\jre\17.0.8.1-win32-x86_64\bin\java.dll
Event: 0.257 Loaded shared library c:\Users\hang\.vscode\extensions\redhat.java-1.23.0-win32-x64\jre\17.0.8.1-win32-x86_64\bin\zip.dll
Event: 0.262 Loaded shared library C:\Users\hang\.vscode\extensions\redhat.java-1.23.0-win32-x64\jre\17.0.8.1-win32-x86_64\bin\instrument.dll
Event: 0.281 Loaded shared library C:\Users\hang\.vscode\extensions\redhat.java-1.23.0-win32-x64\jre\17.0.8.1-win32-x86_64\bin\net.dll
Event: 0.283 Loaded shared library C:\Users\hang\.vscode\extensions\redhat.java-1.23.0-win32-x64\jre\17.0.8.1-win32-x86_64\bin\nio.dll
Event: 0.295 Loaded shared library C:\Users\hang\.vscode\extensions\redhat.java-1.23.0-win32-x64\jre\17.0.8.1-win32-x86_64\bin\zip.dll
Event: 0.318 Loaded shared library C:\Users\hang\.vscode\extensions\redhat.java-1.23.0-win32-x64\jre\17.0.8.1-win32-x86_64\bin\jimage.dll
Event: 0.423 Loaded shared library c:\Users\hang\.vscode\extensions\redhat.java-1.23.0-win32-x64\jre\17.0.8.1-win32-x86_64\bin\verify.dll
Event: 2.083 Loaded shared library C:\Users\hang\AppData\Roaming\Code\User\globalStorage\redhat.java\1.23.0\config_win\org.eclipse.equinox.launcher\org.eclipse.equinox.launcher.win32.win32.x86_64_1.2.700.v20221108-1024\eclipse_11801.dll
Event: 7.900 Loaded shared library C:\Users\hang\AppData\Local\Temp\jna-3194994\jna4029647763543707551.dll

Deoptimization events (20 events):
Event: 8.088 Thread 0x0000020ff0d80560 DEOPT PACKING pc=0x0000020f87c60ef4 sp=0x000000a4397fdef0
Event: 8.089 Thread 0x0000020ff0d80560 DEOPT UNPACKING pc=0x0000020f875866a3 sp=0x000000a4397fde90 mode 2
Event: 8.089 Thread 0x0000020ff0d80560 Uncommon trap: trap_request=0xffffffbe fr.pc=0x0000020f87c60ef4 relative=0x0000000000000bd4
Event: 8.089 Thread 0x0000020ff0d80560 Uncommon trap: reason=profile_predicate action=maybe_recompile pc=0x0000020f87c60ef4 method=java.util.TreeMap.put(Ljava/lang/Object;Ljava/lang/Object;Z)Ljava/lang/Object; @ 27 c2
Event: 8.089 Thread 0x0000020ff0d80560 DEOPT PACKING pc=0x0000020f87c60ef4 sp=0x000000a4397fdef0
Event: 8.089 Thread 0x0000020ff0d80560 DEOPT UNPACKING pc=0x0000020f875866a3 sp=0x000000a4397fde90 mode 2
Event: 8.089 Thread 0x0000020ff0d80560 Uncommon trap: trap_request=0xffffffbe fr.pc=0x0000020f87c60ef4 relative=0x0000000000000bd4
Event: 8.089 Thread 0x0000020ff0d80560 Uncommon trap: reason=profile_predicate action=maybe_recompile pc=0x0000020f87c60ef4 method=java.util.TreeMap.put(Ljava/lang/Object;Ljava/lang/Object;Z)Ljava/lang/Object; @ 27 c2
Event: 8.089 Thread 0x0000020ff0d80560 DEOPT PACKING pc=0x0000020f87c60ef4 sp=0x000000a4397fdef0
Event: 8.089 Thread 0x0000020ff0d80560 DEOPT UNPACKING pc=0x0000020f875866a3 sp=0x000000a4397fde90 mode 2
Event: 8.104 Thread 0x0000020ff0d80560 Uncommon trap: trap_request=0xffffff76 fr.pc=0x0000020f87c5ea94 relative=0x0000000000000654
Event: 8.104 Thread 0x0000020ff0d80560 Uncommon trap: reason=predicate action=maybe_recompile pc=0x0000020f87c5ea94 method=java.util.TreeMap.getEntryUsingComparator(Ljava/lang/Object;)Ljava/util/TreeMap$Entry; @ 19 c2
Event: 8.104 Thread 0x0000020ff0d80560 DEOPT PACKING pc=0x0000020f87c5ea94 sp=0x000000a4397fe270
Event: 8.104 Thread 0x0000020ff0d80560 DEOPT UNPACKING pc=0x0000020f875866a3 sp=0x000000a4397fe220 mode 2
Event: 8.123 Thread 0x0000020ffef6cb40 DEOPT PACKING pc=0x0000020f80805dd9 sp=0x000000a43b6fe0a0
Event: 8.123 Thread 0x0000020ffef6cb40 DEOPT UNPACKING pc=0x0000020f87586e43 sp=0x000000a43b6fd4f8 mode 0
Event: 8.128 Thread 0x0000020ff0d80560 Uncommon trap: trap_request=0xffffff45 fr.pc=0x0000020f87c41f10 relative=0x0000000000000f30
Event: 8.128 Thread 0x0000020ff0d80560 Uncommon trap: reason=unstable_if action=reinterpret pc=0x0000020f87c41f10 method=java.util.Properties.loadConvert([CIILjava/lang/StringBuilder;)Ljava/lang/String; @ 463 c2
Event: 8.128 Thread 0x0000020ff0d80560 DEOPT PACKING pc=0x0000020f87c41f10 sp=0x000000a4397f7970
Event: 8.128 Thread 0x0000020ff0d80560 DEOPT UNPACKING pc=0x0000020f875866a3 sp=0x000000a4397f7960 mode 2

Classes unloaded (7 events):
Event: 4.215 Thread 0x0000020ff0e28850 Unloading class 0x0000000100250000 'java/lang/invoke/LambdaForm$MH+0x0000000100250000'
Event: 4.215 Thread 0x0000020ff0e28850 Unloading class 0x000000010024fc00 'java/lang/invoke/LambdaForm$MH+0x000000010024fc00'
Event: 4.215 Thread 0x0000020ff0e28850 Unloading class 0x000000010024f800 'java/lang/invoke/LambdaForm$MH+0x000000010024f800'
Event: 4.215 Thread 0x0000020ff0e28850 Unloading class 0x000000010024f400 'java/lang/invoke/LambdaForm$MH+0x000000010024f400'
Event: 4.215 Thread 0x0000020ff0e28850 Unloading class 0x000000010024f000 'java/lang/invoke/LambdaForm$BMH+0x000000010024f000'
Event: 4.215 Thread 0x0000020ff0e28850 Unloading class 0x000000010024ec00 'java/lang/invoke/LambdaForm$DMH+0x000000010024ec00'
Event: 4.215 Thread 0x0000020ff0e28850 Unloading class 0x000000010024c000 'java/lang/invoke/LambdaForm$DMH+0x000000010024c000'

Classes redefined (0 events):
No events

Internal exceptions (20 events):
Event: 5.442 Thread 0x0000020fff241650 Exception <a 'java/lang/NoSuchMethodError'{0x00000000ec123088}: 'java.lang.Object java.lang.invoke.Invokers$Holder.linkToTargetMethod(java.lang.Object, long, java.lang.Object, java.lang.Object)'> (0x00000000ec123088) 
thrown [s\src\hotspot\share\interpreter\linkResolver.cpp, line 759]
Event: 5.679 Thread 0x0000020fff241650 Exception <a 'java/io/FileNotFoundException'{0x00000000eaf76058}> (0x00000000eaf76058) 
thrown [s\src\hotspot\share\prims\jni.cpp, line 516]
Event: 5.919 Thread 0x0000020fff241650 Exception <a 'java/lang/NoSuchMethodError'{0x00000000eb726658}: 'void java.lang.invoke.DirectMethodHandle$Holder.invokeSpecial(java.lang.Object, java.lang.Object, java.lang.Object, int)'> (0x00000000eb726658) 
thrown [s\src\hotspot\share\interpreter\linkResolver.cpp, line 759]
Event: 7.037 Thread 0x0000020ffef6c120 Exception <a 'java/lang/NoSuchMethodError'{0x00000000eab67788}: 'void java.lang.invoke.DirectMethodHandle$Holder.invokeStatic(java.lang.Object, java.lang.Object, java.lang.Object, java.lang.Object)'> (0x00000000eab67788) 
thrown [s\src\hotspot\share\interpreter\linkResolver.cpp, line 759]
Event: 7.064 Thread 0x0000020fff241650 Exception <a 'java/lang/ClassNotFoundException'{0x00000000eab44188}: com/sun/org/apache/xerces/internal/impl/msg/spi/DOMMessagesProvider> (0x00000000eab44188) 
thrown [s\src\hotspot\share\classfile\systemDictionary.cpp, line 256]
Event: 7.066 Thread 0x0000020fff241650 Exception <a 'java/lang/ClassNotFoundException'{0x00000000eab55910}: com/sun/org/apache/xerces/internal/impl/msg/spi/XMLSerializerMessagesProvider> (0x00000000eab55910) 
thrown [s\src\hotspot\share\classfile\systemDictionary.cpp, line 256]
Event: 7.068 Thread 0x0000020fff241650 Exception <a 'java/lang/ClassNotFoundException'{0x00000000eab62b98}: com/sun/org/apache/xerces/internal/impl/msg/spi/XMLMessagesProvider> (0x00000000eab62b98) 
thrown [s\src\hotspot\share\classfile\systemDictionary.cpp, line 256]
Event: 7.134 Thread 0x0000020ffef6cb40 Exception <a 'java/lang/NoSuchMethodError'{0x00000000eaf385d8}: 'java.lang.Object java.lang.invoke.DirectMethodHandle$Holder.invokeSpecialIFC(java.lang.Object, java.lang.Object, java.lang.Object, java.lang.Object)'> (0x00000000eaf385d8) 
thrown [s\src\hotspot\share\interpreter\linkResolver.cpp, line 759]
Event: 7.163 Thread 0x0000020fff241650 Exception <a 'java/lang/NoSuchMethodError'{0x00000000eb035a08}: 'void java.lang.invoke.DirectMethodHandle$Holder.invokeVirtual(java.lang.Object, java.lang.Object)'> (0x00000000eb035a08) 
thrown [s\src\hotspot\share\interpreter\linkResolver.cpp, line 759]
Event: 7.296 Thread 0x0000020fff241650 Exception <a 'java/lang/NoSuchMethodError'{0x00000000eb62a8f0}: 'java.lang.Object java.lang.invoke.DirectMethodHandle$Holder.invokeStaticInit(java.lang.Object, int, int, int, int)'> (0x00000000eb62a8f0) 
thrown [s\src\hotspot\share\interpreter\linkResolver.cpp, line 759]
Event: 7.423 Thread 0x0000020fff241650 Exception <a 'java/lang/NoSuchMethodError'{0x00000000eb775928}: 'java.lang.Object java.lang.invoke.DirectMethodHandle$Holder.invokeStaticInit(java.lang.Object, java.lang.Object, int, int, int, int)'> (0x00000000eb775928) 
thrown [s\src\hotspot\share\interpreter\linkResolver.cpp, line 759]
Event: 7.557 Thread 0x0000020ffef6cb40 Exception <a 'java/lang/NoSuchMethodError'{0x00000000ebf70b88}: 'int java.lang.invoke.DirectMethodHandle$Holder.invokeSpecialIFC(java.lang.Object, java.lang.Object, java.lang.Object, java.lang.Object, java.lang.Object)'> (0x00000000ebf70b88) 
thrown [s\src\hotspot\share\interpreter\linkResolver.cpp, line 759]
Event: 7.634 Thread 0x0000020fff241650 Exception <a 'java/lang/ClassNotFoundException'{0x00000000eabcf5b8}: com/sun/org/apache/xml/internal/serializer/spi/XMLEntitiesProvider> (0x00000000eabcf5b8) 
thrown [s\src\hotspot\share\classfile\systemDictionary.cpp, line 256]
Event: 7.778 Thread 0x0000020fff241650 Exception <a 'java/io/FileNotFoundException'{0x00000000eb38b990}> (0x00000000eb38b990) 
thrown [s\src\hotspot\share\prims\jni.cpp, line 516]
Event: 7.833 Thread 0x0000020ffef6cb40 Exception <a 'java/lang/NoClassDefFoundError'{0x00000000eb71a2d8}: javax/enterprise/inject/Typed> (0x00000000eb71a2d8) 
thrown [s\src\hotspot\share\classfile\systemDictionary.cpp, line 245]
Event: 7.977 Thread 0x0000020fff241650 Exception <a 'java/lang/UnsatisfiedLinkError'{0x00000000eab40c70}: The specified procedure could not be found.
> (0x00000000eab40c70) 
thrown [s\src\hotspot\share\prims\jni.cpp, line 535]
Event: 7.986 Thread 0x0000020fff241650 Exception <a 'java/io/FileNotFoundException'{0x00000000eac34750}> (0x00000000eac34750) 
thrown [s\src\hotspot\share\prims\jni.cpp, line 516]
Event: 8.006 Thread 0x0000020fff241650 Exception <a 'java/io/FileNotFoundException'{0x00000000ead690b8}> (0x00000000ead690b8) 
thrown [s\src\hotspot\share\prims\jni.cpp, line 516]
Event: 8.025 Thread 0x0000020fff241650 Exception <a 'java/lang/UnsatisfiedLinkError'{0x00000000eae708f0}: The specified procedure could not be found.
> (0x00000000eae708f0) 
thrown [s\src\hotspot\share\prims\jni.cpp, line 535]
Event: 8.065 Thread 0x0000020ff0d80560 Exception <a 'sun/nio/fs/WindowsException'{0x00000000eb1015b0}> (0x00000000eb1015b0) 
thrown [s\src\hotspot\share\prims\jni.cpp, line 516]

VM Operations (20 events):
Event: 7.069 Executing VM operation: HandshakeAllThreads
Event: 7.069 Executing VM operation: HandshakeAllThreads done
Event: 7.158 Executing VM operation: HandshakeAllThreads
Event: 7.158 Executing VM operation: HandshakeAllThreads done
Event: 7.256 Executing VM operation: HandshakeAllThreads
Event: 7.256 Executing VM operation: HandshakeAllThreads done
Event: 7.420 Executing VM operation: HandshakeAllThreads
Event: 7.420 Executing VM operation: HandshakeAllThreads done
Event: 7.533 Executing VM operation: HandshakeAllThreads
Event: 7.534 Executing VM operation: HandshakeAllThreads done
Event: 7.578 Executing VM operation: CollectForMetadataAllocation
Event: 7.622 Executing VM operation: CollectForMetadataAllocation done
Event: 7.686 Executing VM operation: HandshakeAllThreads
Event: 7.686 Executing VM operation: HandshakeAllThreads done
Event: 7.803 Executing VM operation: HandshakeAllThreads
Event: 7.803 Executing VM operation: HandshakeAllThreads done
Event: 7.948 Executing VM operation: HandshakeAllThreads
Event: 7.948 Executing VM operation: HandshakeAllThreads done
Event: 7.964 Executing VM operation: ParallelGCFailedAllocation
Event: 7.967 Executing VM operation: ParallelGCFailedAllocation done

Events (20 events):
Event: 8.073 loading class sun/util/resources/cldr/TimeZoneNames
Event: 8.074 loading class sun/util/resources/TimeZoneNamesBundle
Event: 8.074 loading class sun/util/resources/OpenListResourceBundle
Event: 8.074 loading class sun/util/resources/OpenListResourceBundle done
Event: 8.074 loading class sun/util/resources/TimeZoneNamesBundle done
Event: 8.074 loading class sun/util/resources/cldr/TimeZoneNames done
Event: 8.074 loading class sun/util/resources/cldr/TimeZoneNames_en
Event: 8.076 loading class sun/util/resources/cldr/TimeZoneNames_en done
Event: 8.076 loading class sun/util/resources/cldr/TimeZoneNames_en_US
Event: 8.076 loading class sun/util/resources/cldr/TimeZoneNames_en_US done
Event: 8.078 loading class sun/util/cldr/CLDRBaseLocaleDataMetaInfo$TZCanonicalIDMapHolder
Event: 8.081 loading class sun/util/cldr/CLDRBaseLocaleDataMetaInfo$TZCanonicalIDMapHolder done
Event: 8.082 loading class sun/util/resources/TimeZoneNames
Event: 8.085 loading class sun/util/resources/TimeZoneNames done
Event: 8.085 loading class sun/util/resources/TimeZoneNames_en
Event: 8.085 loading class sun/util/resources/TimeZoneNames_en done
Event: 8.104 loading class java/util/concurrent/Executors$DefaultThreadFactory
Event: 8.104 loading class java/util/concurrent/Executors$DefaultThreadFactory done
Event: 8.123 loading class javax/xml/parsers/FactoryConfigurationError
Event: 8.123 loading class javax/xml/parsers/FactoryConfigurationError done


Dynamic libraries:
0x00007ff65a270000 - 0x00007ff65a27e000 	c:\Users\hang\.vscode\extensions\redhat.java-1.23.0-win32-x64\jre\17.0.8.1-win32-x86_64\bin\java.exe
0x00007ffc2abd0000 - 0x00007ffc2ade4000 	C:\WINDOWS\SYSTEM32\ntdll.dll
0x00007ffc297e0000 - 0x00007ffc298a4000 	C:\WINDOWS\System32\KERNEL32.DLL
0x00007ffc28150000 - 0x00007ffc284f4000 	C:\WINDOWS\System32\KERNELBASE.dll
0x00007ffc28500000 - 0x00007ffc28611000 	C:\WINDOWS\System32\ucrtbase.dll
0x00007ffbf8800000 - 0x00007ffbf8819000 	c:\Users\hang\.vscode\extensions\redhat.java-1.23.0-win32-x64\jre\17.0.8.1-win32-x86_64\bin\VCRUNTIME140.dll
0x00007ffbf8820000 - 0x00007ffbf8837000 	c:\Users\hang\.vscode\extensions\redhat.java-1.23.0-win32-x64\jre\17.0.8.1-win32-x86_64\bin\jli.dll
0x00007ffc29b10000 - 0x00007ffc29cbe000 	C:\WINDOWS\System32\USER32.dll
0x00007ffc28120000 - 0x00007ffc28146000 	C:\WINDOWS\System32\win32u.dll
0x00007ffc2aae0000 - 0x00007ffc2ab09000 	C:\WINDOWS\System32\GDI32.dll
0x00007ffc14260000 - 0x00007ffc144f3000 	C:\WINDOWS\WinSxS\amd64_microsoft.windows.common-controls_6595b64144ccf1df_6.0.22621.2215_none_270d72677387dfc3\COMCTL32.dll
0x00007ffc27f80000 - 0x00007ffc28098000 	C:\WINDOWS\System32\gdi32full.dll
0x00007ffc29a60000 - 0x00007ffc29b07000 	C:\WINDOWS\System32\msvcrt.dll
0x00007ffc28690000 - 0x00007ffc2872a000 	C:\WINDOWS\System32\msvcp_win.dll
0x00007ffc28ab0000 - 0x00007ffc28ae1000 	C:\WINDOWS\System32\IMM32.DLL
0x00007ffc23ed0000 - 0x00007ffc23edc000 	c:\Users\hang\.vscode\extensions\redhat.java-1.23.0-win32-x64\jre\17.0.8.1-win32-x86_64\bin\vcruntime140_1.dll
0x00007ffbe5e20000 - 0x00007ffbe5eb1000 	c:\Users\hang\.vscode\extensions\redhat.java-1.23.0-win32-x64\jre\17.0.8.1-win32-x86_64\bin\msvcp140.dll
0x00007ffb8b4e0000 - 0x00007ffb8c12c000 	c:\Users\hang\.vscode\extensions\redhat.java-1.23.0-win32-x64\jre\17.0.8.1-win32-x86_64\bin\server\jvm.dll
0x00007ffc29d40000 - 0x00007ffc29df0000 	C:\WINDOWS\System32\ADVAPI32.dll
0x00007ffc28de0000 - 0x00007ffc28e86000 	C:\WINDOWS\System32\sechost.dll
0x00007ffc28af0000 - 0x00007ffc28c07000 	C:\WINDOWS\System32\RPCRT4.dll
0x00007ffc27da0000 - 0x00007ffc27ded000 	C:\WINDOWS\SYSTEM32\POWRPROF.dll
0x00007ffbe97a0000 - 0x00007ffbe97a9000 	C:\WINDOWS\SYSTEM32\WSOCK32.dll
0x00007ffc29cc0000 - 0x00007ffc29d31000 	C:\WINDOWS\System32\WS2_32.dll
0x00007ffc1f870000 - 0x00007ffc1f8a4000 	C:\WINDOWS\SYSTEM32\WINMM.dll
0x00007ffc1ffd0000 - 0x00007ffc1ffda000 	C:\WINDOWS\SYSTEM32\VERSION.dll
0x00007ffc27c80000 - 0x00007ffc27c93000 	C:\WINDOWS\SYSTEM32\UMPDC.dll
0x00007ffc26f50000 - 0x00007ffc26f68000 	C:\WINDOWS\SYSTEM32\kernel.appcore.dll
0x00007ffc1ffe0000 - 0x00007ffc1ffea000 	c:\Users\hang\.vscode\extensions\redhat.java-1.23.0-win32-x64\jre\17.0.8.1-win32-x86_64\bin\jimage.dll
0x00007ffc25990000 - 0x00007ffc25bbe000 	C:\WINDOWS\SYSTEM32\DBGHELP.DLL
0x00007ffc28f50000 - 0x00007ffc292da000 	C:\WINDOWS\System32\combase.dll
0x00007ffc2a6e0000 - 0x00007ffc2a7b7000 	C:\WINDOWS\System32\OLEAUT32.dll
0x00007ffc06f70000 - 0x00007ffc06fa2000 	C:\WINDOWS\SYSTEM32\dbgcore.DLL
0x00007ffc280a0000 - 0x00007ffc2811a000 	C:\WINDOWS\System32\bcryptPrimitives.dll
0x00007ffbf8200000 - 0x00007ffbf820e000 	c:\Users\hang\.vscode\extensions\redhat.java-1.23.0-win32-x64\jre\17.0.8.1-win32-x86_64\bin\instrument.dll
0x00007ffbf81d0000 - 0x00007ffbf81f5000 	c:\Users\hang\.vscode\extensions\redhat.java-1.23.0-win32-x64\jre\17.0.8.1-win32-x86_64\bin\java.dll
0x00007ffbf6480000 - 0x00007ffbf6498000 	c:\Users\hang\.vscode\extensions\redhat.java-1.23.0-win32-x64\jre\17.0.8.1-win32-x86_64\bin\zip.dll
0x00007ffc29e50000 - 0x00007ffc2a673000 	C:\WINDOWS\System32\SHELL32.dll
0x00007ffc25ec0000 - 0x00007ffc267aa000 	C:\WINDOWS\SYSTEM32\windows.storage.dll
0x00007ffc25d80000 - 0x00007ffc25ebe000 	C:\WINDOWS\SYSTEM32\wintypes.dll
0x00007ffc28c30000 - 0x00007ffc28d23000 	C:\WINDOWS\System32\SHCORE.dll
0x00007ffc29df0000 - 0x00007ffc29e4e000 	C:\WINDOWS\System32\shlwapi.dll
0x00007ffc27eb0000 - 0x00007ffc27ed6000 	C:\WINDOWS\SYSTEM32\profapi.dll
0x00007ffbf3270000 - 0x00007ffbf3289000 	C:\Users\hang\.vscode\extensions\redhat.java-1.23.0-win32-x64\jre\17.0.8.1-win32-x86_64\bin\net.dll
0x00007ffc1f0f0000 - 0x00007ffc1f227000 	C:\WINDOWS\SYSTEM32\WINHTTP.dll
0x00007ffc27430000 - 0x00007ffc27499000 	C:\WINDOWS\system32\mswsock.dll
0x00007ffbf0790000 - 0x00007ffbf07a5000 	C:\Users\hang\.vscode\extensions\redhat.java-1.23.0-win32-x64\jre\17.0.8.1-win32-x86_64\bin\nio.dll
0x00007ffbf81c0000 - 0x00007ffbf81d0000 	c:\Users\hang\.vscode\extensions\redhat.java-1.23.0-win32-x64\jre\17.0.8.1-win32-x86_64\bin\verify.dll
0x00007ffbf95b0000 - 0x00007ffbf95ee000 	C:\Users\hang\AppData\Roaming\Code\User\globalStorage\redhat.java\1.23.0\config_win\org.eclipse.equinox.launcher\org.eclipse.equinox.launcher.win32.win32.x86_64_1.2.700.v20221108-1024\eclipse_11801.dll
0x00007ffc298b0000 - 0x00007ffc29a4e000 	C:\WINDOWS\System32\ole32.dll
0x00007ffc276a0000 - 0x00007ffc276bb000 	C:\WINDOWS\SYSTEM32\CRYPTSP.dll
0x00007ffc26f10000 - 0x00007ffc26f45000 	C:\WINDOWS\system32\rsaenh.dll
0x00007ffc27540000 - 0x00007ffc2756c000 	C:\WINDOWS\SYSTEM32\USERENV.dll
0x00007ffc27840000 - 0x00007ffc27868000 	C:\WINDOWS\SYSTEM32\bcrypt.dll
0x00007ffc276c0000 - 0x00007ffc276cc000 	C:\WINDOWS\SYSTEM32\CRYPTBASE.dll
0x00007ffc26a50000 - 0x00007ffc26a7d000 	C:\WINDOWS\SYSTEM32\IPHLPAPI.DLL
0x00007ffc2a7c0000 - 0x00007ffc2a7c9000 	C:\WINDOWS\System32\NSI.dll
0x00007ffc1eea0000 - 0x00007ffc1eeb9000 	C:\WINDOWS\SYSTEM32\dhcpcsvc6.DLL
0x00007ffc1ee80000 - 0x00007ffc1ee9f000 	C:\WINDOWS\SYSTEM32\dhcpcsvc.DLL
0x00007ffc26a80000 - 0x00007ffc26b72000 	C:\WINDOWS\SYSTEM32\DNSAPI.dll
0x00007ffbe9690000 - 0x00007ffbe96d5000 	C:\Users\hang\AppData\Local\Temp\jna-3194994\jna4029647763543707551.dll
0x00007ffc29a50000 - 0x00007ffc29a58000 	C:\WINDOWS\System32\PSAPI.DLL

dbghelp: loaded successfully - version: 4.0.5 - missing functions: none
symbol engine: initialized successfully - sym options: 0x614 - pdb path: .;c:\Users\hang\.vscode\extensions\redhat.java-1.23.0-win32-x64\jre\17.0.8.1-win32-x86_64\bin;C:\WINDOWS\SYSTEM32;C:\WINDOWS\WinSxS\amd64_microsoft.windows.common-controls_6595b64144ccf1df_6.0.22621.2215_none_270d72677387dfc3;c:\Users\hang\.vscode\extensions\redhat.java-1.23.0-win32-x64\jre\17.0.8.1-win32-x86_64\bin\server;C:\Users\hang\AppData\Roaming\Code\User\globalStorage\redhat.java\1.23.0\config_win\org.eclipse.equinox.launcher\org.eclipse.equinox.launcher.win32.win32.x86_64_1.2.700.v20221108-1024;C:\Users\hang\AppData\Local\Temp\jna-3194994

VM Arguments:
jvm_args: --add-modules=ALL-SYSTEM --add-opens=java.base/java.util=ALL-UNNAMED --add-opens=java.base/java.lang=ALL-UNNAMED --add-opens=java.base/sun.nio.fs=ALL-UNNAMED -Declipse.application=org.eclipse.jdt.ls.core.id1 -Dosgi.bundles.defaultStartLevel=4 -Declipse.product=org.eclipse.jdt.ls.core.product -Djava.import.generatesMetadataFilesAtProjectRoot=false -DDetectVMInstallationsJob.disabled=true -Dfile.encoding=utf8 -XX:+UseParallelGC -XX:GCTimeRatio=4 -XX:AdaptiveSizePolicyWeight=90 -Dsun.zip.disableMemoryMapping=true -Xmx1G -Xms100m -Xlog:disable -javaagent:c:\Users\hang\.vscode\extensions\redhat.java-1.23.0-win32-x64\lombok\lombok-1.18.30.jar -XX:+HeapDumpOnOutOfMemoryError -XX:HeapDumpPath=c:\Users\hang\AppData\Roaming\Code\User\workspaceStorage\813dacee7a4e38ad1d20c30dbadee0cf\redhat.java -Daether.dependencyCollector.impl=bf 
java_command: c:\Users\hang\.vscode\extensions\redhat.java-1.23.0-win32-x64\server\plugins\org.eclipse.equinox.launcher_1.6.500.v20230717-2134.jar -configuration c:\Users\hang\AppData\Roaming\Code\User\globalStorage\redhat.java\1.23.0\config_win -data c:\Users\hang\AppData\Roaming\Code\User\workspaceStorage\813dacee7a4e38ad1d20c30dbadee0cf\redhat.java\jdt_ws
java_class_path (initial): c:\Users\hang\.vscode\extensions\redhat.java-1.23.0-win32-x64\server\plugins\org.eclipse.equinox.launcher_1.6.500.v20230717-2134.jar
Launcher Type: SUN_STANDARD

[Global flags]
    uintx AdaptiveSizePolicyWeight                 = 90                                        {product} {command line}
     intx CICompilerCount                          = 4                                         {product} {ergonomic}
    uintx GCTimeRatio                              = 4                                         {product} {command line}
     bool HeapDumpOnOutOfMemoryError               = true                                   {manageable} {command line}
    ccstr HeapDumpPath                             = c:\Users\hang\AppData\Roaming\Code\User\workspaceStorage\813dacee7a4e38ad1d20c30dbadee0cf\redhat.java         {manageable} {command line}
   size_t InitialHeapSize                          = 104857600                                 {product} {command line}
   size_t MaxHeapSize                              = 1073741824                                {product} {command line}
   size_t MaxNewSize                               = 357564416                                 {product} {ergonomic}
   size_t MinHeapDeltaBytes                        = 524288                                    {product} {ergonomic}
   size_t MinHeapSize                              = 104857600                                 {product} {command line}
   size_t NewSize                                  = 34603008                                  {product} {ergonomic}
    uintx NonNMethodCodeHeapSize                   = 5839372                                {pd product} {ergonomic}
    uintx NonProfiledCodeHeapSize                  = 122909434                              {pd product} {ergonomic}
   size_t OldSize                                  = 70254592                                  {product} {ergonomic}
    uintx ProfiledCodeHeapSize                     = 122909434                              {pd product} {ergonomic}
    uintx ReservedCodeCacheSize                    = 251658240                              {pd product} {ergonomic}
     bool SegmentedCodeCache                       = true                                      {product} {ergonomic}
   size_t SoftMaxHeapSize                          = 1073741824                             {manageable} {ergonomic}
     bool UseCompressedClassPointers               = true                           {product lp64_product} {ergonomic}
     bool UseCompressedOops                        = true                           {product lp64_product} {ergonomic}
     bool UseLargePagesIndividualAllocation        = false                                  {pd product} {ergonomic}
     bool UseParallelGC                            = true                                      {product} {command line}

Logging:
Log output configuration:
 #0: stdout all=off uptime,level,tags
 #1: stderr all=off uptime,level,tags

Environment Variables:
JAVA_HOME=C:\Program Files\OpenJDK\openjdk-11.0.15_10
PATH=C:\Program Files\Microsoft\jdk-11.0.18.10-hotspot\bin;C:\Program Files (x86)\Common Files\Oracle\Java\javapath;C:\Windows\system32;C:\Windows;C:\Windows\System32\Wbem;C:\Windows\System32\WindowsPowerShell\v1.0\;C:\Windows\System32\OpenSSH\;C:\Program Files\NVIDIA Corporation\NVIDIA NvDLISR;C:\Program Files\Microsoft SQL Server\150\Tools\Binn\;C:\Program Files\Microsoft SQL Server\Client SDK\ODBC\170\Tools\Binn\;C:\Program Files\nodejs\;C:\ProgramData\chocolatey\bin;C:\Program Files\OpenJDK\openjdk-11.0.15_10\bin;C:\Program Files (x86)\Microsoft SQL Server\150\DTS\Binn\;C:\Program Files\Azure Data Studio\bin;C:\Program Files (x86)\Microsoft SQL Server\150\Tools\Binn\;C:\Program Files\Microsoft SQL Server\150\DTS\Binn\;C:\Program Files\Git\cmd;C:\Program Files\dotnet\;C:\WINDOWS\system32;C:\WINDOWS;C:\WINDOWS\System32\Wbem;C:\WINDOWS\System32\WindowsPowerShell\v1.0\;C:\WINDOWS\System32\OpenSSH\;C:\Users\hang\AppData\Local\Pub\Cache\bin;C:\Users\hang\AppData\Local\Yarn\Data\global;C:\Users\hang\AppData\Roaming\npm\node_modules\@tensorflow\tfjs-converter;;C:\Program Files\Docker\Docker\resources\bin;C:\Users\hang\AppData\Local\Programs\Python\Python310\Scripts\;C:\Users\hang\AppData\Local\Programs\Python\Python310\;C:\Users\hang\AppData\Local\Microsoft\WindowsApps;C:\Users\hang\AppData\Local\Programs\Microsoft VS Code\bin;C:\Users\hang\AppData\Roaming\npm;C:\Users\hang\AppData\Local\Android\Sdk\platform-tools;C:\Program Files\Azure Data Studio\bin;C:\flutter\bin;
USERNAME=hang
OS=Windows_NT
PROCESSOR_IDENTIFIER=AMD64 Family 23 Model 104 Stepping 1, AuthenticAMD
TMP=C:\Users\hang\AppData\Local\Temp
TEMP=C:\Users\hang\AppData\Local\Temp



---------------  S Y S T E M  ---------------

OS:
 Windows 11 , 64 bit Build 22621 (10.0.22621.2215)
OS uptime: 0 days 0:06 hours
Hyper-V role detected

CPU: total 12 (initial active 12) (12 cores per cpu, 2 threads per core) family 23 model 104 stepping 1 microcode 0x0, cx8, cmov, fxsr, ht, mmx, 3dnowpref, sse, sse2, sse3, ssse3, sse4a, sse4.1, sse4.2, popcnt, lzcnt, tsc, tscinvbit, avx, avx2, aes, clmul, bmi1, bmi2, adx, sha, fma, vzeroupper, clflush, clflushopt, hv
Processor Information for all 12 processors :
  Max Mhz: 2100, Current Mhz: 2100, Mhz Limit: 2100

Memory: 4k page, system-wide physical 7530M (338M free)
TotalPageFile size 13392M (AvailPageFile size 4M)
current process WorkingSet (physical memory assigned to process): 180M, peak: 181M
current process commit charge ("private bytes"): 284M, peak: 285M

vm_info: OpenJDK 64-Bit Server VM (17.0.8.1+1) for windows-amd64 JRE (17.0.8.1+1), built on Aug 23 2023 15:29:17 by "admin" with MS VC++ 16.7 (VS2019)

END.
