#
# There is insufficient memory for the Java Runtime Environment to continue.
# Native memory allocation (malloc) failed to allocate 1180176 bytes for Chunk::new
# Possible reasons:
#   The system is out of physical RAM or swap space
#   The process is running with CompressedOops enabled, and the Java Heap may be blocking the growth of the native heap
# Possible solutions:
#   Reduce memory load on the system
#   Increase physical memory or swap space
#   Check if swap backing store is full
#   Decrease Java heap size (-Xmx/-Xms)
#   Decrease number of Java threads
#   Decrease Java thread stack sizes (-Xss)
#   Set larger code cache with -XX:ReservedCodeCacheSize=
#   JVM is running with Unscaled Compressed Oops mode in which the Java heap is
#     placed in the first 4GB address space. The Java Heap base address is the
#     maximum limit for the native heap growth. Please use -XX:HeapBaseMinAddress
#     to set the Java Heap base and to place the Java Heap above 4GB virtual address.
# This output file may be truncated or incomplete.
#
#  Out of Memory Error (./src/hotspot/share/memory/arena.cpp:197), pid=8616, tid=9812
#
# JRE version: OpenJDK Runtime Environment 18.9 (11.0.15+10) (build 11.0.15+10)
# Java VM: OpenJDK 64-Bit Server VM 18.9 (11.0.15+10, mixed mode, tiered, compressed oops, g1 gc, windows-amd64)
# No core dump will be written. Minidumps are not enabled by default on client versions of Windows
#

---------------  S U M M A R Y ------------

Command Line: -XX:MaxMetaspaceSize=512m --add-opens=java.base/java.util=ALL-UNNAMED --add-opens=java.base/java.lang=ALL-UNNAMED --add-opens=java.base/java.lang.invoke=ALL-UNNAMED --add-opens=java.prefs/java.util.prefs=ALL-UNNAMED --add-opens=java.base/java.nio.charset=ALL-UNNAMED --add-opens=java.base/java.net=ALL-UNNAMED --add-opens=java.base/java.util.concurrent.atomic=ALL-UNNAMED -Xmx2048m -Dfile.encoding=windows-1252 -Duser.country=US -Duser.language=en -Duser.variant org.gradle.launcher.daemon.bootstrap.GradleDaemon 8.0.1

Host: AMD Ryzen 5 5500U with Radeon Graphics         , 12 cores, 7G,  Windows 11 , 64 bit Build 22621 (10.0.22621.2215)
Time: Tue Oct  3 11:37:54 2023 SE Asia Standard Time elapsed time: 43.820705 seconds (0d 0h 0m 43s)

---------------  T H R E A D  ---------------

Current thread (0x0000015c11b94800):  JavaThread "C2 CompilerThread1" daemon [_thread_in_native, id=9812, stack(0x0000001a73600000,0x0000001a73700000)]


Current CompileTask:
C2:  43820 10304       4       java.lang.Class::privateGetPublicMethods (224 bytes)

Stack: [0x0000001a73600000,0x0000001a73700000]
Native frames: (J=compiled Java code, j=interpreted, Vv=VM code, C=native code)
V  [jvm.dll+0x64dd3a]
V  [jvm.dll+0x7906c9]
V  [jvm.dll+0x791d9c]
V  [jvm.dll+0x792463]
V  [jvm.dll+0x265048]
V  [jvm.dll+0xc9da1]
V  [jvm.dll+0xca35c]
V  [jvm.dll+0x37c122]
V  [jvm.dll+0x347153]
V  [jvm.dll+0x34647a]
V  [jvm.dll+0x21e085]
V  [jvm.dll+0x21d25a]
V  [jvm.dll+0x19dd21]
V  [jvm.dll+0x22cc80]
V  [jvm.dll+0x22af81]
V  [jvm.dll+0x75254c]
V  [jvm.dll+0x74b12d]
V  [jvm.dll+0x64c8a6]
C  [ucrtbase.dll+0x29363]
C  [KERNEL32.DLL+0x1257d]
C  [ntdll.dll+0x5aa68]


---------------  P R O C E S S  ---------------

Threads class SMR info:
_java_thread_list=0x0000015c0a1fb6f0, length=183, elements={
0x0000015c65e3f000, 0x0000015c7f34b800, 0x0000015c7f34f800, 0x0000015c06043000,
0x0000015c7f357000, 0x0000015c7f358800, 0x0000015c7f359800, 0x0000015c7f360800,
0x0000015c7f365800, 0x0000015c06180000, 0x0000015c0874f000, 0x0000015c06381800,
0x0000015c094a8000, 0x0000015c078dc800, 0x0000015c08002800, 0x0000015c0803f800,
0x0000015c08a4b800, 0x0000015c07935000, 0x0000015c07932800, 0x0000015c07936800,
0x0000015c07938000, 0x0000015c07934000, 0x0000015c07935800, 0x0000015c07937800,
0x0000015c07939000, 0x0000015c07933000, 0x0000015c061b4000, 0x0000015c061b5000,
0x0000015c061b5800, 0x0000015c061b3000, 0x0000015c061b0800, 0x0000015c061b0000,
0x0000015c061b6800, 0x0000015c061b1800, 0x0000015c061b8000, 0x0000015c061b2800,
0x0000015c061b9800, 0x0000015c061bc000, 0x0000015c061be000, 0x0000015c061bb800,
0x0000015c061bd000, 0x0000015c061be800, 0x0000015c061ba800, 0x0000015c061b9000,
0x0000015c06caa800, 0x0000015c06ca7800, 0x0000015c06ca8000, 0x0000015c06ca9000,
0x0000015c06caa000, 0x0000015c06cab800, 0x0000015c06cac800, 0x0000015c06ca6800,
0x0000015c06cb0800, 0x0000015c06cb1000, 0x0000015c06cb3000, 0x0000015c06cb2000,
0x0000015c06cad000, 0x0000015c06cae000, 0x0000015c06caf800, 0x0000015c06cb3800,
0x0000015c06cb4800, 0x0000015c06cae800, 0x0000015c06cb5800, 0x0000015c0a36e000,
0x0000015c0a36c800, 0x0000015c0a372000, 0x0000015c0a36f000, 0x0000015c0a371800,
0x0000015c0a370800, 0x0000015c0a370000, 0x0000015c0a373000, 0x0000015c0a36d800,
0x0000015c0a374800, 0x0000015c0a377000, 0x0000015c0a375800, 0x0000015c0a378000,
0x0000015c0a379000, 0x0000015c0a379800, 0x0000015c0a376800, 0x0000015c0a374000,
0x0000015c0a37a800, 0x0000015c0a37b000, 0x0000015c07170000, 0x0000015c07173000,
0x0000015c07170800, 0x0000015c07171800, 0x0000015c07174000, 0x0000015c07172000,
0x0000015c0716e000, 0x0000015c07174800, 0x0000015c0716f000, 0x0000015c07177000,
0x0000015c07175800, 0x0000015c0717a800, 0x0000015c07178800, 0x0000015c0717b000,
0x0000015c0717c000, 0x0000015c07179800, 0x0000015c07176800, 0x0000015c07178000,
0x0000015c0717d000, 0x0000015c0e956000, 0x0000015c0e95c800, 0x0000015c0e957000,
0x0000015c0e95d800, 0x0000015c0e95c000, 0x0000015c0e958800, 0x0000015c0e958000,
0x0000015c0e959800, 0x0000015c0e95a000, 0x0000015c0e961000, 0x0000015c0e95e800,
0x0000015c0e960000, 0x0000015c0e95b000, 0x0000015c0e965000, 0x0000015c0e963000,
0x0000015c0e95f000, 0x0000015c0e964000, 0x0000015c0e961800, 0x0000015c0e962800,
0x0000015c09cc4800, 0x0000015c09cc9800, 0x0000015c09cc7000, 0x0000015c09cc3800,
0x0000015c09cc8800, 0x0000015c09cc7800, 0x0000015c09cc6000, 0x0000015c09cca000,
0x0000015c09cc5000, 0x0000015c061c3000, 0x0000015c061c4000, 0x0000015c061c5000,
0x0000015c061c0000, 0x0000015c061c5800, 0x0000015c061c6800, 0x0000015c061c1000,
0x0000015c061c1800, 0x0000015c061c7800, 0x0000015c061c8000, 0x0000015c061c2800,
0x0000015c061c9000, 0x0000015c061ca800, 0x0000015c061cb800, 0x0000015c061cc000,
0x0000015c061cd000, 0x0000015c061ce000, 0x0000015c061ce800, 0x0000015c061c9800,
0x0000015c0d072000, 0x0000015c0d075800, 0x0000015c0d071000, 0x0000015c0d077000,
0x0000015c0d074800, 0x0000015c0d077800, 0x0000015c0d073800, 0x0000015c0d078800,
0x0000015c0d073000, 0x0000015c0d079800, 0x0000015c0d07a000, 0x0000015c0d07b000,
0x0000015c0d07c000, 0x0000015c0d076000, 0x0000015c0d07c800, 0x0000015c0d07e000,
0x0000015c0d080000, 0x0000015c0d07d800, 0x0000015c0d07f000, 0x0000015c080a4800,
0x0000015c080a5000, 0x0000015c080a6000, 0x0000015c080a3800, 0x0000015c080a6800,
0x0000015c080a7800, 0x0000015c080a8800, 0x0000015c080a2800, 0x0000015c080aa000,
0x0000015c080ae000, 0x0000015c080af000, 0x0000015c080ac800, 0x0000015c080ab800,
0x0000015c080ab000, 0x0000015c080ad800, 0x0000015c11b94800
}

Java Threads: ( => current thread )
  0x0000015c65e3f000 JavaThread "main" [_thread_blocked, id=10404, stack(0x0000001a66b00000,0x0000001a66c00000)]
  0x0000015c7f34b800 JavaThread "Reference Handler" daemon [_thread_blocked, id=4336, stack(0x0000001a67200000,0x0000001a67300000)]
  0x0000015c7f34f800 JavaThread "Finalizer" daemon [_thread_blocked, id=20440, stack(0x0000001a67300000,0x0000001a67400000)]
  0x0000015c06043000 JavaThread "Signal Dispatcher" daemon [_thread_blocked, id=17472, stack(0x0000001a67400000,0x0000001a67500000)]
  0x0000015c7f357000 JavaThread "Attach Listener" daemon [_thread_blocked, id=9268, stack(0x0000001a67500000,0x0000001a67600000)]
  0x0000015c7f358800 JavaThread "Service Thread" daemon [_thread_blocked, id=8240, stack(0x0000001a67600000,0x0000001a67700000)]
  0x0000015c7f359800 JavaThread "C2 CompilerThread0" daemon [_thread_in_native, id=8904, stack(0x0000001a67700000,0x0000001a67800000)]
  0x0000015c7f360800 JavaThread "C1 CompilerThread0" daemon [_thread_blocked, id=8596, stack(0x0000001a67800000,0x0000001a67900000)]
  0x0000015c7f365800 JavaThread "Sweeper thread" daemon [_thread_blocked, id=9240, stack(0x0000001a67900000,0x0000001a67a00000)]
  0x0000015c06180000 JavaThread "Common-Cleaner" daemon [_thread_blocked, id=20328, stack(0x0000001a67a00000,0x0000001a67b00000)]
  0x0000015c0874f000 JavaThread "Daemon health stats" [_thread_blocked, id=4512, stack(0x0000001a67e00000,0x0000001a67f00000)]
  0x0000015c06381800 JavaThread "Incoming local TCP Connector on port 50092" [_thread_in_native, id=20144, stack(0x0000001a67c00000,0x0000001a67d00000)]
  0x0000015c094a8000 JavaThread "Daemon periodic checks" [_thread_blocked, id=7220, stack(0x0000001a67f00000,0x0000001a68000000)]
  0x0000015c078dc800 JavaThread "Daemon" [_thread_blocked, id=9304, stack(0x0000001a68000000,0x0000001a68100000)]
  0x0000015c08002800 JavaThread "Handler for socket connection from /127.0.0.1:50092 to /127.0.0.1:50093" [_thread_in_native, id=1524, stack(0x0000001a68100000,0x0000001a68200000)]
  0x0000015c0803f800 JavaThread "Cancel handler" [_thread_blocked, id=19304, stack(0x0000001a68200000,0x0000001a68300000)]
  0x0000015c08a4b800 JavaThread "Daemon worker" [_thread_in_Java, id=10356, stack(0x0000001a68300000,0x0000001a68400000)]
  0x0000015c07935000 JavaThread "Asynchronous log dispatcher for DefaultDaemonConnection: socket connection from /127.0.0.1:50092 to /127.0.0.1:50093" [_thread_blocked, id=2808, stack(0x0000001a68400000,0x0000001a68500000)]
  0x0000015c07932800 JavaThread "Stdin handler" [_thread_blocked, id=8712, stack(0x0000001a68500000,0x0000001a68600000)]
  0x0000015c07936800 JavaThread "Daemon client event forwarder" [_thread_blocked, id=18724, stack(0x0000001a68600000,0x0000001a68700000)]
  0x0000015c07938000 JavaThread "Cache worker for journal cache (C:\Users\hang\.gradle\caches\journal-1)" [_thread_blocked, id=1504, stack(0x0000001a69000000,0x0000001a69100000)]
  0x0000015c07934000 JavaThread "File lock request listener" [_thread_in_native, id=15792, stack(0x0000001a69100000,0x0000001a69200000)]
  0x0000015c07935800 JavaThread "Cache worker for file hash cache (C:\Users\hang\.gradle\caches\8.0.1\fileHashes)" [_thread_in_native, id=7844, stack(0x0000001a69400000,0x0000001a69500000)]
  0x0000015c07937800 JavaThread "File watcher server" daemon [_thread_in_native, id=14232, stack(0x0000001a69600000,0x0000001a69700000)]
  0x0000015c07939000 JavaThread "File watcher consumer" daemon [_thread_blocked, id=7256, stack(0x0000001a69700000,0x0000001a69800000)]
  0x0000015c07933000 JavaThread "Cache worker for checksums cache (C:\Users\hang\Documents\CLIPAPP\appclip\android\.gradle\8.0.1\checksums)" [_thread_blocked, id=11336, stack(0x0000001a69800000,0x0000001a69900000)]
  0x0000015c061b4000 JavaThread "Cache worker for cache directory md-rule (C:\Users\hang\.gradle\caches\8.0.1\md-rule)" [_thread_blocked, id=9516, stack(0x0000001a69900000,0x0000001a69a00000)]
  0x0000015c061b5000 JavaThread "Cache worker for file content cache (C:\Users\hang\.gradle\caches\8.0.1\fileContent)" [_thread_blocked, id=7356, stack(0x0000001a69a00000,0x0000001a69b00000)]
  0x0000015c061b5800 JavaThread "Cache worker for file hash cache (C:\Users\hang\Documents\CLIPAPP\appclip\android\.gradle\8.0.1\fileHashes)" [_thread_blocked, id=7632, stack(0x0000001a69b00000,0x0000001a69c00000)]
  0x0000015c061b3000 JavaThread "Cache worker for cache directory md-supplier (C:\Users\hang\.gradle\caches\8.0.1\md-supplier)" [_thread_blocked, id=17480, stack(0x0000001a69c00000,0x0000001a69d00000)]
  0x0000015c061b0800 JavaThread "Cache worker for execution history cache (C:\Users\hang\.gradle\caches\8.0.1\executionHistory)" [_thread_blocked, id=10772, stack(0x0000001a69d00000,0x0000001a69e00000)]
  0x0000015c061b0000 JavaThread "jar transforms" [_thread_blocked, id=8272, stack(0x0000001a69e00000,0x0000001a69f00000)]
  0x0000015c061b6800 JavaThread "jar transforms Thread 2" [_thread_blocked, id=1128, stack(0x0000001a69f00000,0x0000001a6a000000)]
  0x0000015c061b1800 JavaThread "jar transforms Thread 3" [_thread_blocked, id=8372, stack(0x0000001a6a000000,0x0000001a6a100000)]
  0x0000015c061b8000 JavaThread "jar transforms Thread 4" [_thread_blocked, id=9208, stack(0x0000001a6a100000,0x0000001a6a200000)]
  0x0000015c061b2800 JavaThread "File lock release action executor" [_thread_blocked, id=8680, stack(0x0000001a6a200000,0x0000001a6a300000)]
  0x0000015c061b9800 JavaThread "Cache worker for kotlin-dsl (C:\Users\hang\.gradle\caches\8.0.1\kotlin-dsl)" [_thread_blocked, id=17720, stack(0x0000001a6a400000,0x0000001a6a500000)]
  0x0000015c061bc000 JavaThread "jar transforms Thread 5" [_thread_blocked, id=3420, stack(0x0000001a6a500000,0x0000001a6a600000)]
  0x0000015c061be000 JavaThread "jar transforms Thread 6" [_thread_blocked, id=12912, stack(0x0000001a6a600000,0x0000001a6a700000)]
  0x0000015c061bb800 JavaThread "Cache worker for dependencies-accessors (C:\Users\hang\Documents\CLIPAPP\appclip\android\.gradle\8.0.1\dependencies-accessors)" [_thread_blocked, id=2256, stack(0x0000001a6a700000,0x0000001a6a800000)]
  0x0000015c061bd000 JavaThread "Cache worker for Build Output Cleanup Cache (C:\Users\hang\Documents\CLIPAPP\appclip\node_modules\@react-native\gradle-plugin\.gradle\buildOutputCleanup)" [_thread_blocked, id=4688, stack(0x0000001a6a800000,0x0000001a6a900000)]
  0x0000015c061be800 JavaThread "jar transforms Thread 7" [_thread_blocked, id=7464, stack(0x0000001a6a900000,0x0000001a6aa00000)]
  0x0000015c061ba800 JavaThread "Unconstrained build operations" [_thread_blocked, id=8268, stack(0x0000001a6aa00000,0x0000001a6ab00000)]
  0x0000015c061b9000 JavaThread "Unconstrained build operations Thread 2" [_thread_blocked, id=16036, stack(0x0000001a6ab00000,0x0000001a6ac00000)]
  0x0000015c06caa800 JavaThread "Unconstrained build operations Thread 3" [_thread_blocked, id=7588, stack(0x0000001a6ac00000,0x0000001a6ad00000)]
  0x0000015c06ca7800 JavaThread "Unconstrained build operations Thread 4" [_thread_blocked, id=5112, stack(0x0000001a6ad00000,0x0000001a6ae00000)]
  0x0000015c06ca8000 JavaThread "Unconstrained build operations Thread 5" [_thread_blocked, id=13732, stack(0x0000001a6ae00000,0x0000001a6af00000)]
  0x0000015c06ca9000 JavaThread "Unconstrained build operations Thread 6" [_thread_blocked, id=9840, stack(0x0000001a6af00000,0x0000001a6b000000)]
  0x0000015c06caa000 JavaThread "Unconstrained build operations Thread 7" [_thread_blocked, id=16536, stack(0x0000001a6b000000,0x0000001a6b100000)]
  0x0000015c06cab800 JavaThread "Unconstrained build operations Thread 8" [_thread_blocked, id=19264, stack(0x0000001a6b100000,0x0000001a6b200000)]
  0x0000015c06cac800 JavaThread "Unconstrained build operations Thread 9" [_thread_blocked, id=14036, stack(0x0000001a6b200000,0x0000001a6b300000)]
  0x0000015c06ca6800 JavaThread "Unconstrained build operations Thread 10" [_thread_blocked, id=11472, stack(0x0000001a6b300000,0x0000001a6b400000)]
  0x0000015c06cb0800 JavaThread "Unconstrained build operations Thread 11" [_thread_blocked, id=19876, stack(0x0000001a6b400000,0x0000001a6b500000)]
  0x0000015c06cb1000 JavaThread "Unconstrained build operations Thread 12" [_thread_blocked, id=4936, stack(0x0000001a6b500000,0x0000001a6b600000)]
  0x0000015c06cb3000 JavaThread "Unconstrained build operations Thread 13" [_thread_blocked, id=19952, stack(0x0000001a6b600000,0x0000001a6b700000)]
  0x0000015c06cb2000 JavaThread "Unconstrained build operations Thread 14" [_thread_blocked, id=3260, stack(0x0000001a6b700000,0x0000001a6b800000)]
  0x0000015c06cad000 JavaThread "Unconstrained build operations Thread 15" [_thread_blocked, id=20240, stack(0x0000001a6b800000,0x0000001a6b900000)]
  0x0000015c06cae000 JavaThread "Unconstrained build operations Thread 16" [_thread_blocked, id=4932, stack(0x0000001a6b900000,0x0000001a6ba00000)]
  0x0000015c06caf800 JavaThread "Unconstrained build operations Thread 17" [_thread_blocked, id=4972, stack(0x0000001a6ba00000,0x0000001a6bb00000)]
  0x0000015c06cb3800 JavaThread "Unconstrained build operations Thread 18" [_thread_blocked, id=20180, stack(0x0000001a6bb00000,0x0000001a6bc00000)]
  0x0000015c06cb4800 JavaThread "Unconstrained build operations Thread 19" [_thread_blocked, id=10196, stack(0x0000001a6bc00000,0x0000001a6bd00000)]
  0x0000015c06cae800 JavaThread "Unconstrained build operations Thread 20" [_thread_blocked, id=5016, stack(0x0000001a6bd00000,0x0000001a6be00000)]
  0x0000015c06cb5800 JavaThread "Unconstrained build operations Thread 21" [_thread_blocked, id=5020, stack(0x0000001a6be00000,0x0000001a6bf00000)]
  0x0000015c0a36e000 JavaThread "Unconstrained build operations Thread 22" [_thread_blocked, id=6788, stack(0x0000001a6bf00000,0x0000001a6c000000)]
  0x0000015c0a36c800 JavaThread "Unconstrained build operations Thread 23" [_thread_blocked, id=6316, stack(0x0000001a6c000000,0x0000001a6c100000)]
  0x0000015c0a372000 JavaThread "Unconstrained build operations Thread 24" [_thread_blocked, id=14428, stack(0x0000001a6c100000,0x0000001a6c200000)]
  0x0000015c0a36f000 JavaThread "Unconstrained build operations Thread 25" [_thread_blocked, id=2368, stack(0x0000001a6c200000,0x0000001a6c300000)]
  0x0000015c0a371800 JavaThread "Unconstrained build operations Thread 26" [_thread_blocked, id=6056, stack(0x0000001a6c300000,0x0000001a6c400000)]
  0x0000015c0a370800 JavaThread "jar transforms Thread 8" [_thread_blocked, id=10056, stack(0x0000001a6c400000,0x0000001a6c500000)]
  0x0000015c0a370000 JavaThread "jar transforms Thread 9" [_thread_blocked, id=13372, stack(0x0000001a6c500000,0x0000001a6c600000)]
  0x0000015c0a373000 JavaThread "jar transforms Thread 10" [_thread_blocked, id=14796, stack(0x0000001a6c600000,0x0000001a6c700000)]
  0x0000015c0a36d800 JavaThread "jar transforms Thread 11" [_thread_blocked, id=12300, stack(0x0000001a6c700000,0x0000001a6c800000)]
  0x0000015c0a374800 JavaThread "jar transforms Thread 12" [_thread_blocked, id=7792, stack(0x0000001a6c800000,0x0000001a6c900000)]
  0x0000015c0a377000 JavaThread "Memory manager" [_thread_blocked, id=8164, stack(0x0000001a6c900000,0x0000001a6ca00000)]
  0x0000015c0a375800 JavaThread "Cache worker for Build Output Cleanup Cache (C:\Users\hang\Documents\CLIPAPP\appclip\android\.gradle\buildOutputCleanup)" [_thread_blocked, id=2520, stack(0x0000001a6a300000,0x0000001a6a400000)]
  0x0000015c0a378000 JavaThread "included builds" [_thread_blocked, id=14412, stack(0x0000001a6ca00000,0x0000001a6cb00000)]
  0x0000015c0a379000 JavaThread "Execution worker" [_thread_blocked, id=7188, stack(0x0000001a6cb00000,0x0000001a6cc00000)]
  0x0000015c0a379800 JavaThread "Execution worker Thread 2" [_thread_blocked, id=13396, stack(0x0000001a6cc00000,0x0000001a6cd00000)]
  0x0000015c0a376800 JavaThread "Execution worker Thread 3" [_thread_blocked, id=8444, stack(0x0000001a6cd00000,0x0000001a6ce00000)]
  0x0000015c0a374000 JavaThread "Execution worker Thread 4" [_thread_blocked, id=4580, stack(0x0000001a6ce00000,0x0000001a6cf00000)]
  0x0000015c0a37a800 JavaThread "Execution worker Thread 5" [_thread_blocked, id=14728, stack(0x0000001a6cf00000,0x0000001a6d000000)]
  0x0000015c0a37b000 JavaThread "Execution worker Thread 6" [_thread_blocked, id=3660, stack(0x0000001a6d000000,0x0000001a6d100000)]
  0x0000015c07170000 JavaThread "Execution worker Thread 7" [_thread_blocked, id=4240, stack(0x0000001a6d100000,0x0000001a6d200000)]
  0x0000015c07173000 JavaThread "Execution worker Thread 8" [_thread_blocked, id=9340, stack(0x0000001a6d200000,0x0000001a6d300000)]
  0x0000015c07170800 JavaThread "Execution worker Thread 9" [_thread_blocked, id=16416, stack(0x0000001a6d300000,0x0000001a6d400000)]
  0x0000015c07171800 JavaThread "Execution worker Thread 10" [_thread_blocked, id=1664, stack(0x0000001a6d400000,0x0000001a6d500000)]
  0x0000015c07174000 JavaThread "Execution worker Thread 11" [_thread_blocked, id=9288, stack(0x0000001a6d500000,0x0000001a6d600000)]
  0x0000015c07172000 JavaThread "Cache worker for execution history cache (C:\Users\hang\Documents\CLIPAPP\appclip\node_modules\@react-native\gradle-plugin\.gradle\8.0.1\executionHistory)" [_thread_blocked, id=8664, stack(0x0000001a6d600000,0x0000001a6d700000)]
  0x0000015c0716e000 JavaThread "Unconstrained build operations Thread 27" [_thread_blocked, id=8400, stack(0x0000001a6d700000,0x0000001a6d800000)]
  0x0000015c07174800 JavaThread "Unconstrained build operations Thread 28" [_thread_blocked, id=7744, stack(0x0000001a6d800000,0x0000001a6d900000)]
  0x0000015c0716f000 JavaThread "Unconstrained build operations Thread 29" [_thread_blocked, id=3316, stack(0x0000001a6d900000,0x0000001a6da00000)]
  0x0000015c07177000 JavaThread "Unconstrained build operations Thread 30" [_thread_blocked, id=10448, stack(0x0000001a6da00000,0x0000001a6db00000)]
  0x0000015c07175800 JavaThread "Unconstrained build operations Thread 31" [_thread_blocked, id=9356, stack(0x0000001a6db00000,0x0000001a6dc00000)]
  0x0000015c0717a800 JavaThread "Unconstrained build operations Thread 32" [_thread_blocked, id=8320, stack(0x0000001a6dc00000,0x0000001a6dd00000)]
  0x0000015c07178800 JavaThread "Unconstrained build operations Thread 33" [_thread_blocked, id=7540, stack(0x0000001a6dd00000,0x0000001a6de00000)]
  0x0000015c0717b000 JavaThread "Unconstrained build operations Thread 34" [_thread_blocked, id=9280, stack(0x0000001a6de00000,0x0000001a6df00000)]
  0x0000015c0717c000 JavaThread "Unconstrained build operations Thread 35" [_thread_blocked, id=18144, stack(0x0000001a6df00000,0x0000001a6e000000)]
  0x0000015c07179800 JavaThread "Unconstrained build operations Thread 36" [_thread_blocked, id=14752, stack(0x0000001a6e000000,0x0000001a6e100000)]
  0x0000015c07176800 JavaThread "Unconstrained build operations Thread 37" [_thread_blocked, id=17580, stack(0x0000001a6e100000,0x0000001a6e200000)]
  0x0000015c07178000 JavaThread "Unconstrained build operations Thread 38" [_thread_blocked, id=9388, stack(0x0000001a6e200000,0x0000001a6e300000)]
  0x0000015c0717d000 JavaThread "Unconstrained build operations Thread 39" [_thread_blocked, id=13948, stack(0x0000001a6e300000,0x0000001a6e400000)]
  0x0000015c0e956000 JavaThread "Unconstrained build operations Thread 40" [_thread_blocked, id=2900, stack(0x0000001a6e400000,0x0000001a6e500000)]
  0x0000015c0e95c800 JavaThread "Unconstrained build operations Thread 41" [_thread_blocked, id=8328, stack(0x0000001a6e500000,0x0000001a6e600000)]
  0x0000015c0e957000 JavaThread "Unconstrained build operations Thread 42" [_thread_blocked, id=19064, stack(0x0000001a6e600000,0x0000001a6e700000)]
  0x0000015c0e95d800 JavaThread "Unconstrained build operations Thread 43" [_thread_blocked, id=14696, stack(0x0000001a6e700000,0x0000001a6e800000)]
  0x0000015c0e95c000 JavaThread "Unconstrained build operations Thread 44" [_thread_blocked, id=8436, stack(0x0000001a6e800000,0x0000001a6e900000)]
  0x0000015c0e958800 JavaThread "Unconstrained build operations Thread 45" [_thread_blocked, id=4984, stack(0x0000001a6e900000,0x0000001a6ea00000)]
  0x0000015c0e958000 JavaThread "Unconstrained build operations Thread 46" [_thread_blocked, id=6968, stack(0x0000001a6ea00000,0x0000001a6eb00000)]
  0x0000015c0e959800 JavaThread "Unconstrained build operations Thread 47" [_thread_blocked, id=19896, stack(0x0000001a6eb00000,0x0000001a6ec00000)]
  0x0000015c0e95a000 JavaThread "Unconstrained build operations Thread 48" [_thread_blocked, id=15956, stack(0x0000001a6ec00000,0x0000001a6ed00000)]
  0x0000015c0e961000 JavaThread "Unconstrained build operations Thread 49" [_thread_blocked, id=14048, stack(0x0000001a6ed00000,0x0000001a6ee00000)]
  0x0000015c0e95e800 JavaThread "Unconstrained build operations Thread 50" [_thread_blocked, id=7688, stack(0x0000001a6ee00000,0x0000001a6ef00000)]
  0x0000015c0e960000 JavaThread "Unconstrained build operations Thread 51" [_thread_blocked, id=4008, stack(0x0000001a6ef00000,0x0000001a6f000000)]
  0x0000015c0e95b000 JavaThread "Unconstrained build operations Thread 52" [_thread_blocked, id=15180, stack(0x0000001a6f100000,0x0000001a6f200000)]
  0x0000015c0e965000 JavaThread "Unconstrained build operations Thread 53" [_thread_blocked, id=4952, stack(0x0000001a69500000,0x0000001a69600000)]
  0x0000015c0e963000 JavaThread "Unconstrained build operations Thread 54" [_thread_blocked, id=13216, stack(0x0000001a6f000000,0x0000001a6f100000)]
  0x0000015c0e95f000 JavaThread "Unconstrained build operations Thread 55" [_thread_blocked, id=9404, stack(0x0000001a6f200000,0x0000001a6f300000)]
  0x0000015c0e964000 JavaThread "Unconstrained build operations Thread 56" [_thread_blocked, id=14936, stack(0x0000001a6f300000,0x0000001a6f400000)]
  0x0000015c0e961800 JavaThread "Unconstrained build operations Thread 57" [_thread_blocked, id=13068, stack(0x0000001a6f400000,0x0000001a6f500000)]
  0x0000015c0e962800 JavaThread "Unconstrained build operations Thread 58" [_thread_blocked, id=11396, stack(0x0000001a6f500000,0x0000001a6f600000)]
  0x0000015c09cc4800 JavaThread "Unconstrained build operations Thread 59" [_thread_blocked, id=12848, stack(0x0000001a6f600000,0x0000001a6f700000)]
  0x0000015c09cc9800 JavaThread "Unconstrained build operations Thread 60" [_thread_blocked, id=13892, stack(0x0000001a6f700000,0x0000001a6f800000)]
  0x0000015c09cc7000 JavaThread "Unconstrained build operations Thread 61" [_thread_blocked, id=18008, stack(0x0000001a6f800000,0x0000001a6f900000)]
  0x0000015c09cc3800 JavaThread "Unconstrained build operations Thread 62" [_thread_blocked, id=19296, stack(0x0000001a6f900000,0x0000001a6fa00000)]
  0x0000015c09cc8800 JavaThread "Unconstrained build operations Thread 63" [_thread_blocked, id=6860, stack(0x0000001a6fa00000,0x0000001a6fb00000)]
  0x0000015c09cc7800 JavaThread "Unconstrained build operations Thread 64" [_thread_blocked, id=19116, stack(0x0000001a6fb00000,0x0000001a6fc00000)]
  0x0000015c09cc6000 JavaThread "Unconstrained build operations Thread 65" [_thread_blocked, id=20396, stack(0x0000001a6fc00000,0x0000001a6fd00000)]
  0x0000015c09cca000 JavaThread "Unconstrained build operations Thread 66" [_thread_blocked, id=12256, stack(0x0000001a6fd00000,0x0000001a6fe00000)]
  0x0000015c09cc5000 JavaThread "Unconstrained build operations Thread 67" [_thread_blocked, id=11608, stack(0x0000001a6fe00000,0x0000001a6ff00000)]
  0x0000015c061c3000 JavaThread "Unconstrained build operations Thread 68" [_thread_blocked, id=8200, stack(0x0000001a6ff00000,0x0000001a70000000)]
  0x0000015c061c4000 JavaThread "Unconstrained build operations Thread 69" [_thread_blocked, id=7796, stack(0x0000001a70000000,0x0000001a70100000)]
  0x0000015c061c5000 JavaThread "Unconstrained build operations Thread 70" [_thread_blocked, id=8120, stack(0x0000001a70100000,0x0000001a70200000)]
  0x0000015c061c0000 JavaThread "Unconstrained build operations Thread 71" [_thread_blocked, id=7504, stack(0x0000001a70200000,0x0000001a70300000)]
  0x0000015c061c5800 JavaThread "Unconstrained build operations Thread 72" [_thread_blocked, id=8060, stack(0x0000001a70300000,0x0000001a70400000)]
  0x0000015c061c6800 JavaThread "Unconstrained build operations Thread 73" [_thread_blocked, id=4468, stack(0x0000001a70400000,0x0000001a70500000)]
  0x0000015c061c1000 JavaThread "Unconstrained build operations Thread 74" [_thread_blocked, id=4472, stack(0x0000001a70500000,0x0000001a70600000)]
  0x0000015c061c1800 JavaThread "Unconstrained build operations Thread 75" [_thread_blocked, id=4256, stack(0x0000001a70600000,0x0000001a70700000)]
  0x0000015c061c7800 JavaThread "Unconstrained build operations Thread 76" [_thread_blocked, id=4664, stack(0x0000001a70700000,0x0000001a70800000)]
  0x0000015c061c8000 JavaThread "Unconstrained build operations Thread 77" [_thread_blocked, id=11216, stack(0x0000001a70800000,0x0000001a70900000)]
  0x0000015c061c2800 JavaThread "Unconstrained build operations Thread 78" [_thread_blocked, id=15148, stack(0x0000001a70900000,0x0000001a70a00000)]
  0x0000015c061c9000 JavaThread "Unconstrained build operations Thread 79" [_thread_blocked, id=13944, stack(0x0000001a70a00000,0x0000001a70b00000)]
  0x0000015c061ca800 JavaThread "Unconstrained build operations Thread 80" [_thread_blocked, id=4328, stack(0x0000001a70b00000,0x0000001a70c00000)]
  0x0000015c061cb800 JavaThread "Unconstrained build operations Thread 81" [_thread_blocked, id=5160, stack(0x0000001a70c00000,0x0000001a70d00000)]
  0x0000015c061cc000 JavaThread "Unconstrained build operations Thread 82" [_thread_blocked, id=11148, stack(0x0000001a70d00000,0x0000001a70e00000)]
  0x0000015c061cd000 JavaThread "Unconstrained build operations Thread 83" [_thread_blocked, id=12084, stack(0x0000001a70e00000,0x0000001a70f00000)]
  0x0000015c061ce000 JavaThread "Unconstrained build operations Thread 84" [_thread_blocked, id=8084, stack(0x0000001a70f00000,0x0000001a71000000)]
  0x0000015c061ce800 JavaThread "Unconstrained build operations Thread 85" [_thread_blocked, id=8144, stack(0x0000001a71000000,0x0000001a71100000)]
  0x0000015c061c9800 JavaThread "Unconstrained build operations Thread 86" [_thread_blocked, id=8180, stack(0x0000001a71100000,0x0000001a71200000)]
  0x0000015c0d072000 JavaThread "Unconstrained build operations Thread 87" [_thread_blocked, id=8464, stack(0x0000001a71200000,0x0000001a71300000)]
  0x0000015c0d075800 JavaThread "Unconstrained build operations Thread 88" [_thread_blocked, id=12488, stack(0x0000001a71300000,0x0000001a71400000)]
  0x0000015c0d071000 JavaThread "Unconstrained build operations Thread 89" [_thread_blocked, id=18984, stack(0x0000001a71400000,0x0000001a71500000)]
  0x0000015c0d077000 JavaThread "Unconstrained build operations Thread 90" [_thread_blocked, id=19772, stack(0x0000001a71500000,0x0000001a71600000)]
  0x0000015c0d074800 JavaThread "Unconstrained build operations Thread 91" [_thread_blocked, id=8528, stack(0x0000001a71600000,0x0000001a71700000)]
  0x0000015c0d077800 JavaThread "Unconstrained build operations Thread 92" [_thread_blocked, id=20100, stack(0x0000001a71700000,0x0000001a71800000)]
  0x0000015c0d073800 JavaThread "Unconstrained build operations Thread 93" [_thread_blocked, id=12340, stack(0x0000001a71800000,0x0000001a71900000)]
  0x0000015c0d078800 JavaThread "Unconstrained build operations Thread 94" [_thread_blocked, id=20052, stack(0x0000001a71900000,0x0000001a71a00000)]
  0x0000015c0d073000 JavaThread "Unconstrained build operations Thread 95" [_thread_blocked, id=12524, stack(0x0000001a71a00000,0x0000001a71b00000)]
  0x0000015c0d079800 JavaThread "Unconstrained build operations Thread 96" [_thread_blocked, id=20056, stack(0x0000001a71b00000,0x0000001a71c00000)]
  0x0000015c0d07a000 JavaThread "Unconstrained build operations Thread 97" [_thread_blocked, id=12976, stack(0x0000001a71c00000,0x0000001a71d00000)]
  0x0000015c0d07b000 JavaThread "Unconstrained build operations Thread 98" [_thread_blocked, id=12200, stack(0x0000001a71d00000,0x0000001a71e00000)]
  0x0000015c0d07c000 JavaThread "Unconstrained build operations Thread 99" [_thread_blocked, id=20124, stack(0x0000001a71e00000,0x0000001a71f00000)]
  0x0000015c0d076000 JavaThread "Unconstrained build operations Thread 100" [_thread_blocked, id=4772, stack(0x0000001a71f00000,0x0000001a72000000)]
  0x0000015c0d07c800 JavaThread "Unconstrained build operations Thread 101" [_thread_blocked, id=7920, stack(0x0000001a72000000,0x0000001a72100000)]
  0x0000015c0d07e000 JavaThread "Unconstrained build operations Thread 102" [_thread_blocked, id=11152, stack(0x0000001a72100000,0x0000001a72200000)]
  0x0000015c0d080000 JavaThread "Unconstrained build operations Thread 103" [_thread_blocked, id=7924, stack(0x0000001a72200000,0x0000001a72300000)]
  0x0000015c0d07d800 JavaThread "Unconstrained build operations Thread 104" [_thread_blocked, id=7232, stack(0x0000001a72300000,0x0000001a72400000)]
  0x0000015c0d07f000 JavaThread "Unconstrained build operations Thread 105" [_thread_blocked, id=8188, stack(0x0000001a72400000,0x0000001a72500000)]
  0x0000015c080a4800 JavaThread "Unconstrained build operations Thread 106" [_thread_blocked, id=8100, stack(0x0000001a72500000,0x0000001a72600000)]
  0x0000015c080a5000 JavaThread "Unconstrained build operations Thread 107" [_thread_blocked, id=11156, stack(0x0000001a72600000,0x0000001a72700000)]
  0x0000015c080a6000 JavaThread "Unconstrained build operations Thread 108" [_thread_blocked, id=8196, stack(0x0000001a72700000,0x0000001a72800000)]
  0x0000015c080a3800 JavaThread "Unconstrained build operations Thread 109" [_thread_blocked, id=3360, stack(0x0000001a72800000,0x0000001a72900000)]
  0x0000015c080a6800 JavaThread "Unconstrained build operations Thread 110" [_thread_blocked, id=12492, stack(0x0000001a72900000,0x0000001a72a00000)]
  0x0000015c080a7800 JavaThread "Unconstrained build operations Thread 111" [_thread_blocked, id=7916, stack(0x0000001a72a00000,0x0000001a72b00000)]
  0x0000015c080a8800 JavaThread "Unconstrained build operations Thread 112" [_thread_blocked, id=8124, stack(0x0000001a72b00000,0x0000001a72c00000)]
  0x0000015c080a2800 JavaThread "Unconstrained build operations Thread 113" [_thread_blocked, id=11056, stack(0x0000001a72c00000,0x0000001a72d00000)]
  0x0000015c080aa000 JavaThread "Unconstrained build operations Thread 114" [_thread_blocked, id=8136, stack(0x0000001a72d00000,0x0000001a72e00000)]
  0x0000015c080ae000 JavaThread "Unconstrained build operations Thread 115" [_thread_blocked, id=2668, stack(0x0000001a72e00000,0x0000001a72f00000)]
  0x0000015c080af000 JavaThread "Unconstrained build operations Thread 116" [_thread_blocked, id=4944, stack(0x0000001a72f00000,0x0000001a73000000)]
  0x0000015c080ac800 JavaThread "Unconstrained build operations Thread 117" [_thread_blocked, id=4948, stack(0x0000001a73000000,0x0000001a73100000)]
  0x0000015c080ab800 JavaThread "Unconstrained build operations Thread 118" [_thread_blocked, id=692, stack(0x0000001a73100000,0x0000001a73200000)]
  0x0000015c080ab000 JavaThread "Unconstrained build operations Thread 119" [_thread_blocked, id=4908, stack(0x0000001a73200000,0x0000001a73300000)]
  0x0000015c080ad800 JavaThread "Unconstrained build operations Thread 120" [_thread_blocked, id=12088, stack(0x0000001a73300000,0x0000001a73400000)]
=>0x0000015c11b94800 JavaThread "C2 CompilerThread1" daemon [_thread_in_native, id=9812, stack(0x0000001a73600000,0x0000001a73700000)]

Other Threads:
  0x0000015c7f334800 VMThread "VM Thread" [stack: 0x0000001a67100000,0x0000001a67200000] [id=14952]
  0x0000015c06208800 WatcherThread [stack: 0x0000001a67b00000,0x0000001a67c00000] [id=16520]
  0x0000015c65e59800 GCTaskThread "GC Thread#0" [stack: 0x0000001a66c00000,0x0000001a66d00000] [id=13076]
  0x0000015c06be6000 GCTaskThread "GC Thread#1" [stack: 0x0000001a67d00000,0x0000001a67e00000] [id=13036]
  0x0000015c08b99800 GCTaskThread "GC Thread#2" [stack: 0x0000001a68700000,0x0000001a68800000] [id=1700]
  0x0000015c07b8e800 GCTaskThread "GC Thread#3" [stack: 0x0000001a68800000,0x0000001a68900000] [id=10728]
  0x0000015c0827f800 GCTaskThread "GC Thread#4" [stack: 0x0000001a68900000,0x0000001a68a00000] [id=10300]
  0x0000015c0824c000 GCTaskThread "GC Thread#5" [stack: 0x0000001a68a00000,0x0000001a68b00000] [id=15720]
  0x0000015c0824c800 GCTaskThread "GC Thread#6" [stack: 0x0000001a68b00000,0x0000001a68c00000] [id=7064]
  0x0000015c06ca5000 GCTaskThread "GC Thread#7" [stack: 0x0000001a68c00000,0x0000001a68d00000] [id=15660]
  0x0000015c06ca5800 GCTaskThread "GC Thread#8" [stack: 0x0000001a68d00000,0x0000001a68e00000] [id=14568]
  0x0000015c09556000 GCTaskThread "GC Thread#9" [stack: 0x0000001a68e00000,0x0000001a68f00000] [id=2652]
  0x0000015c65e89800 ConcurrentGCThread "G1 Main Marker" [stack: 0x0000001a66d00000,0x0000001a66e00000] [id=20064]
  0x0000015c65e8c000 ConcurrentGCThread "G1 Conc#0" [stack: 0x0000001a66e00000,0x0000001a66f00000] [id=11968]
  0x0000015c073f9000 ConcurrentGCThread "G1 Conc#1" [stack: 0x0000001a69200000,0x0000001a69300000] [id=2248]
  0x0000015c08a93000 ConcurrentGCThread "G1 Conc#2" [stack: 0x0000001a69300000,0x0000001a69400000] [id=15480]
  0x0000015c65f0e800 ConcurrentGCThread "G1 Refine#0" [stack: 0x0000001a66f00000,0x0000001a67000000] [id=20104]
  0x0000015c07ded800 ConcurrentGCThread "G1 Refine#1" [stack: 0x0000001a68f00000,0x0000001a69000000] [id=12464]
  0x0000015c7f1a5800 ConcurrentGCThread "G1 Young RemSet Sampling" [stack: 0x0000001a67000000,0x0000001a67100000] [id=12220]

Threads with active compile tasks:
C2 CompilerThread0    43849 10392       4       org.gradle.internal.serialize.kryo.StringDeduplicatingKryoBackedEncoder::writeNullableString (114 bytes)
C1 CompilerThread0    43849 10463       3       java.util.concurrent.LinkedBlockingQueue::dequeue (32 bytes)
C2 CompilerThread1    43850 10304       4       java.lang.Class::privateGetPublicMethods (224 bytes)

VM state:not at safepoint (normal execution)

VM Mutex/Monitor currently owned by a thread: None

Heap address: 0x0000000080000000, size: 2048 MB, Compressed Oops mode: 32-bit
Narrow klass base: 0x0000000000000000, Narrow klass shift: 3
Compressed class space size: 528482304 Address: 0x0000000100000000

Heap:
 garbage-first heap   total 120832K, used 91616K [0x0000000080000000, 0x0000000100000000)
  region size 1024K, 9 young (9216K), 3 survivors (3072K)
 Metaspace       used 95424K, capacity 98252K, committed 98440K, reserved 602112K
  class space    used 12525K, capacity 13630K, committed 13696K, reserved 516096K
Heap Regions: E=young(eden), S=young(survivor), O=old, HS=humongous(starts), HC=humongous(continues), CS=collection set, F=free, A=archive, TAMS=top-at-mark-start (previous, next)
|   0|0x0000000080000000, 0x0000000080100000, 0x0000000080100000|100%|HS|  |TAMS 0x0000000080100000, 0x0000000080000000| Complete 
|   1|0x0000000080100000, 0x0000000080200000, 0x0000000080200000|100%|HC|  |TAMS 0x0000000080200000, 0x0000000080100000| Complete 
|   2|0x0000000080200000, 0x0000000080300000, 0x0000000080300000|100%|HC|  |TAMS 0x0000000080300000, 0x0000000080200000| Complete 
|   3|0x0000000080300000, 0x0000000080400000, 0x0000000080400000|100%|HC|  |TAMS 0x0000000080400000, 0x0000000080300000| Complete 
|   4|0x0000000080400000, 0x0000000080500000, 0x0000000080500000|100%| O|  |TAMS 0x0000000080500000, 0x0000000080400000| Untracked 
|   5|0x0000000080500000, 0x0000000080600000, 0x0000000080600000|100%| O|  |TAMS 0x0000000080600000, 0x0000000080500000| Untracked 
|   6|0x0000000080600000, 0x0000000080700000, 0x0000000080700000|100%| O|  |TAMS 0x0000000080700000, 0x0000000080600000| Untracked 
|   7|0x0000000080700000, 0x0000000080800000, 0x0000000080800000|100%| O|  |TAMS 0x0000000080800000, 0x0000000080700000| Untracked 
|   8|0x0000000080800000, 0x0000000080900000, 0x0000000080900000|100%| O|  |TAMS 0x0000000080900000, 0x0000000080800000| Untracked 
|   9|0x0000000080900000, 0x0000000080a00000, 0x0000000080a00000|100%| O|  |TAMS 0x0000000080a00000, 0x0000000080900000| Untracked 
|  10|0x0000000080a00000, 0x0000000080b00000, 0x0000000080b00000|100%| O|  |TAMS 0x0000000080b00000, 0x0000000080a00000| Untracked 
|  11|0x0000000080b00000, 0x0000000080c00000, 0x0000000080c00000|100%| O|  |TAMS 0x0000000080c00000, 0x0000000080b00000| Untracked 
|  12|0x0000000080c00000, 0x0000000080d00000, 0x0000000080d00000|100%| O|  |TAMS 0x0000000080d00000, 0x0000000080c00000| Untracked 
|  13|0x0000000080d00000, 0x0000000080e00000, 0x0000000080e00000|100%| O|  |TAMS 0x0000000080e00000, 0x0000000080d00000| Untracked 
|  14|0x0000000080e00000, 0x0000000080f00000, 0x0000000080f00000|100%| O|  |TAMS 0x0000000080f00000, 0x0000000080e00000| Untracked 
|  15|0x0000000080f00000, 0x0000000081000000, 0x0000000081000000|100%| O|  |TAMS 0x0000000081000000, 0x0000000080f00000| Untracked 
|  16|0x0000000081000000, 0x0000000081100000, 0x0000000081100000|100%| O|  |TAMS 0x0000000081100000, 0x0000000081000000| Untracked 
|  17|0x0000000081100000, 0x0000000081200000, 0x0000000081200000|100%| O|  |TAMS 0x0000000081200000, 0x0000000081100000| Untracked 
|  18|0x0000000081200000, 0x0000000081300000, 0x0000000081300000|100%| O|  |TAMS 0x0000000081300000, 0x0000000081200000| Untracked 
|  19|0x0000000081300000, 0x0000000081400000, 0x0000000081400000|100%| O|  |TAMS 0x0000000081400000, 0x0000000081300000| Untracked 
|  20|0x0000000081400000, 0x0000000081500000, 0x0000000081500000|100%| O|  |TAMS 0x0000000081500000, 0x0000000081400000| Untracked 
|  21|0x0000000081500000, 0x0000000081600000, 0x0000000081600000|100%| O|  |TAMS 0x0000000081600000, 0x0000000081500000| Untracked 
|  22|0x0000000081600000, 0x0000000081700000, 0x0000000081700000|100%| O|  |TAMS 0x0000000081700000, 0x0000000081600000| Untracked 
|  23|0x0000000081700000, 0x0000000081800000, 0x0000000081800000|100%| O|  |TAMS 0x0000000081800000, 0x0000000081700000| Untracked 
|  24|0x0000000081800000, 0x0000000081900000, 0x0000000081900000|100%| O|  |TAMS 0x0000000081900000, 0x0000000081800000| Untracked 
|  25|0x0000000081900000, 0x0000000081a00000, 0x0000000081a00000|100%| O|  |TAMS 0x0000000081a00000, 0x0000000081900000| Untracked 
|  26|0x0000000081a00000, 0x0000000081b00000, 0x0000000081b00000|100%| O|  |TAMS 0x0000000081b00000, 0x0000000081a00000| Untracked 
|  27|0x0000000081b00000, 0x0000000081c00000, 0x0000000081c00000|100%| O|  |TAMS 0x0000000081c00000, 0x0000000081b00000| Untracked 
|  28|0x0000000081c00000, 0x0000000081d00000, 0x0000000081d00000|100%| O|  |TAMS 0x0000000081d00000, 0x0000000081c00000| Untracked 
|  29|0x0000000081d00000, 0x0000000081e00000, 0x0000000081e00000|100%|HS|  |TAMS 0x0000000081e00000, 0x0000000081d00000| Complete 
|  30|0x0000000081e00000, 0x0000000081f00000, 0x0000000081f00000|100%|HC|  |TAMS 0x0000000081f00000, 0x0000000081e00000| Complete 
|  31|0x0000000081f00000, 0x0000000082000000, 0x0000000082000000|100%|HS|  |TAMS 0x0000000082000000, 0x0000000081f00000| Complete 
|  32|0x0000000082000000, 0x0000000082100000, 0x0000000082100000|100%|HC|  |TAMS 0x0000000082100000, 0x0000000082000000| Complete 
|  33|0x0000000082100000, 0x0000000082200000, 0x0000000082200000|100%|HC|  |TAMS 0x0000000082200000, 0x0000000082100000| Complete 
|  34|0x0000000082200000, 0x0000000082300000, 0x0000000082300000|100%|HC|  |TAMS 0x0000000082300000, 0x0000000082200000| Complete 
|  35|0x0000000082300000, 0x0000000082400000, 0x0000000082400000|100%| O|  |TAMS 0x0000000082400000, 0x0000000082300000| Untracked 
|  36|0x0000000082400000, 0x0000000082500000, 0x0000000082500000|100%| O|  |TAMS 0x0000000082500000, 0x0000000082400000| Untracked 
|  37|0x0000000082500000, 0x0000000082600000, 0x0000000082600000|100%| O|  |TAMS 0x0000000082600000, 0x0000000082500000| Untracked 
|  38|0x0000000082600000, 0x0000000082700000, 0x0000000082700000|100%| O|  |TAMS 0x0000000082700000, 0x0000000082600000| Untracked 
|  39|0x0000000082700000, 0x0000000082800000, 0x0000000082800000|100%| O|  |TAMS 0x0000000082800000, 0x0000000082700000| Untracked 
|  40|0x0000000082800000, 0x0000000082900000, 0x0000000082900000|100%| O|  |TAMS 0x0000000082900000, 0x0000000082800000| Untracked 
|  41|0x0000000082900000, 0x0000000082a00000, 0x0000000082a00000|100%| O|  |TAMS 0x0000000082a00000, 0x0000000082900000| Untracked 
|  42|0x0000000082a00000, 0x0000000082b00000, 0x0000000082b00000|100%| O|  |TAMS 0x0000000082b00000, 0x0000000082a00000| Untracked 
|  43|0x0000000082b00000, 0x0000000082c00000, 0x0000000082c00000|100%| O|  |TAMS 0x0000000082c00000, 0x0000000082b00000| Untracked 
|  44|0x0000000082c00000, 0x0000000082d00000, 0x0000000082d00000|100%| O|  |TAMS 0x0000000082d00000, 0x0000000082c00000| Untracked 
|  45|0x0000000082d00000, 0x0000000082e00000, 0x0000000082e00000|100%| O|  |TAMS 0x0000000082e00000, 0x0000000082d00000| Untracked 
|  46|0x0000000082e00000, 0x0000000082f00000, 0x0000000082f00000|100%| O|  |TAMS 0x0000000082f00000, 0x0000000082e00000| Untracked 
|  47|0x0000000082f00000, 0x0000000083000000, 0x0000000083000000|100%| O|  |TAMS 0x0000000083000000, 0x0000000082f00000| Untracked 
|  48|0x0000000083000000, 0x0000000083100000, 0x0000000083100000|100%| O|  |TAMS 0x0000000083100000, 0x0000000083000000| Untracked 
|  49|0x0000000083100000, 0x0000000083200000, 0x0000000083200000|100%| O|  |TAMS 0x0000000083200000, 0x0000000083100000| Untracked 
|  50|0x0000000083200000, 0x0000000083300000, 0x0000000083300000|100%| O|  |TAMS 0x0000000083300000, 0x0000000083200000| Untracked 
|  51|0x0000000083300000, 0x0000000083400000, 0x0000000083400000|100%| O|  |TAMS 0x0000000083400000, 0x0000000083300000| Untracked 
|  52|0x0000000083400000, 0x0000000083500000, 0x0000000083500000|100%| O|  |TAMS 0x0000000083500000, 0x0000000083400000| Untracked 
|  53|0x0000000083500000, 0x0000000083600000, 0x0000000083600000|100%| O|  |TAMS 0x0000000083600000, 0x0000000083500000| Untracked 
|  54|0x0000000083600000, 0x0000000083700000, 0x0000000083700000|100%| O|  |TAMS 0x0000000083700000, 0x0000000083600000| Untracked 
|  55|0x0000000083700000, 0x0000000083800000, 0x0000000083800000|100%| O|  |TAMS 0x0000000083800000, 0x0000000083700000| Untracked 
|  56|0x0000000083800000, 0x0000000083900000, 0x0000000083900000|100%| O|  |TAMS 0x0000000083900000, 0x0000000083800000| Untracked 
|  57|0x0000000083900000, 0x0000000083a00000, 0x0000000083a00000|100%| O|  |TAMS 0x0000000083a00000, 0x0000000083900000| Untracked 
|  58|0x0000000083a00000, 0x0000000083b00000, 0x0000000083b00000|100%| O|  |TAMS 0x0000000083b00000, 0x0000000083a00000| Untracked 
|  59|0x0000000083b00000, 0x0000000083c00000, 0x0000000083c00000|100%| O|  |TAMS 0x0000000083c00000, 0x0000000083b00000| Untracked 
|  60|0x0000000083c00000, 0x0000000083d00000, 0x0000000083d00000|100%|HS|  |TAMS 0x0000000083d00000, 0x0000000083c00000| Complete 
|  61|0x0000000083d00000, 0x0000000083e00000, 0x0000000083e00000|100%|HS|  |TAMS 0x0000000083e00000, 0x0000000083d00000| Complete 
|  62|0x0000000083e00000, 0x0000000083e00000, 0x0000000083f00000|  0%| F|  |TAMS 0x0000000083e00000, 0x0000000083e00000| Untracked 
|  63|0x0000000083f00000, 0x0000000084000000, 0x0000000084000000|100%| O|  |TAMS 0x0000000084000000, 0x0000000083f00000| Untracked 
|  64|0x0000000084000000, 0x0000000084100000, 0x0000000084100000|100%| O|  |TAMS 0x0000000084100000, 0x0000000084000000| Untracked 
|  65|0x0000000084100000, 0x0000000084200000, 0x0000000084200000|100%| O|  |TAMS 0x0000000084200000, 0x0000000084100000| Untracked 
|  66|0x0000000084200000, 0x0000000084300000, 0x0000000084300000|100%| O|  |TAMS 0x0000000084300000, 0x0000000084200000| Untracked 
|  67|0x0000000084300000, 0x0000000084400000, 0x0000000084400000|100%| O|  |TAMS 0x0000000084400000, 0x0000000084300000| Untracked 
|  68|0x0000000084400000, 0x0000000084500000, 0x0000000084500000|100%| O|  |TAMS 0x0000000084500000, 0x0000000084400000| Untracked 
|  69|0x0000000084500000, 0x0000000084600000, 0x0000000084600000|100%| O|  |TAMS 0x0000000084600000, 0x0000000084500000| Untracked 
|  70|0x0000000084600000, 0x0000000084700000, 0x0000000084700000|100%| O|  |TAMS 0x0000000084700000, 0x0000000084600000| Untracked 
|  71|0x0000000084700000, 0x0000000084800000, 0x0000000084800000|100%| O|  |TAMS 0x0000000084800000, 0x0000000084700000| Untracked 
|  72|0x0000000084800000, 0x0000000084900000, 0x0000000084900000|100%| O|  |TAMS 0x0000000084900000, 0x0000000084800000| Untracked 
|  73|0x0000000084900000, 0x0000000084a00000, 0x0000000084a00000|100%| O|  |TAMS 0x0000000084a00000, 0x0000000084900000| Untracked 
|  74|0x0000000084a00000, 0x0000000084b00000, 0x0000000084b00000|100%| O|  |TAMS 0x0000000084b00000, 0x0000000084a00000| Untracked 
|  75|0x0000000084b00000, 0x0000000084c00000, 0x0000000084c00000|100%| O|  |TAMS 0x0000000084c00000, 0x0000000084b00000| Untracked 
|  76|0x0000000084c00000, 0x0000000084d00000, 0x0000000084d00000|100%| O|  |TAMS 0x0000000084d00000, 0x0000000084c00000| Untracked 
|  77|0x0000000084d00000, 0x0000000084e00000, 0x0000000084e00000|100%| O|  |TAMS 0x0000000084e00000, 0x0000000084d00000| Untracked 
|  78|0x0000000084e00000, 0x0000000084f00000, 0x0000000084f00000|100%| O|  |TAMS 0x0000000084f00000, 0x0000000084e00000| Untracked 
|  79|0x0000000084f00000, 0x0000000085000000, 0x0000000085000000|100%| O|  |TAMS 0x0000000085000000, 0x0000000084f00000| Untracked 
|  80|0x0000000085000000, 0x0000000085100000, 0x0000000085100000|100%| O|  |TAMS 0x0000000085100000, 0x0000000085000000| Untracked 
|  81|0x0000000085100000, 0x0000000085200000, 0x0000000085200000|100%| O|  |TAMS 0x0000000085200000, 0x0000000085100000| Untracked 
|  82|0x0000000085200000, 0x0000000085300000, 0x0000000085300000|100%| O|  |TAMS 0x0000000085300000, 0x0000000085200000| Untracked 
|  83|0x0000000085300000, 0x0000000085383000, 0x0000000085400000| 51%| O|  |TAMS 0x0000000085383000, 0x0000000085300000| Untracked 
|  84|0x0000000085400000, 0x0000000085400000, 0x0000000085500000|  0%| F|  |TAMS 0x0000000085400000, 0x0000000085400000| Untracked 
|  85|0x0000000085500000, 0x0000000085500000, 0x0000000085600000|  0%| F|  |TAMS 0x0000000085500000, 0x0000000085500000| Untracked 
|  86|0x0000000085600000, 0x0000000085600000, 0x0000000085700000|  0%| F|  |TAMS 0x0000000085600000, 0x0000000085600000| Untracked 
|  87|0x0000000085700000, 0x0000000085700000, 0x0000000085800000|  0%| F|  |TAMS 0x0000000085700000, 0x0000000085700000| Untracked 
|  88|0x0000000085800000, 0x0000000085800000, 0x0000000085900000|  0%| F|  |TAMS 0x0000000085800000, 0x0000000085800000| Untracked 
|  89|0x0000000085900000, 0x0000000085900000, 0x0000000085a00000|  0%| F|  |TAMS 0x0000000085900000, 0x0000000085900000| Untracked 
|  90|0x0000000085a00000, 0x0000000085a00000, 0x0000000085b00000|  0%| F|  |TAMS 0x0000000085a00000, 0x0000000085a00000| Untracked 
|  91|0x0000000085b00000, 0x0000000085b00000, 0x0000000085c00000|  0%| F|  |TAMS 0x0000000085b00000, 0x0000000085b00000| Untracked 
|  92|0x0000000085c00000, 0x0000000085c00000, 0x0000000085d00000|  0%| F|  |TAMS 0x0000000085c00000, 0x0000000085c00000| Untracked 
|  93|0x0000000085d00000, 0x0000000085d00000, 0x0000000085e00000|  0%| F|  |TAMS 0x0000000085d00000, 0x0000000085d00000| Untracked 
|  94|0x0000000085e00000, 0x0000000085e00000, 0x0000000085f00000|  0%| F|  |TAMS 0x0000000085e00000, 0x0000000085e00000| Untracked 
|  95|0x0000000085f00000, 0x0000000085f00000, 0x0000000086000000|  0%| F|  |TAMS 0x0000000085f00000, 0x0000000085f00000| Untracked 
|  96|0x0000000086000000, 0x0000000086000000, 0x0000000086100000|  0%| F|  |TAMS 0x0000000086000000, 0x0000000086000000| Untracked 
|  97|0x0000000086100000, 0x0000000086100000, 0x0000000086200000|  0%| F|  |TAMS 0x0000000086100000, 0x0000000086100000| Untracked 
|  98|0x0000000086200000, 0x00000000862f5268, 0x0000000086300000| 95%| S|CS|TAMS 0x0000000086200000, 0x0000000086200000| Complete 
|  99|0x0000000086300000, 0x0000000086400000, 0x0000000086400000|100%| S|CS|TAMS 0x0000000086300000, 0x0000000086300000| Complete 
| 100|0x0000000086400000, 0x0000000086500000, 0x0000000086500000|100%| S|CS|TAMS 0x0000000086400000, 0x0000000086400000| Complete 
| 101|0x0000000086500000, 0x0000000086500000, 0x0000000086600000|  0%| F|  |TAMS 0x0000000086500000, 0x0000000086500000| Untracked 
| 102|0x0000000086600000, 0x0000000086600000, 0x0000000086700000|  0%| F|  |TAMS 0x0000000086600000, 0x0000000086600000| Untracked 
| 103|0x0000000086700000, 0x0000000086700000, 0x0000000086800000|  0%| F|  |TAMS 0x0000000086700000, 0x0000000086700000| Untracked 
| 104|0x0000000086800000, 0x0000000086800000, 0x0000000086900000|  0%| F|  |TAMS 0x0000000086800000, 0x0000000086800000| Untracked 
| 105|0x0000000086900000, 0x0000000086900000, 0x0000000086a00000|  0%| F|  |TAMS 0x0000000086900000, 0x0000000086900000| Untracked 
| 106|0x0000000086a00000, 0x0000000086a00000, 0x0000000086b00000|  0%| F|  |TAMS 0x0000000086a00000, 0x0000000086a00000| Untracked 
| 107|0x0000000086b00000, 0x0000000086b00000, 0x0000000086c00000|  0%| F|  |TAMS 0x0000000086b00000, 0x0000000086b00000| Untracked 
| 108|0x0000000086c00000, 0x0000000086c00000, 0x0000000086d00000|  0%| F|  |TAMS 0x0000000086c00000, 0x0000000086c00000| Untracked 
| 109|0x0000000086d00000, 0x0000000086d00000, 0x0000000086e00000|  0%| F|  |TAMS 0x0000000086d00000, 0x0000000086d00000| Untracked 
| 110|0x0000000086e00000, 0x0000000086e00000, 0x0000000086f00000|  0%| F|  |TAMS 0x0000000086e00000, 0x0000000086e00000| Untracked 
| 111|0x0000000086f00000, 0x0000000086f10250, 0x0000000087000000|  6%| E|  |TAMS 0x0000000086f00000, 0x0000000086f00000| Complete 
| 112|0x0000000087000000, 0x0000000087100000, 0x0000000087100000|100%| E|CS|TAMS 0x0000000087000000, 0x0000000087000000| Complete 
| 113|0x0000000087100000, 0x0000000087200000, 0x0000000087200000|100%| E|  |TAMS 0x0000000087100000, 0x0000000087100000| Complete 
| 114|0x0000000087200000, 0x0000000087300000, 0x0000000087300000|100%| E|CS|TAMS 0x0000000087200000, 0x0000000087200000| Complete 
| 115|0x0000000087300000, 0x0000000087400000, 0x0000000087400000|100%| E|CS|TAMS 0x0000000087300000, 0x0000000087300000| Complete 
| 116|0x0000000087400000, 0x0000000087500000, 0x0000000087500000|100%| E|CS|TAMS 0x0000000087400000, 0x0000000087400000| Complete 
| 117|0x0000000087500000, 0x0000000087600000, 0x0000000087600000|100%| E|CS|TAMS 0x0000000087500000, 0x0000000087500000| Complete 

Card table byte_map: [0x0000015c7dee0000,0x0000015c7e2e0000] _byte_map_base: 0x0000015c7dae0000

Marking Bits (Prev, Next): (CMBitMap*) 0x0000015c65e80ac0, (CMBitMap*) 0x0000015c65e80a88
 Prev Bits: [0x0000015c02000000, 0x0000015c04000000)
 Next Bits: [0x0000015c00000000, 0x0000015c02000000)

Polling page: 0x0000015c63e50000

Metaspace:

Usage:
  Non-class:     82.64 MB capacity,    80.96 MB ( 98%) used,     1.39 MB (  2%) free+waste,   299.31 KB ( <1%) overhead. 
      Class:     13.31 MB capacity,    12.23 MB ( 92%) used,   963.64 KB (  7%) free+waste,   140.50 KB (  1%) overhead. 
       Both:     95.95 MB capacity,    93.19 MB ( 97%) used,     2.33 MB (  2%) free+waste,   439.81 KB ( <1%) overhead. 

Virtual space:
  Non-class space:       84.00 MB reserved,      82.76 MB ( 99%) committed 
      Class space:      504.00 MB reserved,      13.38 MB (  3%) committed 
             Both:      588.00 MB reserved,      96.13 MB ( 16%) committed 

Chunk freelists:
   Non-Class:  0 bytes
       Class:  2.00 KB
        Both:  2.00 KB

MaxMetaspaceSize: 512.00 MB
CompressedClassSpaceSize: 504.00 MB
Initial GC threshold: 20.80 MB
Current GC threshold: 160.22 MB
CDS: off

CodeHeap 'non-profiled nmethods': size=120000Kb used=6720Kb max_used=6720Kb free=113280Kb
 bounds [0x0000015c76060000, 0x0000015c766f0000, 0x0000015c7d590000]
CodeHeap 'profiled nmethods': size=120000Kb used=23060Kb max_used=23060Kb free=96939Kb
 bounds [0x0000015c6eb30000, 0x0000015c701c0000, 0x0000015c76060000]
CodeHeap 'non-nmethods': size=5760Kb used=2398Kb max_used=2451Kb free=3361Kb
 bounds [0x0000015c6e590000, 0x0000015c6e800000, 0x0000015c6eb30000]
 total_blobs=11306 nmethods=10381 adapters=837
 compilation: enabled
              stopped_count=0, restarted_count=0
 full_count=0

Compilation events (20 events):
Event: 43.812 Thread 0x0000015c7f360800 nmethod 10426 0x0000015c7019aa10 code [0x0000015c7019ac00, 0x0000015c7019b0f8]
Event: 43.812 Thread 0x0000015c7f360800 10428       3       org.gradle.cache.internal.btree.CachingBlockStore::flush (63 bytes)
Event: 43.813 Thread 0x0000015c7f360800 nmethod 10428 0x0000015c7019b310 code [0x0000015c7019b540, 0x0000015c7019bd28]
Event: 43.813 Thread 0x0000015c7f360800 10429       3       org.gradle.internal.io.StreamByteBuffer$StreamByteBufferOutputStream::write (115 bytes)
Event: 43.814 Thread 0x0000015c7f360800 nmethod 10429 0x0000015c7019bf90 code [0x0000015c7019c1c0, 0x0000015c7019c958]
Event: 43.814 Thread 0x0000015c7f360800 10431   !   3       org.gradle.internal.operations.DefaultBuildOperationQueue$WorkerRunnable::waitForNextOperation (89 bytes)
Event: 43.815 Thread 0x0000015c7f360800 nmethod 10431 0x0000015c7019cc90 code [0x0000015c7019cf40, 0x0000015c7019dab8]
Event: 43.815 Thread 0x0000015c7f360800 10432   !   3       sun.nio.fs.WindowsPath::toAbsolutePath (55 bytes)
Event: 43.816 Thread 0x0000015c7f360800 nmethod 10432 0x0000015c7019e110 code [0x0000015c7019e3c0, 0x0000015c7019efe8]
Event: 43.816 Thread 0x0000015c7f360800 10427       3       org.gradle.internal.serialize.kryo.KryoBackedEncoder::<init> (18 bytes)
Event: 43.817 Thread 0x0000015c7f360800 nmethod 10427 0x0000015c7019f490 code [0x0000015c7019f680, 0x0000015c7019fb18]
Event: 43.817 Thread 0x0000015c7f360800 10430       3       org.gradle.internal.io.StreamByteBuffer$StreamByteBufferChunk::write (25 bytes)
Event: 43.817 Thread 0x0000015c7f360800 nmethod 10430 0x0000015c7019fd10 code [0x0000015c7019fec0, 0x0000015c701a00a8]
Event: 43.817 Thread 0x0000015c7f360800 10433       3       org.gradle.cache.internal.btree.FreeListBlockStore::write (16 bytes)
Event: 43.817 Thread 0x0000015c7f360800 nmethod 10433 0x0000015c701a0190 code [0x0000015c701a0380, 0x0000015c701a0768]
Event: 43.817 Thread 0x0000015c7f360800 10434       3       org.gradle.cache.internal.btree.FreeListBlockStore::attach (22 bytes)
Event: 43.818 Thread 0x0000015c7f360800 nmethod 10434 0x0000015c701a0910 code [0x0000015c701a0ae0, 0x0000015c701a0d98]
Event: 43.818 Thread 0x0000015c7f360800 10435   !   3       org.gradle.cache.internal.AsyncCacheAccessDecoratedCache::putLater (33 bytes)
Event: 43.818 Thread 0x0000015c7f360800 nmethod 10435 0x0000015c701a0f10 code [0x0000015c701a1140, 0x0000015c701a1848]
Event: 43.818 Thread 0x0000015c7f360800 10439   !   3       java.util.concurrent.LinkedBlockingQueue::take (91 bytes)

GC Heap History (20 events):
Event: 30.389 GC heap before
{Heap before GC invocations=35 (full 0):
 garbage-first heap   total 120832K, used 96561K [0x0000000080000000, 0x0000000100000000)
  region size 1024K, 19 young (19456K), 2 survivors (2048K)
 Metaspace       used 86669K, capacity 89129K, committed 89352K, reserved 593920K
  class space    used 11157K, capacity 12188K, committed 12288K, reserved 516096K
}
Event: 30.394 GC heap after
{Heap after GC invocations=36 (full 0):
 garbage-first heap   total 120832K, used 78989K [0x0000000080000000, 0x0000000100000000)
  region size 1024K, 3 young (3072K), 3 survivors (3072K)
 Metaspace       used 86669K, capacity 89129K, committed 89352K, reserved 593920K
  class space    used 11157K, capacity 12188K, committed 12288K, reserved 516096K
}
Event: 30.548 GC heap before
{Heap before GC invocations=36 (full 0):
 garbage-first heap   total 120832K, used 97421K [0x0000000080000000, 0x0000000100000000)
  region size 1024K, 21 young (21504K), 3 survivors (3072K)
 Metaspace       used 86713K, capacity 89229K, committed 89352K, reserved 593920K
  class space    used 11163K, capacity 12223K, committed 12288K, reserved 516096K
}
Event: 30.555 GC heap after
{Heap after GC invocations=37 (full 0):
 garbage-first heap   total 120832K, used 80251K [0x0000000080000000, 0x0000000100000000)
  region size 1024K, 3 young (3072K), 3 survivors (3072K)
 Metaspace       used 86713K, capacity 89229K, committed 89352K, reserved 593920K
  class space    used 11163K, capacity 12223K, committed 12288K, reserved 516096K
}
Event: 38.855 GC heap before
{Heap before GC invocations=38 (full 0):
 garbage-first heap   total 120832K, used 98683K [0x0000000080000000, 0x0000000100000000)
  region size 1024K, 21 young (21504K), 3 survivors (3072K)
 Metaspace       used 86816K, capacity 89365K, committed 89608K, reserved 593920K
  class space    used 11171K, capacity 12224K, committed 12288K, reserved 516096K
}
Event: 38.859 GC heap after
{Heap after GC invocations=39 (full 0):
 garbage-first heap   total 120832K, used 81663K [0x0000000080000000, 0x0000000100000000)
  region size 1024K, 3 young (3072K), 3 survivors (3072K)
 Metaspace       used 86816K, capacity 89365K, committed 89608K, reserved 593920K
  class space    used 11171K, capacity 12224K, committed 12288K, reserved 516096K
}
Event: 39.726 GC heap before
{Heap before GC invocations=39 (full 0):
 garbage-first heap   total 120832K, used 83711K [0x0000000080000000, 0x0000000100000000)
  region size 1024K, 5 young (5120K), 3 survivors (3072K)
 Metaspace       used 86950K, capacity 89512K, committed 89608K, reserved 593920K
  class space    used 11189K, capacity 12232K, committed 12288K, reserved 516096K
}
Event: 39.729 GC heap after
{Heap after GC invocations=40 (full 0):
 garbage-first heap   total 120832K, used 80348K [0x0000000080000000, 0x0000000100000000)
  region size 1024K, 1 young (1024K), 1 survivors (1024K)
 Metaspace       used 86950K, capacity 89512K, committed 89608K, reserved 593920K
  class space    used 11189K, capacity 12232K, committed 12288K, reserved 516096K
}
Event: 40.292 GC heap before
{Heap before GC invocations=40 (full 0):
 garbage-first heap   total 120832K, used 98780K [0x0000000080000000, 0x0000000100000000)
  region size 1024K, 19 young (19456K), 1 survivors (1024K)
 Metaspace       used 88379K, capacity 90832K, committed 91016K, reserved 595968K
  class space    used 11368K, capacity 12394K, committed 12416K, reserved 516096K
}
Event: 40.298 GC heap after
{Heap after GC invocations=41 (full 0):
 garbage-first heap   total 120832K, used 81732K [0x0000000080000000, 0x0000000100000000)
  region size 1024K, 2 young (2048K), 2 survivors (2048K)
 Metaspace       used 88379K, capacity 90832K, committed 91016K, reserved 595968K
  class space    used 11368K, capacity 12394K, committed 12416K, reserved 516096K
}
Event: 41.338 GC heap before
{Heap before GC invocations=42 (full 0):
 garbage-first heap   total 120832K, used 100164K [0x0000000080000000, 0x0000000100000000)
  region size 1024K, 20 young (20480K), 2 survivors (2048K)
 Metaspace       used 90675K, capacity 93145K, committed 93192K, reserved 598016K
  class space    used 11743K, capacity 12780K, committed 12800K, reserved 516096K
}
Event: 41.342 GC heap after
{Heap after GC invocations=43 (full 0):
 garbage-first heap   total 120832K, used 82255K [0x0000000080000000, 0x0000000100000000)
  region size 1024K, 1 young (1024K), 1 survivors (1024K)
 Metaspace       used 90675K, capacity 93145K, committed 93192K, reserved 598016K
  class space    used 11743K, capacity 12780K, committed 12800K, reserved 516096K
}
Event: 42.256 GC heap before
{Heap before GC invocations=43 (full 0):
 garbage-first heap   total 120832K, used 100687K [0x0000000080000000, 0x0000000100000000)
  region size 1024K, 19 young (19456K), 1 survivors (1024K)
 Metaspace       used 92949K, capacity 95436K, committed 95752K, reserved 600064K
  class space    used 12158K, capacity 13192K, committed 13312K, reserved 516096K
}
Event: 42.262 GC heap after
{Heap after GC invocations=44 (full 0):
 garbage-first heap   total 120832K, used 83339K [0x0000000080000000, 0x0000000100000000)
  region size 1024K, 2 young (2048K), 2 survivors (2048K)
 Metaspace       used 92949K, capacity 95436K, committed 95752K, reserved 600064K
  class space    used 12158K, capacity 13192K, committed 13312K, reserved 516096K
}
Event: 43.047 GC heap before
{Heap before GC invocations=45 (full 0):
 garbage-first heap   total 120832K, used 101771K [0x0000000080000000, 0x0000000100000000)
  region size 1024K, 20 young (20480K), 2 survivors (2048K)
 Metaspace       used 94215K, capacity 96816K, committed 96904K, reserved 600064K
  class space    used 12336K, capacity 13395K, committed 13440K, reserved 516096K
}
Event: 43.053 GC heap after
{Heap after GC invocations=46 (full 0):
 garbage-first heap   total 120832K, used 85245K [0x0000000080000000, 0x0000000100000000)
  region size 1024K, 3 young (3072K), 3 survivors (3072K)
 Metaspace       used 94215K, capacity 96816K, committed 96904K, reserved 600064K
  class space    used 12336K, capacity 13395K, committed 13440K, reserved 516096K
}
Event: 43.090 GC heap before
{Heap before GC invocations=46 (full 0):
 garbage-first heap   total 120832K, used 87293K [0x0000000080000000, 0x0000000100000000)
  region size 1024K, 5 young (5120K), 3 survivors (3072K)
 Metaspace       used 94241K, capacity 96826K, committed 96904K, reserved 600064K
  class space    used 12338K, capacity 13397K, committed 13440K, reserved 516096K
}
Event: 43.097 GC heap after
{Heap after GC invocations=47 (full 0):
 garbage-first heap   total 120832K, used 85496K [0x0000000080000000, 0x0000000100000000)
  region size 1024K, 1 young (1024K), 1 survivors (1024K)
 Metaspace       used 94241K, capacity 96826K, committed 96904K, reserved 600064K
  class space    used 12338K, capacity 13397K, committed 13440K, reserved 516096K
}
Event: 43.671 GC heap before
{Heap before GC invocations=47 (full 0):
 garbage-first heap   total 120832K, used 101880K [0x0000000080000000, 0x0000000100000000)
  region size 1024K, 17 young (17408K), 1 survivors (1024K)
 Metaspace       used 95314K, capacity 98173K, committed 98440K, reserved 602112K
  class space    used 12525K, capacity 13630K, committed 13696K, reserved 516096K
}
Event: 43.679 GC heap after
{Heap after GC invocations=48 (full 0):
 garbage-first heap   total 120832K, used 87520K [0x0000000080000000, 0x0000000100000000)
  region size 1024K, 3 young (3072K), 3 survivors (3072K)
 Metaspace       used 95314K, capacity 98173K, committed 98440K, reserved 602112K
  class space    used 12525K, capacity 13630K, committed 13696K, reserved 516096K
}

Deoptimization events (20 events):
Event: 42.109 Thread 0x0000015c08a4b800 DEOPT PACKING pc=0x0000015c6fec18ec sp=0x0000001a683f8470
Event: 42.109 Thread 0x0000015c08a4b800 DEOPT UNPACKING pc=0x0000015c6e5da95e sp=0x0000001a683f7a10 mode 0
Event: 42.360 Thread 0x0000015c08a4b800 Uncommon trap: trap_request=0xfffffff4 fr.pc=0x0000015c766a0508 relative=0x0000000000000068
Event: 42.360 Thread 0x0000015c08a4b800 Uncommon trap: reason=null_check action=make_not_entrant pc=0x0000015c766a0508 method=java.lang.Class.isAnnotation()Z @ 1 c2
Event: 42.360 Thread 0x0000015c08a4b800 DEOPT PACKING pc=0x0000015c766a0508 sp=0x0000001a683f84c0
Event: 42.360 Thread 0x0000015c08a4b800 DEOPT UNPACKING pc=0x0000015c6e5da1af sp=0x0000001a683f8450 mode 2
Event: 42.710 Thread 0x0000015c08a4b800 DEOPT PACKING pc=0x0000015c6f10a916 sp=0x0000001a683f9470
Event: 42.710 Thread 0x0000015c08a4b800 DEOPT UNPACKING pc=0x0000015c6e5da95e sp=0x0000001a683f8988 mode 0
Event: 42.756 Thread 0x0000015c08a4b800 DEOPT PACKING pc=0x0000015c6ff2ed1d sp=0x0000001a683f7430
Event: 42.756 Thread 0x0000015c08a4b800 DEOPT UNPACKING pc=0x0000015c6e5da95e sp=0x0000001a683f6988 mode 0
Event: 42.787 Thread 0x0000015c08a4b800 DEOPT PACKING pc=0x0000015c6f42bbf1 sp=0x0000001a683f8090
Event: 42.787 Thread 0x0000015c08a4b800 DEOPT UNPACKING pc=0x0000015c6e5da95e sp=0x0000001a683f7588 mode 0
Event: 42.906 Thread 0x0000015c08a4b800 Uncommon trap: trap_request=0xffffff4d fr.pc=0x0000015c766a7400 relative=0x0000000000000280
Event: 42.906 Thread 0x0000015c08a4b800 Uncommon trap: reason=unstable_if action=reinterpret pc=0x0000015c766a7400 method=org.gradle.internal.reflect.PropertyAccessorType.of(Ljava/lang/reflect/Method;)Lorg/gradle/internal/reflect/PropertyAccessorType; @ 74 c2
Event: 42.906 Thread 0x0000015c08a4b800 DEOPT PACKING pc=0x0000015c766a7400 sp=0x0000001a683f91b0
Event: 42.906 Thread 0x0000015c08a4b800 DEOPT UNPACKING pc=0x0000015c6e5da1af sp=0x0000001a683f9180 mode 2
Event: 43.080 Thread 0x0000015c08a4b800 DEOPT PACKING pc=0x0000015c6f62fbca sp=0x0000001a683f7930
Event: 43.080 Thread 0x0000015c08a4b800 DEOPT UNPACKING pc=0x0000015c6e5da95e sp=0x0000001a683f6d90 mode 0
Event: 43.504 Thread 0x0000015c08a4b800 DEOPT PACKING pc=0x0000015c6ff2ec75 sp=0x0000001a683f8be0
Event: 43.504 Thread 0x0000015c08a4b800 DEOPT UNPACKING pc=0x0000015c6e5da95e sp=0x0000001a683f8138 mode 0

Classes redefined (0 events):
No events

Internal exceptions (20 events):
Event: 42.609 Thread 0x0000015c08a4b800 Exception <a 'java/lang/NoClassDefFoundError'{0x0000000086e16c18}: org/jetbrains/kotlin/gradle/plugin/KotlinBasePluginWrapper> (0x0000000086e16c18) thrown at [./src/hotspot/share/classfile/systemDictionary.cpp, line 219]
Event: 42.875 Thread 0x0000015c08a4b800 Exception <a 'java/lang/ClassNotFoundException'{0x000000008695b518}: build_2hfuiih3g90h6r7pz3junwwl5BeanInfo> (0x000000008695b518) thrown at [./src/hotspot/share/classfile/systemDictionary.cpp, line 230]
Event: 42.876 Thread 0x0000015c08a4b800 Exception <a 'java/lang/ClassNotFoundException'{0x0000000086967578}: build_2hfuiih3g90h6r7pz3junwwl5Customizer> (0x0000000086967578) thrown at [./src/hotspot/share/classfile/systemDictionary.cpp, line 230]
Event: 42.911 Thread 0x0000015c08a4b800 Exception <a 'java/lang/ClassNotFoundException'{0x0000000086865110}: build_2hfuiih3g90h6r7pz3junwwl5BeanInfo> (0x0000000086865110) thrown at [./src/hotspot/share/classfile/systemDictionary.cpp, line 230]
Event: 42.912 Thread 0x0000015c08a4b800 Exception <a 'java/lang/ClassNotFoundException'{0x0000000086871110}: build_2hfuiih3g90h6r7pz3junwwl5Customizer> (0x0000000086871110) thrown at [./src/hotspot/share/classfile/systemDictionary.cpp, line 230]
Event: 43.083 Thread 0x0000015c08a4b800 Exception <a 'java/lang/ClassNotFoundException'{0x00000000874349a0}: com/android/build/gradle/LibraryExtension_DecoratedBeanInfo> (0x00000000874349a0) thrown at [./src/hotspot/share/classfile/systemDictionary.cpp, line 230]
Event: 43.084 Thread 0x0000015c08a4b800 Exception <a 'java/lang/ClassNotFoundException'{0x000000008744c640}: com/android/build/gradle/LibraryExtensionBeanInfo> (0x000000008744c640) thrown at [./src/hotspot/share/classfile/systemDictionary.cpp, line 230]
Event: 43.085 Thread 0x0000015c08a4b800 Exception <a 'java/lang/ClassNotFoundException'{0x00000000874654e0}: com/android/build/gradle/LibraryExtensionCustomizer> (0x00000000874654e0) thrown at [./src/hotspot/share/classfile/systemDictionary.cpp, line 230]
Event: 43.100 Thread 0x0000015c08a4b800 Exception <a 'java/lang/ClassNotFoundException'{0x00000000875499c8}: com/android/build/gradle/LibraryExtension_DecoratedCustomizer> (0x00000000875499c8) thrown at [./src/hotspot/share/classfile/systemDictionary.cpp, line 230]
Event: 43.121 Thread 0x0000015c08a4b800 Exception <a 'java/lang/ClassNotFoundException'{0x000000008744f950}: build_2hfuiih3g90h6r7pz3junwwl5$_run_closure1BeanInfo> (0x000000008744f950) thrown at [./src/hotspot/share/classfile/systemDictionary.cpp, line 230]
Event: 43.122 Thread 0x0000015c08a4b800 Exception <a 'java/lang/ClassNotFoundException'{0x0000000087463790}: build_2hfuiih3g90h6r7pz3junwwl5$_run_closure1Customizer> (0x0000000087463790) thrown at [./src/hotspot/share/classfile/systemDictionary.cpp, line 230]
Event: 43.127 Thread 0x0000015c08a4b800 Exception <a 'java/lang/ClassNotFoundException'{0x000000008748f9f8}: java/lang/BooleanBeanInfo> (0x000000008748f9f8) thrown at [./src/hotspot/share/classfile/systemDictionary.cpp, line 230]
Event: 43.127 Thread 0x0000015c08a4b800 Exception <a 'java/lang/ClassNotFoundException'{0x000000008749ceb8}: java/lang/BooleanCustomizer> (0x000000008749ceb8) thrown at [./src/hotspot/share/classfile/systemDictionary.cpp, line 230]
Event: 43.483 Thread 0x0000015c08a4b800 Exception <a 'java/lang/ClassNotFoundException'{0x000000008682e598}: com/android/build/gradle/internal/api/LibraryVariantOutputImpl_DecoratedBeanInfo> (0x000000008682e598) thrown at [./src/hotspot/share/classfile/systemDictionary.cpp, line 230]
Event: 43.484 Thread 0x0000015c08a4b800 Exception <a 'java/lang/ClassNotFoundException'{0x000000008684afa8}: com/android/build/gradle/internal/api/LibraryVariantOutputImplBeanInfo> (0x000000008684afa8) thrown at [./src/hotspot/share/classfile/systemDictionary.cpp, line 230]
Event: 43.485 Thread 0x0000015c08a4b800 Exception <a 'java/lang/ClassNotFoundException'{0x0000000086867f28}: com/android/build/gradle/internal/api/LibraryVariantOutputImplCustomizer> (0x0000000086867f28) thrown at [./src/hotspot/share/classfile/systemDictionary.cpp, line 230]
Event: 43.487 Thread 0x0000015c08a4b800 Exception <a 'java/lang/ClassNotFoundException'{0x000000008688ed20}: com/android/build/gradle/internal/api/LibraryVariantOutputImpl_DecoratedCustomizer> (0x000000008688ed20) thrown at [./src/hotspot/share/classfile/systemDictionary.cpp, line 230]
Event: 43.491 Thread 0x0000015c08a4b800 Exception <a 'java/lang/NoClassDefFoundError'{0x00000000868c3aa8}: org/jetbrains/kotlin/gradle/plugin/KotlinBasePluginWrapper> (0x00000000868c3aa8) thrown at [./src/hotspot/share/oops/constantPool.cpp, line 775]
Event: 43.527 Thread 0x0000015c08a4b800 Exception <a 'java/lang/ClassNotFoundException'{0x000000008660c9f8}: build_5i1zhwo8cnw989s5scfs3r9i2BeanInfo> (0x000000008660c9f8) thrown at [./src/hotspot/share/classfile/systemDictionary.cpp, line 230]
Event: 43.528 Thread 0x0000015c08a4b800 Exception <a 'java/lang/ClassNotFoundException'{0x0000000086618a58}: build_5i1zhwo8cnw989s5scfs3r9i2Customizer> (0x0000000086618a58) thrown at [./src/hotspot/share/classfile/systemDictionary.cpp, line 230]

Events (20 events):
Event: 43.527 loading class build_5i1zhwo8cnw989s5scfs3r9i2BeanInfo
Event: 43.527 loading class build_5i1zhwo8cnw989s5scfs3r9i2BeanInfo done
Event: 43.527 loading class build_5i1zhwo8cnw989s5scfs3r9i2Customizer
Event: 43.527 loading class build_5i1zhwo8cnw989s5scfs3r9i2Customizer done
Event: 43.528 loading class build_5i1zhwo8cnw989s5scfs3r9i2Customizer
Event: 43.528 loading class build_5i1zhwo8cnw989s5scfs3r9i2Customizer done
Event: 43.531 loading class groovy/runtime/metaclass/build_5i1zhwo8cnw989s5scfs3r9i2$_run_closure1MetaClass
Event: 43.531 loading class groovy/runtime/metaclass/build_5i1zhwo8cnw989s5scfs3r9i2$_run_closure1MetaClass done
Event: 43.533 loading class groovy/runtime/metaclass/build_5i1zhwo8cnw989s5scfs3r9i2$_run_closure1$_closure2MetaClass
Event: 43.533 loading class groovy/runtime/metaclass/build_5i1zhwo8cnw989s5scfs3r9i2$_run_closure1$_closure2MetaClass done
Event: 43.535 loading class groovy/runtime/metaclass/build_5i1zhwo8cnw989s5scfs3r9i2$_run_closure1$_closure3MetaClass
Event: 43.535 loading class groovy/runtime/metaclass/build_5i1zhwo8cnw989s5scfs3r9i2$_run_closure1$_closure3MetaClass done
Event: 43.671 Executing VM operation: G1CollectForAllocation
Event: 43.679 Executing VM operation: G1CollectForAllocation done
Event: 43.746 Executing VM operation: CGC_Operation
Event: 43.758 Executing VM operation: CGC_Operation done
Event: 43.787 Executing VM operation: CGC_Operation
Event: 43.789 Executing VM operation: CGC_Operation done
Event: 43.789 Executing VM operation: RevokeBias
Event: 43.790 Executing VM operation: RevokeBias done


Dynamic libraries:
0x00007ff7c07c0000 - 0x00007ff7c07cd000 	C:\Program Files\OpenJDK\openjdk-11.0.15_10\bin\java.exe
0x00007ffc2abd0000 - 0x00007ffc2ade4000 	C:\WINDOWS\SYSTEM32\ntdll.dll
0x00007ffc297e0000 - 0x00007ffc298a4000 	C:\WINDOWS\System32\KERNEL32.DLL
0x00007ffc28150000 - 0x00007ffc284f4000 	C:\WINDOWS\System32\KERNELBASE.dll
0x00007ffc28500000 - 0x00007ffc28611000 	C:\WINDOWS\System32\ucrtbase.dll
0x00007ffbf07b0000 - 0x00007ffbf07c6000 	C:\Program Files\OpenJDK\openjdk-11.0.15_10\bin\VCRUNTIME140.dll
0x00007ffbe97b0000 - 0x00007ffbe97c8000 	C:\Program Files\OpenJDK\openjdk-11.0.15_10\bin\jli.dll
0x00007ffc29b10000 - 0x00007ffc29cbe000 	C:\WINDOWS\System32\USER32.dll
0x00007ffc28120000 - 0x00007ffc28146000 	C:\WINDOWS\System32\win32u.dll
0x00007ffc2aae0000 - 0x00007ffc2ab09000 	C:\WINDOWS\System32\GDI32.dll
0x00007ffc27f80000 - 0x00007ffc28098000 	C:\WINDOWS\System32\gdi32full.dll
0x00007ffc28690000 - 0x00007ffc2872a000 	C:\WINDOWS\System32\msvcp_win.dll
0x00007ffc14260000 - 0x00007ffc144f3000 	C:\WINDOWS\WinSxS\amd64_microsoft.windows.common-controls_6595b64144ccf1df_6.0.22621.2215_none_270d72677387dfc3\COMCTL32.dll
0x00007ffc29a60000 - 0x00007ffc29b07000 	C:\WINDOWS\System32\msvcrt.dll
0x00007ffc28ab0000 - 0x00007ffc28ae1000 	C:\WINDOWS\System32\IMM32.DLL
0x00007ffbd1760000 - 0x00007ffbd180a000 	C:\Program Files\OpenJDK\openjdk-11.0.15_10\bin\msvcp140.dll
0x00007ffb81c30000 - 0x00007ffb82781000 	C:\Program Files\OpenJDK\openjdk-11.0.15_10\bin\server\jvm.dll
0x00007ffc29d40000 - 0x00007ffc29df0000 	C:\WINDOWS\System32\ADVAPI32.dll
0x00007ffc28de0000 - 0x00007ffc28e86000 	C:\WINDOWS\System32\sechost.dll
0x00007ffc28af0000 - 0x00007ffc28c07000 	C:\WINDOWS\System32\RPCRT4.dll
0x00007ffc29a50000 - 0x00007ffc29a58000 	C:\WINDOWS\System32\PSAPI.DLL
0x00007ffbe97a0000 - 0x00007ffbe97a9000 	C:\WINDOWS\SYSTEM32\WSOCK32.dll
0x00007ffc29cc0000 - 0x00007ffc29d31000 	C:\WINDOWS\System32\WS2_32.dll
0x00007ffc1f870000 - 0x00007ffc1f8a4000 	C:\WINDOWS\SYSTEM32\WINMM.dll
0x00007ffc1ffd0000 - 0x00007ffc1ffda000 	C:\WINDOWS\SYSTEM32\VERSION.dll
0x00007ffc26f50000 - 0x00007ffc26f68000 	C:\WINDOWS\SYSTEM32\kernel.appcore.dll
0x00007ffbe9780000 - 0x00007ffbe9791000 	C:\Program Files\OpenJDK\openjdk-11.0.15_10\bin\verify.dll
0x00007ffc25990000 - 0x00007ffc25bbe000 	C:\WINDOWS\SYSTEM32\DBGHELP.DLL
0x00007ffc28f50000 - 0x00007ffc292da000 	C:\WINDOWS\System32\combase.dll
0x00007ffc2a6e0000 - 0x00007ffc2a7b7000 	C:\WINDOWS\System32\OLEAUT32.dll
0x00007ffc06f70000 - 0x00007ffc06fa2000 	C:\WINDOWS\SYSTEM32\dbgcore.DLL
0x00007ffc280a0000 - 0x00007ffc2811a000 	C:\WINDOWS\System32\bcryptPrimitives.dll
0x00007ffbe7600000 - 0x00007ffbe7629000 	C:\Program Files\OpenJDK\openjdk-11.0.15_10\bin\java.dll
0x00007ffbd8900000 - 0x00007ffbd890a000 	C:\Program Files\OpenJDK\openjdk-11.0.15_10\bin\jimage.dll
0x00007ffbd88e0000 - 0x00007ffbd88f8000 	C:\Program Files\OpenJDK\openjdk-11.0.15_10\bin\zip.dll
0x00007ffc29e50000 - 0x00007ffc2a673000 	C:\WINDOWS\System32\SHELL32.dll
0x00007ffc25ec0000 - 0x00007ffc267aa000 	C:\WINDOWS\SYSTEM32\windows.storage.dll
0x00007ffc25d80000 - 0x00007ffc25ebe000 	C:\WINDOWS\SYSTEM32\wintypes.dll
0x00007ffc28c30000 - 0x00007ffc28d23000 	C:\WINDOWS\System32\SHCORE.dll
0x00007ffc29df0000 - 0x00007ffc29e4e000 	C:\WINDOWS\System32\shlwapi.dll
0x00007ffc27eb0000 - 0x00007ffc27ed6000 	C:\WINDOWS\SYSTEM32\profapi.dll
0x00007ffbd88c0000 - 0x00007ffbd88d9000 	C:\Program Files\OpenJDK\openjdk-11.0.15_10\bin\net.dll
0x00007ffc1f0f0000 - 0x00007ffc1f227000 	C:\WINDOWS\SYSTEM32\WINHTTP.dll
0x00007ffc27430000 - 0x00007ffc27499000 	C:\WINDOWS\system32\mswsock.dll
0x00007ffbd88a0000 - 0x00007ffbd88b3000 	C:\Program Files\OpenJDK\openjdk-11.0.15_10\bin\nio.dll
0x00007ffbbda70000 - 0x00007ffbbda97000 	C:\Users\hang\.gradle\native\68d5fa5c4cc2d200863cafc0d521ce42e7d3e7ee720ec0a83991735586a16f82\windows-amd64\native-platform.dll
0x00007ffb88cf0000 - 0x00007ffb88e34000 	C:\Users\hang\.gradle\native\e376f236ea51e6404a007f0833ffe2c6e607c4080706a723a18a27aeea778392\windows-amd64\native-platform-file-events.dll
0x00007ffbf33b0000 - 0x00007ffbf33b9000 	C:\Program Files\OpenJDK\openjdk-11.0.15_10\bin\management.dll
0x00007ffbf33a0000 - 0x00007ffbf33ac000 	C:\Program Files\OpenJDK\openjdk-11.0.15_10\bin\management_ext.dll
0x00007ffc276a0000 - 0x00007ffc276bb000 	C:\WINDOWS\SYSTEM32\CRYPTSP.dll
0x00007ffc26f10000 - 0x00007ffc26f45000 	C:\WINDOWS\system32\rsaenh.dll
0x00007ffc27540000 - 0x00007ffc2756c000 	C:\WINDOWS\SYSTEM32\USERENV.dll
0x00007ffc27840000 - 0x00007ffc27868000 	C:\WINDOWS\SYSTEM32\bcrypt.dll
0x00007ffc276c0000 - 0x00007ffc276cc000 	C:\WINDOWS\SYSTEM32\CRYPTBASE.dll
0x00007ffc26a50000 - 0x00007ffc26a7d000 	C:\WINDOWS\SYSTEM32\IPHLPAPI.DLL
0x00007ffc2a7c0000 - 0x00007ffc2a7c9000 	C:\WINDOWS\System32\NSI.dll
0x00007ffc1eea0000 - 0x00007ffc1eeb9000 	C:\WINDOWS\SYSTEM32\dhcpcsvc6.DLL
0x00007ffc1ee80000 - 0x00007ffc1ee9f000 	C:\WINDOWS\SYSTEM32\dhcpcsvc.DLL
0x00007ffc26a80000 - 0x00007ffc26b72000 	C:\WINDOWS\SYSTEM32\DNSAPI.dll

dbghelp: loaded successfully - version: 4.0.5 - missing functions: none
symbol engine: initialized successfully - sym options: 0x614 - pdb path: .;C:\Program Files\OpenJDK\openjdk-11.0.15_10\bin;C:\WINDOWS\SYSTEM32;C:\WINDOWS\WinSxS\amd64_microsoft.windows.common-controls_6595b64144ccf1df_6.0.22621.2215_none_270d72677387dfc3;C:\Program Files\OpenJDK\openjdk-11.0.15_10\bin\server;C:\Users\hang\.gradle\native\68d5fa5c4cc2d200863cafc0d521ce42e7d3e7ee720ec0a83991735586a16f82\windows-amd64;C:\Users\hang\.gradle\native\e376f236ea51e6404a007f0833ffe2c6e607c4080706a723a18a27aeea778392\windows-amd64

VM Arguments:
jvm_args: -XX:MaxMetaspaceSize=512m --add-opens=java.base/java.util=ALL-UNNAMED --add-opens=java.base/java.lang=ALL-UNNAMED --add-opens=java.base/java.lang.invoke=ALL-UNNAMED --add-opens=java.prefs/java.util.prefs=ALL-UNNAMED --add-opens=java.base/java.nio.charset=ALL-UNNAMED --add-opens=java.base/java.net=ALL-UNNAMED --add-opens=java.base/java.util.concurrent.atomic=ALL-UNNAMED -Xmx2048m -Dfile.encoding=windows-1252 -Duser.country=US -Duser.language=en -Duser.variant 
java_command: org.gradle.launcher.daemon.bootstrap.GradleDaemon 8.0.1
java_class_path (initial): C:\Users\hang\.gradle\wrapper\dists\gradle-8.0.1-all\aro4hu1c3oeioove7l0i4i14o\gradle-8.0.1\lib\gradle-launcher-8.0.1.jar
Launcher Type: SUN_STANDARD

[Global flags]
     intx CICompilerCount                          = 4                                         {product} {ergonomic}
   size_t CompressedClassSpaceSize                 = 528482304                                 {product} {ergonomic}
     uint ConcGCThreads                            = 3                                         {product} {ergonomic}
     uint G1ConcRefinementThreads                  = 10                                        {product} {ergonomic}
   size_t G1HeapRegionSize                         = 1048576                                   {product} {ergonomic}
    uintx GCDrainStackTargetSize                   = 64                                        {product} {ergonomic}
   size_t InitialHeapSize                          = 123731968                                 {product} {ergonomic}
   size_t MarkStackSize                            = 4194304                                   {product} {ergonomic}
   size_t MaxHeapSize                              = 2147483648                                {product} {command line}
   size_t MaxMetaspaceSize                         = 536870912                                 {product} {command line}
   size_t MaxNewSize                               = 1287651328                                {product} {ergonomic}
   size_t MinHeapDeltaBytes                        = 1048576                                   {product} {ergonomic}
    uintx NonNMethodCodeHeapSize                   = 5836300                                {pd product} {ergonomic}
    uintx NonProfiledCodeHeapSize                  = 122910970                              {pd product} {ergonomic}
    uintx ProfiledCodeHeapSize                     = 122910970                              {pd product} {ergonomic}
    uintx ReservedCodeCacheSize                    = 251658240                              {pd product} {ergonomic}
     bool SegmentedCodeCache                       = true                                      {product} {ergonomic}
     bool UseCompressedClassPointers               = true                                 {lp64_product} {ergonomic}
     bool UseCompressedOops                        = true                                 {lp64_product} {ergonomic}
     bool UseG1GC                                  = true                                      {product} {ergonomic}
     bool UseLargePagesIndividualAllocation        = false                                  {pd product} {ergonomic}

Logging:
Log output configuration:
 #0: stdout all=warning uptime,level,tags
 #1: stderr all=off uptime,level,tags

Environment Variables:
JAVA_HOME=C:\Program Files\OpenJDK\openjdk-11.0.15_10
CLASSPATH=C:\Users\hang\Documents\CLIPAPP\appclip\android\\gradle\wrapper\gradle-wrapper.jar
PATH=C:\Users\hang\Documents\CLIPAPP\appclip\node_modules\.bin;C:\Users\hang\Documents\CLIPAPP\node_modules\.bin;C:\Users\hang\Documents\node_modules\.bin;C:\Users\hang\node_modules\.bin;C:\Users\node_modules\.bin;C:\node_modules\.bin;C:\Program Files\nodejs\node_modules\npm\node_modules\@npmcli\run-script\lib\node-gyp-bin;C:\Program Files\Microsoft\jdk-11.0.18.10-hotspot\bin;C:\Program Files (x86)\Common Files\Oracle\Java\javapath;C:\Windows\system32;C:\Windows;C:\Windows\System32\Wbem;C:\Windows\System32\WindowsPowerShell\v1.0\;C:\Windows\System32\OpenSSH\;C:\Program Files\NVIDIA Corporation\NVIDIA NvDLISR;C:\Program Files\Microsoft SQL Server\150\Tools\Binn\;C:\Program Files\Microsoft SQL Server\Client SDK\ODBC\170\Tools\Binn\;C:\Program Files\nodejs\;C:\ProgramData\chocolatey\bin;C:\Program Files\OpenJDK\openjdk-11.0.15_10\bin;C:\Program Files (x86)\Microsoft SQL Server\150\DTS\Binn\;C:\Program Files\Azure Data Studio\bin;C:\Program Files (x86)\Microsoft SQL Server\150\Tools\Binn\;C:\Program Files\Microsoft SQL Server\150\DTS\Binn\;C:\Program Files\Git\cmd;C:\Program Files\dotnet\;C:\WINDOWS\system32;C:\WINDOWS;C:\WINDOWS\System32\Wbem;C:\WINDOWS\System32\WindowsPowerShell\v1.0\;C:\WINDOWS\System32\OpenSSH\;C:\Users\hang\AppData\Local\Pub\Cache\bin;C:\Users\hang\AppData\Local\Yarn\Data\global;C:\Users\hang\AppData\Roaming\npm\node_modules\@tensorflow\tfjs-converter;;C:\Program Files\Docker\Docker\resources\bin;C:\Users\hang\AppData\Local\Programs\Python\Python310\Scripts\;C:\Users\hang\AppData\Local\Programs\Python\Python310\;C:\Users\hang\AppData\Local\Microsoft\WindowsApps;C:\Users\hang\AppData\Local\Programs\Microsoft VS Code\bin;C:\Users\hang\AppData\Roaming\npm;C:\Users\hang\AppData\Local\Android\Sdk\platform-tools;C:\Program Files\Azure Data Studio\bin;C:\flutter\bin;
USERNAME=hang
LANG=en_US.UTF-8
OS=Windows_NT
PROCESSOR_IDENTIFIER=AMD64 Family 23 Model 104 Stepping 1, AuthenticAMD



---------------  S Y S T E M  ---------------

OS: Windows 11 , 64 bit Build 22621 (10.0.22621.2215)
OS uptime: 0 days 0:06 hours
Hyper-V role detected

CPU:total 12 (initial active 12) (12 cores per cpu, 2 threads per core) family 23 model 104 stepping 1 microcode 0x0, cmov, cx8, fxsr, mmx, sse, sse2, sse3, ssse3, sse4.1, sse4.2, popcnt, avx, avx2, aes, clmul, mmxext, 3dnowpref, lzcnt, sse4a, ht, tsc, tscinvbit, tscinv, bmi1, bmi2, adx, sha, fma

Memory: 4k page, system-wide physical 7530M (489M free)
TotalPageFile size 13392M (AvailPageFile size 283M)
current process WorkingSet (physical memory assigned to process): 386M, peak: 387M
current process commit charge ("private bytes"): 437M, peak: 439M

vm_info: OpenJDK 64-Bit Server VM (11.0.15+10) for windows-amd64 JRE (11.0.15+10), built on Apr 21 2022 21:29:46 by "tester" with MS VC++ 15.5 (VS2017)

END.
