#
# There is insufficient memory for the Java Runtime Environment to continue.
# Native memory allocation (malloc) failed to allocate 74256 bytes for Chunk::new
# Possible reasons:
#   The system is out of physical RAM or swap space
#   The process is running with CompressedOops enabled, and the Java Heap may be blocking the growth of the native heap
# Possible solutions:
#   Reduce memory load on the system
#   Increase physical memory or swap space
#   Check if swap backing store is full
#   Decrease Java heap size (-Xmx/-Xms)
#   Decrease number of Java threads
#   Decrease Java thread stack sizes (-Xss)
#   Set larger code cache with -XX:ReservedCodeCacheSize=
#   JVM is running with Unscaled Compressed Oops mode in which the Java heap is
#     placed in the first 4GB address space. The Java Heap base address is the
#     maximum limit for the native heap growth. Please use -XX:HeapBaseMinAddress
#     to set the Java Heap base and to place the Java Heap above 4GB virtual address.
# This output file may be truncated or incomplete.
#
#  Out of Memory Error (./src/hotspot/share/memory/arena.cpp:197), pid=9488, tid=5628
#
# JRE version: OpenJDK Runtime Environment 18.9 (11.0.15+10) (build 11.0.15+10)
# Java VM: OpenJDK 64-Bit Server VM 18.9 (11.0.15+10, mixed mode, tiered, compressed oops, g1 gc, windows-amd64)
# No core dump will be written. Minidumps are not enabled by default on client versions of Windows
#

---------------  S U M M A R Y ------------

Command Line: -XX:MaxMetaspaceSize=512m --add-opens=java.base/java.util=ALL-UNNAMED --add-opens=java.base/java.lang=ALL-UNNAMED --add-opens=java.base/java.lang.invoke=ALL-UNNAMED --add-opens=java.prefs/java.util.prefs=ALL-UNNAMED --add-opens=java.base/java.nio.charset=ALL-UNNAMED --add-opens=java.base/java.net=ALL-UNNAMED --add-opens=java.base/java.util.concurrent.atomic=ALL-UNNAMED -Xmx2048m -Dfile.encoding=windows-1252 -Duser.country=US -Duser.language=en -Duser.variant org.gradle.launcher.daemon.bootstrap.GradleDaemon 8.0.1

Host: AMD Ryzen 5 5500U with Radeon Graphics         , 12 cores, 7G,  Windows 11 , 64 bit Build 22621 (10.0.22621.2215)
Time: Tue Oct  3 11:36:55 2023 SE Asia Standard Time elapsed time: 36.604345 seconds (0d 0h 0m 36s)

---------------  T H R E A D  ---------------

Current thread (0x000001cc4cb42000):  JavaThread "C2 CompilerThread0" daemon [_thread_in_native, id=5628, stack(0x0000007037600000,0x0000007037700000)]


Current CompileTask:
C2:  36604 11405       4       org.gradle.internal.instantiation.generator.AbstractClassGenerator$PropertyMetadata::isReadableWithoutSetterOfPropertyType (36 bytes)

Stack: [0x0000007037600000,0x0000007037700000]
Native frames: (J=compiled Java code, j=interpreted, Vv=VM code, C=native code)
V  [jvm.dll+0x64dd3a]
V  [jvm.dll+0x7906c9]
V  [jvm.dll+0x791d9c]
V  [jvm.dll+0x792463]
V  [jvm.dll+0x265048]
V  [jvm.dll+0xc9da1]
V  [jvm.dll+0xca35c]
V  [jvm.dll+0x37c167]
V  [jvm.dll+0x1b2e34]
V  [jvm.dll+0x21e192]
V  [jvm.dll+0x21d25a]
V  [jvm.dll+0x19dd21]
V  [jvm.dll+0x22cc80]
V  [jvm.dll+0x22af81]
V  [jvm.dll+0x75254c]
V  [jvm.dll+0x74b12d]
V  [jvm.dll+0x64c8a6]
C  [ucrtbase.dll+0x29363]
C  [KERNEL32.DLL+0x1257d]
C  [ntdll.dll+0x5aa68]


---------------  P R O C E S S  ---------------

Threads class SMR info:
_java_thread_list=0x000001cc54450ff0, length=182, elements={
0x000001cc2d621000, 0x000001cc4cb34000, 0x000001cc4cb35800, 0x000001cc4cb2f800,
0x000001cc4cb3f000, 0x000001cc4cb40000, 0x000001cc4cb42000, 0x000001cc4cb46000,
0x000001cc4cb51800, 0x000001cc4d60c800, 0x000001cc4e63c800, 0x000001cc4e9c9800,
0x000001cc4e6c9800, 0x000001cc4ef15800, 0x000001cc4f568800, 0x000001cc4e6e7800,
0x000001cc4e520000, 0x000001cc4eb28000, 0x000001cc4f737800, 0x000001cc4f735000,
0x000001cc4f738800, 0x000001cc4f739000, 0x000001cc4f736000, 0x000001cc4f73a000,
0x000001cc4f734800, 0x000001cc4f73b000, 0x000001cc4f736800, 0x000001cc4fea1000,
0x000001cc4fea2000, 0x000001cc4fea4800, 0x000001cc4fea0800, 0x000001cc4fea3000,
0x000001cc4feab000, 0x000001cc4fea8800, 0x000001cc4fea7800, 0x000001cc4fea7000,
0x000001cc4feaa000, 0x000001cc4fea5800, 0x000001cc4feac000, 0x000001cc4feae800,
0x000001cc4feac800, 0x000001cc4fead800, 0x000001cc4feaf000, 0x000001cc5220d000,
0x000001cc52208000, 0x000001cc5220c000, 0x000001cc52209800, 0x000001cc5220e000,
0x000001cc5220a800, 0x000001cc5220e800, 0x000001cc52209000, 0x000001cc5220f800,
0x000001cc52210000, 0x000001cc52211000, 0x000001cc5220b800, 0x000001cc52213800,
0x000001cc52215000, 0x000001cc52212000, 0x000001cc52214800, 0x000001cc52216000,
0x000001cc52212800, 0x000001cc52216800, 0x000001cc50093800, 0x000001cc50092800,
0x000001cc50095000, 0x000001cc5008f000, 0x000001cc50095800, 0x000001cc50091000,
0x000001cc50094000, 0x000001cc50090000, 0x000001cc50096800, 0x000001cc50097800,
0x000001cc50091800, 0x000001cc5009e000, 0x000001cc50099000, 0x000001cc50098000,
0x000001cc5009a000, 0x000001cc5009b800, 0x000001cc5009c000, 0x000001cc5009d000,
0x000001cc4f519000, 0x000001cc4f516000, 0x000001cc4f516800, 0x000001cc4f517800,
0x000001cc4f518000, 0x000001cc4f515000, 0x000001cc4f513800, 0x000001cc4f51a000,
0x000001cc4f514000, 0x000001cc4f51f800, 0x000001cc4f51d000, 0x000001cc4f520800,
0x000001cc4f51e000, 0x000001cc4f51e800, 0x000001cc4f51a800, 0x000001cc4f521000,
0x000001cc4f51b800, 0x000001cc4f522000, 0x000001cc4f51c800, 0x000001cc53ea0000,
0x000001cc53e9c800, 0x000001cc53e9e800, 0x000001cc53ea2800, 0x000001cc53ea3000,
0x000001cc53e9f000, 0x000001cc53ea0800, 0x000001cc53e9d800, 0x000001cc53ea5800,
0x000001cc53ea6800, 0x000001cc53ea5000, 0x000001cc53ea7800, 0x000001cc53ea1800,
0x000001cc53ea8000, 0x000001cc53ea4000, 0x000001cc53ea9000, 0x000001cc53eab800,
0x000001cc53ea9800, 0x000001cc53eaa800, 0x000001cc4e788000, 0x000001cc4e78a800,
0x000001cc4e78b800, 0x000001cc4e787800, 0x000001cc4e789000, 0x000001cc4e78a000,
0x000001cc4e786800, 0x000001cc4e78e000, 0x000001cc4e78c800, 0x000001cc4e790800,
0x000001cc4e793000, 0x000001cc4e791000, 0x000001cc4e78f800, 0x000001cc4e792000,
0x000001cc4e78d000, 0x000001cc4e793800, 0x000001cc4e78e800, 0x000001cc4e794800,
0x000001cc4e795800, 0x000001cc4ffa8000, 0x000001cc4ffab000, 0x000001cc4ffa9800,
0x000001cc4ffac000, 0x000001cc4ffa6000, 0x000001cc4ffaa000, 0x000001cc4ffac800,
0x000001cc4ffa7000, 0x000001cc4ffad800, 0x000001cc4ffae800, 0x000001cc4ffa8800,
0x000001cc4ffaf000, 0x000001cc4ffb0800, 0x000001cc4ffb3000, 0x000001cc4ffb4000,
0x000001cc4ffb0000, 0x000001cc4ffb5000, 0x000001cc4ffb1800, 0x000001cc4ffb2800,
0x000001cc53d69000, 0x000001cc53d68000, 0x000001cc53d67000, 0x000001cc53d69800,
0x000001cc53d6a800, 0x000001cc53d64800, 0x000001cc53d6b800, 0x000001cc53d65800,
0x000001cc53d66800, 0x000001cc53c73800, 0x000001cc53c75800, 0x000001cc53c78800,
0x000001cc53c76000, 0x000001cc53c77000, 0x000001cc53c77800, 0x000001cc53c79800,
0x000001cc53c7a000, 0x000001cc53c74800, 0x000001cc53c7f000, 0x000001cc53c7d800,
0x000001cc53c7c000, 0x000001cc53c7b000, 0x000001cc53c80800, 0x000001cc53c7c800,
0x000001cc53c80000, 0x000001cc53c81800
}

Java Threads: ( => current thread )
  0x000001cc2d621000 JavaThread "main" [_thread_blocked, id=9888, stack(0x0000007036a00000,0x0000007036b00000)]
  0x000001cc4cb34000 JavaThread "Reference Handler" daemon [_thread_blocked, id=18504, stack(0x0000007037100000,0x0000007037200000)]
  0x000001cc4cb35800 JavaThread "Finalizer" daemon [_thread_blocked, id=6768, stack(0x0000007037200000,0x0000007037300000)]
  0x000001cc4cb2f800 JavaThread "Signal Dispatcher" daemon [_thread_blocked, id=4188, stack(0x0000007037300000,0x0000007037400000)]
  0x000001cc4cb3f000 JavaThread "Attach Listener" daemon [_thread_blocked, id=8164, stack(0x0000007037400000,0x0000007037500000)]
  0x000001cc4cb40000 JavaThread "Service Thread" daemon [_thread_blocked, id=4404, stack(0x0000007037500000,0x0000007037600000)]
=>0x000001cc4cb42000 JavaThread "C2 CompilerThread0" daemon [_thread_in_native, id=5628, stack(0x0000007037600000,0x0000007037700000)]
  0x000001cc4cb46000 JavaThread "C1 CompilerThread0" daemon [_thread_blocked, id=6304, stack(0x0000007037700000,0x0000007037800000)]
  0x000001cc4cb51800 JavaThread "Sweeper thread" daemon [_thread_blocked, id=8768, stack(0x0000007037800000,0x0000007037900000)]
  0x000001cc4d60c800 JavaThread "Common-Cleaner" daemon [_thread_blocked, id=18348, stack(0x0000007037900000,0x0000007037a00000)]
  0x000001cc4e63c800 JavaThread "Daemon health stats" [_thread_blocked, id=5032, stack(0x0000007037c00000,0x0000007037d00000)]
  0x000001cc4e9c9800 JavaThread "Incoming local TCP Connector on port 49975" [_thread_in_native, id=13304, stack(0x0000007037d00000,0x0000007037e00000)]
  0x000001cc4e6c9800 JavaThread "Daemon periodic checks" [_thread_blocked, id=13296, stack(0x0000007037e00000,0x0000007037f00000)]
  0x000001cc4ef15800 JavaThread "Daemon" [_thread_blocked, id=6816, stack(0x0000007037f00000,0x0000007038000000)]
  0x000001cc4f568800 JavaThread "Handler for socket connection from /127.0.0.1:49975 to /127.0.0.1:49976" [_thread_in_native, id=16448, stack(0x0000007038000000,0x0000007038100000)]
  0x000001cc4e6e7800 JavaThread "Cancel handler" [_thread_blocked, id=3160, stack(0x0000007038100000,0x0000007038200000)]
  0x000001cc4e520000 JavaThread "Daemon worker" [_thread_in_vm, id=3092, stack(0x0000007038200000,0x0000007038300000)]
  0x000001cc4eb28000 JavaThread "Asynchronous log dispatcher for DefaultDaemonConnection: socket connection from /127.0.0.1:49975 to /127.0.0.1:49976" [_thread_blocked, id=8456, stack(0x0000007038300000,0x0000007038400000)]
  0x000001cc4f737800 JavaThread "Stdin handler" [_thread_blocked, id=7200, stack(0x0000007038400000,0x0000007038500000)]
  0x000001cc4f735000 JavaThread "Daemon client event forwarder" [_thread_blocked, id=19080, stack(0x0000007038500000,0x0000007038600000)]
  0x000001cc4f738800 JavaThread "Cache worker for journal cache (C:\Users\hang\.gradle\caches\journal-1)" [_thread_blocked, id=12592, stack(0x0000007039000000,0x0000007039100000)]
  0x000001cc4f739000 JavaThread "File lock request listener" [_thread_in_native, id=11612, stack(0x0000007039100000,0x0000007039200000)]
  0x000001cc4f736000 JavaThread "Cache worker for file hash cache (C:\Users\hang\.gradle\caches\8.0.1\fileHashes)" [_thread_blocked, id=14060, stack(0x0000007039400000,0x0000007039500000)]
  0x000001cc4f73a000 JavaThread "File lock release action executor" [_thread_blocked, id=12492, stack(0x0000007039500000,0x0000007039600000)]
  0x000001cc4f734800 JavaThread "File watcher server" daemon [_thread_in_native, id=6904, stack(0x0000007039600000,0x0000007039700000)]
  0x000001cc4f73b000 JavaThread "File watcher consumer" daemon [_thread_blocked, id=18984, stack(0x0000007039700000,0x0000007039800000)]
  0x000001cc4f736800 JavaThread "Cache worker for checksums cache (C:\Users\hang\Documents\CLIPAPP\appclip\android\.gradle\8.0.1\checksums)" [_thread_blocked, id=3364, stack(0x0000007039800000,0x0000007039900000)]
  0x000001cc4fea1000 JavaThread "Cache worker for cache directory md-rule (C:\Users\hang\.gradle\caches\8.0.1\md-rule)" [_thread_blocked, id=5572, stack(0x0000007039900000,0x0000007039a00000)]
  0x000001cc4fea2000 JavaThread "Cache worker for file content cache (C:\Users\hang\.gradle\caches\8.0.1\fileContent)" [_thread_blocked, id=3360, stack(0x0000007039a00000,0x0000007039b00000)]
  0x000001cc4fea4800 JavaThread "Cache worker for file hash cache (C:\Users\hang\Documents\CLIPAPP\appclip\android\.gradle\8.0.1\fileHashes)" [_thread_blocked, id=16536, stack(0x0000007039b00000,0x0000007039c00000)]
  0x000001cc4fea0800 JavaThread "Cache worker for cache directory md-supplier (C:\Users\hang\.gradle\caches\8.0.1\md-supplier)" [_thread_blocked, id=4920, stack(0x0000007039c00000,0x0000007039d00000)]
  0x000001cc4fea3000 JavaThread "Cache worker for execution history cache (C:\Users\hang\.gradle\caches\8.0.1\executionHistory)" [_thread_blocked, id=5620, stack(0x0000007039d00000,0x0000007039e00000)]
  0x000001cc4feab000 JavaThread "jar transforms" [_thread_blocked, id=5084, stack(0x0000007039e00000,0x0000007039f00000)]
  0x000001cc4fea8800 JavaThread "jar transforms Thread 2" [_thread_blocked, id=3688, stack(0x0000007039f00000,0x000000703a000000)]
  0x000001cc4fea7800 JavaThread "jar transforms Thread 3" [_thread_blocked, id=8856, stack(0x000000703a000000,0x000000703a100000)]
  0x000001cc4fea7000 JavaThread "jar transforms Thread 4" [_thread_blocked, id=7708, stack(0x000000703a100000,0x000000703a200000)]
  0x000001cc4feaa000 JavaThread "Cache worker for kotlin-dsl (C:\Users\hang\.gradle\caches\8.0.1\kotlin-dsl)" [_thread_blocked, id=19572, stack(0x000000703a200000,0x000000703a300000)]
  0x000001cc4fea5800 JavaThread "jar transforms Thread 5" [_thread_blocked, id=10072, stack(0x000000703a400000,0x000000703a500000)]
  0x000001cc4feac000 JavaThread "jar transforms Thread 6" [_thread_blocked, id=9748, stack(0x000000703a500000,0x000000703a600000)]
  0x000001cc4feae800 JavaThread "Cache worker for dependencies-accessors (C:\Users\hang\Documents\CLIPAPP\appclip\android\.gradle\8.0.1\dependencies-accessors)" [_thread_blocked, id=12216, stack(0x000000703a600000,0x000000703a700000)]
  0x000001cc4feac800 JavaThread "Cache worker for Build Output Cleanup Cache (C:\Users\hang\Documents\CLIPAPP\appclip\node_modules\@react-native\gradle-plugin\.gradle\buildOutputCleanup)" [_thread_blocked, id=19444, stack(0x000000703a700000,0x000000703a800000)]
  0x000001cc4fead800 JavaThread "jar transforms Thread 7" [_thread_blocked, id=11344, stack(0x000000703a800000,0x000000703a900000)]
  0x000001cc4feaf000 JavaThread "Unconstrained build operations" [_thread_blocked, id=3940, stack(0x000000703a900000,0x000000703aa00000)]
  0x000001cc5220d000 JavaThread "Unconstrained build operations Thread 2" [_thread_blocked, id=7368, stack(0x000000703aa00000,0x000000703ab00000)]
  0x000001cc52208000 JavaThread "Unconstrained build operations Thread 3" [_thread_blocked, id=18420, stack(0x000000703ab00000,0x000000703ac00000)]
  0x000001cc5220c000 JavaThread "Unconstrained build operations Thread 4" [_thread_blocked, id=18440, stack(0x000000703ac00000,0x000000703ad00000)]
  0x000001cc52209800 JavaThread "Unconstrained build operations Thread 5" [_thread_blocked, id=20380, stack(0x000000703ad00000,0x000000703ae00000)]
  0x000001cc5220e000 JavaThread "Unconstrained build operations Thread 6" [_thread_blocked, id=15816, stack(0x000000703ae00000,0x000000703af00000)]
  0x000001cc5220a800 JavaThread "Unconstrained build operations Thread 7" [_thread_blocked, id=20384, stack(0x000000703af00000,0x000000703b000000)]
  0x000001cc5220e800 JavaThread "Unconstrained build operations Thread 8" [_thread_blocked, id=4564, stack(0x000000703b000000,0x000000703b100000)]
  0x000001cc52209000 JavaThread "Unconstrained build operations Thread 9" [_thread_blocked, id=3000, stack(0x000000703b100000,0x000000703b200000)]
  0x000001cc5220f800 JavaThread "Unconstrained build operations Thread 10" [_thread_blocked, id=7536, stack(0x000000703b200000,0x000000703b300000)]
  0x000001cc52210000 JavaThread "Unconstrained build operations Thread 11" [_thread_blocked, id=19296, stack(0x000000703b300000,0x000000703b400000)]
  0x000001cc52211000 JavaThread "Unconstrained build operations Thread 12" [_thread_blocked, id=13216, stack(0x000000703b400000,0x000000703b500000)]
  0x000001cc5220b800 JavaThread "Unconstrained build operations Thread 13" [_thread_blocked, id=13892, stack(0x000000703b500000,0x000000703b600000)]
  0x000001cc52213800 JavaThread "Unconstrained build operations Thread 14" [_thread_blocked, id=13068, stack(0x000000703b600000,0x000000703b700000)]
  0x000001cc52215000 JavaThread "Unconstrained build operations Thread 15" [_thread_blocked, id=10912, stack(0x000000703b700000,0x000000703b800000)]
  0x000001cc52212000 JavaThread "Unconstrained build operations Thread 16" [_thread_blocked, id=4952, stack(0x000000703b800000,0x000000703b900000)]
  0x000001cc52214800 JavaThread "Unconstrained build operations Thread 17" [_thread_blocked, id=9404, stack(0x000000703b900000,0x000000703ba00000)]
  0x000001cc52216000 JavaThread "Unconstrained build operations Thread 18" [_thread_blocked, id=14936, stack(0x000000703ba00000,0x000000703bb00000)]
  0x000001cc52212800 JavaThread "Unconstrained build operations Thread 19" [_thread_blocked, id=6872, stack(0x000000703bb00000,0x000000703bc00000)]
  0x000001cc52216800 JavaThread "Unconstrained build operations Thread 20" [_thread_blocked, id=16068, stack(0x000000703bc00000,0x000000703bd00000)]
  0x000001cc50093800 JavaThread "Unconstrained build operations Thread 21" [_thread_blocked, id=19344, stack(0x000000703bd00000,0x000000703be00000)]
  0x000001cc50092800 JavaThread "Unconstrained build operations Thread 22" [_thread_blocked, id=4544, stack(0x000000703be00000,0x000000703bf00000)]
  0x000001cc50095000 JavaThread "Unconstrained build operations Thread 23" [_thread_blocked, id=3336, stack(0x000000703bf00000,0x000000703c000000)]
  0x000001cc5008f000 JavaThread "Unconstrained build operations Thread 24" [_thread_blocked, id=16412, stack(0x000000703c000000,0x000000703c100000)]
  0x000001cc50095800 JavaThread "Unconstrained build operations Thread 25" [_thread_blocked, id=13956, stack(0x000000703c100000,0x000000703c200000)]
  0x000001cc50091000 JavaThread "Unconstrained build operations Thread 26" [_thread_blocked, id=19264, stack(0x000000703c200000,0x000000703c300000)]
  0x000001cc50094000 JavaThread "jar transforms Thread 8" [_thread_blocked, id=12980, stack(0x000000703a300000,0x000000703a400000)]
  0x000001cc50090000 JavaThread "jar transforms Thread 9" [_thread_blocked, id=14552, stack(0x000000703c300000,0x000000703c400000)]
  0x000001cc50096800 JavaThread "jar transforms Thread 10" [_thread_blocked, id=19224, stack(0x000000703c400000,0x000000703c500000)]
  0x000001cc50097800 JavaThread "jar transforms Thread 11" [_thread_blocked, id=9644, stack(0x000000703c500000,0x000000703c600000)]
  0x000001cc50091800 JavaThread "jar transforms Thread 12" [_thread_blocked, id=17040, stack(0x000000703c600000,0x000000703c700000)]
  0x000001cc5009e000 JavaThread "Memory manager" [_thread_blocked, id=8864, stack(0x000000703c800000,0x000000703c900000)]
  0x000001cc50099000 JavaThread "Cache worker for Build Output Cleanup Cache (C:\Users\hang\Documents\CLIPAPP\appclip\android\.gradle\buildOutputCleanup)" [_thread_blocked, id=13040, stack(0x000000703c900000,0x000000703ca00000)]
  0x000001cc50098000 JavaThread "included builds" [_thread_blocked, id=19812, stack(0x000000703ca00000,0x000000703cb00000)]
  0x000001cc5009a000 JavaThread "Execution worker" [_thread_blocked, id=2076, stack(0x000000703cb00000,0x000000703cc00000)]
  0x000001cc5009b800 JavaThread "Execution worker Thread 2" [_thread_blocked, id=17780, stack(0x000000703cc00000,0x000000703cd00000)]
  0x000001cc5009c000 JavaThread "Execution worker Thread 3" [_thread_blocked, id=7376, stack(0x000000703cd00000,0x000000703ce00000)]
  0x000001cc5009d000 JavaThread "Execution worker Thread 4" [_thread_blocked, id=8268, stack(0x000000703ce00000,0x000000703cf00000)]
  0x000001cc4f519000 JavaThread "Execution worker Thread 5" [_thread_blocked, id=9332, stack(0x000000703cf00000,0x000000703d000000)]
  0x000001cc4f516000 JavaThread "Execution worker Thread 6" [_thread_blocked, id=1360, stack(0x000000703d000000,0x000000703d100000)]
  0x000001cc4f516800 JavaThread "Execution worker Thread 7" [_thread_blocked, id=4136, stack(0x000000703d100000,0x000000703d200000)]
  0x000001cc4f517800 JavaThread "Execution worker Thread 8" [_thread_blocked, id=8092, stack(0x000000703d200000,0x000000703d300000)]
  0x000001cc4f518000 JavaThread "Execution worker Thread 9" [_thread_blocked, id=8724, stack(0x000000703d300000,0x000000703d400000)]
  0x000001cc4f515000 JavaThread "Execution worker Thread 10" [_thread_blocked, id=8600, stack(0x000000703d400000,0x000000703d500000)]
  0x000001cc4f513800 JavaThread "Execution worker Thread 11" [_thread_blocked, id=9348, stack(0x000000703d500000,0x000000703d600000)]
  0x000001cc4f51a000 JavaThread "Cache worker for execution history cache (C:\Users\hang\Documents\CLIPAPP\appclip\node_modules\@react-native\gradle-plugin\.gradle\8.0.1\executionHistory)" [_thread_blocked, id=7696, stack(0x000000703d600000,0x000000703d700000)]
  0x000001cc4f514000 JavaThread "Unconstrained build operations Thread 27" [_thread_blocked, id=8784, stack(0x000000703d700000,0x000000703d800000)]
  0x000001cc4f51f800 JavaThread "Unconstrained build operations Thread 28" [_thread_blocked, id=8276, stack(0x000000703d800000,0x000000703d900000)]
  0x000001cc4f51d000 JavaThread "Unconstrained build operations Thread 29" [_thread_blocked, id=7692, stack(0x000000703d900000,0x000000703da00000)]
  0x000001cc4f520800 JavaThread "Unconstrained build operations Thread 30" [_thread_blocked, id=7216, stack(0x000000703da00000,0x000000703db00000)]
  0x000001cc4f51e000 JavaThread "Unconstrained build operations Thread 31" [_thread_blocked, id=10316, stack(0x000000703db00000,0x000000703dc00000)]
  0x000001cc4f51e800 JavaThread "Unconstrained build operations Thread 32" [_thread_blocked, id=4560, stack(0x000000703dc00000,0x000000703dd00000)]
  0x000001cc4f51a800 JavaThread "Unconstrained build operations Thread 33" [_thread_blocked, id=11008, stack(0x000000703dd00000,0x000000703de00000)]
  0x000001cc4f521000 JavaThread "Unconstrained build operations Thread 34" [_thread_blocked, id=12200, stack(0x000000703de00000,0x000000703df00000)]
  0x000001cc4f51b800 JavaThread "Unconstrained build operations Thread 35" [_thread_blocked, id=9836, stack(0x000000703df00000,0x000000703e000000)]
  0x000001cc4f522000 JavaThread "Unconstrained build operations Thread 36" [_thread_blocked, id=13324, stack(0x000000703e000000,0x000000703e100000)]
  0x000001cc4f51c800 JavaThread "Unconstrained build operations Thread 37" [_thread_blocked, id=19132, stack(0x000000703e100000,0x000000703e200000)]
  0x000001cc53ea0000 JavaThread "Unconstrained build operations Thread 38" [_thread_blocked, id=14444, stack(0x000000703e200000,0x000000703e300000)]
  0x000001cc53e9c800 JavaThread "Unconstrained build operations Thread 39" [_thread_blocked, id=11944, stack(0x000000703e300000,0x000000703e400000)]
  0x000001cc53e9e800 JavaThread "Unconstrained build operations Thread 40" [_thread_blocked, id=11020, stack(0x000000703e400000,0x000000703e500000)]
  0x000001cc53ea2800 JavaThread "Unconstrained build operations Thread 41" [_thread_blocked, id=11012, stack(0x000000703e500000,0x000000703e600000)]
  0x000001cc53ea3000 JavaThread "Unconstrained build operations Thread 42" [_thread_blocked, id=8984, stack(0x000000703e600000,0x000000703e700000)]
  0x000001cc53e9f000 JavaThread "Unconstrained build operations Thread 43" [_thread_blocked, id=19112, stack(0x000000703e700000,0x000000703e800000)]
  0x000001cc53ea0800 JavaThread "Unconstrained build operations Thread 44" [_thread_blocked, id=20352, stack(0x000000703e800000,0x000000703e900000)]
  0x000001cc53e9d800 JavaThread "Unconstrained build operations Thread 45" [_thread_blocked, id=15736, stack(0x000000703e900000,0x000000703ea00000)]
  0x000001cc53ea5800 JavaThread "Unconstrained build operations Thread 46" [_thread_blocked, id=12336, stack(0x000000703ea00000,0x000000703eb00000)]
  0x000001cc53ea6800 JavaThread "Unconstrained build operations Thread 47" [_thread_blocked, id=15140, stack(0x000000703eb00000,0x000000703ec00000)]
  0x000001cc53ea5000 JavaThread "Unconstrained build operations Thread 48" [_thread_blocked, id=16404, stack(0x000000703ec00000,0x000000703ed00000)]
  0x000001cc53ea7800 JavaThread "Unconstrained build operations Thread 49" [_thread_blocked, id=9540, stack(0x000000703ed00000,0x000000703ee00000)]
  0x000001cc53ea1800 JavaThread "Unconstrained build operations Thread 50" [_thread_blocked, id=5680, stack(0x000000703ee00000,0x000000703ef00000)]
  0x000001cc53ea8000 JavaThread "Unconstrained build operations Thread 51" [_thread_blocked, id=5716, stack(0x000000703ef00000,0x000000703f000000)]
  0x000001cc53ea4000 JavaThread "Unconstrained build operations Thread 52" [_thread_blocked, id=9316, stack(0x000000703f000000,0x000000703f100000)]
  0x000001cc53ea9000 JavaThread "Unconstrained build operations Thread 53" [_thread_blocked, id=8492, stack(0x000000703f100000,0x000000703f200000)]
  0x000001cc53eab800 JavaThread "Unconstrained build operations Thread 54" [_thread_blocked, id=9228, stack(0x000000703f200000,0x000000703f300000)]
  0x000001cc53ea9800 JavaThread "Unconstrained build operations Thread 55" [_thread_blocked, id=11596, stack(0x000000703f300000,0x000000703f400000)]
  0x000001cc53eaa800 JavaThread "Unconstrained build operations Thread 56" [_thread_blocked, id=8316, stack(0x000000703f400000,0x000000703f500000)]
  0x000001cc4e788000 JavaThread "Unconstrained build operations Thread 57" [_thread_blocked, id=7700, stack(0x000000703f500000,0x000000703f600000)]
  0x000001cc4e78a800 JavaThread "Unconstrained build operations Thread 58" [_thread_blocked, id=6764, stack(0x000000703f600000,0x000000703f700000)]
  0x000001cc4e78b800 JavaThread "Unconstrained build operations Thread 59" [_thread_blocked, id=12956, stack(0x000000703f700000,0x000000703f800000)]
  0x000001cc4e787800 JavaThread "Unconstrained build operations Thread 60" [_thread_blocked, id=9352, stack(0x000000703f800000,0x000000703f900000)]
  0x000001cc4e789000 JavaThread "Unconstrained build operations Thread 61" [_thread_blocked, id=8396, stack(0x000000703f900000,0x000000703fa00000)]
  0x000001cc4e78a000 JavaThread "Unconstrained build operations Thread 62" [_thread_blocked, id=5568, stack(0x000000703fa00000,0x000000703fb00000)]
  0x000001cc4e786800 JavaThread "Unconstrained build operations Thread 63" [_thread_blocked, id=14308, stack(0x000000703fb00000,0x000000703fc00000)]
  0x000001cc4e78e000 JavaThread "Unconstrained build operations Thread 64" [_thread_blocked, id=10676, stack(0x000000703fc00000,0x000000703fd00000)]
  0x000001cc4e78c800 JavaThread "Unconstrained build operations Thread 65" [_thread_blocked, id=8696, stack(0x000000703fd00000,0x000000703fe00000)]
  0x000001cc4e790800 JavaThread "Unconstrained build operations Thread 66" [_thread_blocked, id=15652, stack(0x000000703fe00000,0x000000703ff00000)]
  0x000001cc4e793000 JavaThread "Unconstrained build operations Thread 67" [_thread_blocked, id=19124, stack(0x000000703ff00000,0x0000007040000000)]
  0x000001cc4e791000 JavaThread "Unconstrained build operations Thread 68" [_thread_blocked, id=9320, stack(0x0000007040000000,0x0000007040100000)]
  0x000001cc4e78f800 JavaThread "Unconstrained build operations Thread 69" [_thread_blocked, id=8332, stack(0x0000007040100000,0x0000007040200000)]
  0x000001cc4e792000 JavaThread "Unconstrained build operations Thread 70" [_thread_blocked, id=9696, stack(0x0000007040200000,0x0000007040300000)]
  0x000001cc4e78d000 JavaThread "Unconstrained build operations Thread 71" [_thread_blocked, id=9568, stack(0x0000007040300000,0x0000007040400000)]
  0x000001cc4e793800 JavaThread "Unconstrained build operations Thread 72" [_thread_blocked, id=10272, stack(0x0000007040400000,0x0000007040500000)]
  0x000001cc4e78e800 JavaThread "Unconstrained build operations Thread 73" [_thread_blocked, id=7824, stack(0x0000007040500000,0x0000007040600000)]
  0x000001cc4e794800 JavaThread "Unconstrained build operations Thread 74" [_thread_blocked, id=7112, stack(0x0000007040600000,0x0000007040700000)]
  0x000001cc4e795800 JavaThread "Unconstrained build operations Thread 75" [_thread_blocked, id=13176, stack(0x0000007040700000,0x0000007040800000)]
  0x000001cc4ffa8000 JavaThread "Unconstrained build operations Thread 76" [_thread_blocked, id=11108, stack(0x0000007040800000,0x0000007040900000)]
  0x000001cc4ffab000 JavaThread "Unconstrained build operations Thread 77" [_thread_blocked, id=15096, stack(0x0000007040900000,0x0000007040a00000)]
  0x000001cc4ffa9800 JavaThread "Unconstrained build operations Thread 78" [_thread_blocked, id=2384, stack(0x0000007040a00000,0x0000007040b00000)]
  0x000001cc4ffac000 JavaThread "Unconstrained build operations Thread 79" [_thread_blocked, id=12732, stack(0x0000007040b00000,0x0000007040c00000)]
  0x000001cc4ffa6000 JavaThread "Unconstrained build operations Thread 80" [_thread_blocked, id=4884, stack(0x0000007040c00000,0x0000007040d00000)]
  0x000001cc4ffaa000 JavaThread "Unconstrained build operations Thread 81" [_thread_blocked, id=9260, stack(0x0000007040d00000,0x0000007040e00000)]
  0x000001cc4ffac800 JavaThread "Unconstrained build operations Thread 82" [_thread_blocked, id=8580, stack(0x0000007040e00000,0x0000007040f00000)]
  0x000001cc4ffa7000 JavaThread "Unconstrained build operations Thread 83" [_thread_blocked, id=9264, stack(0x0000007040f00000,0x0000007041000000)]
  0x000001cc4ffad800 JavaThread "Unconstrained build operations Thread 84" [_thread_blocked, id=8548, stack(0x0000007041000000,0x0000007041100000)]
  0x000001cc4ffae800 JavaThread "Unconstrained build operations Thread 85" [_thread_blocked, id=8652, stack(0x0000007041100000,0x0000007041200000)]
  0x000001cc4ffa8800 JavaThread "Unconstrained build operations Thread 86" [_thread_blocked, id=20176, stack(0x0000007041200000,0x0000007041300000)]
  0x000001cc4ffaf000 JavaThread "Unconstrained build operations Thread 87" [_thread_blocked, id=9964, stack(0x0000007041300000,0x0000007041400000)]
  0x000001cc4ffb0800 JavaThread "Unconstrained build operations Thread 88" [_thread_blocked, id=2856, stack(0x0000007041400000,0x0000007041500000)]
  0x000001cc4ffb3000 JavaThread "Unconstrained build operations Thread 89" [_thread_blocked, id=11520, stack(0x0000007041500000,0x0000007041600000)]
  0x000001cc4ffb4000 JavaThread "Unconstrained build operations Thread 90" [_thread_blocked, id=19160, stack(0x0000007041600000,0x0000007041700000)]
  0x000001cc4ffb0000 JavaThread "Unconstrained build operations Thread 91" [_thread_blocked, id=14520, stack(0x0000007041700000,0x0000007041800000)]
  0x000001cc4ffb5000 JavaThread "Unconstrained build operations Thread 92" [_thread_blocked, id=8620, stack(0x0000007041800000,0x0000007041900000)]
  0x000001cc4ffb1800 JavaThread "Unconstrained build operations Thread 93" [_thread_blocked, id=17912, stack(0x0000007041900000,0x0000007041a00000)]
  0x000001cc4ffb2800 JavaThread "Unconstrained build operations Thread 94" [_thread_blocked, id=8896, stack(0x0000007041a00000,0x0000007041b00000)]
  0x000001cc53d69000 JavaThread "Unconstrained build operations Thread 95" [_thread_blocked, id=20164, stack(0x0000007041b00000,0x0000007041c00000)]
  0x000001cc53d68000 JavaThread "Unconstrained build operations Thread 96" [_thread_blocked, id=6300, stack(0x0000007041c00000,0x0000007041d00000)]
  0x000001cc53d67000 JavaThread "Unconstrained build operations Thread 97" [_thread_blocked, id=10616, stack(0x0000007041d00000,0x0000007041e00000)]
  0x000001cc53d69800 JavaThread "Unconstrained build operations Thread 98" [_thread_blocked, id=19984, stack(0x0000007041e00000,0x0000007041f00000)]
  0x000001cc53d6a800 JavaThread "Unconstrained build operations Thread 99" [_thread_blocked, id=13504, stack(0x0000007041f00000,0x0000007042000000)]
  0x000001cc53d64800 JavaThread "Unconstrained build operations Thread 100" [_thread_blocked, id=8860, stack(0x0000007042000000,0x0000007042100000)]
  0x000001cc53d6b800 JavaThread "Unconstrained build operations Thread 101" [_thread_blocked, id=2056, stack(0x0000007042100000,0x0000007042200000)]
  0x000001cc53d65800 JavaThread "Unconstrained build operations Thread 102" [_thread_blocked, id=18720, stack(0x0000007042200000,0x0000007042300000)]
  0x000001cc53d66800 JavaThread "Unconstrained build operations Thread 103" [_thread_blocked, id=9328, stack(0x0000007042300000,0x0000007042400000)]
  0x000001cc53c73800 JavaThread "Unconstrained build operations Thread 104" [_thread_blocked, id=9308, stack(0x0000007042400000,0x0000007042500000)]
  0x000001cc53c75800 JavaThread "Unconstrained build operations Thread 105" [_thread_blocked, id=8524, stack(0x0000007042500000,0x0000007042600000)]
  0x000001cc53c78800 JavaThread "Unconstrained build operations Thread 106" [_thread_blocked, id=9232, stack(0x0000007042600000,0x0000007042700000)]
  0x000001cc53c76000 JavaThread "Unconstrained build operations Thread 107" [_thread_blocked, id=9276, stack(0x0000007042700000,0x0000007042800000)]
  0x000001cc53c77000 JavaThread "Unconstrained build operations Thread 108" [_thread_blocked, id=20088, stack(0x0000007042800000,0x0000007042900000)]
  0x000001cc53c77800 JavaThread "Unconstrained build operations Thread 109" [_thread_blocked, id=8496, stack(0x0000007042900000,0x0000007042a00000)]
  0x000001cc53c79800 JavaThread "Unconstrained build operations Thread 110" [_thread_blocked, id=9324, stack(0x0000007042a00000,0x0000007042b00000)]
  0x000001cc53c7a000 JavaThread "Unconstrained build operations Thread 111" [_thread_blocked, id=9172, stack(0x0000007042b00000,0x0000007042c00000)]
  0x000001cc53c74800 JavaThread "Unconstrained build operations Thread 112" [_thread_blocked, id=12120, stack(0x0000007042c00000,0x0000007042d00000)]
  0x000001cc53c7f000 JavaThread "Unconstrained build operations Thread 113" [_thread_blocked, id=12652, stack(0x0000007042d00000,0x0000007042e00000)]
  0x000001cc53c7d800 JavaThread "Unconstrained build operations Thread 114" [_thread_blocked, id=19928, stack(0x0000007042e00000,0x0000007042f00000)]
  0x000001cc53c7c000 JavaThread "Unconstrained build operations Thread 115" [_thread_blocked, id=12116, stack(0x0000007042f00000,0x0000007043000000)]
  0x000001cc53c7b000 JavaThread "Unconstrained build operations Thread 116" [_thread_blocked, id=8424, stack(0x0000007043000000,0x0000007043100000)]
  0x000001cc53c80800 JavaThread "Unconstrained build operations Thread 117" [_thread_blocked, id=11608, stack(0x0000007043100000,0x0000007043200000)]
  0x000001cc53c7c800 JavaThread "Unconstrained build operations Thread 118" [_thread_blocked, id=16100, stack(0x0000007043200000,0x0000007043300000)]
  0x000001cc53c80000 JavaThread "Unconstrained build operations Thread 119" [_thread_blocked, id=17700, stack(0x0000007043300000,0x0000007043400000)]
  0x000001cc53c81800 JavaThread "Unconstrained build operations Thread 120" [_thread_blocked, id=9136, stack(0x0000007043400000,0x0000007043500000)]

Other Threads:
  0x000001cc4cb1c000 VMThread "VM Thread" [stack: 0x0000007037000000,0x0000007037100000] [id=4992]
  0x000001cc4d60f800 WatcherThread [stack: 0x0000007037a00000,0x0000007037b00000] [id=13532]
  0x000001cc2d63b800 GCTaskThread "GC Thread#0" [stack: 0x0000007036b00000,0x0000007036c00000] [id=18340]
  0x000001cc4e26f000 GCTaskThread "GC Thread#1" [stack: 0x0000007037b00000,0x0000007037c00000] [id=8892]
  0x000001cc4f423000 GCTaskThread "GC Thread#2" [stack: 0x0000007038600000,0x0000007038700000] [id=13412]
  0x000001cc4f88d000 GCTaskThread "GC Thread#3" [stack: 0x0000007038700000,0x0000007038800000] [id=20024]
  0x000001cc4e8a5000 GCTaskThread "GC Thread#4" [stack: 0x0000007038800000,0x0000007038900000] [id=20020]
  0x000001cc4f74a000 GCTaskThread "GC Thread#5" [stack: 0x0000007038900000,0x0000007038a00000] [id=11252]
  0x000001cc4f5b5800 GCTaskThread "GC Thread#6" [stack: 0x0000007038a00000,0x0000007038b00000] [id=3104]
  0x000001cc4ed90000 GCTaskThread "GC Thread#7" [stack: 0x0000007038b00000,0x0000007038c00000] [id=5652]
  0x000001cc4f03e000 GCTaskThread "GC Thread#8" [stack: 0x0000007038c00000,0x0000007038d00000] [id=15616]
  0x000001cc4f4d0000 GCTaskThread "GC Thread#9" [stack: 0x0000007038d00000,0x0000007038e00000] [id=5296]
  0x000001cc2d66b000 ConcurrentGCThread "G1 Main Marker" [stack: 0x0000007036c00000,0x0000007036d00000] [id=2952]
  0x000001cc2d66d000 ConcurrentGCThread "G1 Conc#0" [stack: 0x0000007036d00000,0x0000007036e00000] [id=8900]
  0x000001cc4f8a7000 ConcurrentGCThread "G1 Conc#1" [stack: 0x0000007039200000,0x0000007039300000] [id=5604]
  0x000001cc4f8a9800 ConcurrentGCThread "G1 Conc#2" [stack: 0x0000007039300000,0x0000007039400000] [id=5008]
  0x000001cc4c98b800 ConcurrentGCThread "G1 Refine#0" [stack: 0x0000007036e00000,0x0000007036f00000] [id=9700]
  0x000001cc4f2e1800 ConcurrentGCThread "G1 Refine#1" [stack: 0x0000007038e00000,0x0000007038f00000] [id=13500]
  0x000001cc4f3f1000 ConcurrentGCThread "G1 Refine#2" [stack: 0x0000007038f00000,0x0000007039000000] [id=15916]
  0x000001cc4c98c800 ConcurrentGCThread "G1 Young RemSet Sampling" [stack: 0x0000007036f00000,0x0000007037000000] [id=4508]

Threads with active compile tasks:
C2 CompilerThread0    36630 11405       4       org.gradle.internal.instantiation.generator.AbstractClassGenerator$PropertyMetadata::isReadableWithoutSetterOfPropertyType (36 bytes)

VM state:not at safepoint (normal execution)

VM Mutex/Monitor currently owned by a thread: None

Heap address: 0x0000000080000000, size: 2048 MB, Compressed Oops mode: 32-bit
Narrow klass base: 0x0000000000000000, Narrow klass shift: 3
Compressed class space size: 528482304 Address: 0x0000000100000000

Heap:
 garbage-first heap   total 203776K, used 139140K [0x0000000080000000, 0x0000000100000000)
  region size 1024K, 16 young (16384K), 4 survivors (4096K)
 Metaspace       used 98756K, capacity 102085K, committed 102404K, reserved 606208K
  class space    used 12912K, capacity 14189K, committed 14284K, reserved 516096K
Heap Regions: E=young(eden), S=young(survivor), O=old, HS=humongous(starts), HC=humongous(continues), CS=collection set, F=free, A=archive, TAMS=top-at-mark-start (previous, next)
|   0|0x0000000080000000, 0x0000000080100000, 0x0000000080100000|100%|HS|  |TAMS 0x0000000080100000, 0x0000000080000000| Complete 
|   1|0x0000000080100000, 0x0000000080200000, 0x0000000080200000|100%|HC|  |TAMS 0x0000000080200000, 0x0000000080100000| Complete 
|   2|0x0000000080200000, 0x0000000080300000, 0x0000000080300000|100%|HC|  |TAMS 0x0000000080300000, 0x0000000080200000| Complete 
|   3|0x0000000080300000, 0x0000000080400000, 0x0000000080400000|100%|HC|  |TAMS 0x0000000080400000, 0x0000000080300000| Complete 
|   4|0x0000000080400000, 0x0000000080500000, 0x0000000080500000|100%| O|  |TAMS 0x0000000080500000, 0x0000000080400000| Untracked 
|   5|0x0000000080500000, 0x0000000080600000, 0x0000000080600000|100%| O|  |TAMS 0x0000000080600000, 0x0000000080500000| Untracked 
|   6|0x0000000080600000, 0x0000000080700000, 0x0000000080700000|100%| O|  |TAMS 0x0000000080700000, 0x0000000080600000| Untracked 
|   7|0x0000000080700000, 0x0000000080800000, 0x0000000080800000|100%| O|  |TAMS 0x0000000080800000, 0x0000000080700000| Untracked 
|   8|0x0000000080800000, 0x0000000080900000, 0x0000000080900000|100%| O|  |TAMS 0x0000000080900000, 0x0000000080800000| Untracked 
|   9|0x0000000080900000, 0x0000000080a00000, 0x0000000080a00000|100%| O|  |TAMS 0x0000000080a00000, 0x0000000080900000| Untracked 
|  10|0x0000000080a00000, 0x0000000080b00000, 0x0000000080b00000|100%| O|  |TAMS 0x0000000080b00000, 0x0000000080a00000| Untracked 
|  11|0x0000000080b00000, 0x0000000080c00000, 0x0000000080c00000|100%| O|  |TAMS 0x0000000080c00000, 0x0000000080b00000| Untracked 
|  12|0x0000000080c00000, 0x0000000080d00000, 0x0000000080d00000|100%| O|  |TAMS 0x0000000080d00000, 0x0000000080c00000| Untracked 
|  13|0x0000000080d00000, 0x0000000080e00000, 0x0000000080e00000|100%| O|  |TAMS 0x0000000080e00000, 0x0000000080d00000| Untracked 
|  14|0x0000000080e00000, 0x0000000080f00000, 0x0000000080f00000|100%| O|  |TAMS 0x0000000080f00000, 0x0000000080e00000| Untracked 
|  15|0x0000000080f00000, 0x0000000081000000, 0x0000000081000000|100%| O|  |TAMS 0x0000000081000000, 0x0000000080f00000| Untracked 
|  16|0x0000000081000000, 0x0000000081100000, 0x0000000081100000|100%| O|  |TAMS 0x0000000081100000, 0x0000000081000000| Untracked 
|  17|0x0000000081100000, 0x0000000081200000, 0x0000000081200000|100%| O|  |TAMS 0x0000000081200000, 0x0000000081100000| Untracked 
|  18|0x0000000081200000, 0x0000000081300000, 0x0000000081300000|100%| O|  |TAMS 0x0000000081300000, 0x0000000081200000| Untracked 
|  19|0x0000000081300000, 0x0000000081400000, 0x0000000081400000|100%| O|  |TAMS 0x0000000081400000, 0x0000000081300000| Untracked 
|  20|0x0000000081400000, 0x0000000081500000, 0x0000000081500000|100%| O|  |TAMS 0x0000000081500000, 0x0000000081400000| Untracked 
|  21|0x0000000081500000, 0x0000000081600000, 0x0000000081600000|100%| O|  |TAMS 0x0000000081600000, 0x0000000081500000| Untracked 
|  22|0x0000000081600000, 0x0000000081700000, 0x0000000081700000|100%| O|  |TAMS 0x0000000081700000, 0x0000000081600000| Untracked 
|  23|0x0000000081700000, 0x0000000081800000, 0x0000000081800000|100%| O|  |TAMS 0x0000000081800000, 0x0000000081700000| Untracked 
|  24|0x0000000081800000, 0x0000000081900000, 0x0000000081900000|100%| O|  |TAMS 0x0000000081900000, 0x0000000081800000| Untracked 
|  25|0x0000000081900000, 0x0000000081a00000, 0x0000000081a00000|100%| O|  |TAMS 0x0000000081a00000, 0x0000000081900000| Untracked 
|  26|0x0000000081a00000, 0x0000000081b00000, 0x0000000081b00000|100%| O|  |TAMS 0x0000000081b00000, 0x0000000081a00000| Untracked 
|  27|0x0000000081b00000, 0x0000000081c00000, 0x0000000081c00000|100%| O|  |TAMS 0x0000000081c00000, 0x0000000081b00000| Untracked 
|  28|0x0000000081c00000, 0x0000000081d00000, 0x0000000081d00000|100%| O|  |TAMS 0x0000000081d00000, 0x0000000081c00000| Untracked 
|  29|0x0000000081d00000, 0x0000000081e00000, 0x0000000081e00000|100%| O|  |TAMS 0x0000000081e00000, 0x0000000081d00000| Untracked 
|  30|0x0000000081e00000, 0x0000000081f00000, 0x0000000081f00000|100%| O|  |TAMS 0x0000000081f00000, 0x0000000081e00000| Untracked 
|  31|0x0000000081f00000, 0x0000000082000000, 0x0000000082000000|100%|HS|  |TAMS 0x0000000082000000, 0x0000000081f00000| Complete 
|  32|0x0000000082000000, 0x0000000082100000, 0x0000000082100000|100%|HC|  |TAMS 0x0000000082100000, 0x0000000082000000| Complete 
|  33|0x0000000082100000, 0x0000000082200000, 0x0000000082200000|100%|HS|  |TAMS 0x0000000082200000, 0x0000000082100000| Complete 
|  34|0x0000000082200000, 0x0000000082300000, 0x0000000082300000|100%|HC|  |TAMS 0x0000000082300000, 0x0000000082200000| Complete 
|  35|0x0000000082300000, 0x0000000082400000, 0x0000000082400000|100%|HC|  |TAMS 0x0000000082400000, 0x0000000082300000| Complete 
|  36|0x0000000082400000, 0x0000000082500000, 0x0000000082500000|100%|HC|  |TAMS 0x0000000082500000, 0x0000000082400000| Complete 
|  37|0x0000000082500000, 0x0000000082600000, 0x0000000082600000|100%| O|  |TAMS 0x0000000082600000, 0x0000000082500000| Untracked 
|  38|0x0000000082600000, 0x0000000082700000, 0x0000000082700000|100%| O|  |TAMS 0x0000000082700000, 0x0000000082600000| Untracked 
|  39|0x0000000082700000, 0x0000000082800000, 0x0000000082800000|100%| O|  |TAMS 0x0000000082800000, 0x0000000082700000| Untracked 
|  40|0x0000000082800000, 0x0000000082900000, 0x0000000082900000|100%| O|  |TAMS 0x0000000082900000, 0x0000000082800000| Untracked 
|  41|0x0000000082900000, 0x0000000082a00000, 0x0000000082a00000|100%| O|  |TAMS 0x0000000082a00000, 0x0000000082900000| Untracked 
|  42|0x0000000082a00000, 0x0000000082b00000, 0x0000000082b00000|100%| O|  |TAMS 0x0000000082b00000, 0x0000000082a00000| Untracked 
|  43|0x0000000082b00000, 0x0000000082c00000, 0x0000000082c00000|100%| O|  |TAMS 0x0000000082c00000, 0x0000000082b00000| Untracked 
|  44|0x0000000082c00000, 0x0000000082d00000, 0x0000000082d00000|100%| O|  |TAMS 0x0000000082d00000, 0x0000000082c00000| Untracked 
|  45|0x0000000082d00000, 0x0000000082dffff8, 0x0000000082e00000| 99%| O|  |TAMS 0x0000000082dffff8, 0x0000000082d00000| Untracked 
|  46|0x0000000082e00000, 0x0000000082f00000, 0x0000000082f00000|100%| O|  |TAMS 0x0000000082f00000, 0x0000000082e00000| Untracked 
|  47|0x0000000082f00000, 0x0000000083000000, 0x0000000083000000|100%| O|  |TAMS 0x0000000083000000, 0x0000000082f00000| Untracked 
|  48|0x0000000083000000, 0x0000000083100000, 0x0000000083100000|100%| O|  |TAMS 0x0000000083100000, 0x0000000083000000| Untracked 
|  49|0x0000000083100000, 0x0000000083200000, 0x0000000083200000|100%| O|  |TAMS 0x0000000083200000, 0x0000000083100000| Untracked 
|  50|0x0000000083200000, 0x0000000083300000, 0x0000000083300000|100%| O|  |TAMS 0x0000000083200000, 0x0000000083200000| Untracked 
|  51|0x0000000083300000, 0x0000000083400000, 0x0000000083400000|100%|HS|  |TAMS 0x0000000083400000, 0x0000000083300000| Complete 
|  52|0x0000000083400000, 0x0000000083500000, 0x0000000083500000|100%|HS|  |TAMS 0x0000000083500000, 0x0000000083400000| Complete 
|  53|0x0000000083500000, 0x0000000083600000, 0x0000000083600000|100%| O|  |TAMS 0x0000000083600000, 0x0000000083500000| Untracked 
|  54|0x0000000083600000, 0x0000000083700000, 0x0000000083700000|100%| O|  |TAMS 0x0000000083700000, 0x0000000083600000| Untracked 
|  55|0x0000000083700000, 0x0000000083800000, 0x0000000083800000|100%| O|  |TAMS 0x0000000083800000, 0x0000000083700000| Untracked 
|  56|0x0000000083800000, 0x0000000083900000, 0x0000000083900000|100%| O|  |TAMS 0x0000000083900000, 0x0000000083800000| Untracked 
|  57|0x0000000083900000, 0x0000000083a00000, 0x0000000083a00000|100%| O|  |TAMS 0x0000000083a00000, 0x0000000083900000| Untracked 
|  58|0x0000000083a00000, 0x0000000083b00000, 0x0000000083b00000|100%| O|  |TAMS 0x0000000083b00000, 0x0000000083a00000| Untracked 
|  59|0x0000000083b00000, 0x0000000083c00000, 0x0000000083c00000|100%| O|  |TAMS 0x0000000083c00000, 0x0000000083b00000| Untracked 
|  60|0x0000000083c00000, 0x0000000083d00000, 0x0000000083d00000|100%| O|  |TAMS 0x0000000083d00000, 0x0000000083c00000| Untracked 
|  61|0x0000000083d00000, 0x0000000083e00000, 0x0000000083e00000|100%| O|  |TAMS 0x0000000083e00000, 0x0000000083d00000| Untracked 
|  62|0x0000000083e00000, 0x0000000083f00000, 0x0000000083f00000|100%| O|  |TAMS 0x0000000083f00000, 0x0000000083e00000| Untracked 
|  63|0x0000000083f00000, 0x0000000084000000, 0x0000000084000000|100%| O|  |TAMS 0x0000000084000000, 0x0000000083f00000| Untracked 
|  64|0x0000000084000000, 0x0000000084100000, 0x0000000084100000|100%| O|  |TAMS 0x0000000084100000, 0x0000000084000000| Untracked 
|  65|0x0000000084100000, 0x0000000084200000, 0x0000000084200000|100%| O|  |TAMS 0x0000000084200000, 0x0000000084100000| Untracked 
|  66|0x0000000084200000, 0x0000000084300000, 0x0000000084300000|100%| O|  |TAMS 0x0000000084300000, 0x0000000084200000| Untracked 
|  67|0x0000000084300000, 0x0000000084400000, 0x0000000084400000|100%| O|  |TAMS 0x0000000084400000, 0x0000000084300000| Untracked 
|  68|0x0000000084400000, 0x0000000084500000, 0x0000000084500000|100%| O|  |TAMS 0x0000000084500000, 0x0000000084400000| Untracked 
|  69|0x0000000084500000, 0x0000000084600000, 0x0000000084600000|100%| O|  |TAMS 0x0000000084600000, 0x0000000084500000| Untracked 
|  70|0x0000000084600000, 0x0000000084700000, 0x0000000084700000|100%| O|  |TAMS 0x0000000084700000, 0x0000000084600000| Untracked 
|  71|0x0000000084700000, 0x0000000084800000, 0x0000000084800000|100%| O|  |TAMS 0x0000000084800000, 0x0000000084700000| Untracked 
|  72|0x0000000084800000, 0x0000000084900000, 0x0000000084900000|100%| O|  |TAMS 0x0000000084900000, 0x0000000084800000| Untracked 
|  73|0x0000000084900000, 0x0000000084a00000, 0x0000000084a00000|100%| O|  |TAMS 0x0000000084a00000, 0x0000000084900000| Untracked 
|  74|0x0000000084a00000, 0x0000000084b00000, 0x0000000084b00000|100%| O|  |TAMS 0x0000000084b00000, 0x0000000084a00000| Untracked 
|  75|0x0000000084b00000, 0x0000000084c00000, 0x0000000084c00000|100%| O|  |TAMS 0x0000000084c00000, 0x0000000084b00000| Untracked 
|  76|0x0000000084c00000, 0x0000000084d00000, 0x0000000084d00000|100%| O|  |TAMS 0x0000000084d00000, 0x0000000084c00000| Untracked 
|  77|0x0000000084d00000, 0x0000000084e00000, 0x0000000084e00000|100%| O|  |TAMS 0x0000000084e00000, 0x0000000084d00000| Untracked 
|  78|0x0000000084e00000, 0x0000000084f00000, 0x0000000084f00000|100%| O|  |TAMS 0x0000000084f00000, 0x0000000084e00000| Untracked 
|  79|0x0000000084f00000, 0x0000000085000000, 0x0000000085000000|100%| O|  |TAMS 0x0000000085000000, 0x0000000084f00000| Untracked 
|  80|0x0000000085000000, 0x0000000085100000, 0x0000000085100000|100%| O|  |TAMS 0x0000000085100000, 0x0000000085000000| Untracked 
|  81|0x0000000085100000, 0x0000000085200000, 0x0000000085200000|100%| O|  |TAMS 0x0000000085200000, 0x0000000085100000| Untracked 
|  82|0x0000000085200000, 0x0000000085300000, 0x0000000085300000|100%| O|  |TAMS 0x0000000085300000, 0x0000000085200000| Untracked 
|  83|0x0000000085300000, 0x0000000085400000, 0x0000000085400000|100%| O|  |TAMS 0x0000000085400000, 0x0000000085300000| Untracked 
|  84|0x0000000085400000, 0x0000000085500000, 0x0000000085500000|100%| O|  |TAMS 0x0000000085500000, 0x0000000085400000| Untracked 
|  85|0x0000000085500000, 0x0000000085600000, 0x0000000085600000|100%| O|  |TAMS 0x0000000085600000, 0x0000000085500000| Untracked 
|  86|0x0000000085600000, 0x0000000085700000, 0x0000000085700000|100%| O|  |TAMS 0x0000000085700000, 0x0000000085600000| Untracked 
|  87|0x0000000085700000, 0x0000000085800000, 0x0000000085800000|100%| O|  |TAMS 0x0000000085700000, 0x0000000085700000| Untracked 
|  88|0x0000000085800000, 0x0000000085900000, 0x0000000085900000|100%| O|  |TAMS 0x0000000085900000, 0x0000000085800000| Untracked 
|  89|0x0000000085900000, 0x0000000085a00000, 0x0000000085a00000|100%| O|  |TAMS 0x0000000085a00000, 0x0000000085900000| Untracked 
|  90|0x0000000085a00000, 0x0000000085b00000, 0x0000000085b00000|100%| O|  |TAMS 0x0000000085b00000, 0x0000000085a00000| Untracked 
|  91|0x0000000085b00000, 0x0000000085c00000, 0x0000000085c00000|100%| O|  |TAMS 0x0000000085c00000, 0x0000000085b00000| Untracked 
|  92|0x0000000085c00000, 0x0000000085d00000, 0x0000000085d00000|100%| O|  |TAMS 0x0000000085d00000, 0x0000000085c00000| Untracked 
|  93|0x0000000085d00000, 0x0000000085e00000, 0x0000000085e00000|100%| O|  |TAMS 0x0000000085d00000, 0x0000000085d00000| Untracked 
|  94|0x0000000085e00000, 0x0000000085f00000, 0x0000000085f00000|100%| O|  |TAMS 0x0000000085f00000, 0x0000000085e00000| Untracked 
|  95|0x0000000085f00000, 0x0000000086000000, 0x0000000086000000|100%|HS|  |TAMS 0x0000000086000000, 0x0000000085f00000| Complete 
|  96|0x0000000086000000, 0x0000000086100000, 0x0000000086100000|100%|HS|  |TAMS 0x0000000086100000, 0x0000000086000000| Complete 
|  97|0x0000000086100000, 0x0000000086200000, 0x0000000086200000|100%|HS|  |TAMS 0x0000000086200000, 0x0000000086100000| Complete 
|  98|0x0000000086200000, 0x0000000086300000, 0x0000000086300000|100%| O|  |TAMS 0x0000000086300000, 0x0000000086200000| Untracked 
|  99|0x0000000086300000, 0x0000000086400000, 0x0000000086400000|100%| O|  |TAMS 0x0000000086400000, 0x0000000086300000| Untracked 
| 100|0x0000000086400000, 0x0000000086500000, 0x0000000086500000|100%| O|  |TAMS 0x0000000086500000, 0x0000000086400000| Untracked 
| 101|0x0000000086500000, 0x0000000086600000, 0x0000000086600000|100%|HS|  |TAMS 0x0000000086600000, 0x0000000086500000| Complete 
| 102|0x0000000086600000, 0x0000000086700000, 0x0000000086700000|100%|HC|  |TAMS 0x0000000086700000, 0x0000000086600000| Complete 
| 103|0x0000000086700000, 0x0000000086800000, 0x0000000086800000|100%|HC|  |TAMS 0x0000000086800000, 0x0000000086700000| Complete 
| 104|0x0000000086800000, 0x0000000086900000, 0x0000000086900000|100%| O|  |TAMS 0x0000000086900000, 0x0000000086800000| Untracked 
| 105|0x0000000086900000, 0x0000000086a00000, 0x0000000086a00000|100%| O|  |TAMS 0x0000000086a00000, 0x0000000086900000| Untracked 
| 106|0x0000000086a00000, 0x0000000086b00000, 0x0000000086b00000|100%| O|  |TAMS 0x0000000086b00000, 0x0000000086a00000| Untracked 
| 107|0x0000000086b00000, 0x0000000086c00000, 0x0000000086c00000|100%|HS|  |TAMS 0x0000000086b00000, 0x0000000086b00000| Complete 
| 108|0x0000000086c00000, 0x0000000086d00000, 0x0000000086d00000|100%|HS|  |TAMS 0x0000000086d00000, 0x0000000086c00000| Complete 
| 109|0x0000000086d00000, 0x0000000086e00000, 0x0000000086e00000|100%|HC|  |TAMS 0x0000000086e00000, 0x0000000086d00000| Complete 
| 110|0x0000000086e00000, 0x0000000086f00000, 0x0000000086f00000|100%| O|  |TAMS 0x0000000086f00000, 0x0000000086e00000| Untracked 
| 111|0x0000000086f00000, 0x0000000087000000, 0x0000000087000000|100%| O|  |TAMS 0x0000000087000000, 0x0000000086f00000| Untracked 
| 112|0x0000000087000000, 0x0000000087100000, 0x0000000087100000|100%|HS|  |TAMS 0x0000000087000000, 0x0000000087000000| Complete 
| 113|0x0000000087100000, 0x0000000087200000, 0x0000000087200000|100%|HS|  |TAMS 0x0000000087100000, 0x0000000087100000| Complete 
| 114|0x0000000087200000, 0x0000000087300000, 0x0000000087300000|100%|HS|  |TAMS 0x0000000087200000, 0x0000000087200000| Complete 
| 115|0x0000000087300000, 0x0000000087400000, 0x0000000087400000|100%|HC|  |TAMS 0x0000000087300000, 0x0000000087300000| Complete 
| 116|0x0000000087400000, 0x0000000087500000, 0x0000000087500000|100%|HC|  |TAMS 0x0000000087400000, 0x0000000087400000| Complete 
| 117|0x0000000087500000, 0x0000000087500000, 0x0000000087600000|  0%| F|  |TAMS 0x0000000087500000, 0x0000000087500000| Untracked 
| 118|0x0000000087600000, 0x0000000087700000, 0x0000000087700000|100%| O|  |TAMS 0x0000000087636600, 0x0000000087600000| Untracked 
| 119|0x0000000087700000, 0x0000000087800000, 0x0000000087800000|100%| O|  |TAMS 0x0000000087700000, 0x0000000087700000| Untracked 
| 120|0x0000000087800000, 0x0000000087900000, 0x0000000087900000|100%| O|  |TAMS 0x0000000087800000, 0x0000000087800000| Untracked 
| 121|0x0000000087900000, 0x00000000879e1200, 0x0000000087a00000| 87%| O|  |TAMS 0x0000000087900000, 0x0000000087900000| Untracked 
| 122|0x0000000087a00000, 0x0000000087a00000, 0x0000000087b00000|  0%| F|  |TAMS 0x0000000087a00000, 0x0000000087a00000| Untracked 
| 123|0x0000000087b00000, 0x0000000087b00000, 0x0000000087c00000|  0%| F|  |TAMS 0x0000000087b00000, 0x0000000087b00000| Untracked 
| 124|0x0000000087c00000, 0x0000000087c00000, 0x0000000087d00000|  0%| F|  |TAMS 0x0000000087c00000, 0x0000000087c00000| Untracked 
| 125|0x0000000087d00000, 0x0000000087d00000, 0x0000000087e00000|  0%| F|  |TAMS 0x0000000087d00000, 0x0000000087d00000| Untracked 
| 126|0x0000000087e00000, 0x0000000087e00000, 0x0000000087f00000|  0%| F|  |TAMS 0x0000000087e00000, 0x0000000087e00000| Untracked 
| 127|0x0000000087f00000, 0x0000000087f00000, 0x0000000088000000|  0%| F|  |TAMS 0x0000000087f00000, 0x0000000087f00000| Untracked 
| 128|0x0000000088000000, 0x0000000088000000, 0x0000000088100000|  0%| F|  |TAMS 0x0000000088000000, 0x0000000088000000| Untracked 
| 129|0x0000000088100000, 0x0000000088100000, 0x0000000088200000|  0%| F|  |TAMS 0x0000000088100000, 0x0000000088100000| Untracked 
| 130|0x0000000088200000, 0x0000000088200000, 0x0000000088300000|  0%| F|  |TAMS 0x0000000088200000, 0x0000000088200000| Untracked 
| 131|0x0000000088300000, 0x0000000088300000, 0x0000000088400000|  0%| F|  |TAMS 0x0000000088300000, 0x0000000088300000| Untracked 
| 132|0x0000000088400000, 0x0000000088400000, 0x0000000088500000|  0%| F|  |TAMS 0x0000000088400000, 0x0000000088400000| Untracked 
| 133|0x0000000088500000, 0x0000000088500000, 0x0000000088600000|  0%| F|  |TAMS 0x0000000088500000, 0x0000000088500000| Untracked 
| 134|0x0000000088600000, 0x0000000088600000, 0x0000000088700000|  0%| F|  |TAMS 0x0000000088600000, 0x0000000088600000| Untracked 
| 135|0x0000000088700000, 0x0000000088700000, 0x0000000088800000|  0%| F|  |TAMS 0x0000000088700000, 0x0000000088700000| Untracked 
| 136|0x0000000088800000, 0x0000000088800000, 0x0000000088900000|  0%| F|  |TAMS 0x0000000088800000, 0x0000000088800000| Untracked 
| 137|0x0000000088900000, 0x0000000088900000, 0x0000000088a00000|  0%| F|  |TAMS 0x0000000088900000, 0x0000000088900000| Untracked 
| 138|0x0000000088a00000, 0x0000000088a00000, 0x0000000088b00000|  0%| F|  |TAMS 0x0000000088a00000, 0x0000000088a00000| Untracked 
| 139|0x0000000088b00000, 0x0000000088b00000, 0x0000000088c00000|  0%| F|  |TAMS 0x0000000088b00000, 0x0000000088b00000| Untracked 
| 140|0x0000000088c00000, 0x0000000088c00000, 0x0000000088d00000|  0%| F|  |TAMS 0x0000000088c00000, 0x0000000088c00000| Untracked 
| 141|0x0000000088d00000, 0x0000000088d00000, 0x0000000088e00000|  0%| F|  |TAMS 0x0000000088d00000, 0x0000000088d00000| Untracked 
| 142|0x0000000088e00000, 0x0000000088e00000, 0x0000000088f00000|  0%| F|  |TAMS 0x0000000088e00000, 0x0000000088e00000| Untracked 
| 143|0x0000000088f00000, 0x0000000088f00000, 0x0000000089000000|  0%| F|  |TAMS 0x0000000088f00000, 0x0000000088f00000| Untracked 
| 144|0x0000000089000000, 0x0000000089000000, 0x0000000089100000|  0%| F|  |TAMS 0x0000000089000000, 0x0000000089000000| Untracked 
| 145|0x0000000089100000, 0x0000000089100000, 0x0000000089200000|  0%| F|  |TAMS 0x0000000089100000, 0x0000000089100000| Untracked 
| 146|0x0000000089200000, 0x0000000089200000, 0x0000000089300000|  0%| F|  |TAMS 0x0000000089200000, 0x0000000089200000| Untracked 
| 147|0x0000000089300000, 0x0000000089300000, 0x0000000089400000|  0%| F|  |TAMS 0x0000000089300000, 0x0000000089300000| Untracked 
| 148|0x0000000089400000, 0x0000000089400000, 0x0000000089500000|  0%| F|  |TAMS 0x0000000089400000, 0x0000000089400000| Untracked 
| 149|0x0000000089500000, 0x0000000089500000, 0x0000000089600000|  0%| F|  |TAMS 0x0000000089500000, 0x0000000089500000| Untracked 
| 150|0x0000000089600000, 0x0000000089600000, 0x0000000089700000|  0%| F|  |TAMS 0x0000000089600000, 0x0000000089600000| Untracked 
| 151|0x0000000089700000, 0x0000000089700000, 0x0000000089800000|  0%| F|  |TAMS 0x0000000089700000, 0x0000000089700000| Untracked 
| 152|0x0000000089800000, 0x0000000089800000, 0x0000000089900000|  0%| F|  |TAMS 0x0000000089800000, 0x0000000089800000| Untracked 
| 153|0x0000000089900000, 0x0000000089900000, 0x0000000089a00000|  0%| F|  |TAMS 0x0000000089900000, 0x0000000089900000| Untracked 
| 154|0x0000000089a00000, 0x0000000089a00000, 0x0000000089b00000|  0%| F|  |TAMS 0x0000000089a00000, 0x0000000089a00000| Untracked 
| 155|0x0000000089b00000, 0x0000000089b00000, 0x0000000089c00000|  0%| F|  |TAMS 0x0000000089b00000, 0x0000000089b00000| Untracked 
| 156|0x0000000089c00000, 0x0000000089c00000, 0x0000000089d00000|  0%| F|  |TAMS 0x0000000089c00000, 0x0000000089c00000| Untracked 
| 157|0x0000000089d00000, 0x0000000089d00000, 0x0000000089e00000|  0%| F|  |TAMS 0x0000000089d00000, 0x0000000089d00000| Untracked 
| 158|0x0000000089e00000, 0x0000000089e00000, 0x0000000089f00000|  0%| F|  |TAMS 0x0000000089e00000, 0x0000000089e00000| Untracked 
| 159|0x0000000089f00000, 0x0000000089f00000, 0x000000008a000000|  0%| F|  |TAMS 0x0000000089f00000, 0x0000000089f00000| Untracked 
| 160|0x000000008a000000, 0x000000008a000000, 0x000000008a100000|  0%| F|  |TAMS 0x000000008a000000, 0x000000008a000000| Untracked 
| 161|0x000000008a100000, 0x000000008a100000, 0x000000008a200000|  0%| F|  |TAMS 0x000000008a100000, 0x000000008a100000| Untracked 
| 162|0x000000008a200000, 0x000000008a200000, 0x000000008a300000|  0%| F|  |TAMS 0x000000008a200000, 0x000000008a200000| Untracked 
| 163|0x000000008a300000, 0x000000008a300000, 0x000000008a400000|  0%| F|  |TAMS 0x000000008a300000, 0x000000008a300000| Untracked 
| 164|0x000000008a400000, 0x000000008a400000, 0x000000008a500000|  0%| F|  |TAMS 0x000000008a400000, 0x000000008a400000| Untracked 
| 165|0x000000008a500000, 0x000000008a500000, 0x000000008a600000|  0%| F|  |TAMS 0x000000008a500000, 0x000000008a500000| Untracked 
| 166|0x000000008a600000, 0x000000008a600000, 0x000000008a700000|  0%| F|  |TAMS 0x000000008a600000, 0x000000008a600000| Untracked 
| 167|0x000000008a700000, 0x000000008a800000, 0x000000008a800000|100%| S|CS|TAMS 0x000000008a700000, 0x000000008a700000| Complete 
| 168|0x000000008a800000, 0x000000008a900000, 0x000000008a900000|100%| S|CS|TAMS 0x000000008a800000, 0x000000008a800000| Complete 
| 169|0x000000008a900000, 0x000000008aa00000, 0x000000008aa00000|100%| S|CS|TAMS 0x000000008a900000, 0x000000008a900000| Complete 
| 170|0x000000008aa00000, 0x000000008ab00000, 0x000000008ab00000|100%| S|CS|TAMS 0x000000008aa00000, 0x000000008aa00000| Complete 
| 171|0x000000008ab00000, 0x000000008ab00000, 0x000000008ac00000|  0%| F|  |TAMS 0x000000008ab00000, 0x000000008ab00000| Untracked 
| 172|0x000000008ac00000, 0x000000008ac00000, 0x000000008ad00000|  0%| F|  |TAMS 0x000000008ac00000, 0x000000008ac00000| Untracked 
| 173|0x000000008ad00000, 0x000000008ad00000, 0x000000008ae00000|  0%| F|  |TAMS 0x000000008ad00000, 0x000000008ad00000| Untracked 
| 174|0x000000008ae00000, 0x000000008ae00000, 0x000000008af00000|  0%| F|  |TAMS 0x000000008ae00000, 0x000000008ae00000| Untracked 
| 175|0x000000008af00000, 0x000000008af00000, 0x000000008b000000|  0%| F|  |TAMS 0x000000008af00000, 0x000000008af00000| Untracked 
| 176|0x000000008b000000, 0x000000008b000000, 0x000000008b100000|  0%| F|  |TAMS 0x000000008b000000, 0x000000008b000000| Untracked 
| 177|0x000000008b100000, 0x000000008b100000, 0x000000008b200000|  0%| F|  |TAMS 0x000000008b100000, 0x000000008b100000| Untracked 
| 178|0x000000008b200000, 0x000000008b200000, 0x000000008b300000|  0%| F|  |TAMS 0x000000008b200000, 0x000000008b200000| Untracked 
| 179|0x000000008b300000, 0x000000008b300000, 0x000000008b400000|  0%| F|  |TAMS 0x000000008b300000, 0x000000008b300000| Untracked 
| 180|0x000000008b400000, 0x000000008b400000, 0x000000008b500000|  0%| F|  |TAMS 0x000000008b400000, 0x000000008b400000| Untracked 
| 181|0x000000008b500000, 0x000000008b500000, 0x000000008b600000|  0%| F|  |TAMS 0x000000008b500000, 0x000000008b500000| Untracked 
| 182|0x000000008b600000, 0x000000008b600000, 0x000000008b700000|  0%| F|  |TAMS 0x000000008b600000, 0x000000008b600000| Untracked 
| 183|0x000000008b700000, 0x000000008b700000, 0x000000008b800000|  0%| F|  |TAMS 0x000000008b700000, 0x000000008b700000| Untracked 
| 184|0x000000008b800000, 0x000000008b800000, 0x000000008b900000|  0%| F|  |TAMS 0x000000008b800000, 0x000000008b800000| Untracked 
| 185|0x000000008b900000, 0x000000008b900000, 0x000000008ba00000|  0%| F|  |TAMS 0x000000008b900000, 0x000000008b900000| Untracked 
| 186|0x000000008ba00000, 0x000000008ba00000, 0x000000008bb00000|  0%| F|  |TAMS 0x000000008ba00000, 0x000000008ba00000| Untracked 
| 187|0x000000008bb00000, 0x000000008bbe7298, 0x000000008bc00000| 90%| E|  |TAMS 0x000000008bb00000, 0x000000008bb00000| Complete 
| 188|0x000000008bc00000, 0x000000008bd00000, 0x000000008bd00000|100%| E|CS|TAMS 0x000000008bc00000, 0x000000008bc00000| Complete 
| 189|0x000000008bd00000, 0x000000008be00000, 0x000000008be00000|100%| E|CS|TAMS 0x000000008bd00000, 0x000000008bd00000| Complete 
| 190|0x000000008be00000, 0x000000008bf00000, 0x000000008bf00000|100%| E|CS|TAMS 0x000000008be00000, 0x000000008be00000| Complete 
| 191|0x000000008bf00000, 0x000000008c000000, 0x000000008c000000|100%| E|CS|TAMS 0x000000008bf00000, 0x000000008bf00000| Complete 
| 192|0x000000008c000000, 0x000000008c100000, 0x000000008c100000|100%| E|CS|TAMS 0x000000008c000000, 0x000000008c000000| Complete 
| 193|0x000000008c100000, 0x000000008c200000, 0x000000008c200000|100%| E|CS|TAMS 0x000000008c100000, 0x000000008c100000| Complete 
| 194|0x000000008c200000, 0x000000008c300000, 0x000000008c300000|100%| E|CS|TAMS 0x000000008c200000, 0x000000008c200000| Complete 
| 195|0x000000008c300000, 0x000000008c400000, 0x000000008c400000|100%| E|CS|TAMS 0x000000008c300000, 0x000000008c300000| Complete 
| 196|0x000000008c400000, 0x000000008c500000, 0x000000008c500000|100%| E|CS|TAMS 0x000000008c400000, 0x000000008c400000| Complete 
| 197|0x000000008c500000, 0x000000008c600000, 0x000000008c600000|100%| E|CS|TAMS 0x000000008c500000, 0x000000008c500000| Complete 
| 198|0x000000008c600000, 0x000000008c700000, 0x000000008c700000|100%| E|CS|TAMS 0x000000008c600000, 0x000000008c600000| Complete 

Card table byte_map: [0x000001cc456c0000,0x000001cc45ac0000] _byte_map_base: 0x000001cc452c0000

Marking Bits (Prev, Next): (CMBitMap*) 0x000001cc2d661fc0, (CMBitMap*) 0x000001cc2d661f88
 Prev Bits: [0x000001cc47ec0000, 0x000001cc49ec0000)
 Next Bits: [0x000001cc45ec0000, 0x000001cc47ec0000)

Polling page: 0x000001cc2b610000

Metaspace:

Usage:
  Non-class:     85.84 MB capacity,    83.84 MB ( 98%) used,     1.69 MB (  2%) free+waste,   314.94 KB ( <1%) overhead. 
      Class:     13.86 MB capacity,    12.61 MB ( 91%) used,     1.10 MB (  8%) free+waste,   146.31 KB (  1%) overhead. 
       Both:     99.69 MB capacity,    96.45 MB ( 97%) used,     2.80 MB (  3%) free+waste,   461.25 KB ( <1%) overhead. 

Virtual space:
  Non-class space:       88.00 MB reserved,      86.05 MB ( 98%) committed 
      Class space:      504.00 MB reserved,      13.95 MB (  3%) committed 
             Both:      592.00 MB reserved,     100.00 MB ( 17%) committed 

Chunk freelists:
   Non-Class:  32.00 KB
       Class:  19.00 KB
        Both:  51.00 KB

MaxMetaspaceSize: 512.00 MB
CompressedClassSpaceSize: 504.00 MB
Initial GC threshold: 20.80 MB
Current GC threshold: 161.68 MB
CDS: off

CodeHeap 'non-profiled nmethods': size=120000Kb used=6291Kb max_used=6291Kb free=113708Kb
 bounds [0x000001cc3d840000, 0x000001cc3de70000, 0x000001cc44d70000]
CodeHeap 'profiled nmethods': size=120000Kb used=25071Kb max_used=25071Kb free=94928Kb
 bounds [0x000001cc36310000, 0x000001cc37b90000, 0x000001cc3d840000]
CodeHeap 'non-nmethods': size=5760Kb used=2398Kb max_used=2437Kb free=3361Kb
 bounds [0x000001cc35d70000, 0x000001cc35fe0000, 0x000001cc36310000]
 total_blobs=12194 nmethods=11268 adapters=838
 compilation: enabled
              stopped_count=0, restarted_count=0
 full_count=0

Compilation events (20 events):
Event: 36.494 Thread 0x000001cc4cb46000 11408       3       org.gradle.internal.instantiation.generator.AsmBackedClassGenerator$ClassBuilderImpl$$Lambda$123/0x0000000100259440::<init> (10 bytes)
Event: 36.494 Thread 0x000001cc4cb46000 nmethod 11408 0x000001cc37b89610 code [0x000001cc37b897c0, 0x000001cc37b89978]
Event: 36.494 Thread 0x000001cc4cb46000 11409       3       org.gradle.internal.instantiation.generator.AsmBackedClassGenerator$ClassBuilderImpl$15::<init> (53 bytes)
Event: 36.495 Thread 0x000001cc4cb46000 nmethod 11409 0x000001cc37b89a10 code [0x000001cc37b89ce0, 0x000001cc37b8acd8]
Event: 36.505 Thread 0x000001cc4cb46000 11410       3       org.gradle.internal.instantiation.generator.AsmBackedClassGenerator$ClassBuilderImpl$$Lambda$120/0x0000000100258840::emit (9 bytes)
Event: 36.505 Thread 0x000001cc4cb46000 nmethod 11410 0x000001cc37b8b290 code [0x000001cc37b8b460, 0x000001cc37b8b668]
Event: 36.506 Thread 0x000001cc4cb46000 11411       3       org.gradle.internal.instantiation.generator.AsmBackedClassGenerator$ClassBuilderImpl::lambda$mixInGroovyObject$8 (11 bytes)
Event: 36.506 Thread 0x000001cc4cb46000 nmethod 11411 0x000001cc37b8b790 code [0x000001cc37b8b940, 0x000001cc37b8bac8]
Event: 36.506 Thread 0x000001cc4cb46000 11412       3       org.gradle.internal.instantiation.generator.AsmBackedClassGenerator$ClassBuilderImpl::access$6300 (4 bytes)
Event: 36.506 Thread 0x000001cc4cb46000 nmethod 11412 0x000001cc37b8bb90 code [0x000001cc37b8bd40, 0x000001cc37b8be38]
Event: 36.578 Thread 0x000001cc4cb42000 nmethod 11370 0x000001cc3de5e210 code [0x000001cc3de5e660, 0x000001cc3de62270]
Event: 36.579 Thread 0x000001cc4cb42000 11395       4       java.util.LinkedList::indexOf (73 bytes)
Event: 36.583 Thread 0x000001cc4cb42000 nmethod 11395 0x000001cc3de63910 code [0x000001cc3de63ac0, 0x000001cc3de63d58]
Event: 36.583 Thread 0x000001cc4cb42000 11406       4       org.gradle.internal.instantiation.generator.AbstractClassGenerator$PropertyMetadata::getType (34 bytes)
Event: 36.586 Thread 0x000001cc4cb42000 nmethod 11406 0x000001cc3de63f10 code [0x000001cc3de640c0, 0x000001cc3de64338]
Event: 36.586 Thread 0x000001cc4cb42000 11375       4       org.gradle.api.internal.artifacts.configurations.DefaultConfiguration_Decorated::getName (40 bytes)
Event: 36.587 Thread 0x000001cc4cb42000 nmethod 11375 0x000001cc3de64590 code [0x000001cc3de64720, 0x000001cc3de647b8]
Event: 36.587 Thread 0x000001cc4cb42000 11376       4       org.gradle.internal.operations.logging.LoggingBuildOperationProgressBroadcaster::onOutput (105 bytes)
Event: 36.589 Thread 0x000001cc4cb42000 nmethod 11376 0x000001cc3de64890 code [0x000001cc3de64a40, 0x000001cc3de64b48]
Event: 36.589 Thread 0x000001cc4cb42000 11405       4       org.gradle.internal.instantiation.generator.AbstractClassGenerator$PropertyMetadata::isReadableWithoutSetterOfPropertyType (36 bytes)

GC Heap History (20 events):
Event: 34.132 GC heap before
{Heap before GC invocations=54 (full 0):
 garbage-first heap   total 120832K, used 114127K [0x0000000080000000, 0x0000000100000000)
  region size 1024K, 5 young (5120K), 1 survivors (1024K)
 Metaspace       used 95030K, capacity 98093K, committed 98180K, reserved 602112K
  class space    used 12439K, capacity 13618K, committed 13644K, reserved 516096K
}
Event: 34.134 GC heap after
{Heap after GC invocations=55 (full 0):
 garbage-first heap   total 120832K, used 112567K [0x0000000080000000, 0x0000000100000000)
  region size 1024K, 1 young (1024K), 1 survivors (1024K)
 Metaspace       used 95030K, capacity 98093K, committed 98180K, reserved 602112K
  class space    used 12439K, capacity 13618K, committed 13644K, reserved 516096K
}
Event: 34.202 GC heap before
{Heap before GC invocations=56 (full 0):
 garbage-first heap   total 120832K, used 116663K [0x0000000080000000, 0x0000000100000000)
  region size 1024K, 5 young (5120K), 1 survivors (1024K)
 Metaspace       used 95336K, capacity 98390K, committed 98564K, reserved 602112K
  class space    used 12484K, capacity 13651K, committed 13772K, reserved 516096K
}
Event: 34.203 GC heap after
{Heap after GC invocations=57 (full 0):
 garbage-first heap   total 120832K, used 112688K [0x0000000080000000, 0x0000000100000000)
  region size 1024K, 1 young (1024K), 1 survivors (1024K)
 Metaspace       used 95336K, capacity 98390K, committed 98564K, reserved 602112K
  class space    used 12484K, capacity 13651K, committed 13772K, reserved 516096K
}
Event: 34.253 GC heap before
{Heap before GC invocations=57 (full 0):
 garbage-first heap   total 120832K, used 116784K [0x0000000080000000, 0x0000000100000000)
  region size 1024K, 5 young (5120K), 1 survivors (1024K)
 Metaspace       used 95604K, capacity 98678K, committed 98820K, reserved 602112K
  class space    used 12518K, capacity 13683K, committed 13772K, reserved 516096K
}
Event: 34.256 GC heap after
{Heap after GC invocations=58 (full 0):
 garbage-first heap   total 121856K, used 110995K [0x0000000080000000, 0x0000000100000000)
  region size 1024K, 1 young (1024K), 1 survivors (1024K)
 Metaspace       used 95604K, capacity 98678K, committed 98820K, reserved 602112K
  class space    used 12518K, capacity 13683K, committed 13772K, reserved 516096K
}
Event: 34.312 GC heap before
{Heap before GC invocations=58 (full 0):
 garbage-first heap   total 121856K, used 115091K [0x0000000080000000, 0x0000000100000000)
  region size 1024K, 5 young (5120K), 1 survivors (1024K)
 Metaspace       used 95921K, capacity 98966K, committed 99076K, reserved 602112K
  class space    used 12554K, capacity 13715K, committed 13772K, reserved 516096K
}
Event: 34.314 GC heap after
{Heap after GC invocations=59 (full 0):
 garbage-first heap   total 121856K, used 111077K [0x0000000080000000, 0x0000000100000000)
  region size 1024K, 1 young (1024K), 1 survivors (1024K)
 Metaspace       used 95921K, capacity 98966K, committed 99076K, reserved 602112K
  class space    used 12554K, capacity 13715K, committed 13772K, reserved 516096K
}
Event: 34.375 GC heap before
{Heap before GC invocations=59 (full 0):
 garbage-first heap   total 121856K, used 115173K [0x0000000080000000, 0x0000000100000000)
  region size 1024K, 5 young (5120K), 1 survivors (1024K)
 Metaspace       used 96141K, capacity 99132K, committed 99332K, reserved 602112K
  class space    used 12576K, capacity 13748K, committed 13772K, reserved 516096K
}
Event: 34.377 GC heap after
{Heap after GC invocations=60 (full 0):
 garbage-first heap   total 146432K, used 111532K [0x0000000080000000, 0x0000000100000000)
  region size 1024K, 1 young (1024K), 1 survivors (1024K)
 Metaspace       used 96141K, capacity 99132K, committed 99332K, reserved 602112K
  class space    used 12576K, capacity 13748K, committed 13772K, reserved 516096K
}
Event: 34.476 GC heap before
{Heap before GC invocations=61 (full 0):
 garbage-first heap   total 146432K, used 119724K [0x0000000080000000, 0x0000000100000000)
  region size 1024K, 9 young (9216K), 1 survivors (1024K)
 Metaspace       used 96387K, capacity 99371K, committed 99716K, reserved 602112K
  class space    used 12609K, capacity 13785K, committed 13900K, reserved 516096K
}
Event: 34.478 GC heap after
{Heap after GC invocations=62 (full 0):
 garbage-first heap   total 146432K, used 111981K [0x0000000080000000, 0x0000000100000000)
  region size 1024K, 2 young (2048K), 2 survivors (2048K)
 Metaspace       used 96387K, capacity 99371K, committed 99716K, reserved 602112K
  class space    used 12609K, capacity 13785K, committed 13900K, reserved 516096K
}
Event: 34.566 GC heap before
{Heap before GC invocations=62 (full 0):
 garbage-first heap   total 146432K, used 120173K [0x0000000080000000, 0x0000000100000000)
  region size 1024K, 10 young (10240K), 2 survivors (2048K)
 Metaspace       used 96840K, capacity 99999K, committed 100100K, reserved 604160K
  class space    used 12685K, capacity 13937K, committed 14028K, reserved 516096K
}
Event: 34.569 GC heap after
{Heap after GC invocations=63 (full 0):
 garbage-first heap   total 146432K, used 112810K [0x0000000080000000, 0x0000000100000000)
  region size 1024K, 2 young (2048K), 2 survivors (2048K)
 Metaspace       used 96840K, capacity 99999K, committed 100100K, reserved 604160K
  class space    used 12685K, capacity 13937K, committed 14028K, reserved 516096K
}
Event: 34.671 GC heap before
{Heap before GC invocations=63 (full 0):
 garbage-first heap   total 146432K, used 122026K [0x0000000080000000, 0x0000000100000000)
  region size 1024K, 11 young (11264K), 2 survivors (2048K)
 Metaspace       used 97015K, capacity 100211K, committed 100356K, reserved 604160K
  class space    used 12702K, capacity 13940K, committed 14028K, reserved 516096K
}
Event: 34.674 GC heap after
{Heap after GC invocations=64 (full 0):
 garbage-first heap   total 146432K, used 113986K [0x0000000080000000, 0x0000000100000000)
  region size 1024K, 2 young (2048K), 2 survivors (2048K)
 Metaspace       used 97015K, capacity 100211K, committed 100356K, reserved 604160K
  class space    used 12702K, capacity 13940K, committed 14028K, reserved 516096K
}
Event: 34.794 GC heap before
{Heap before GC invocations=64 (full 0):
 garbage-first heap   total 146432K, used 123202K [0x0000000080000000, 0x0000000100000000)
  region size 1024K, 11 young (11264K), 2 survivors (2048K)
 Metaspace       used 97527K, capacity 100636K, committed 100996K, reserved 604160K
  class space    used 12770K, capacity 14038K, committed 14156K, reserved 516096K
}
Event: 34.798 GC heap after
{Heap after GC invocations=65 (full 0):
 garbage-first heap   total 203776K, used 114788K [0x0000000080000000, 0x0000000100000000)
  region size 1024K, 1 young (1024K), 1 survivors (1024K)
 Metaspace       used 97527K, capacity 100636K, committed 100996K, reserved 604160K
  class space    used 12770K, capacity 14038K, committed 14156K, reserved 516096K
}
Event: 36.402 GC heap before
{Heap before GC invocations=65 (full 0):
 garbage-first heap   total 203776K, used 150628K [0x0000000080000000, 0x0000000100000000)
  region size 1024K, 29 young (29696K), 1 survivors (1024K)
 Metaspace       used 97852K, capacity 101182K, committed 101508K, reserved 604160K
  class space    used 12792K, capacity 14060K, committed 14156K, reserved 516096K
}
Event: 36.408 GC heap after
{Heap after GC invocations=66 (full 0):
 garbage-first heap   total 203776K, used 127876K [0x0000000080000000, 0x0000000100000000)
  region size 1024K, 4 young (4096K), 4 survivors (4096K)
 Metaspace       used 97852K, capacity 101182K, committed 101508K, reserved 604160K
  class space    used 12792K, capacity 14060K, committed 14156K, reserved 516096K
}

Deoptimization events (20 events):
Event: 34.535 Thread 0x000001cc4e520000 DEOPT PACKING pc=0x000001cc3dcf0718 sp=0x00000070382f59d0
Event: 34.535 Thread 0x000001cc4e520000 DEOPT UNPACKING pc=0x000001cc35dba1af sp=0x00000070382f59a8 mode 2
Event: 34.629 Thread 0x000001cc4e520000 DEOPT PACKING pc=0x000001cc37594e24 sp=0x00000070382f88f0
Event: 34.629 Thread 0x000001cc4e520000 DEOPT UNPACKING pc=0x000001cc35dba95e sp=0x00000070382f7e10 mode 0
Event: 34.697 Thread 0x000001cc4e520000 DEOPT PACKING pc=0x000001cc37594e24 sp=0x00000070382f8140
Event: 34.697 Thread 0x000001cc4e520000 DEOPT UNPACKING pc=0x000001cc35dba95e sp=0x00000070382f7660 mode 0
Event: 34.723 Thread 0x000001cc4e520000 DEOPT PACKING pc=0x000001cc37594e24 sp=0x00000070382f8140
Event: 34.723 Thread 0x000001cc4e520000 DEOPT UNPACKING pc=0x000001cc35dba95e sp=0x00000070382f7660 mode 0
Event: 34.760 Thread 0x000001cc4e520000 Uncommon trap: trap_request=0xffffff4d fr.pc=0x000001cc3de14898 relative=0x0000000000000738
Event: 34.761 Thread 0x000001cc4e520000 Uncommon trap: reason=unstable_if action=reinterpret pc=0x000001cc3de14898 method=java.lang.String.regionMatches(ZILjava/lang/String;II)Z @ 52 c2
Event: 34.761 Thread 0x000001cc4e520000 DEOPT PACKING pc=0x000001cc3de14898 sp=0x00000070382f8810
Event: 34.761 Thread 0x000001cc4e520000 DEOPT UNPACKING pc=0x000001cc35dba1af sp=0x00000070382f8790 mode 2
Event: 35.737 Thread 0x000001cc4e520000 DEOPT PACKING pc=0x000001cc3760f48a sp=0x00000070382f8910
Event: 35.737 Thread 0x000001cc4e520000 DEOPT UNPACKING pc=0x000001cc35dba95e sp=0x00000070382f7e90 mode 0
Event: 35.752 Thread 0x000001cc4e520000 DEOPT PACKING pc=0x000001cc371e24b1 sp=0x00000070382f7e20
Event: 35.752 Thread 0x000001cc4e520000 DEOPT UNPACKING pc=0x000001cc35dba95e sp=0x00000070382f72e8 mode 0
Event: 36.222 Thread 0x000001cc4e520000 DEOPT PACKING pc=0x000001cc371e24b1 sp=0x00000070382f9370
Event: 36.222 Thread 0x000001cc4e520000 DEOPT UNPACKING pc=0x000001cc35dba95e sp=0x00000070382f8838 mode 0
Event: 36.355 Thread 0x000001cc4e520000 DEOPT PACKING pc=0x000001cc371e24b1 sp=0x00000070382f3440
Event: 36.355 Thread 0x000001cc4e520000 DEOPT UNPACKING pc=0x000001cc35dba95e sp=0x00000070382f2908 mode 0

Classes redefined (0 events):
No events

Internal exceptions (20 events):
Event: 36.320 Thread 0x000001cc4e520000 Exception <a 'java/security/PrivilegedActionException'{0x000000008b0315e8}> (0x000000008b0315e8) thrown at [./src/hotspot/share/prims/jvm.cpp, line 1306]
Event: 36.320 Thread 0x000001cc4e520000 Exception <a 'java/security/PrivilegedActionException'{0x000000008b0328a8}> (0x000000008b0328a8) thrown at [./src/hotspot/share/prims/jvm.cpp, line 1306]
Event: 36.320 Thread 0x000001cc4e520000 Exception <a 'java/security/PrivilegedActionException'{0x000000008b0354f8}> (0x000000008b0354f8) thrown at [./src/hotspot/share/prims/jvm.cpp, line 1306]
Event: 36.320 Thread 0x000001cc4e520000 Exception <a 'java/security/PrivilegedActionException'{0x000000008b0367b8}> (0x000000008b0367b8) thrown at [./src/hotspot/share/prims/jvm.cpp, line 1306]
Event: 36.321 Thread 0x000001cc4e520000 Exception <a 'java/security/PrivilegedActionException'{0x000000008b039410}> (0x000000008b039410) thrown at [./src/hotspot/share/prims/jvm.cpp, line 1306]
Event: 36.321 Thread 0x000001cc4e520000 Exception <a 'java/security/PrivilegedActionException'{0x000000008b03a6d0}> (0x000000008b03a6d0) thrown at [./src/hotspot/share/prims/jvm.cpp, line 1306]
Event: 36.321 Thread 0x000001cc4e520000 Exception <a 'java/security/PrivilegedActionException'{0x000000008b03d2c8}> (0x000000008b03d2c8) thrown at [./src/hotspot/share/prims/jvm.cpp, line 1306]
Event: 36.321 Thread 0x000001cc4e520000 Exception <a 'java/security/PrivilegedActionException'{0x000000008b03e588}> (0x000000008b03e588) thrown at [./src/hotspot/share/prims/jvm.cpp, line 1306]
Event: 36.353 Thread 0x000001cc4e520000 Exception <a 'java/security/PrivilegedActionException'{0x000000008af834a0}> (0x000000008af834a0) thrown at [./src/hotspot/share/prims/jvm.cpp, line 1306]
Event: 36.353 Thread 0x000001cc4e520000 Exception <a 'java/security/PrivilegedActionException'{0x000000008af84760}> (0x000000008af84760) thrown at [./src/hotspot/share/prims/jvm.cpp, line 1306]
Event: 36.354 Thread 0x000001cc4e520000 Exception <a 'java/security/PrivilegedActionException'{0x000000008af87358}> (0x000000008af87358) thrown at [./src/hotspot/share/prims/jvm.cpp, line 1306]
Event: 36.354 Thread 0x000001cc4e520000 Exception <a 'java/security/PrivilegedActionException'{0x000000008af88618}> (0x000000008af88618) thrown at [./src/hotspot/share/prims/jvm.cpp, line 1306]
Event: 36.354 Thread 0x000001cc4e520000 Exception <a 'java/security/PrivilegedActionException'{0x000000008af8b2c0}> (0x000000008af8b2c0) thrown at [./src/hotspot/share/prims/jvm.cpp, line 1306]
Event: 36.354 Thread 0x000001cc4e520000 Exception <a 'java/security/PrivilegedActionException'{0x000000008af8c810}> (0x000000008af8c810) thrown at [./src/hotspot/share/prims/jvm.cpp, line 1306]
Event: 36.354 Thread 0x000001cc4e520000 Exception <a 'java/security/PrivilegedActionException'{0x000000008af8f410}> (0x000000008af8f410) thrown at [./src/hotspot/share/prims/jvm.cpp, line 1306]
Event: 36.354 Thread 0x000001cc4e520000 Exception <a 'java/security/PrivilegedActionException'{0x000000008af906d0}> (0x000000008af906d0) thrown at [./src/hotspot/share/prims/jvm.cpp, line 1306]
Event: 36.354 Thread 0x000001cc4e520000 Exception <a 'java/security/PrivilegedActionException'{0x000000008af93320}> (0x000000008af93320) thrown at [./src/hotspot/share/prims/jvm.cpp, line 1306]
Event: 36.354 Thread 0x000001cc4e520000 Exception <a 'java/security/PrivilegedActionException'{0x000000008af945e0}> (0x000000008af945e0) thrown at [./src/hotspot/share/prims/jvm.cpp, line 1306]
Event: 36.354 Thread 0x000001cc4e520000 Exception <a 'java/security/PrivilegedActionException'{0x000000008af97288}> (0x000000008af97288) thrown at [./src/hotspot/share/prims/jvm.cpp, line 1306]
Event: 36.354 Thread 0x000001cc4e520000 Exception <a 'java/security/PrivilegedActionException'{0x000000008af98548}> (0x000000008af98548) thrown at [./src/hotspot/share/prims/jvm.cpp, line 1306]

Events (20 events):
Event: 36.077 loading class java/util/Collections$ReverseComparator
Event: 36.077 loading class java/util/Collections$ReverseComparator done
Event: 36.077 loading class java/util/Comparators$NaturalOrderComparator
Event: 36.077 loading class java/util/Comparators$NaturalOrderComparator done
Event: 36.077 loading class java/util/Collections$ReverseComparator2
Event: 36.077 loading class java/util/Collections$ReverseComparator2 done
Event: 36.126 Executing VM operation: RevokeBias
Event: 36.127 Executing VM operation: RevokeBias done
Event: 36.273 loading class groovy/runtime/metaclass/build_7ickzsxspbckssszpfai3tyzwMetaClass
Event: 36.273 loading class groovy/runtime/metaclass/build_7ickzsxspbckssszpfai3tyzwMetaClass done
Event: 36.276 loading class build_7ickzsxspbckssszpfai3tyzwBeanInfo
Event: 36.276 loading class build_7ickzsxspbckssszpfai3tyzwBeanInfo done
Event: 36.276 loading class build_7ickzsxspbckssszpfai3tyzwBeanInfo
Event: 36.276 loading class build_7ickzsxspbckssszpfai3tyzwBeanInfo done
Event: 36.276 loading class build_7ickzsxspbckssszpfai3tyzwCustomizer
Event: 36.276 loading class build_7ickzsxspbckssszpfai3tyzwCustomizer done
Event: 36.276 loading class build_7ickzsxspbckssszpfai3tyzwCustomizer
Event: 36.276 loading class build_7ickzsxspbckssszpfai3tyzwCustomizer done
Event: 36.402 Executing VM operation: G1CollectForAllocation
Event: 36.408 Executing VM operation: G1CollectForAllocation done


Dynamic libraries:
0x00007ff7c07c0000 - 0x00007ff7c07cd000 	C:\Program Files\OpenJDK\openjdk-11.0.15_10\bin\java.exe
0x00007ffc2abd0000 - 0x00007ffc2ade4000 	C:\WINDOWS\SYSTEM32\ntdll.dll
0x00007ffc297e0000 - 0x00007ffc298a4000 	C:\WINDOWS\System32\KERNEL32.DLL
0x00007ffc28150000 - 0x00007ffc284f4000 	C:\WINDOWS\System32\KERNELBASE.dll
0x00007ffc28500000 - 0x00007ffc28611000 	C:\WINDOWS\System32\ucrtbase.dll
0x00007ffbf07b0000 - 0x00007ffbf07c6000 	C:\Program Files\OpenJDK\openjdk-11.0.15_10\bin\VCRUNTIME140.dll
0x00007ffbe97b0000 - 0x00007ffbe97c8000 	C:\Program Files\OpenJDK\openjdk-11.0.15_10\bin\jli.dll
0x00007ffc29b10000 - 0x00007ffc29cbe000 	C:\WINDOWS\System32\USER32.dll
0x00007ffc14260000 - 0x00007ffc144f3000 	C:\WINDOWS\WinSxS\amd64_microsoft.windows.common-controls_6595b64144ccf1df_6.0.22621.2215_none_270d72677387dfc3\COMCTL32.dll
0x00007ffc28120000 - 0x00007ffc28146000 	C:\WINDOWS\System32\win32u.dll
0x00007ffc29a60000 - 0x00007ffc29b07000 	C:\WINDOWS\System32\msvcrt.dll
0x00007ffc2aae0000 - 0x00007ffc2ab09000 	C:\WINDOWS\System32\GDI32.dll
0x00007ffc27f80000 - 0x00007ffc28098000 	C:\WINDOWS\System32\gdi32full.dll
0x00007ffc28690000 - 0x00007ffc2872a000 	C:\WINDOWS\System32\msvcp_win.dll
0x00007ffc28ab0000 - 0x00007ffc28ae1000 	C:\WINDOWS\System32\IMM32.DLL
0x00007ffbd1760000 - 0x00007ffbd180a000 	C:\Program Files\OpenJDK\openjdk-11.0.15_10\bin\msvcp140.dll
0x00007ffb81c30000 - 0x00007ffb82781000 	C:\Program Files\OpenJDK\openjdk-11.0.15_10\bin\server\jvm.dll
0x00007ffc29d40000 - 0x00007ffc29df0000 	C:\WINDOWS\System32\ADVAPI32.dll
0x00007ffc28de0000 - 0x00007ffc28e86000 	C:\WINDOWS\System32\sechost.dll
0x00007ffc28af0000 - 0x00007ffc28c07000 	C:\WINDOWS\System32\RPCRT4.dll
0x00007ffc29a50000 - 0x00007ffc29a58000 	C:\WINDOWS\System32\PSAPI.DLL
0x00007ffc1ffd0000 - 0x00007ffc1ffda000 	C:\WINDOWS\SYSTEM32\VERSION.dll
0x00007ffc1f870000 - 0x00007ffc1f8a4000 	C:\WINDOWS\SYSTEM32\WINMM.dll
0x00007ffbe97a0000 - 0x00007ffbe97a9000 	C:\WINDOWS\SYSTEM32\WSOCK32.dll
0x00007ffc29cc0000 - 0x00007ffc29d31000 	C:\WINDOWS\System32\WS2_32.dll
0x00007ffc26f50000 - 0x00007ffc26f68000 	C:\WINDOWS\SYSTEM32\kernel.appcore.dll
0x00007ffbe9780000 - 0x00007ffbe9791000 	C:\Program Files\OpenJDK\openjdk-11.0.15_10\bin\verify.dll
0x00007ffc25990000 - 0x00007ffc25bbe000 	C:\WINDOWS\SYSTEM32\DBGHELP.DLL
0x00007ffc28f50000 - 0x00007ffc292da000 	C:\WINDOWS\System32\combase.dll
0x00007ffc2a6e0000 - 0x00007ffc2a7b7000 	C:\WINDOWS\System32\OLEAUT32.dll
0x00007ffc06f70000 - 0x00007ffc06fa2000 	C:\WINDOWS\SYSTEM32\dbgcore.DLL
0x00007ffc280a0000 - 0x00007ffc2811a000 	C:\WINDOWS\System32\bcryptPrimitives.dll
0x00007ffbe7600000 - 0x00007ffbe7629000 	C:\Program Files\OpenJDK\openjdk-11.0.15_10\bin\java.dll
0x00007ffbd8900000 - 0x00007ffbd890a000 	C:\Program Files\OpenJDK\openjdk-11.0.15_10\bin\jimage.dll
0x00007ffbd88e0000 - 0x00007ffbd88f8000 	C:\Program Files\OpenJDK\openjdk-11.0.15_10\bin\zip.dll
0x00007ffc29e50000 - 0x00007ffc2a673000 	C:\WINDOWS\System32\SHELL32.dll
0x00007ffc25ec0000 - 0x00007ffc267aa000 	C:\WINDOWS\SYSTEM32\windows.storage.dll
0x00007ffc25d80000 - 0x00007ffc25ebe000 	C:\WINDOWS\SYSTEM32\wintypes.dll
0x00007ffc28c30000 - 0x00007ffc28d23000 	C:\WINDOWS\System32\SHCORE.dll
0x00007ffc29df0000 - 0x00007ffc29e4e000 	C:\WINDOWS\System32\shlwapi.dll
0x00007ffc27eb0000 - 0x00007ffc27ed6000 	C:\WINDOWS\SYSTEM32\profapi.dll
0x00007ffbd88c0000 - 0x00007ffbd88d9000 	C:\Program Files\OpenJDK\openjdk-11.0.15_10\bin\net.dll
0x00007ffc1f0f0000 - 0x00007ffc1f227000 	C:\WINDOWS\SYSTEM32\WINHTTP.dll
0x00007ffc27430000 - 0x00007ffc27499000 	C:\WINDOWS\system32\mswsock.dll
0x00007ffbd88a0000 - 0x00007ffbd88b3000 	C:\Program Files\OpenJDK\openjdk-11.0.15_10\bin\nio.dll
0x00007ffbbda70000 - 0x00007ffbbda97000 	C:\Users\hang\.gradle\native\68d5fa5c4cc2d200863cafc0d521ce42e7d3e7ee720ec0a83991735586a16f82\windows-amd64\native-platform.dll
0x00007ffb88cf0000 - 0x00007ffb88e34000 	C:\Users\hang\.gradle\native\e376f236ea51e6404a007f0833ffe2c6e607c4080706a723a18a27aeea778392\windows-amd64\native-platform-file-events.dll
0x00007ffbf33b0000 - 0x00007ffbf33b9000 	C:\Program Files\OpenJDK\openjdk-11.0.15_10\bin\management.dll
0x00007ffbf33a0000 - 0x00007ffbf33ac000 	C:\Program Files\OpenJDK\openjdk-11.0.15_10\bin\management_ext.dll
0x00007ffc276a0000 - 0x00007ffc276bb000 	C:\WINDOWS\SYSTEM32\CRYPTSP.dll
0x00007ffc26f10000 - 0x00007ffc26f45000 	C:\WINDOWS\system32\rsaenh.dll
0x00007ffc27540000 - 0x00007ffc2756c000 	C:\WINDOWS\SYSTEM32\USERENV.dll
0x00007ffc27840000 - 0x00007ffc27868000 	C:\WINDOWS\SYSTEM32\bcrypt.dll
0x00007ffc276c0000 - 0x00007ffc276cc000 	C:\WINDOWS\SYSTEM32\CRYPTBASE.dll
0x00007ffc26a50000 - 0x00007ffc26a7d000 	C:\WINDOWS\SYSTEM32\IPHLPAPI.DLL
0x00007ffc2a7c0000 - 0x00007ffc2a7c9000 	C:\WINDOWS\System32\NSI.dll
0x00007ffc1eea0000 - 0x00007ffc1eeb9000 	C:\WINDOWS\SYSTEM32\dhcpcsvc6.DLL
0x00007ffc1ee80000 - 0x00007ffc1ee9f000 	C:\WINDOWS\SYSTEM32\dhcpcsvc.DLL
0x00007ffc26a80000 - 0x00007ffc26b72000 	C:\WINDOWS\SYSTEM32\DNSAPI.dll

dbghelp: loaded successfully - version: 4.0.5 - missing functions: none
symbol engine: initialized successfully - sym options: 0x614 - pdb path: .;C:\Program Files\OpenJDK\openjdk-11.0.15_10\bin;C:\WINDOWS\SYSTEM32;C:\WINDOWS\WinSxS\amd64_microsoft.windows.common-controls_6595b64144ccf1df_6.0.22621.2215_none_270d72677387dfc3;C:\Program Files\OpenJDK\openjdk-11.0.15_10\bin\server;C:\Users\hang\.gradle\native\68d5fa5c4cc2d200863cafc0d521ce42e7d3e7ee720ec0a83991735586a16f82\windows-amd64;C:\Users\hang\.gradle\native\e376f236ea51e6404a007f0833ffe2c6e607c4080706a723a18a27aeea778392\windows-amd64

VM Arguments:
jvm_args: -XX:MaxMetaspaceSize=512m --add-opens=java.base/java.util=ALL-UNNAMED --add-opens=java.base/java.lang=ALL-UNNAMED --add-opens=java.base/java.lang.invoke=ALL-UNNAMED --add-opens=java.prefs/java.util.prefs=ALL-UNNAMED --add-opens=java.base/java.nio.charset=ALL-UNNAMED --add-opens=java.base/java.net=ALL-UNNAMED --add-opens=java.base/java.util.concurrent.atomic=ALL-UNNAMED -Xmx2048m -Dfile.encoding=windows-1252 -Duser.country=US -Duser.language=en -Duser.variant 
java_command: org.gradle.launcher.daemon.bootstrap.GradleDaemon 8.0.1
java_class_path (initial): C:\Users\hang\.gradle\wrapper\dists\gradle-8.0.1-all\aro4hu1c3oeioove7l0i4i14o\gradle-8.0.1\lib\gradle-launcher-8.0.1.jar
Launcher Type: SUN_STANDARD

[Global flags]
     intx CICompilerCount                          = 4                                         {product} {ergonomic}
   size_t CompressedClassSpaceSize                 = 528482304                                 {product} {ergonomic}
     uint ConcGCThreads                            = 3                                         {product} {ergonomic}
     uint G1ConcRefinementThreads                  = 10                                        {product} {ergonomic}
   size_t G1HeapRegionSize                         = 1048576                                   {product} {ergonomic}
    uintx GCDrainStackTargetSize                   = 64                                        {product} {ergonomic}
   size_t InitialHeapSize                          = 123731968                                 {product} {ergonomic}
   size_t MarkStackSize                            = 4194304                                   {product} {ergonomic}
   size_t MaxHeapSize                              = 2147483648                                {product} {command line}
   size_t MaxMetaspaceSize                         = 536870912                                 {product} {command line}
   size_t MaxNewSize                               = 1287651328                                {product} {ergonomic}
   size_t MinHeapDeltaBytes                        = 1048576                                   {product} {ergonomic}
    uintx NonNMethodCodeHeapSize                   = 5836300                                {pd product} {ergonomic}
    uintx NonProfiledCodeHeapSize                  = 122910970                              {pd product} {ergonomic}
    uintx ProfiledCodeHeapSize                     = 122910970                              {pd product} {ergonomic}
    uintx ReservedCodeCacheSize                    = 251658240                              {pd product} {ergonomic}
     bool SegmentedCodeCache                       = true                                      {product} {ergonomic}
     bool UseCompressedClassPointers               = true                                 {lp64_product} {ergonomic}
     bool UseCompressedOops                        = true                                 {lp64_product} {ergonomic}
     bool UseG1GC                                  = true                                      {product} {ergonomic}
     bool UseLargePagesIndividualAllocation        = false                                  {pd product} {ergonomic}

Logging:
Log output configuration:
 #0: stdout all=warning uptime,level,tags
 #1: stderr all=off uptime,level,tags

Environment Variables:
JAVA_HOME=C:\Program Files\OpenJDK\openjdk-11.0.15_10
CLASSPATH=C:\Users\hang\Documents\CLIPAPP\appclip\android\\gradle\wrapper\gradle-wrapper.jar
PATH=C:\Users\hang\Documents\CLIPAPP\appclip\node_modules\.bin;C:\Users\hang\Documents\CLIPAPP\node_modules\.bin;C:\Users\hang\Documents\node_modules\.bin;C:\Users\hang\node_modules\.bin;C:\Users\node_modules\.bin;C:\node_modules\.bin;C:\Program Files\nodejs\node_modules\npm\node_modules\@npmcli\run-script\lib\node-gyp-bin;C:\Users\hang\Documents\CLIPAPP\appclip\node_modules\.bin;C:\Users\hang\Documents\CLIPAPP\node_modules\.bin;C:\Users\hang\Documents\node_modules\.bin;C:\Users\hang\node_modules\.bin;C:\Users\node_modules\.bin;C:\node_modules\.bin;C:\Program Files\nodejs\node_modules\npm\node_modules\@npmcli\run-script\lib\node-gyp-bin;C:\Program Files\Microsoft\jdk-11.0.18.10-hotspot\bin;C:\Program Files (x86)\Common Files\Oracle\Java\javapath;C:\Windows\system32;C:\Windows;C:\Windows\System32\Wbem;C:\Windows\System32\WindowsPowerShell\v1.0\;C:\Windows\System32\OpenSSH\;C:\Program Files\NVIDIA Corporation\NVIDIA NvDLISR;C:\Program Files\Microsoft SQL Server\150\Tools\Binn\;C:\Program Files\Microsoft SQL Server\Client SDK\ODBC\170\Tools\Binn\;C:\Program Files\nodejs\;C:\ProgramData\chocolatey\bin;C:\Program Files\OpenJDK\openjdk-11.0.15_10\bin;C:\Program Files (x86)\Microsoft SQL Server\150\DTS\Binn\;C:\Program Files\Azure Data Studio\bin;C:\Program Files (x86)\Microsoft SQL Server\150\Tools\Binn\;C:\Program Files\Microsoft SQL Server\150\DTS\Binn\;C:\Program Files\Git\cmd;C:\Program Files\dotnet\;C:\WINDOWS\system32;C:\WINDOWS;C:\WINDOWS\System32\Wbem;C:\WINDOWS\System32\WindowsPowerShell\v1.0\;C:\WINDOWS\System32\OpenSSH\;C:\Users\hang\AppData\Local\Pub\Cache\bin;C:\Users\hang\AppData\Local\Yarn\Data\global;C:\Users\hang\AppData\Roaming\npm\node_modules\@tensorflow\tfjs-converter;;C:\Program Files\Docker\Docker\resources\bin;C:\Users\hang\AppData\Local\Programs\Python\Python310\Scripts\;C:\Users\hang\AppData\Local\Programs\Python\Python310\;C:\Users\hang\AppData\Local\Microsoft\WindowsApps;C:\Users\hang\AppData\Local\Programs\Microsoft VS Code\bin;C:\Users\hang\AppD
USERNAME=hang
LANG=en_US.UTF-8
OS=Windows_NT
PROCESSOR_IDENTIFIER=AMD64 Family 23 Model 104 Stepping 1, AuthenticAMD



---------------  S Y S T E M  ---------------

OS: Windows 11 , 64 bit Build 22621 (10.0.22621.2215)
OS uptime: 0 days 0:05 hours
Hyper-V role detected

CPU:total 12 (initial active 12) (12 cores per cpu, 2 threads per core) family 23 model 104 stepping 1 microcode 0x0, cmov, cx8, fxsr, mmx, sse, sse2, sse3, ssse3, sse4.1, sse4.2, popcnt, avx, avx2, aes, clmul, mmxext, 3dnowpref, lzcnt, sse4a, ht, tsc, tscinvbit, tscinv, bmi1, bmi2, adx, sha, fma

Memory: 4k page, system-wide physical 7530M (228M free)
TotalPageFile size 13392M (AvailPageFile size 0M)
current process WorkingSet (physical memory assigned to process): 426M, peak: 426M
current process commit charge ("private bytes"): 520M, peak: 524M

vm_info: OpenJDK 64-Bit Server VM (11.0.15+10) for windows-amd64 JRE (11.0.15+10), built on Apr 21 2022 21:29:46 by "tester" with MS VC++ 15.5 (VS2017)

END.
