#
# There is insufficient memory for the Java Runtime Environment to continue.
# Native memory allocation (malloc) failed to allocate 2150416 bytes for Chunk::new
# Possible reasons:
#   The system is out of physical RAM or swap space
#   The process is running with CompressedOops enabled, and the Java Heap may be blocking the growth of the native heap
# Possible solutions:
#   Reduce memory load on the system
#   Increase physical memory or swap space
#   Check if swap backing store is full
#   Decrease Java heap size (-Xmx/-Xms)
#   Decrease number of Java threads
#   Decrease Java thread stack sizes (-Xss)
#   Set larger code cache with -XX:ReservedCodeCacheSize=
#   JVM is running with Unscaled Compressed Oops mode in which the Java heap is
#     placed in the first 4GB address space. The Java Heap base address is the
#     maximum limit for the native heap growth. Please use -XX:HeapBaseMinAddress
#     to set the Java Heap base and to place the Java Heap above 4GB virtual address.
# This output file may be truncated or incomplete.
#
#  Out of Memory Error (./src/hotspot/share/memory/arena.cpp:197), pid=5552, tid=9544
#
# JRE version: OpenJDK Runtime Environment 18.9 (11.0.15+10) (build 11.0.15+10)
# Java VM: OpenJDK 64-Bit Server VM 18.9 (11.0.15+10, mixed mode, tiered, compressed oops, g1 gc, windows-amd64)
# No core dump will be written. Minidumps are not enabled by default on client versions of Windows
#

---------------  S U M M A R Y ------------

Command Line: -XX:MaxMetaspaceSize=512m --add-opens=java.base/java.util=ALL-UNNAMED --add-opens=java.base/java.lang=ALL-UNNAMED --add-opens=java.base/java.lang.invoke=ALL-UNNAMED --add-opens=java.prefs/java.util.prefs=ALL-UNNAMED --add-opens=java.base/java.nio.charset=ALL-UNNAMED --add-opens=java.base/java.net=ALL-UNNAMED --add-opens=java.base/java.util.concurrent.atomic=ALL-UNNAMED -Xmx2048m -Dfile.encoding=windows-1252 -Duser.country=US -Duser.language=en -Duser.variant org.gradle.launcher.daemon.bootstrap.GradleDaemon 8.0.1

Host: AMD Ryzen 5 5500U with Radeon Graphics         , 12 cores, 7G,  Windows 11 , 64 bit Build 22621 (10.0.22621.2215)
Time: Tue Oct  3 11:36:55 2023 SE Asia Standard Time elapsed time: 48.307127 seconds (0d 0h 0m 48s)

---------------  T H R E A D  ---------------

Current thread (0x00000289795ff800):  JavaThread "C2 CompilerThread0" daemon [_thread_in_native, id=9544, stack(0x000000a5e6700000,0x000000a5e6800000)]


Current CompileTask:
C2:  48307 13717       4       org.gradle.api.internal.provider.DefaultValueSourceProviderFactory$ValueSourceProvider::calculateOwnValue (14 bytes)

Stack: [0x000000a5e6700000,0x000000a5e6800000]
Native frames: (J=compiled Java code, j=interpreted, Vv=VM code, C=native code)
V  [jvm.dll+0x64dd3a]
V  [jvm.dll+0x7906c9]
V  [jvm.dll+0x791d9c]
V  [jvm.dll+0x792463]
V  [jvm.dll+0x265048]
V  [jvm.dll+0xc9da1]
V  [jvm.dll+0xca35c]
V  [jvm.dll+0x37c122]
V  [jvm.dll+0x347153]
V  [jvm.dll+0x34647a]
V  [jvm.dll+0x21e085]
V  [jvm.dll+0x21d25a]
V  [jvm.dll+0x19dd21]
V  [jvm.dll+0x22cc80]
V  [jvm.dll+0x22af81]
V  [jvm.dll+0x75254c]
V  [jvm.dll+0x74b12d]
V  [jvm.dll+0x64c8a6]
C  [ucrtbase.dll+0x29363]
C  [KERNEL32.DLL+0x1257d]
C  [ntdll.dll+0x5aa68]


---------------  P R O C E S S  ---------------

Threads class SMR info:
_java_thread_list=0x0000028902ec1ab0, length=185, elements={
0x000002895a0f0000, 0x00000289795ef800, 0x00000289795f3800, 0x0000028979f73000,
0x00000289795fb000, 0x00000289795fc000, 0x00000289795ff800, 0x0000028979605800,
0x000002897960a000, 0x000002897a0b3800, 0x000002897b10b800, 0x000002897a1c4800,
0x000002897b3df000, 0x000002897b185800, 0x000002897c124800, 0x000002897b8c9800,
0x000002897ba94800, 0x000002897b4cb000, 0x000002897b76c000, 0x000002897b76f000,
0x000002897b76b000, 0x000002897b76a000, 0x000002897b770000, 0x000002897b76d800,
0x000002897b76e800, 0x000002897b770800, 0x000002897b76c800, 0x000002897cac0000,
0x000002897cac5000, 0x000002897cac4000, 0x000002897cabf000, 0x000002897cac1000,
0x000002897cac6800, 0x000002897cac5800, 0x000002897cac1800, 0x000002897cac2800,
0x000002897cac8000, 0x000002897cac9000, 0x000002897cac3000, 0x000002897caca800,
0x000002897cac9800, 0x000002897cacb800, 0x000002897cace000, 0x000002897cacc000,
0x000002897cacd000, 0x000002897c288800, 0x000002897c28c000, 0x000002897c28b000,
0x000002897c28c800, 0x000002897c289800, 0x000002897c28d800, 0x000002897c287800,
0x000002897c28a000, 0x000002897c28e000, 0x000002897c66a800, 0x000002897c66a000,
0x000002897c66b800, 0x000002897c66e000, 0x000002897c66d000, 0x000002897c669000,
0x000002897c66e800, 0x000002897c670800, 0x000002897c66f800, 0x000002897c66c800,
0x000002897c677000, 0x000002897c674800, 0x000002897c673800, 0x000002897c671000,
0x000002897c676000, 0x000002897c673000, 0x000002897c675800, 0x000002897c677800,
0x000002897c672000, 0x000002897af51800, 0x000002897af53000, 0x000002897af4e000,
0x000002897af50800, 0x000002897af54000, 0x000002897af54800, 0x000002897af4f000,
0x000002897af55800, 0x000002897af50000, 0x000002897af59800, 0x000002897af5b800,
0x000002897af5a800, 0x000002897af56800, 0x000002897af59000, 0x000002897af57000,
0x000002897af5c000, 0x000002897af5d000, 0x000002897af58000, 0x0000028900253800,
0x0000028900251000, 0x0000028900254800, 0x0000028900256000, 0x0000028900250000,
0x0000028900257000, 0x0000028900255000, 0x0000028900252800, 0x0000028900257800,
0x0000028900252000, 0x000002890025e000, 0x000002890025d800, 0x000002890025a000,
0x000002890025b000, 0x0000028900258800, 0x000002890025b800, 0x000002890025f000,
0x000002890025c800, 0x0000028900259000, 0x000002890312e800, 0x000002890312c000,
0x000002890312f000, 0x0000028903129800, 0x0000028903130000, 0x000002890312c800,
0x000002890312a000, 0x0000028903130800, 0x000002890312b000, 0x0000028903131800,
0x0000028903132800, 0x000002890312d800, 0x0000028903138000, 0x0000028903134000,
0x0000028903135800, 0x0000028903133000, 0x0000028903136800, 0x0000028903135000,
0x0000028903137000, 0x000002897d543800, 0x000002897d53e000, 0x000002897d544800,
0x000002897d543000, 0x000002897d53f000, 0x000002897d545800, 0x000002897d53f800,
0x000002897d546000, 0x000002897d541000, 0x000002897d542000, 0x000002897d540800,
0x000002897d54c000, 0x000002897d54c800, 0x000002897d547000, 0x000002897d548000,
0x000002897d548800, 0x000002897d54b000, 0x000002897d549800, 0x000002897d54a000,
0x0000028902d6e800, 0x0000028902d72000, 0x0000028902d73000, 0x0000028902d73800,
0x0000028902d74800, 0x0000028902d75000, 0x0000028902d70800, 0x0000028902d71000,
0x0000028902d6f800, 0x0000028902d79800, 0x0000028902d76000, 0x0000028902d78800,
0x0000028902d7a000, 0x0000028902d7b000, 0x0000028902d7c000, 0x0000028902d7c800,
0x0000028902d77000, 0x0000028902d7d800, 0x0000028902d77800, 0x000002890316d800,
0x000002890316f000, 0x000002890316b000, 0x000002890316c000, 0x000002890316e000,
0x000002890316a000, 0x000002890316c800, 0x0000028903169800, 0x0000028903170800,
0x0000028903174000, 0x0000028903172800, 0x0000028903175000, 0x0000028903170000,
0x0000028903171800, 0x0000028903173000, 0x0000028903175800, 0x0000028903177000,
0x0000028903176800
}

Java Threads: ( => current thread )
  0x000002895a0f0000 JavaThread "main" [_thread_blocked, id=4880, stack(0x000000a5e5b00000,0x000000a5e5c00000)]
  0x00000289795ef800 JavaThread "Reference Handler" daemon [_thread_blocked, id=14208, stack(0x000000a5e6200000,0x000000a5e6300000)]
  0x00000289795f3800 JavaThread "Finalizer" daemon [_thread_blocked, id=11288, stack(0x000000a5e6300000,0x000000a5e6400000)]
  0x0000028979f73000 JavaThread "Signal Dispatcher" daemon [_thread_blocked, id=5824, stack(0x000000a5e6400000,0x000000a5e6500000)]
  0x00000289795fb000 JavaThread "Attach Listener" daemon [_thread_blocked, id=13168, stack(0x000000a5e6500000,0x000000a5e6600000)]
  0x00000289795fc000 JavaThread "Service Thread" daemon [_thread_blocked, id=19816, stack(0x000000a5e6600000,0x000000a5e6700000)]
=>0x00000289795ff800 JavaThread "C2 CompilerThread0" daemon [_thread_in_native, id=9544, stack(0x000000a5e6700000,0x000000a5e6800000)]
  0x0000028979605800 JavaThread "C1 CompilerThread0" daemon [_thread_blocked, id=16396, stack(0x000000a5e6800000,0x000000a5e6900000)]
  0x000002897960a000 JavaThread "Sweeper thread" daemon [_thread_blocked, id=17972, stack(0x000000a5e6900000,0x000000a5e6a00000)]
  0x000002897a0b3800 JavaThread "Common-Cleaner" daemon [_thread_blocked, id=15860, stack(0x000000a5e6a00000,0x000000a5e6b00000)]
  0x000002897b10b800 JavaThread "Daemon health stats" [_thread_blocked, id=4520, stack(0x000000a5e6e00000,0x000000a5e6f00000)]
  0x000002897a1c4800 JavaThread "Incoming local TCP Connector on port 49955" [_thread_in_native, id=17992, stack(0x000000a5e6c00000,0x000000a5e6d00000)]
  0x000002897b3df000 JavaThread "Daemon periodic checks" [_thread_blocked, id=15772, stack(0x000000a5e6f00000,0x000000a5e7000000)]
  0x000002897b185800 JavaThread "Daemon" [_thread_blocked, id=4636, stack(0x000000a5e7000000,0x000000a5e7100000)]
  0x000002897c124800 JavaThread "Handler for socket connection from /127.0.0.1:49955 to /127.0.0.1:49957" [_thread_in_native, id=15664, stack(0x000000a5e7100000,0x000000a5e7200000)]
  0x000002897b8c9800 JavaThread "Cancel handler" [_thread_blocked, id=10980, stack(0x000000a5e7200000,0x000000a5e7300000)]
  0x000002897ba94800 JavaThread "Daemon worker" [_thread_in_vm, id=15780, stack(0x000000a5e7300000,0x000000a5e7400000)]
  0x000002897b4cb000 JavaThread "Asynchronous log dispatcher for DefaultDaemonConnection: socket connection from /127.0.0.1:49955 to /127.0.0.1:49957" [_thread_blocked, id=3812, stack(0x000000a5e7400000,0x000000a5e7500000)]
  0x000002897b76c000 JavaThread "Stdin handler" [_thread_blocked, id=1260, stack(0x000000a5e7500000,0x000000a5e7600000)]
  0x000002897b76f000 JavaThread "Daemon client event forwarder" [_thread_blocked, id=16716, stack(0x000000a5e7600000,0x000000a5e7700000)]
  0x000002897b76b000 JavaThread "Cache worker for journal cache (C:\Users\hang\.gradle\caches\journal-1)" [_thread_blocked, id=3036, stack(0x000000a5e8100000,0x000000a5e8200000)]
  0x000002897b76a000 JavaThread "File lock request listener" [_thread_in_native, id=12124, stack(0x000000a5e8200000,0x000000a5e8300000)]
  0x000002897b770000 JavaThread "Cache worker for file hash cache (C:\Users\hang\.gradle\caches\8.0.1\fileHashes)" [_thread_blocked, id=9460, stack(0x000000a5e8500000,0x000000a5e8600000)]
  0x000002897b76d800 JavaThread "File watcher server" daemon [_thread_in_native, id=17476, stack(0x000000a5e8600000,0x000000a5e8700000)]
  0x000002897b76e800 JavaThread "File watcher consumer" daemon [_thread_blocked, id=7252, stack(0x000000a5e8700000,0x000000a5e8800000)]
  0x000002897b770800 JavaThread "Cache worker for checksums cache (C:\Users\hang\Documents\CLIPAPP\appclip\android\.gradle\8.0.1\checksums)" [_thread_blocked, id=8564, stack(0x000000a5e8800000,0x000000a5e8900000)]
  0x000002897b76c800 JavaThread "Cache worker for cache directory md-rule (C:\Users\hang\.gradle\caches\8.0.1\md-rule)" [_thread_blocked, id=9248, stack(0x000000a5e8900000,0x000000a5e8a00000)]
  0x000002897cac0000 JavaThread "Cache worker for file content cache (C:\Users\hang\.gradle\caches\8.0.1\fileContent)" [_thread_blocked, id=8272, stack(0x000000a5e8a00000,0x000000a5e8b00000)]
  0x000002897cac5000 JavaThread "Cache worker for file hash cache (C:\Users\hang\Documents\CLIPAPP\appclip\android\.gradle\8.0.1\fileHashes)" [_thread_blocked, id=8300, stack(0x000000a5e8b00000,0x000000a5e8c00000)]
  0x000002897cac4000 JavaThread "Cache worker for cache directory md-supplier (C:\Users\hang\.gradle\caches\8.0.1\md-supplier)" [_thread_blocked, id=8344, stack(0x000000a5e8c00000,0x000000a5e8d00000)]
  0x000002897cabf000 JavaThread "Cache worker for execution history cache (C:\Users\hang\.gradle\caches\8.0.1\executionHistory)" [_thread_blocked, id=8368, stack(0x000000a5e8d00000,0x000000a5e8e00000)]
  0x000002897cac1000 JavaThread "jar transforms" [_thread_blocked, id=9312, stack(0x000000a5e8e00000,0x000000a5e8f00000)]
  0x000002897cac6800 JavaThread "jar transforms Thread 2" [_thread_blocked, id=8372, stack(0x000000a5e8f00000,0x000000a5e9000000)]
  0x000002897cac5800 JavaThread "jar transforms Thread 3" [_thread_blocked, id=8304, stack(0x000000a5e9000000,0x000000a5e9100000)]
  0x000002897cac1800 JavaThread "jar transforms Thread 4" [_thread_blocked, id=7212, stack(0x000000a5e9100000,0x000000a5e9200000)]
  0x000002897cac2800 JavaThread "File lock release action executor" [_thread_blocked, id=11552, stack(0x000000a5e9200000,0x000000a5e9300000)]
  0x000002897cac8000 JavaThread "Cache worker for kotlin-dsl (C:\Users\hang\.gradle\caches\8.0.1\kotlin-dsl)" [_thread_blocked, id=15672, stack(0x000000a5e9300000,0x000000a5e9400000)]
  0x000002897cac9000 JavaThread "jar transforms Thread 5" [_thread_blocked, id=3308, stack(0x000000a5e9400000,0x000000a5e9500000)]
  0x000002897cac3000 JavaThread "jar transforms Thread 6" [_thread_blocked, id=20312, stack(0x000000a5e9500000,0x000000a5e9600000)]
  0x000002897caca800 JavaThread "Cache worker for dependencies-accessors (C:\Users\hang\Documents\CLIPAPP\appclip\android\.gradle\8.0.1\dependencies-accessors)" [_thread_blocked, id=16020, stack(0x000000a5e9600000,0x000000a5e9700000)]
  0x000002897cac9800 JavaThread "Cache worker for Build Output Cleanup Cache (C:\Users\hang\Documents\CLIPAPP\appclip\node_modules\@react-native\gradle-plugin\.gradle\buildOutputCleanup)" [_thread_blocked, id=12576, stack(0x000000a5e9700000,0x000000a5e9800000)]
  0x000002897cacb800 JavaThread "jar transforms Thread 7" [_thread_blocked, id=6156, stack(0x000000a5e9800000,0x000000a5e9900000)]
  0x000002897cace000 JavaThread "Unconstrained build operations" [_thread_blocked, id=5004, stack(0x000000a5e9900000,0x000000a5e9a00000)]
  0x000002897cacc000 JavaThread "Unconstrained build operations Thread 2" [_thread_blocked, id=19036, stack(0x000000a5e9a00000,0x000000a5e9b00000)]
  0x000002897cacd000 JavaThread "Unconstrained build operations Thread 3" [_thread_blocked, id=3044, stack(0x000000a5e9b00000,0x000000a5e9c00000)]
  0x000002897c288800 JavaThread "Unconstrained build operations Thread 4" [_thread_blocked, id=3272, stack(0x000000a5e9c00000,0x000000a5e9d00000)]
  0x000002897c28c000 JavaThread "Unconstrained build operations Thread 5" [_thread_blocked, id=4376, stack(0x000000a5e9d00000,0x000000a5e9e00000)]
  0x000002897c28b000 JavaThread "Unconstrained build operations Thread 6" [_thread_blocked, id=3184, stack(0x000000a5e9e00000,0x000000a5e9f00000)]
  0x000002897c28c800 JavaThread "Unconstrained build operations Thread 7" [_thread_blocked, id=1732, stack(0x000000a5e9f00000,0x000000a5ea000000)]
  0x000002897c289800 JavaThread "Unconstrained build operations Thread 8" [_thread_blocked, id=5452, stack(0x000000a5ea000000,0x000000a5ea100000)]
  0x000002897c28d800 JavaThread "Unconstrained build operations Thread 9" [_thread_blocked, id=8048, stack(0x000000a5ea100000,0x000000a5ea200000)]
  0x000002897c287800 JavaThread "Unconstrained build operations Thread 10" [_thread_blocked, id=6460, stack(0x000000a5ea200000,0x000000a5ea300000)]
  0x000002897c28a000 JavaThread "Unconstrained build operations Thread 11" [_thread_blocked, id=4180, stack(0x000000a5ea300000,0x000000a5ea400000)]
  0x000002897c28e000 JavaThread "Unconstrained build operations Thread 12" [_thread_blocked, id=5972, stack(0x000000a5ea400000,0x000000a5ea500000)]
  0x000002897c66a800 JavaThread "Unconstrained build operations Thread 13" [_thread_blocked, id=8792, stack(0x000000a5ea500000,0x000000a5ea600000)]
  0x000002897c66a000 JavaThread "Unconstrained build operations Thread 14" [_thread_blocked, id=5776, stack(0x000000a5ea600000,0x000000a5ea700000)]
  0x000002897c66b800 JavaThread "Unconstrained build operations Thread 15" [_thread_blocked, id=5156, stack(0x000000a5ea700000,0x000000a5ea800000)]
  0x000002897c66e000 JavaThread "Unconstrained build operations Thread 16" [_thread_blocked, id=5656, stack(0x000000a5ea800000,0x000000a5ea900000)]
  0x000002897c66d000 JavaThread "Unconstrained build operations Thread 17" [_thread_blocked, id=4988, stack(0x000000a5ea900000,0x000000a5eaa00000)]
  0x000002897c669000 JavaThread "Unconstrained build operations Thread 18" [_thread_blocked, id=6848, stack(0x000000a5eaa00000,0x000000a5eab00000)]
  0x000002897c66e800 JavaThread "Unconstrained build operations Thread 19" [_thread_blocked, id=9820, stack(0x000000a5eab00000,0x000000a5eac00000)]
  0x000002897c670800 JavaThread "Unconstrained build operations Thread 20" [_thread_blocked, id=6808, stack(0x000000a5eac00000,0x000000a5ead00000)]
  0x000002897c66f800 JavaThread "Unconstrained build operations Thread 21" [_thread_blocked, id=6908, stack(0x000000a5ead00000,0x000000a5eae00000)]
  0x000002897c66c800 JavaThread "Unconstrained build operations Thread 22" [_thread_blocked, id=16488, stack(0x000000a5eae00000,0x000000a5eaf00000)]
  0x000002897c677000 JavaThread "Unconstrained build operations Thread 23" [_thread_blocked, id=3012, stack(0x000000a5eaf00000,0x000000a5eb000000)]
  0x000002897c674800 JavaThread "Unconstrained build operations Thread 24" [_thread_blocked, id=3016, stack(0x000000a5eb000000,0x000000a5eb100000)]
  0x000002897c673800 JavaThread "Unconstrained build operations Thread 25" [_thread_blocked, id=9396, stack(0x000000a5eb100000,0x000000a5eb200000)]
  0x000002897c671000 JavaThread "Unconstrained build operations Thread 26" [_thread_blocked, id=10796, stack(0x000000a5eb200000,0x000000a5eb300000)]
  0x000002897c676000 JavaThread "jar transforms Thread 8" [_thread_blocked, id=10832, stack(0x000000a5eb300000,0x000000a5eb400000)]
  0x000002897c673000 JavaThread "jar transforms Thread 9" [_thread_blocked, id=3320, stack(0x000000a5eb400000,0x000000a5eb500000)]
  0x000002897c675800 JavaThread "jar transforms Thread 10" [_thread_blocked, id=12176, stack(0x000000a5eb500000,0x000000a5eb600000)]
  0x000002897c677800 JavaThread "jar transforms Thread 11" [_thread_blocked, id=3312, stack(0x000000a5eb600000,0x000000a5eb700000)]
  0x000002897c672000 JavaThread "jar transforms Thread 12" [_thread_blocked, id=3352, stack(0x000000a5eb700000,0x000000a5eb800000)]
  0x000002897af51800 JavaThread "Memory manager" [_thread_blocked, id=13852, stack(0x000000a5eb800000,0x000000a5eb900000)]
  0x000002897af53000 JavaThread "Cache worker for Build Output Cleanup Cache (C:\Users\hang\Documents\CLIPAPP\appclip\android\.gradle\buildOutputCleanup)" [_thread_blocked, id=7820, stack(0x000000a5eba00000,0x000000a5ebb00000)]
  0x000002897af4e000 JavaThread "included builds" [_thread_blocked, id=13748, stack(0x000000a5ebb00000,0x000000a5ebc00000)]
  0x000002897af50800 JavaThread "Execution worker" [_thread_blocked, id=5464, stack(0x000000a5ebc00000,0x000000a5ebd00000)]
  0x000002897af54000 JavaThread "Execution worker Thread 2" [_thread_blocked, id=9548, stack(0x000000a5ebd00000,0x000000a5ebe00000)]
  0x000002897af54800 JavaThread "Execution worker Thread 3" [_thread_blocked, id=20320, stack(0x000000a5ebe00000,0x000000a5ebf00000)]
  0x000002897af4f000 JavaThread "Execution worker Thread 4" [_thread_blocked, id=4820, stack(0x000000a5ebf00000,0x000000a5ec000000)]
  0x000002897af55800 JavaThread "Execution worker Thread 5" [_thread_blocked, id=7736, stack(0x000000a5ec000000,0x000000a5ec100000)]
  0x000002897af50000 JavaThread "Execution worker Thread 6" [_thread_blocked, id=19992, stack(0x000000a5ec100000,0x000000a5ec200000)]
  0x000002897af59800 JavaThread "Execution worker Thread 7" [_thread_blocked, id=13272, stack(0x000000a5ec200000,0x000000a5ec300000)]
  0x000002897af5b800 JavaThread "Execution worker Thread 8" [_thread_blocked, id=3868, stack(0x000000a5ec300000,0x000000a5ec400000)]
  0x000002897af5a800 JavaThread "Execution worker Thread 9" [_thread_blocked, id=12436, stack(0x000000a5ec400000,0x000000a5ec500000)]
  0x000002897af56800 JavaThread "Execution worker Thread 10" [_thread_blocked, id=12412, stack(0x000000a5ec500000,0x000000a5ec600000)]
  0x000002897af59000 JavaThread "Execution worker Thread 11" [_thread_blocked, id=20168, stack(0x000000a5ec600000,0x000000a5ec700000)]
  0x000002897af57000 JavaThread "Cache worker for execution history cache (C:\Users\hang\Documents\CLIPAPP\appclip\node_modules\@react-native\gradle-plugin\.gradle\8.0.1\executionHistory)" [_thread_blocked, id=13940, stack(0x000000a5ec700000,0x000000a5ec800000)]
  0x000002897af5c000 JavaThread "Unconstrained build operations Thread 27" [_thread_blocked, id=7444, stack(0x000000a5ec800000,0x000000a5ec900000)]
  0x000002897af5d000 JavaThread "Unconstrained build operations Thread 28" [_thread_blocked, id=14848, stack(0x000000a5ec900000,0x000000a5eca00000)]
  0x000002897af58000 JavaThread "Unconstrained build operations Thread 29" [_thread_blocked, id=3084, stack(0x000000a5eca00000,0x000000a5ecb00000)]
  0x0000028900253800 JavaThread "Unconstrained build operations Thread 30" [_thread_blocked, id=19208, stack(0x000000a5ecb00000,0x000000a5ecc00000)]
  0x0000028900251000 JavaThread "Unconstrained build operations Thread 31" [_thread_blocked, id=19216, stack(0x000000a5eb900000,0x000000a5eba00000)]
  0x0000028900254800 JavaThread "Unconstrained build operations Thread 32" [_thread_blocked, id=2724, stack(0x000000a5ecc00000,0x000000a5ecd00000)]
  0x0000028900256000 JavaThread "Unconstrained build operations Thread 33" [_thread_blocked, id=10308, stack(0x000000a5ecd00000,0x000000a5ece00000)]
  0x0000028900250000 JavaThread "Unconstrained build operations Thread 34" [_thread_blocked, id=4224, stack(0x000000a5ece00000,0x000000a5ecf00000)]
  0x0000028900257000 JavaThread "Unconstrained build operations Thread 35" [_thread_blocked, id=18128, stack(0x000000a5ecf00000,0x000000a5ed000000)]
  0x0000028900255000 JavaThread "Unconstrained build operations Thread 36" [_thread_blocked, id=11592, stack(0x000000a5ed000000,0x000000a5ed100000)]
  0x0000028900252800 JavaThread "Unconstrained build operations Thread 37" [_thread_blocked, id=14856, stack(0x000000a5ed100000,0x000000a5ed200000)]
  0x0000028900257800 JavaThread "Unconstrained build operations Thread 38" [_thread_blocked, id=13916, stack(0x000000a5ed200000,0x000000a5ed300000)]
  0x0000028900252000 JavaThread "Unconstrained build operations Thread 39" [_thread_blocked, id=14584, stack(0x000000a5ed300000,0x000000a5ed400000)]
  0x000002890025e000 JavaThread "Unconstrained build operations Thread 40" [_thread_blocked, id=19564, stack(0x000000a5ed400000,0x000000a5ed500000)]
  0x000002890025d800 JavaThread "Unconstrained build operations Thread 41" [_thread_blocked, id=2800, stack(0x000000a5ed500000,0x000000a5ed600000)]
  0x000002890025a000 JavaThread "Unconstrained build operations Thread 42" [_thread_blocked, id=10492, stack(0x000000a5ed600000,0x000000a5ed700000)]
  0x000002890025b000 JavaThread "Unconstrained build operations Thread 43" [_thread_blocked, id=19096, stack(0x000000a5ed700000,0x000000a5ed800000)]
  0x0000028900258800 JavaThread "Unconstrained build operations Thread 44" [_thread_blocked, id=10904, stack(0x000000a5ed800000,0x000000a5ed900000)]
  0x000002890025b800 JavaThread "Unconstrained build operations Thread 45" [_thread_blocked, id=7328, stack(0x000000a5ed900000,0x000000a5eda00000)]
  0x000002890025f000 JavaThread "Unconstrained build operations Thread 46" [_thread_blocked, id=12640, stack(0x000000a5eda00000,0x000000a5edb00000)]
  0x000002890025c800 JavaThread "Unconstrained build operations Thread 47" [_thread_blocked, id=10884, stack(0x000000a5edb00000,0x000000a5edc00000)]
  0x0000028900259000 JavaThread "Unconstrained build operations Thread 48" [_thread_blocked, id=20028, stack(0x000000a5edc00000,0x000000a5edd00000)]
  0x000002890312e800 JavaThread "Unconstrained build operations Thread 49" [_thread_blocked, id=8944, stack(0x000000a5edd00000,0x000000a5ede00000)]
  0x000002890312c000 JavaThread "Unconstrained build operations Thread 50" [_thread_blocked, id=19348, stack(0x000000a5ede00000,0x000000a5edf00000)]
  0x000002890312f000 JavaThread "Unconstrained build operations Thread 51" [_thread_blocked, id=9272, stack(0x000000a5edf00000,0x000000a5ee000000)]
  0x0000028903129800 JavaThread "Unconstrained build operations Thread 52" [_thread_blocked, id=13200, stack(0x000000a5ee100000,0x000000a5ee200000)]
  0x0000028903130000 JavaThread "Unconstrained build operations Thread 53" [_thread_blocked, id=8556, stack(0x000000a5ee200000,0x000000a5ee300000)]
  0x000002890312c800 JavaThread "Unconstrained build operations Thread 54" [_thread_blocked, id=14312, stack(0x000000a5ee300000,0x000000a5ee400000)]
  0x000002890312a000 JavaThread "Unconstrained build operations Thread 55" [_thread_blocked, id=2036, stack(0x000000a5ee400000,0x000000a5ee500000)]
  0x0000028903130800 JavaThread "Unconstrained build operations Thread 56" [_thread_blocked, id=11172, stack(0x000000a5ee500000,0x000000a5ee600000)]
  0x000002890312b000 JavaThread "Unconstrained build operations Thread 57" [_thread_blocked, id=14316, stack(0x000000a5ee600000,0x000000a5ee700000)]
  0x0000028903131800 JavaThread "Unconstrained build operations Thread 58" [_thread_blocked, id=15788, stack(0x000000a5ee700000,0x000000a5ee800000)]
  0x0000028903132800 JavaThread "Unconstrained build operations Thread 59" [_thread_blocked, id=18152, stack(0x000000a5ee800000,0x000000a5ee900000)]
  0x000002890312d800 JavaThread "Unconstrained build operations Thread 60" [_thread_blocked, id=14016, stack(0x000000a5ee900000,0x000000a5eea00000)]
  0x0000028903138000 JavaThread "Unconstrained build operations Thread 61" [_thread_blocked, id=7048, stack(0x000000a5eea00000,0x000000a5eeb00000)]
  0x0000028903134000 JavaThread "Unconstrained build operations Thread 62" [_thread_blocked, id=11392, stack(0x000000a5eeb00000,0x000000a5eec00000)]
  0x0000028903135800 JavaThread "Unconstrained build operations Thread 63" [_thread_blocked, id=7848, stack(0x000000a5eec00000,0x000000a5eed00000)]
  0x0000028903133000 JavaThread "Unconstrained build operations Thread 64" [_thread_blocked, id=12260, stack(0x000000a5eed00000,0x000000a5eee00000)]
  0x0000028903136800 JavaThread "Unconstrained build operations Thread 65" [_thread_blocked, id=2796, stack(0x000000a5eee00000,0x000000a5eef00000)]
  0x0000028903135000 JavaThread "Unconstrained build operations Thread 66" [_thread_blocked, id=10484, stack(0x000000a5eef00000,0x000000a5ef000000)]
  0x0000028903137000 JavaThread "Unconstrained build operations Thread 67" [_thread_blocked, id=2592, stack(0x000000a5ef000000,0x000000a5ef100000)]
  0x000002897d543800 JavaThread "Unconstrained build operations Thread 68" [_thread_blocked, id=20120, stack(0x000000a5ef100000,0x000000a5ef200000)]
  0x000002897d53e000 JavaThread "Unconstrained build operations Thread 69" [_thread_blocked, id=20220, stack(0x000000a5ef200000,0x000000a5ef300000)]
  0x000002897d544800 JavaThread "Unconstrained build operations Thread 70" [_thread_blocked, id=18332, stack(0x000000a5ef300000,0x000000a5ef400000)]
  0x000002897d543000 JavaThread "Unconstrained build operations Thread 71" [_thread_blocked, id=12304, stack(0x000000a5ef400000,0x000000a5ef500000)]
  0x000002897d53f000 JavaThread "Unconstrained build operations Thread 72" [_thread_blocked, id=18320, stack(0x000000a5ef500000,0x000000a5ef600000)]
  0x000002897d545800 JavaThread "Unconstrained build operations Thread 73" [_thread_blocked, id=7560, stack(0x000000a5ef600000,0x000000a5ef700000)]
  0x000002897d53f800 JavaThread "Unconstrained build operations Thread 74" [_thread_blocked, id=5780, stack(0x000000a5ef700000,0x000000a5ef800000)]
  0x000002897d546000 JavaThread "Unconstrained build operations Thread 75" [_thread_blocked, id=2192, stack(0x000000a5ef800000,0x000000a5ef900000)]
  0x000002897d541000 JavaThread "Unconstrained build operations Thread 76" [_thread_blocked, id=1984, stack(0x000000a5ef900000,0x000000a5efa00000)]
  0x000002897d542000 JavaThread "Unconstrained build operations Thread 77" [_thread_blocked, id=20032, stack(0x000000a5efa00000,0x000000a5efb00000)]
  0x000002897d540800 JavaThread "Unconstrained build operations Thread 78" [_thread_blocked, id=6096, stack(0x000000a5efb00000,0x000000a5efc00000)]
  0x000002897d54c000 JavaThread "Unconstrained build operations Thread 79" [_thread_blocked, id=8704, stack(0x000000a5efc00000,0x000000a5efd00000)]
  0x000002897d54c800 JavaThread "Unconstrained build operations Thread 80" [_thread_blocked, id=19360, stack(0x000000a5efd00000,0x000000a5efe00000)]
  0x000002897d547000 JavaThread "Unconstrained build operations Thread 81" [_thread_blocked, id=7180, stack(0x000000a5efe00000,0x000000a5eff00000)]
  0x000002897d548000 JavaThread "Unconstrained build operations Thread 82" [_thread_blocked, id=15492, stack(0x000000a5eff00000,0x000000a5f0000000)]
  0x000002897d548800 JavaThread "Unconstrained build operations Thread 83" [_thread_blocked, id=13316, stack(0x000000a5f0000000,0x000000a5f0100000)]
  0x000002897d54b000 JavaThread "Unconstrained build operations Thread 84" [_thread_blocked, id=2420, stack(0x000000a5f0100000,0x000000a5f0200000)]
  0x000002897d549800 JavaThread "Unconstrained build operations Thread 85" [_thread_blocked, id=14196, stack(0x000000a5f0200000,0x000000a5f0300000)]
  0x000002897d54a000 JavaThread "Unconstrained build operations Thread 86" [_thread_blocked, id=19756, stack(0x000000a5f0300000,0x000000a5f0400000)]
  0x0000028902d6e800 JavaThread "Unconstrained build operations Thread 87" [_thread_blocked, id=13148, stack(0x000000a5f0400000,0x000000a5f0500000)]
  0x0000028902d72000 JavaThread "Unconstrained build operations Thread 88" [_thread_blocked, id=15752, stack(0x000000a5f0500000,0x000000a5f0600000)]
  0x0000028902d73000 JavaThread "Unconstrained build operations Thread 89" [_thread_blocked, id=7040, stack(0x000000a5f0600000,0x000000a5f0700000)]
  0x0000028902d73800 JavaThread "Unconstrained build operations Thread 90" [_thread_blocked, id=19060, stack(0x000000a5f0700000,0x000000a5f0800000)]
  0x0000028902d74800 JavaThread "Unconstrained build operations Thread 91" [_thread_blocked, id=6264, stack(0x000000a5f0800000,0x000000a5f0900000)]
  0x0000028902d75000 JavaThread "Unconstrained build operations Thread 92" [_thread_blocked, id=15744, stack(0x000000a5f0900000,0x000000a5f0a00000)]
  0x0000028902d70800 JavaThread "Unconstrained build operations Thread 93" [_thread_blocked, id=12776, stack(0x000000a5f0a00000,0x000000a5f0b00000)]
  0x0000028902d71000 JavaThread "Unconstrained build operations Thread 94" [_thread_blocked, id=14896, stack(0x000000a5f0b00000,0x000000a5f0c00000)]
  0x0000028902d6f800 JavaThread "Unconstrained build operations Thread 95" [_thread_blocked, id=16236, stack(0x000000a5f0c00000,0x000000a5f0d00000)]
  0x0000028902d79800 JavaThread "Unconstrained build operations Thread 96" [_thread_blocked, id=20344, stack(0x000000a5f0d00000,0x000000a5f0e00000)]
  0x0000028902d76000 JavaThread "Unconstrained build operations Thread 97" [_thread_blocked, id=11412, stack(0x000000a5f0e00000,0x000000a5f0f00000)]
  0x0000028902d78800 JavaThread "Unconstrained build operations Thread 98" [_thread_blocked, id=20368, stack(0x000000a5f0f00000,0x000000a5f1000000)]
  0x0000028902d7a000 JavaThread "Unconstrained build operations Thread 99" [_thread_blocked, id=15208, stack(0x000000a5f1000000,0x000000a5f1100000)]
  0x0000028902d7b000 JavaThread "Unconstrained build operations Thread 100" [_thread_blocked, id=2584, stack(0x000000a5f1100000,0x000000a5f1200000)]
  0x0000028902d7c000 JavaThread "Unconstrained build operations Thread 101" [_thread_blocked, id=19800, stack(0x000000a5f1200000,0x000000a5f1300000)]
  0x0000028902d7c800 JavaThread "Unconstrained build operations Thread 102" [_thread_blocked, id=18496, stack(0x000000a5f1300000,0x000000a5f1400000)]
  0x0000028902d77000 JavaThread "Unconstrained build operations Thread 103" [_thread_blocked, id=14900, stack(0x000000a5f1400000,0x000000a5f1500000)]
  0x0000028902d7d800 JavaThread "Unconstrained build operations Thread 104" [_thread_blocked, id=19920, stack(0x000000a5f1500000,0x000000a5f1600000)]
  0x0000028902d77800 JavaThread "Unconstrained build operations Thread 105" [_thread_blocked, id=20060, stack(0x000000a5f1600000,0x000000a5f1700000)]
  0x000002890316d800 JavaThread "Unconstrained build operations Thread 106" [_thread_blocked, id=17960, stack(0x000000a5f1700000,0x000000a5f1800000)]
  0x000002890316f000 JavaThread "Unconstrained build operations Thread 107" [_thread_blocked, id=19244, stack(0x000000a5f1800000,0x000000a5f1900000)]
  0x000002890316b000 JavaThread "Unconstrained build operations Thread 108" [_thread_blocked, id=18272, stack(0x000000a5f1900000,0x000000a5f1a00000)]
  0x000002890316c000 JavaThread "Unconstrained build operations Thread 109" [_thread_blocked, id=18316, stack(0x000000a5f1a00000,0x000000a5f1b00000)]
  0x000002890316e000 JavaThread "Unconstrained build operations Thread 110" [_thread_blocked, id=9208, stack(0x000000a5f1b00000,0x000000a5f1c00000)]
  0x000002890316a000 JavaThread "Unconstrained build operations Thread 111" [_thread_blocked, id=19316, stack(0x000000a5f1c00000,0x000000a5f1d00000)]
  0x000002890316c800 JavaThread "Unconstrained build operations Thread 112" [_thread_blocked, id=11508, stack(0x000000a5f1d00000,0x000000a5f1e00000)]
  0x0000028903169800 JavaThread "Unconstrained build operations Thread 113" [_thread_blocked, id=9856, stack(0x000000a5f1e00000,0x000000a5f1f00000)]
  0x0000028903170800 JavaThread "Unconstrained build operations Thread 114" [_thread_blocked, id=8512, stack(0x000000a5f1f00000,0x000000a5f2000000)]
  0x0000028903174000 JavaThread "Unconstrained build operations Thread 115" [_thread_blocked, id=14548, stack(0x000000a5f2000000,0x000000a5f2100000)]
  0x0000028903172800 JavaThread "Unconstrained build operations Thread 116" [_thread_blocked, id=2460, stack(0x000000a5f2100000,0x000000a5f2200000)]
  0x0000028903175000 JavaThread "Unconstrained build operations Thread 117" [_thread_blocked, id=7732, stack(0x000000a5f2200000,0x000000a5f2300000)]
  0x0000028903170000 JavaThread "Unconstrained build operations Thread 118" [_thread_blocked, id=15892, stack(0x000000a5f2300000,0x000000a5f2400000)]
  0x0000028903171800 JavaThread "Unconstrained build operations Thread 119" [_thread_blocked, id=7776, stack(0x000000a5f2400000,0x000000a5f2500000)]
  0x0000028903173000 JavaThread "Unconstrained build operations Thread 120" [_thread_blocked, id=9656, stack(0x000000a5f2500000,0x000000a5f2600000)]
  0x0000028903175800 JavaThread "pool-3-thread-1" [_thread_blocked, id=5216, stack(0x000000a5ee000000,0x000000a5ee100000)]
  0x0000028903177000 JavaThread "Cache worker for execution history cache (C:\Users\hang\Documents\CLIPAPP\appclip\android\.gradle\8.0.1\executionHistory)" [_thread_blocked, id=12516, stack(0x000000a5f2900000,0x000000a5f2a00000)]
  0x0000028903176800 JavaThread "pool-2-thread-1" [_thread_in_native, id=14276, stack(0x000000a5f2800000,0x000000a5f2900000)]

Other Threads:
  0x00000289795d8800 VMThread "VM Thread" [stack: 0x000000a5e6100000,0x000000a5e6200000] [id=13160]
  0x000002897a0c2800 WatcherThread [stack: 0x000000a5e6b00000,0x000000a5e6c00000] [id=12992]
  0x000002895a10a800 GCTaskThread "GC Thread#0" [stack: 0x000000a5e5c00000,0x000000a5e5d00000] [id=5840]
  0x000002897ac83800 GCTaskThread "GC Thread#1" [stack: 0x000000a5e6d00000,0x000000a5e6e00000] [id=7300]
  0x000002897b774000 GCTaskThread "GC Thread#2" [stack: 0x000000a5e7700000,0x000000a5e7800000] [id=13600]
  0x000002897c8c7000 GCTaskThread "GC Thread#3" [stack: 0x000000a5e7800000,0x000000a5e7900000] [id=14700]
  0x000002897b203000 GCTaskThread "GC Thread#4" [stack: 0x000000a5e7900000,0x000000a5e7a00000] [id=16400]
  0x000002897c123800 GCTaskThread "GC Thread#5" [stack: 0x000000a5e7a00000,0x000000a5e7b00000] [id=1128]
  0x000002897c3c9000 GCTaskThread "GC Thread#6" [stack: 0x000000a5e7b00000,0x000000a5e7c00000] [id=1272]
  0x000002897bedc800 GCTaskThread "GC Thread#7" [stack: 0x000000a5e7c00000,0x000000a5e7d00000] [id=15896]
  0x000002897ca49000 GCTaskThread "GC Thread#8" [stack: 0x000000a5e7d00000,0x000000a5e7e00000] [id=1120]
  0x000002897c30f000 GCTaskThread "GC Thread#9" [stack: 0x000000a5e7e00000,0x000000a5e7f00000] [id=14740]
  0x000002895a13a000 ConcurrentGCThread "G1 Main Marker" [stack: 0x000000a5e5d00000,0x000000a5e5e00000] [id=18016]
  0x000002895a13b800 ConcurrentGCThread "G1 Conc#0" [stack: 0x000000a5e5e00000,0x000000a5e5f00000] [id=19128]
  0x000002897c331800 ConcurrentGCThread "G1 Conc#1" [stack: 0x000000a5e8300000,0x000000a5e8400000] [id=9912]
  0x000002897c3f2800 ConcurrentGCThread "G1 Conc#2" [stack: 0x000000a5e8400000,0x000000a5e8500000] [id=19376]
  0x0000028979445800 ConcurrentGCThread "G1 Refine#0" [stack: 0x000000a5e5f00000,0x000000a5e6000000] [id=11076]
  0x000002897a8fd800 ConcurrentGCThread "G1 Refine#1" [stack: 0x000000a5e7f00000,0x000000a5e8000000] [id=18464]
  0x000002897c819000 ConcurrentGCThread "G1 Refine#2" [stack: 0x000000a5e8000000,0x000000a5e8100000] [id=13776]
  0x0000028979446000 ConcurrentGCThread "G1 Young RemSet Sampling" [stack: 0x000000a5e6000000,0x000000a5e6100000] [id=18064]

Threads with active compile tasks:
C2 CompilerThread0    48351 13717       4       org.gradle.api.internal.provider.DefaultValueSourceProviderFactory$ValueSourceProvider::calculateOwnValue (14 bytes)
C1 CompilerThread0    48351 13865       2       org.gradle.internal.operations.DefaultBuildOperationRunner$BuildOperationTrackingListener::<init> (7 bytes)

VM state:not at safepoint (normal execution)

VM Mutex/Monitor currently owned by a thread: None

Heap address: 0x0000000080000000, size: 2048 MB, Compressed Oops mode: 32-bit
Narrow klass base: 0x0000000000000000, Narrow klass shift: 3
Compressed class space size: 528482304 Address: 0x0000000100000000

Heap:
 garbage-first heap   total 215040K, used 172205K [0x0000000080000000, 0x0000000100000000)
  region size 1024K, 12 young (12288K), 3 survivors (3072K)
 Metaspace       used 115076K, capacity 119088K, committed 119300K, reserved 620544K
  class space    used 14911K, capacity 16459K, committed 16588K, reserved 516096K
Heap Regions: E=young(eden), S=young(survivor), O=old, HS=humongous(starts), HC=humongous(continues), CS=collection set, F=free, A=archive, TAMS=top-at-mark-start (previous, next)
|   0|0x0000000080000000, 0x0000000080100000, 0x0000000080100000|100%|HS|  |TAMS 0x0000000080100000, 0x0000000080000000| Complete 
|   1|0x0000000080100000, 0x0000000080200000, 0x0000000080200000|100%|HC|  |TAMS 0x0000000080200000, 0x0000000080100000| Complete 
|   2|0x0000000080200000, 0x0000000080300000, 0x0000000080300000|100%|HC|  |TAMS 0x0000000080300000, 0x0000000080200000| Complete 
|   3|0x0000000080300000, 0x0000000080400000, 0x0000000080400000|100%|HC|  |TAMS 0x0000000080400000, 0x0000000080300000| Complete 
|   4|0x0000000080400000, 0x0000000080500000, 0x0000000080500000|100%| O|  |TAMS 0x0000000080500000, 0x0000000080400000| Untracked 
|   5|0x0000000080500000, 0x0000000080600000, 0x0000000080600000|100%| O|  |TAMS 0x0000000080600000, 0x0000000080500000| Untracked 
|   6|0x0000000080600000, 0x0000000080700000, 0x0000000080700000|100%| O|  |TAMS 0x0000000080700000, 0x0000000080600000| Untracked 
|   7|0x0000000080700000, 0x0000000080800000, 0x0000000080800000|100%| O|  |TAMS 0x0000000080800000, 0x0000000080700000| Untracked 
|   8|0x0000000080800000, 0x0000000080900000, 0x0000000080900000|100%| O|  |TAMS 0x0000000080900000, 0x0000000080800000| Untracked 
|   9|0x0000000080900000, 0x0000000080a00000, 0x0000000080a00000|100%| O|  |TAMS 0x0000000080a00000, 0x0000000080900000| Untracked 
|  10|0x0000000080a00000, 0x0000000080b00000, 0x0000000080b00000|100%| O|  |TAMS 0x0000000080b00000, 0x0000000080a00000| Untracked 
|  11|0x0000000080b00000, 0x0000000080c00000, 0x0000000080c00000|100%| O|  |TAMS 0x0000000080c00000, 0x0000000080b00000| Untracked 
|  12|0x0000000080c00000, 0x0000000080d00000, 0x0000000080d00000|100%| O|  |TAMS 0x0000000080d00000, 0x0000000080c00000| Untracked 
|  13|0x0000000080d00000, 0x0000000080e00000, 0x0000000080e00000|100%| O|  |TAMS 0x0000000080e00000, 0x0000000080d00000| Untracked 
|  14|0x0000000080e00000, 0x0000000080f00000, 0x0000000080f00000|100%| O|  |TAMS 0x0000000080f00000, 0x0000000080e00000| Untracked 
|  15|0x0000000080f00000, 0x0000000081000000, 0x0000000081000000|100%| O|  |TAMS 0x0000000081000000, 0x0000000080f00000| Untracked 
|  16|0x0000000081000000, 0x0000000081100000, 0x0000000081100000|100%| O|  |TAMS 0x0000000081100000, 0x0000000081000000| Untracked 
|  17|0x0000000081100000, 0x0000000081200000, 0x0000000081200000|100%| O|  |TAMS 0x0000000081200000, 0x0000000081100000| Untracked 
|  18|0x0000000081200000, 0x0000000081300000, 0x0000000081300000|100%| O|  |TAMS 0x0000000081300000, 0x0000000081200000| Untracked 
|  19|0x0000000081300000, 0x0000000081400000, 0x0000000081400000|100%| O|  |TAMS 0x0000000081400000, 0x0000000081300000| Untracked 
|  20|0x0000000081400000, 0x0000000081500000, 0x0000000081500000|100%| O|  |TAMS 0x0000000081500000, 0x0000000081400000| Untracked 
|  21|0x0000000081500000, 0x0000000081600000, 0x0000000081600000|100%| O|  |TAMS 0x0000000081600000, 0x0000000081500000| Untracked 
|  22|0x0000000081600000, 0x0000000081700000, 0x0000000081700000|100%| O|  |TAMS 0x0000000081700000, 0x0000000081600000| Untracked 
|  23|0x0000000081700000, 0x0000000081800000, 0x0000000081800000|100%| O|  |TAMS 0x0000000081800000, 0x0000000081700000| Untracked 
|  24|0x0000000081800000, 0x0000000081900000, 0x0000000081900000|100%| O|  |TAMS 0x0000000081900000, 0x0000000081800000| Untracked 
|  25|0x0000000081900000, 0x0000000081a00000, 0x0000000081a00000|100%| O|  |TAMS 0x0000000081a00000, 0x0000000081900000| Untracked 
|  26|0x0000000081a00000, 0x0000000081b00000, 0x0000000081b00000|100%| O|  |TAMS 0x0000000081b00000, 0x0000000081a00000| Untracked 
|  27|0x0000000081b00000, 0x0000000081c00000, 0x0000000081c00000|100%| O|  |TAMS 0x0000000081c00000, 0x0000000081b00000| Untracked 
|  28|0x0000000081c00000, 0x0000000081d00000, 0x0000000081d00000|100%| O|  |TAMS 0x0000000081d00000, 0x0000000081c00000| Untracked 
|  29|0x0000000081d00000, 0x0000000081e00000, 0x0000000081e00000|100%| O|  |TAMS 0x0000000081e00000, 0x0000000081d00000| Untracked 
|  30|0x0000000081e00000, 0x0000000081f00000, 0x0000000081f00000|100%|HS|  |TAMS 0x0000000081f00000, 0x0000000081e00000| Complete 
|  31|0x0000000081f00000, 0x0000000082000000, 0x0000000082000000|100%|HC|  |TAMS 0x0000000082000000, 0x0000000081f00000| Complete 
|  32|0x0000000082000000, 0x0000000082100000, 0x0000000082100000|100%|HS|  |TAMS 0x0000000082100000, 0x0000000082000000| Complete 
|  33|0x0000000082100000, 0x0000000082200000, 0x0000000082200000|100%|HC|  |TAMS 0x0000000082200000, 0x0000000082100000| Complete 
|  34|0x0000000082200000, 0x0000000082300000, 0x0000000082300000|100%|HC|  |TAMS 0x0000000082300000, 0x0000000082200000| Complete 
|  35|0x0000000082300000, 0x0000000082400000, 0x0000000082400000|100%|HC|  |TAMS 0x0000000082400000, 0x0000000082300000| Complete 
|  36|0x0000000082400000, 0x0000000082500000, 0x0000000082500000|100%| O|  |TAMS 0x0000000082500000, 0x0000000082400000| Untracked 
|  37|0x0000000082500000, 0x0000000082600000, 0x0000000082600000|100%| O|  |TAMS 0x0000000082600000, 0x0000000082500000| Untracked 
|  38|0x0000000082600000, 0x0000000082700000, 0x0000000082700000|100%| O|  |TAMS 0x0000000082700000, 0x0000000082600000| Untracked 
|  39|0x0000000082700000, 0x0000000082800000, 0x0000000082800000|100%| O|  |TAMS 0x0000000082800000, 0x0000000082700000| Untracked 
|  40|0x0000000082800000, 0x0000000082900000, 0x0000000082900000|100%| O|  |TAMS 0x0000000082900000, 0x0000000082800000| Untracked 
|  41|0x0000000082900000, 0x0000000082a00000, 0x0000000082a00000|100%| O|  |TAMS 0x0000000082a00000, 0x0000000082900000| Untracked 
|  42|0x0000000082a00000, 0x0000000082b00000, 0x0000000082b00000|100%| O|  |TAMS 0x0000000082b00000, 0x0000000082a00000| Untracked 
|  43|0x0000000082b00000, 0x0000000082c00000, 0x0000000082c00000|100%| O|  |TAMS 0x0000000082c00000, 0x0000000082b00000| Untracked 
|  44|0x0000000082c00000, 0x0000000082d00000, 0x0000000082d00000|100%| O|  |TAMS 0x0000000082d00000, 0x0000000082c00000| Untracked 
|  45|0x0000000082d00000, 0x0000000082e00000, 0x0000000082e00000|100%| O|  |TAMS 0x0000000082e00000, 0x0000000082d00000| Untracked 
|  46|0x0000000082e00000, 0x0000000082f00000, 0x0000000082f00000|100%| O|  |TAMS 0x0000000082f00000, 0x0000000082e00000| Untracked 
|  47|0x0000000082f00000, 0x0000000083000000, 0x0000000083000000|100%| O|  |TAMS 0x0000000083000000, 0x0000000082f00000| Untracked 
|  48|0x0000000083000000, 0x0000000083100000, 0x0000000083100000|100%| O|  |TAMS 0x0000000083100000, 0x0000000083000000| Untracked 
|  49|0x0000000083100000, 0x0000000083200000, 0x0000000083200000|100%| O|  |TAMS 0x0000000083200000, 0x0000000083100000| Untracked 
|  50|0x0000000083200000, 0x0000000083300000, 0x0000000083300000|100%| O|  |TAMS 0x0000000083300000, 0x0000000083200000| Untracked 
|  51|0x0000000083300000, 0x0000000083400000, 0x0000000083400000|100%| O|  |TAMS 0x0000000083300000, 0x0000000083300000| Untracked 
|  52|0x0000000083400000, 0x0000000083500000, 0x0000000083500000|100%| O|  |TAMS 0x0000000083500000, 0x0000000083400000| Untracked 
|  53|0x0000000083500000, 0x0000000083600000, 0x0000000083600000|100%| O|  |TAMS 0x0000000083600000, 0x0000000083500000| Untracked 
|  54|0x0000000083600000, 0x0000000083700000, 0x0000000083700000|100%| O|  |TAMS 0x0000000083700000, 0x0000000083600000| Untracked 
|  55|0x0000000083700000, 0x0000000083800000, 0x0000000083800000|100%| O|  |TAMS 0x0000000083800000, 0x0000000083700000| Untracked 
|  56|0x0000000083800000, 0x0000000083900000, 0x0000000083900000|100%|HS|  |TAMS 0x0000000083900000, 0x0000000083800000| Complete 
|  57|0x0000000083900000, 0x0000000083a00000, 0x0000000083a00000|100%|HS|  |TAMS 0x0000000083a00000, 0x0000000083900000| Complete 
|  58|0x0000000083a00000, 0x0000000083b00000, 0x0000000083b00000|100%| O|  |TAMS 0x0000000083b00000, 0x0000000083a00000| Untracked 
|  59|0x0000000083b00000, 0x0000000083c00000, 0x0000000083c00000|100%| O|  |TAMS 0x0000000083c00000, 0x0000000083b00000| Untracked 
|  60|0x0000000083c00000, 0x0000000083d00000, 0x0000000083d00000|100%| O|  |TAMS 0x0000000083c00000, 0x0000000083c00000| Untracked 
|  61|0x0000000083d00000, 0x0000000083e00000, 0x0000000083e00000|100%| O|  |TAMS 0x0000000083e00000, 0x0000000083d00000| Untracked 
|  62|0x0000000083e00000, 0x0000000083f00000, 0x0000000083f00000|100%| O|  |TAMS 0x0000000083f00000, 0x0000000083e00000| Untracked 
|  63|0x0000000083f00000, 0x0000000084000000, 0x0000000084000000|100%| O|  |TAMS 0x0000000084000000, 0x0000000083f00000| Untracked 
|  64|0x0000000084000000, 0x0000000084100000, 0x0000000084100000|100%| O|  |TAMS 0x0000000084100000, 0x0000000084000000| Untracked 
|  65|0x0000000084100000, 0x0000000084200000, 0x0000000084200000|100%| O|  |TAMS 0x0000000084200000, 0x0000000084100000| Untracked 
|  66|0x0000000084200000, 0x0000000084300000, 0x0000000084300000|100%| O|  |TAMS 0x0000000084300000, 0x0000000084200000| Untracked 
|  67|0x0000000084300000, 0x0000000084400000, 0x0000000084400000|100%| O|  |TAMS 0x0000000084400000, 0x0000000084300000| Untracked 
|  68|0x0000000084400000, 0x0000000084500000, 0x0000000084500000|100%| O|  |TAMS 0x0000000084500000, 0x0000000084400000| Untracked 
|  69|0x0000000084500000, 0x0000000084600000, 0x0000000084600000|100%| O|  |TAMS 0x0000000084600000, 0x0000000084500000| Untracked 
|  70|0x0000000084600000, 0x0000000084700000, 0x0000000084700000|100%| O|  |TAMS 0x0000000084700000, 0x0000000084600000| Untracked 
|  71|0x0000000084700000, 0x0000000084800000, 0x0000000084800000|100%| O|  |TAMS 0x0000000084800000, 0x0000000084700000| Untracked 
|  72|0x0000000084800000, 0x0000000084900000, 0x0000000084900000|100%| O|  |TAMS 0x0000000084900000, 0x0000000084800000| Untracked 
|  73|0x0000000084900000, 0x0000000084a00000, 0x0000000084a00000|100%| O|  |TAMS 0x0000000084a00000, 0x0000000084900000| Untracked 
|  74|0x0000000084a00000, 0x0000000084b00000, 0x0000000084b00000|100%| O|  |TAMS 0x0000000084b00000, 0x0000000084a00000| Untracked 
|  75|0x0000000084b00000, 0x0000000084c00000, 0x0000000084c00000|100%| O|  |TAMS 0x0000000084c00000, 0x0000000084b00000| Untracked 
|  76|0x0000000084c00000, 0x0000000084d00000, 0x0000000084d00000|100%| O|  |TAMS 0x0000000084d00000, 0x0000000084c00000| Untracked 
|  77|0x0000000084d00000, 0x0000000084e00000, 0x0000000084e00000|100%| O|  |TAMS 0x0000000084e00000, 0x0000000084d00000| Untracked 
|  78|0x0000000084e00000, 0x0000000084f00000, 0x0000000084f00000|100%| O|  |TAMS 0x0000000084f00000, 0x0000000084e00000| Untracked 
|  79|0x0000000084f00000, 0x0000000085000000, 0x0000000085000000|100%| O|  |TAMS 0x0000000085000000, 0x0000000084f00000| Untracked 
|  80|0x0000000085000000, 0x0000000085100000, 0x0000000085100000|100%| O|  |TAMS 0x0000000085100000, 0x0000000085000000| Untracked 
|  81|0x0000000085100000, 0x0000000085200000, 0x0000000085200000|100%| O|  |TAMS 0x0000000085200000, 0x0000000085100000| Untracked 
|  82|0x0000000085200000, 0x0000000085300000, 0x0000000085300000|100%| O|  |TAMS 0x0000000085300000, 0x0000000085200000| Untracked 
|  83|0x0000000085300000, 0x0000000085400000, 0x0000000085400000|100%| O|  |TAMS 0x0000000085400000, 0x0000000085300000| Untracked 
|  84|0x0000000085400000, 0x0000000085500000, 0x0000000085500000|100%| O|  |TAMS 0x0000000085500000, 0x0000000085400000| Untracked 
|  85|0x0000000085500000, 0x0000000085600000, 0x0000000085600000|100%| O|  |TAMS 0x0000000085600000, 0x0000000085500000| Untracked 
|  86|0x0000000085600000, 0x0000000085700000, 0x0000000085700000|100%| O|  |TAMS 0x0000000085700000, 0x0000000085600000| Untracked 
|  87|0x0000000085700000, 0x0000000085800000, 0x0000000085800000|100%| O|  |TAMS 0x0000000085800000, 0x0000000085700000| Untracked 
|  88|0x0000000085800000, 0x0000000085900000, 0x0000000085900000|100%| O|  |TAMS 0x0000000085900000, 0x0000000085800000| Untracked 
|  89|0x0000000085900000, 0x0000000085a00000, 0x0000000085a00000|100%| O|  |TAMS 0x0000000085a00000, 0x0000000085900000| Untracked 
|  90|0x0000000085a00000, 0x0000000085b00000, 0x0000000085b00000|100%| O|  |TAMS 0x0000000085b00000, 0x0000000085a00000| Untracked 
|  91|0x0000000085b00000, 0x0000000085c00000, 0x0000000085c00000|100%| O|  |TAMS 0x0000000085b00000, 0x0000000085b00000| Untracked 
|  92|0x0000000085c00000, 0x0000000085d00000, 0x0000000085d00000|100%| O|  |TAMS 0x0000000085d00000, 0x0000000085c00000| Untracked 
|  93|0x0000000085d00000, 0x0000000085e00000, 0x0000000085e00000|100%|HS|  |TAMS 0x0000000085e00000, 0x0000000085d00000| Complete 
|  94|0x0000000085e00000, 0x0000000085f00000, 0x0000000085f00000|100%|HS|  |TAMS 0x0000000085f00000, 0x0000000085e00000| Complete 
|  95|0x0000000085f00000, 0x0000000086000000, 0x0000000086000000|100%|HS|  |TAMS 0x0000000086000000, 0x0000000085f00000| Complete 
|  96|0x0000000086000000, 0x0000000086100000, 0x0000000086100000|100%|HS|  |TAMS 0x0000000086100000, 0x0000000086000000| Complete 
|  97|0x0000000086100000, 0x0000000086200000, 0x0000000086200000|100%|HC|  |TAMS 0x0000000086200000, 0x0000000086100000| Complete 
|  98|0x0000000086200000, 0x0000000086300000, 0x0000000086300000|100%|HC|  |TAMS 0x0000000086300000, 0x0000000086200000| Complete 
|  99|0x0000000086300000, 0x0000000086400000, 0x0000000086400000|100%| O|  |TAMS 0x0000000086400000, 0x0000000086300000| Untracked 
| 100|0x0000000086400000, 0x0000000086500000, 0x0000000086500000|100%| O|  |TAMS 0x0000000086500000, 0x0000000086400000| Untracked 
| 101|0x0000000086500000, 0x0000000086600000, 0x0000000086600000|100%| O|  |TAMS 0x0000000086600000, 0x0000000086500000| Untracked 
| 102|0x0000000086600000, 0x0000000086700000, 0x0000000086700000|100%| O|  |TAMS 0x0000000086700000, 0x0000000086600000| Untracked 
| 103|0x0000000086700000, 0x0000000086800000, 0x0000000086800000|100%| O|  |TAMS 0x0000000086800000, 0x0000000086700000| Untracked 
| 104|0x0000000086800000, 0x0000000086900000, 0x0000000086900000|100%|HS|  |TAMS 0x0000000086900000, 0x0000000086800000| Complete 
| 105|0x0000000086900000, 0x0000000086a00000, 0x0000000086a00000|100%|HC|  |TAMS 0x0000000086a00000, 0x0000000086900000| Complete 
| 106|0x0000000086a00000, 0x0000000086b00000, 0x0000000086b00000|100%| O|  |TAMS 0x0000000086b00000, 0x0000000086a00000| Untracked 
| 107|0x0000000086b00000, 0x0000000086c00000, 0x0000000086c00000|100%| O|  |TAMS 0x0000000086c00000, 0x0000000086b00000| Untracked 
| 108|0x0000000086c00000, 0x0000000086d00000, 0x0000000086d00000|100%| O|  |TAMS 0x0000000086d00000, 0x0000000086c00000| Untracked 
| 109|0x0000000086d00000, 0x0000000086e00000, 0x0000000086e00000|100%| O|  |TAMS 0x0000000086e00000, 0x0000000086d00000| Untracked 
| 110|0x0000000086e00000, 0x0000000086f00000, 0x0000000086f00000|100%| O|  |TAMS 0x0000000086e8d800, 0x0000000086e00000| Untracked 
| 111|0x0000000086f00000, 0x0000000087000000, 0x0000000087000000|100%|HS|  |TAMS 0x0000000086f00000, 0x0000000086f00000| Complete 
| 112|0x0000000087000000, 0x0000000087100000, 0x0000000087100000|100%|HS|  |TAMS 0x0000000087000000, 0x0000000087000000| Complete 
| 113|0x0000000087100000, 0x0000000087200000, 0x0000000087200000|100%|HS|  |TAMS 0x0000000087100000, 0x0000000087100000| Complete 
| 114|0x0000000087200000, 0x0000000087300000, 0x0000000087300000|100%|HS|  |TAMS 0x0000000087200000, 0x0000000087200000| Complete 
| 115|0x0000000087300000, 0x0000000087400000, 0x0000000087400000|100%|HC|  |TAMS 0x0000000087300000, 0x0000000087300000| Complete 
| 116|0x0000000087400000, 0x0000000087500000, 0x0000000087500000|100%|HC|  |TAMS 0x0000000087400000, 0x0000000087400000| Complete 
| 117|0x0000000087500000, 0x0000000087600000, 0x0000000087600000|100%| O|  |TAMS 0x0000000087500000, 0x0000000087500000| Untracked 
| 118|0x0000000087600000, 0x0000000087700000, 0x0000000087700000|100%| O|  |TAMS 0x0000000087600000, 0x0000000087600000| Untracked 
| 119|0x0000000087700000, 0x0000000087800000, 0x0000000087800000|100%| O|  |TAMS 0x0000000087700000, 0x0000000087700000| Untracked 
| 120|0x0000000087800000, 0x0000000087900000, 0x0000000087900000|100%| O|  |TAMS 0x0000000087800000, 0x0000000087800000| Untracked 
| 121|0x0000000087900000, 0x0000000087a00000, 0x0000000087a00000|100%| O|  |TAMS 0x0000000087900000, 0x0000000087900000| Untracked 
| 122|0x0000000087a00000, 0x0000000087b00000, 0x0000000087b00000|100%| O|  |TAMS 0x0000000087a00000, 0x0000000087a00000| Untracked 
| 123|0x0000000087b00000, 0x0000000087c00000, 0x0000000087c00000|100%| O|  |TAMS 0x0000000087b00000, 0x0000000087b00000| Untracked 
| 124|0x0000000087c00000, 0x0000000087d00000, 0x0000000087d00000|100%| O|  |TAMS 0x0000000087c00000, 0x0000000087c00000| Untracked 
| 125|0x0000000087d00000, 0x0000000087e00000, 0x0000000087e00000|100%|HS|  |TAMS 0x0000000087d00000, 0x0000000087d00000| Complete 
| 126|0x0000000087e00000, 0x0000000087f00000, 0x0000000087f00000|100%| O|  |TAMS 0x0000000087e00000, 0x0000000087e00000| Untracked 
| 127|0x0000000087f00000, 0x0000000088000000, 0x0000000088000000|100%| O|  |TAMS 0x0000000087f00000, 0x0000000087f00000| Untracked 
| 128|0x0000000088000000, 0x0000000088100000, 0x0000000088100000|100%| O|  |TAMS 0x0000000088000000, 0x0000000088000000| Untracked 
| 129|0x0000000088100000, 0x0000000088200000, 0x0000000088200000|100%| O|  |TAMS 0x0000000088100000, 0x0000000088100000| Untracked 
| 130|0x0000000088200000, 0x0000000088300000, 0x0000000088300000|100%| O|  |TAMS 0x0000000088200000, 0x0000000088200000| Untracked 
| 131|0x0000000088300000, 0x0000000088400000, 0x0000000088400000|100%| O|  |TAMS 0x0000000088300000, 0x0000000088300000| Untracked 
| 132|0x0000000088400000, 0x0000000088500000, 0x0000000088500000|100%| O|  |TAMS 0x0000000088400000, 0x0000000088400000| Untracked 
| 133|0x0000000088500000, 0x0000000088600000, 0x0000000088600000|100%| O|  |TAMS 0x0000000088500000, 0x0000000088500000| Untracked 
| 134|0x0000000088600000, 0x0000000088700000, 0x0000000088700000|100%| O|  |TAMS 0x0000000088600000, 0x0000000088600000| Untracked 
| 135|0x0000000088700000, 0x0000000088800000, 0x0000000088800000|100%| O|  |TAMS 0x0000000088700000, 0x0000000088700000| Untracked 
| 136|0x0000000088800000, 0x0000000088900000, 0x0000000088900000|100%| O|  |TAMS 0x0000000088800000, 0x0000000088800000| Untracked 
| 137|0x0000000088900000, 0x0000000088a00000, 0x0000000088a00000|100%| O|  |TAMS 0x0000000088900000, 0x0000000088900000| Untracked 
| 138|0x0000000088a00000, 0x0000000088b00000, 0x0000000088b00000|100%| O|  |TAMS 0x0000000088a00000, 0x0000000088a00000| Untracked 
| 139|0x0000000088b00000, 0x0000000088c00000, 0x0000000088c00000|100%| O|  |TAMS 0x0000000088b00000, 0x0000000088b00000| Untracked 
| 140|0x0000000088c00000, 0x0000000088d00000, 0x0000000088d00000|100%| O|  |TAMS 0x0000000088c00000, 0x0000000088c00000| Untracked 
| 141|0x0000000088d00000, 0x0000000088e00000, 0x0000000088e00000|100%| O|  |TAMS 0x0000000088d00000, 0x0000000088d00000| Untracked 
| 142|0x0000000088e00000, 0x0000000088f00000, 0x0000000088f00000|100%| O|  |TAMS 0x0000000088e00000, 0x0000000088e00000| Untracked 
| 143|0x0000000088f00000, 0x0000000089000000, 0x0000000089000000|100%| O|  |TAMS 0x0000000088f00000, 0x0000000088f00000| Untracked 
| 144|0x0000000089000000, 0x0000000089100000, 0x0000000089100000|100%| O|  |TAMS 0x0000000089000000, 0x0000000089000000| Untracked 
| 145|0x0000000089100000, 0x0000000089200000, 0x0000000089200000|100%| O|  |TAMS 0x0000000089100000, 0x0000000089100000| Untracked 
| 146|0x0000000089200000, 0x0000000089300000, 0x0000000089300000|100%| O|  |TAMS 0x0000000089200000, 0x0000000089200000| Untracked 
| 147|0x0000000089300000, 0x0000000089400000, 0x0000000089400000|100%| O|  |TAMS 0x0000000089300000, 0x0000000089300000| Untracked 
| 148|0x0000000089400000, 0x0000000089500000, 0x0000000089500000|100%| O|  |TAMS 0x0000000089400000, 0x0000000089400000| Untracked 
| 149|0x0000000089500000, 0x0000000089600000, 0x0000000089600000|100%| O|  |TAMS 0x0000000089500000, 0x0000000089500000| Untracked 
| 150|0x0000000089600000, 0x0000000089700000, 0x0000000089700000|100%| O|  |TAMS 0x0000000089600000, 0x0000000089600000| Untracked 
| 151|0x0000000089700000, 0x0000000089800000, 0x0000000089800000|100%| O|  |TAMS 0x0000000089700000, 0x0000000089700000| Untracked 
| 152|0x0000000089800000, 0x0000000089900000, 0x0000000089900000|100%| O|  |TAMS 0x0000000089800000, 0x0000000089800000| Untracked 
| 153|0x0000000089900000, 0x0000000089a00000, 0x0000000089a00000|100%| O|  |TAMS 0x0000000089900000, 0x0000000089900000| Untracked 
| 154|0x0000000089a00000, 0x0000000089b00000, 0x0000000089b00000|100%| O|  |TAMS 0x0000000089a00000, 0x0000000089a00000| Untracked 
| 155|0x0000000089b00000, 0x0000000089c00000, 0x0000000089c00000|100%| O|  |TAMS 0x0000000089b00000, 0x0000000089b00000| Untracked 
| 156|0x0000000089c00000, 0x0000000089d00000, 0x0000000089d00000|100%| O|  |TAMS 0x0000000089c00000, 0x0000000089c00000| Untracked 
| 157|0x0000000089d00000, 0x0000000089e00000, 0x0000000089e00000|100%| O|  |TAMS 0x0000000089d00000, 0x0000000089d00000| Untracked 
| 158|0x0000000089e00000, 0x0000000089e7d600, 0x0000000089f00000| 48%| O|  |TAMS 0x0000000089e00000, 0x0000000089e00000| Untracked 
| 159|0x0000000089f00000, 0x0000000089f00000, 0x000000008a000000|  0%| F|  |TAMS 0x0000000089f00000, 0x0000000089f00000| Untracked 
| 160|0x000000008a000000, 0x000000008a000000, 0x000000008a100000|  0%| F|  |TAMS 0x000000008a000000, 0x000000008a000000| Untracked 
| 161|0x000000008a100000, 0x000000008a100000, 0x000000008a200000|  0%| F|  |TAMS 0x000000008a100000, 0x000000008a100000| Untracked 
| 162|0x000000008a200000, 0x000000008a200000, 0x000000008a300000|  0%| F|  |TAMS 0x000000008a200000, 0x000000008a200000| Untracked 
| 163|0x000000008a300000, 0x000000008a300000, 0x000000008a400000|  0%| F|  |TAMS 0x000000008a300000, 0x000000008a300000| Untracked 
| 164|0x000000008a400000, 0x000000008a400000, 0x000000008a500000|  0%| F|  |TAMS 0x000000008a400000, 0x000000008a400000| Untracked 
| 165|0x000000008a500000, 0x000000008a500000, 0x000000008a600000|  0%| F|  |TAMS 0x000000008a500000, 0x000000008a500000| Untracked 
| 166|0x000000008a600000, 0x000000008a600000, 0x000000008a700000|  0%| F|  |TAMS 0x000000008a600000, 0x000000008a600000| Untracked 
| 167|0x000000008a700000, 0x000000008a700000, 0x000000008a800000|  0%| F|  |TAMS 0x000000008a700000, 0x000000008a700000| Untracked 
| 168|0x000000008a800000, 0x000000008a800000, 0x000000008a900000|  0%| F|  |TAMS 0x000000008a800000, 0x000000008a800000| Untracked 
| 169|0x000000008a900000, 0x000000008a900000, 0x000000008aa00000|  0%| F|  |TAMS 0x000000008a900000, 0x000000008a900000| Untracked 
| 170|0x000000008aa00000, 0x000000008aa00000, 0x000000008ab00000|  0%| F|  |TAMS 0x000000008aa00000, 0x000000008aa00000| Untracked 
| 171|0x000000008ab00000, 0x000000008ab00000, 0x000000008ac00000|  0%| F|  |TAMS 0x000000008ab00000, 0x000000008ab00000| Untracked 
| 172|0x000000008ac00000, 0x000000008ac00000, 0x000000008ad00000|  0%| F|  |TAMS 0x000000008ac00000, 0x000000008ac00000| Untracked 
| 173|0x000000008ad00000, 0x000000008ad00000, 0x000000008ae00000|  0%| F|  |TAMS 0x000000008ad00000, 0x000000008ad00000| Untracked 
| 174|0x000000008ae00000, 0x000000008ae00000, 0x000000008af00000|  0%| F|  |TAMS 0x000000008ae00000, 0x000000008ae00000| Untracked 
| 175|0x000000008af00000, 0x000000008af00000, 0x000000008b000000|  0%| F|  |TAMS 0x000000008af00000, 0x000000008af00000| Untracked 
| 176|0x000000008b000000, 0x000000008b000000, 0x000000008b100000|  0%| F|  |TAMS 0x000000008b000000, 0x000000008b000000| Untracked 
| 177|0x000000008b100000, 0x000000008b100000, 0x000000008b200000|  0%| F|  |TAMS 0x000000008b100000, 0x000000008b100000| Untracked 
| 178|0x000000008b200000, 0x000000008b200000, 0x000000008b300000|  0%| F|  |TAMS 0x000000008b200000, 0x000000008b200000| Untracked 
| 179|0x000000008b300000, 0x000000008b300000, 0x000000008b400000|  0%| F|  |TAMS 0x000000008b300000, 0x000000008b300000| Untracked 
| 180|0x000000008b400000, 0x000000008b400000, 0x000000008b500000|  0%| F|  |TAMS 0x000000008b400000, 0x000000008b400000| Untracked 
| 181|0x000000008b500000, 0x000000008b500000, 0x000000008b600000|  0%| F|  |TAMS 0x000000008b500000, 0x000000008b500000| Untracked 
| 182|0x000000008b600000, 0x000000008b600000, 0x000000008b700000|  0%| F|  |TAMS 0x000000008b600000, 0x000000008b600000| Untracked 
| 183|0x000000008b700000, 0x000000008b700000, 0x000000008b800000|  0%| F|  |TAMS 0x000000008b700000, 0x000000008b700000| Untracked 
| 184|0x000000008b800000, 0x000000008b8adf40, 0x000000008b900000| 67%| S|CS|TAMS 0x000000008b800000, 0x000000008b800000| Complete 
| 185|0x000000008b900000, 0x000000008b900000, 0x000000008ba00000|  0%| F|  |TAMS 0x000000008b900000, 0x000000008b900000| Untracked 
| 186|0x000000008ba00000, 0x000000008ba00000, 0x000000008bb00000|  0%| F|  |TAMS 0x000000008ba00000, 0x000000008ba00000| Untracked 
| 187|0x000000008bb00000, 0x000000008bb00000, 0x000000008bc00000|  0%| F|  |TAMS 0x000000008bb00000, 0x000000008bb00000| Untracked 
| 188|0x000000008bc00000, 0x000000008bd00000, 0x000000008bd00000|100%| S|CS|TAMS 0x000000008bc00000, 0x000000008bc00000| Complete 
| 189|0x000000008bd00000, 0x000000008be00000, 0x000000008be00000|100%| S|CS|TAMS 0x000000008bd00000, 0x000000008bd00000| Complete 
| 190|0x000000008be00000, 0x000000008be00000, 0x000000008bf00000|  0%| F|  |TAMS 0x000000008be00000, 0x000000008be00000| Untracked 
| 191|0x000000008bf00000, 0x000000008bf00000, 0x000000008c000000|  0%| F|  |TAMS 0x000000008bf00000, 0x000000008bf00000| Untracked 
| 192|0x000000008c000000, 0x000000008c000000, 0x000000008c100000|  0%| F|  |TAMS 0x000000008c000000, 0x000000008c000000| Untracked 
| 193|0x000000008c100000, 0x000000008c100000, 0x000000008c200000|  0%| F|  |TAMS 0x000000008c100000, 0x000000008c100000| Untracked 
| 194|0x000000008c200000, 0x000000008c200000, 0x000000008c300000|  0%| F|  |TAMS 0x000000008c200000, 0x000000008c200000| Untracked 
| 195|0x000000008c300000, 0x000000008c300000, 0x000000008c400000|  0%| F|  |TAMS 0x000000008c300000, 0x000000008c300000| Untracked 
| 196|0x000000008c400000, 0x000000008c400000, 0x000000008c500000|  0%| F|  |TAMS 0x000000008c400000, 0x000000008c400000| Untracked 
| 197|0x000000008c500000, 0x000000008c500000, 0x000000008c600000|  0%| F|  |TAMS 0x000000008c500000, 0x000000008c500000| Untracked 
| 198|0x000000008c600000, 0x000000008c600000, 0x000000008c700000|  0%| F|  |TAMS 0x000000008c600000, 0x000000008c600000| Untracked 
| 199|0x000000008c700000, 0x000000008c700000, 0x000000008c800000|  0%| F|  |TAMS 0x000000008c700000, 0x000000008c700000| Untracked 
| 200|0x000000008c800000, 0x000000008c800000, 0x000000008c900000|  0%| F|  |TAMS 0x000000008c800000, 0x000000008c800000| Untracked 
| 201|0x000000008c900000, 0x000000008c975b10, 0x000000008ca00000| 45%| E|  |TAMS 0x000000008c900000, 0x000000008c900000| Complete 
| 202|0x000000008ca00000, 0x000000008cb00000, 0x000000008cb00000|100%| E|CS|TAMS 0x000000008ca00000, 0x000000008ca00000| Complete 
| 203|0x000000008cb00000, 0x000000008cc00000, 0x000000008cc00000|100%| E|CS|TAMS 0x000000008cb00000, 0x000000008cb00000| Complete 
| 204|0x000000008cc00000, 0x000000008cd00000, 0x000000008cd00000|100%| E|  |TAMS 0x000000008cc00000, 0x000000008cc00000| Complete 
| 205|0x000000008cd00000, 0x000000008ce00000, 0x000000008ce00000|100%| E|CS|TAMS 0x000000008cd00000, 0x000000008cd00000| Complete 
| 206|0x000000008ce00000, 0x000000008cf00000, 0x000000008cf00000|100%| E|CS|TAMS 0x000000008ce00000, 0x000000008ce00000| Complete 
| 207|0x000000008cf00000, 0x000000008d000000, 0x000000008d000000|100%| E|CS|TAMS 0x000000008cf00000, 0x000000008cf00000| Complete 
| 208|0x000000008d000000, 0x000000008d100000, 0x000000008d100000|100%| E|CS|TAMS 0x000000008d000000, 0x000000008d000000| Complete 
| 209|0x000000008d100000, 0x000000008d200000, 0x000000008d200000|100%| E|CS|TAMS 0x000000008d100000, 0x000000008d100000| Complete 

Card table byte_map: [0x0000028972190000,0x0000028972590000] _byte_map_base: 0x0000028971d90000

Marking Bits (Prev, Next): (CMBitMap*) 0x000002895a131588, (CMBitMap*) 0x000002895a1315c0
 Prev Bits: [0x0000028972990000, 0x0000028974990000)
 Next Bits: [0x0000028974990000, 0x0000028976990000)

Polling page: 0x0000028958050000

Metaspace:

Usage:
  Non-class:    100.23 MB capacity,    97.85 MB ( 98%) used,     2.02 MB (  2%) free+waste,   372.50 KB ( <1%) overhead. 
      Class:     16.11 MB capacity,    14.57 MB ( 90%) used,     1.37 MB (  9%) free+waste,   171.13 KB (  1%) overhead. 
       Both:    116.34 MB capacity,   112.41 MB ( 97%) used,     3.40 MB (  3%) free+waste,   543.63 KB ( <1%) overhead. 

Virtual space:
  Non-class space:      102.00 MB reserved,     100.30 MB ( 98%) committed 
      Class space:      504.00 MB reserved,      16.20 MB (  3%) committed 
             Both:      606.00 MB reserved,     116.50 MB ( 19%) committed 

Chunk freelists:
   Non-Class:  10.00 KB
       Class:  17.00 KB
        Both:  27.00 KB

MaxMetaspaceSize: 512.00 MB
CompressedClassSpaceSize: 504.00 MB
Initial GC threshold: 20.80 MB
Current GC threshold: 163.34 MB
CDS: off

CodeHeap 'non-profiled nmethods': size=120000Kb used=7651Kb max_used=7651Kb free=112348Kb
 bounds [0x000002896a310000, 0x000002896aa90000, 0x0000028971840000]
CodeHeap 'profiled nmethods': size=120000Kb used=30257Kb max_used=30257Kb free=89742Kb
 bounds [0x0000028962de0000, 0x0000028964b70000, 0x000002896a310000]
CodeHeap 'non-nmethods': size=5760Kb used=2409Kb max_used=2453Kb free=3350Kb
 bounds [0x0000028962840000, 0x0000028962ac0000, 0x0000028962de0000]
 total_blobs=14547 nmethods=13606 adapters=853
 compilation: enabled
              stopped_count=0, restarted_count=0
 full_count=0

Compilation events (20 events):
Event: 48.271 Thread 0x0000028979605800 13853       1       org.gradle.launcher.daemon.protocol.OutputMessage::getEvent (5 bytes)
Event: 48.271 Thread 0x0000028979605800 nmethod 13853 0x000002896aa87e90 code [0x000002896aa88040, 0x000002896aa880f8]
Event: 48.272 Thread 0x0000028979605800 13854       1       org.gradle.internal.logging.events.StyledTextOutputEvent$Span::getStyle (5 bytes)
Event: 48.272 Thread 0x0000028979605800 nmethod 13854 0x000002896aa88190 code [0x000002896aa88340, 0x000002896aa883f8]
Event: 48.272 Thread 0x0000028979605800 13855       1       org.gradle.internal.logging.events.StyledTextOutputEvent$Span::getText (5 bytes)
Event: 48.272 Thread 0x0000028979605800 nmethod 13855 0x000002896aa88490 code [0x000002896aa88640, 0x000002896aa886f8]
Event: 48.272 Thread 0x0000028979605800 13856       2       org.gradle.internal.serialize.BaseSerializerFactory$EnumSerializer::write (10 bytes)
Event: 48.272 Thread 0x0000028979605800 nmethod 13856 0x0000028964b67790 code [0x0000028964b67940, 0x0000028964b67aa8]
Event: 48.272 Thread 0x0000028979605800 13857       2       org.gradle.internal.serialize.BaseSerializerFactory$EnumSerializer::write (12 bytes)
Event: 48.273 Thread 0x0000028979605800 nmethod 13857 0x0000028964b67b90 code [0x0000028964b67d40, 0x0000028964b67e68]
Event: 48.273 Thread 0x0000028979605800 13858       2       org.gradle.internal.serialize.kryo.KryoBackedEncoder::writeSmallLong (11 bytes)
Event: 48.273 Thread 0x0000028979605800 nmethod 13858 0x0000028964b67f90 code [0x0000028964b68140, 0x0000028964b68268]
Event: 48.274 Thread 0x0000028979605800 13859       2       java.util.regex.Pattern::read (33 bytes)
Event: 48.274 Thread 0x0000028979605800 nmethod 13859 0x0000028964b68390 code [0x0000028964b68540, 0x0000028964b686a8]
Event: 48.276 Thread 0x0000028979605800 13860   !   2       java.lang.Class::newInstance (160 bytes)
Event: 48.277 Thread 0x0000028979605800 nmethod 13860 0x0000028964b68790 code [0x0000028964b68aa0, 0x0000028964b69608]
Event: 48.282 Thread 0x0000028979605800 13861       2       java.lang.Long::toString (55 bytes)
Event: 48.282 Thread 0x0000028979605800 nmethod 13861 0x0000028964b69d90 code [0x0000028964b69f60, 0x0000028964b6a1d8]
Event: 48.297 Thread 0x0000028979605800 13862       2       com.android.tools.build.gradle.internal.profile.GradleTaskExecutionType::<init> (12 bytes)
Event: 48.297 Thread 0x0000028979605800 nmethod 13862 0x0000028964b6a310 code [0x0000028964b6a4c0, 0x0000028964b6a618]

GC Heap History (20 events):
Event: 45.145 GC heap before
{Heap before GC invocations=69 (full 0):
 garbage-first heap   total 215040K, used 159632K [0x0000000080000000, 0x0000000100000000)
  region size 1024K, 31 young (31744K), 2 survivors (2048K)
 Metaspace       used 101949K, capacity 105455K, committed 105732K, reserved 608256K
  class space    used 13312K, capacity 14700K, committed 14796K, reserved 516096K
}
Event: 45.160 GC heap after
{Heap after GC invocations=70 (full 0):
 garbage-first heap   total 215040K, used 137158K [0x0000000080000000, 0x0000000100000000)
  region size 1024K, 4 young (4096K), 4 survivors (4096K)
 Metaspace       used 101949K, capacity 105455K, committed 105732K, reserved 608256K
  class space    used 13312K, capacity 14700K, committed 14796K, reserved 516096K
}
Event: 45.430 GC heap before
{Heap before GC invocations=70 (full 0):
 garbage-first heap   total 215040K, used 164806K [0x0000000080000000, 0x0000000100000000)
  region size 1024K, 31 young (31744K), 4 survivors (4096K)
 Metaspace       used 103274K, capacity 106828K, committed 106884K, reserved 608256K
  class space    used 13470K, capacity 14901K, committed 14924K, reserved 516096K
}
Event: 45.434 GC heap after
{Heap after GC invocations=71 (full 0):
 garbage-first heap   total 215040K, used 140147K [0x0000000080000000, 0x0000000100000000)
  region size 1024K, 3 young (3072K), 3 survivors (3072K)
 Metaspace       used 103274K, capacity 106828K, committed 106884K, reserved 608256K
  class space    used 13470K, capacity 14901K, committed 14924K, reserved 516096K
}
Event: 45.793 GC heap before
{Heap before GC invocations=71 (full 0):
 garbage-first heap   total 215040K, used 166771K [0x0000000080000000, 0x0000000100000000)
  region size 1024K, 30 young (30720K), 3 survivors (3072K)
 Metaspace       used 104464K, capacity 107945K, committed 108036K, reserved 610304K
  class space    used 13577K, capacity 14987K, committed 15052K, reserved 516096K
}
Event: 45.799 GC heap after
{Heap after GC invocations=72 (full 0):
 garbage-first heap   total 215040K, used 146257K [0x0000000080000000, 0x0000000100000000)
  region size 1024K, 4 young (4096K), 4 survivors (4096K)
 Metaspace       used 104464K, capacity 107945K, committed 108036K, reserved 610304K
  class space    used 13577K, capacity 14987K, committed 15052K, reserved 516096K
}
Event: 46.087 GC heap before
{Heap before GC invocations=72 (full 0):
 garbage-first heap   total 215040K, used 171857K [0x0000000080000000, 0x0000000100000000)
  region size 1024K, 30 young (30720K), 4 survivors (4096K)
 Metaspace       used 106208K, capacity 109800K, committed 110084K, reserved 612352K
  class space    used 13795K, capacity 15216K, committed 15308K, reserved 516096K
}
Event: 46.091 GC heap after
{Heap after GC invocations=73 (full 0):
 garbage-first heap   total 215040K, used 147651K [0x0000000080000000, 0x0000000100000000)
  region size 1024K, 1 young (1024K), 1 survivors (1024K)
 Metaspace       used 106208K, capacity 109800K, committed 110084K, reserved 612352K
  class space    used 13795K, capacity 15216K, committed 15308K, reserved 516096K
}
Event: 46.449 GC heap before
{Heap before GC invocations=73 (full 0):
 garbage-first heap   total 215040K, used 174275K [0x0000000080000000, 0x0000000100000000)
  region size 1024K, 27 young (27648K), 1 survivors (1024K)
 Metaspace       used 107713K, capacity 111300K, committed 111620K, reserved 612352K
  class space    used 13999K, capacity 15425K, committed 15564K, reserved 516096K
}
Event: 46.452 GC heap after
{Heap after GC invocations=74 (full 0):
 garbage-first heap   total 215040K, used 148816K [0x0000000080000000, 0x0000000100000000)
  region size 1024K, 3 young (3072K), 3 survivors (3072K)
 Metaspace       used 107713K, capacity 111300K, committed 111620K, reserved 612352K
  class space    used 13999K, capacity 15425K, committed 15564K, reserved 516096K
}
Event: 46.795 GC heap before
{Heap before GC invocations=74 (full 0):
 garbage-first heap   total 215040K, used 174416K [0x0000000080000000, 0x0000000100000000)
  region size 1024K, 29 young (29696K), 3 survivors (3072K)
 Metaspace       used 109473K, capacity 113183K, committed 113412K, reserved 614400K
  class space    used 14253K, capacity 15751K, committed 15820K, reserved 516096K
}
Event: 46.799 GC heap after
{Heap after GC invocations=75 (full 0):
 garbage-first heap   total 215040K, used 150355K [0x0000000080000000, 0x0000000100000000)
  region size 1024K, 4 young (4096K), 4 survivors (4096K)
 Metaspace       used 109473K, capacity 113183K, committed 113412K, reserved 614400K
  class space    used 14253K, capacity 15751K, committed 15820K, reserved 516096K
}
Event: 47.148 GC heap before
{Heap before GC invocations=75 (full 0):
 garbage-first heap   total 215040K, used 178003K [0x0000000080000000, 0x0000000100000000)
  region size 1024K, 31 young (31744K), 4 survivors (4096K)
 Metaspace       used 111231K, capacity 114951K, committed 115204K, reserved 616448K
  class space    used 14472K, capacity 16008K, committed 16076K, reserved 516096K
}
Event: 47.154 GC heap after
{Heap after GC invocations=76 (full 0):
 garbage-first heap   total 215040K, used 152978K [0x0000000080000000, 0x0000000100000000)
  region size 1024K, 4 young (4096K), 4 survivors (4096K)
 Metaspace       used 111231K, capacity 114951K, committed 115204K, reserved 616448K
  class space    used 14472K, capacity 16008K, committed 16076K, reserved 516096K
}
Event: 47.504 GC heap before
{Heap before GC invocations=76 (full 0):
 garbage-first heap   total 215040K, used 180626K [0x0000000080000000, 0x0000000100000000)
  region size 1024K, 31 young (31744K), 4 survivors (4096K)
 Metaspace       used 112060K, capacity 115776K, committed 116100K, reserved 616448K
  class space    used 14560K, capacity 16101K, committed 16204K, reserved 516096K
}
Event: 47.512 GC heap after
{Heap after GC invocations=77 (full 0):
 garbage-first heap   total 215040K, used 158821K [0x0000000080000000, 0x0000000100000000)
  region size 1024K, 4 young (4096K), 4 survivors (4096K)
 Metaspace       used 112060K, capacity 115776K, committed 116100K, reserved 616448K
  class space    used 14560K, capacity 16101K, committed 16204K, reserved 516096K
}
Event: 47.836 GC heap before
{Heap before GC invocations=77 (full 0):
 garbage-first heap   total 215040K, used 181349K [0x0000000080000000, 0x0000000100000000)
  region size 1024K, 26 young (26624K), 4 survivors (4096K)
 Metaspace       used 113198K, capacity 117093K, committed 117252K, reserved 618496K
  class space    used 14687K, capacity 16235K, committed 16332K, reserved 516096K
}
Event: 47.842 GC heap after
{Heap after GC invocations=78 (full 0):
 garbage-first heap   total 215040K, used 161958K [0x0000000080000000, 0x0000000100000000)
  region size 1024K, 3 young (3072K), 3 survivors (3072K)
 Metaspace       used 113198K, capacity 117093K, committed 117252K, reserved 618496K
  class space    used 14687K, capacity 16235K, committed 16332K, reserved 516096K
}
Event: 48.207 GC heap before
{Heap before GC invocations=78 (full 0):
 garbage-first heap   total 215040K, used 182438K [0x0000000080000000, 0x0000000100000000)
  region size 1024K, 23 young (23552K), 3 survivors (3072K)
 Metaspace       used 114193K, capacity 118191K, committed 118404K, reserved 618496K
  class space    used 14805K, capacity 16375K, committed 16460K, reserved 516096K
}
Event: 48.211 GC heap after
{Heap after GC invocations=79 (full 0):
 garbage-first heap   total 215040K, used 165037K [0x0000000080000000, 0x0000000100000000)
  region size 1024K, 3 young (3072K), 3 survivors (3072K)
 Metaspace       used 114193K, capacity 118191K, committed 118404K, reserved 618496K
  class space    used 14805K, capacity 16375K, committed 16460K, reserved 516096K
}

Deoptimization events (20 events):
Event: 48.251 Thread 0x000002897af54000 Uncommon trap: trap_request=0xffffffde fr.pc=0x000002896a9edeec relative=0x000000000000134c
Event: 48.251 Thread 0x000002897af54000 Uncommon trap: reason=class_check action=maybe_recompile pc=0x000002896a9edeec method=org.gradle.internal.logging.text.AbstractLineChoppingStyledTextOutput$StateContext.flushLineText()V @ 109 c2
Event: 48.251 Thread 0x000002897af54000 DEOPT PACKING pc=0x000002896a9edeec sp=0x000000a5ebdfa840
Event: 48.251 Thread 0x000002897af54000 DEOPT UNPACKING pc=0x000002896288a1af sp=0x000000a5ebdfa7c8 mode 2
Event: 48.251 Thread 0x000002897af54000 Uncommon trap: trap_request=0xffffffde fr.pc=0x000002896a9edeec relative=0x000000000000134c
Event: 48.251 Thread 0x000002897af54000 Uncommon trap: reason=class_check action=maybe_recompile pc=0x000002896a9edeec method=org.gradle.internal.logging.text.AbstractLineChoppingStyledTextOutput$StateContext.flushLineText()V @ 109 c2
Event: 48.251 Thread 0x000002897af54000 DEOPT PACKING pc=0x000002896a9edeec sp=0x000000a5ebdfa610
Event: 48.251 Thread 0x000002897af54000 DEOPT UNPACKING pc=0x000002896288a1af sp=0x000000a5ebdfa598 mode 2
Event: 48.267 Thread 0x000002897ba94800 Uncommon trap: trap_request=0xffffff45 fr.pc=0x000002896aa7f3c0 relative=0x00000000000008e0
Event: 48.267 Thread 0x000002897ba94800 Uncommon trap: reason=unstable_fused_if action=reinterpret pc=0x000002896aa7f3c0 method=org.gradle.util.Path.compareTo(Lorg/gradle/util/Path;)I @ 97 c2
Event: 48.267 Thread 0x000002897ba94800 DEOPT PACKING pc=0x000002896aa7f3c0 sp=0x000000a5e73fc350
Event: 48.267 Thread 0x000002897ba94800 DEOPT UNPACKING pc=0x000002896288a1af sp=0x000000a5e73fc310 mode 2
Event: 48.279 Thread 0x000002897ba94800 Uncommon trap: trap_request=0xffffffbe fr.pc=0x000002896aa2b4f8 relative=0x0000000000000f58
Event: 48.279 Thread 0x000002897ba94800 Uncommon trap: reason=profile_predicate action=maybe_recompile pc=0x000002896aa2b4f8 method=org.gradle.tooling.internal.provider.runner.ClientBuildEventGenerator.started(Lorg/gradle/internal/operations/BuildOperationDescriptor;Lorg/gradle/internal/operati
Event: 48.279 Thread 0x000002897ba94800 DEOPT PACKING pc=0x000002896aa2b4f8 sp=0x000000a5e73f9c80
Event: 48.279 Thread 0x000002897ba94800 DEOPT UNPACKING pc=0x000002896288a1af sp=0x000000a5e73f9b58 mode 2
Event: 48.279 Thread 0x000002897ba94800 Uncommon trap: trap_request=0xffffffbe fr.pc=0x000002896aa2b4f8 relative=0x0000000000000f58
Event: 48.279 Thread 0x000002897ba94800 Uncommon trap: reason=profile_predicate action=maybe_recompile pc=0x000002896aa2b4f8 method=org.gradle.tooling.internal.provider.runner.ClientBuildEventGenerator.started(Lorg/gradle/internal/operations/BuildOperationDescriptor;Lorg/gradle/internal/operati
Event: 48.279 Thread 0x000002897ba94800 DEOPT PACKING pc=0x000002896aa2b4f8 sp=0x000000a5e73f94e0
Event: 48.279 Thread 0x000002897ba94800 DEOPT UNPACKING pc=0x000002896288a1af sp=0x000000a5e73f93b8 mode 2

Classes redefined (0 events):
No events

Internal exceptions (20 events):
Event: 45.620 Thread 0x000002897ba94800 Exception <a 'java/lang/NoSuchMethodError'{0x000000008c141200}: 'org.gradle.internal.buildoption.BuildOption$Value org.gradle.api.internal.StartParameterInternal.getIsolatedProjects()'> (0x000000008c141200) thrown at [./src/hotspot/share/interpreter/linkResolver.cpp, line 773]
Event: 45.751 Thread 0x000002897ba94800 Exception <a 'java/lang/NoSuchMethodError'{0x000000008b8bee40}: 'org.gradle.internal.buildoption.BuildOption$Value org.gradle.api.internal.StartParameterInternal.getConfigurationCache()'> (0x000000008b8bee40) thrown at [./src/hotspot/share/interpreter/linkResolver.cpp, line 773]
Event: 45.781 Thread 0x000002897ba94800 Exception <a 'java/lang/NoSuchMethodError'{0x000000008b7c5348}: <clinit>> (0x000000008b7c5348) thrown at [./src/hotspot/share/prims/jni.cpp, line 1367]
Event: 45.806 Thread 0x000002897ba94800 Exception <a 'java/lang/NoSuchMethodError'{0x000000008d127e38}: <clinit>> (0x000000008d127e38) thrown at [./src/hotspot/share/prims/jni.cpp, line 1367]
Event: 45.807 Thread 0x000002897ba94800 Exception <a 'java/lang/NoSuchMethodError'{0x000000008d12ce38}: 'void java.lang.invoke.DirectMethodHandle$Holder.invokeSpecial(java.lang.Object, java.lang.Object, java.lang.Object, int)'> (0x000000008d12ce38) thrown at [./src/hotspot/share/interpreter/linkResolver.cpp, line 773]
Event: 45.845 Thread 0x000002897ba94800 Exception <a 'sun/nio/fs/WindowsException'{0x000000008cf4f5c0}> (0x000000008cf4f5c0) thrown at [./src/hotspot/share/prims/jni.cpp, line 617]
Event: 45.894 Thread 0x000002897ba94800 Implicit null exception at 0x000002896a888bb6 to 0x000002896a889408
Event: 45.961 Thread 0x000002897af54000 Implicit null exception at 0x000002896a9ef6fb to 0x000002896a9ef9ec
Event: 46.477 Thread 0x000002897af54000 Exception <a 'java/lang/NoSuchMethodError'{0x000000008d008f50}: 'java.lang.Object java.lang.invoke.DirectMethodHandle$Holder.invokeStatic(java.lang.Object, java.lang.Object, java.lang.Object, java.lang.Object, java.lang.Object, java.lang.Object, int)'> (0x000000008d008f50) thrown at [./src/hotspot/share/interpreter/linkResolver.cpp, line 773]
Event: 46.479 Thread 0x000002897af54000 Exception <a 'java/lang/NoSuchMethodError'{0x000000008d020750}: 'java.lang.Object java.lang.invoke.DirectMethodHandle$Holder.invokeStatic(java.lang.Object, java.lang.Object, java.lang.Object, java.lang.Object, java.lang.Object, java.lang.Object, int, int)'> (0x000000008d020750) thrown at [./src/hotspot/share/interpreter/linkResolver.cpp, line 773]
Event: 46.480 Thread 0x000002897af54000 Exception <a 'java/lang/NoSuchMethodError'{0x000000008d038d08}: 'java.lang.Object java.lang.invoke.DirectMethodHandle$Holder.invokeStatic(java.lang.Object, java.lang.Object, java.lang.Object, java.lang.Object, java.lang.Object, java.lang.Object, int, int, java.lang.Object)'> (0x000000008d038d08) thrown at [./src/hotspot/share/interpreter/linkResolver.cpp, line 773]
Event: 46.668 Thread 0x000002897af54000 Implicit null exception at 0x000002896aa1306e to 0x000002896aa13848
Event: 46.888 Thread 0x000002897af54000 Exception <a 'java/lang/NoSuchMethodError'{0x000000008cb7e6c8}: 'int java.lang.invoke.DirectMethodHandle$Holder.invokeStatic(java.lang.Object, int, int, java.lang.Object)'> (0x000000008cb7e6c8) thrown at [./src/hotspot/share/interpreter/linkResolver.cpp, line 773]
Event: 47.089 Thread 0x000002897af54000 Implicit null exception at 0x000002896aa3c1ea to 0x000002896aa3caa8
Event: 47.090 Thread 0x000002897af54000 Implicit null exception at 0x000002896aa3d2b0 to 0x000002896aa3d388
Event: 47.105 Thread 0x000002897af54000 Implicit null exception at 0x000002896aa3da08 to 0x000002896aa3e0b4
Event: 47.182 Thread 0x000002897af54000 Implicit null exception at 0x000002896aa46b38 to 0x000002896aa474d8
Event: 47.540 Thread 0x000002897af54000 Implicit null exception at 0x000002896aa4c3b2 to 0x000002896aa4ca48
Event: 48.279 Thread 0x000002897ba94800 Implicit null exception at 0x000002896aa2a9ac to 0x000002896aa2b4e0
Event: 48.279 Thread 0x000002897ba94800 Implicit null exception at 0x000002896aa2a9ac to 0x000002896aa2b4e0

Events (20 events):
Event: 48.292 loading class com/android/tools/build/gradle/internal/profile/GradleTaskExecutionType
Event: 48.292 loading class com/android/tools/build/gradle/internal/profile/GradleTaskExecutionType done
Event: 48.297 loading class com/android/tools/build/gradle/internal/profile/GradleTaskExecutionType$1
Event: 48.297 loading class com/android/tools/build/gradle/internal/profile/GradleTaskExecutionType$1 done
Event: 48.298 loading class com/google/wireless/android/sdk/stats/GradleTaskExecution$1
Event: 48.298 loading class com/google/wireless/android/sdk/stats/GradleTaskExecution$1 done
Event: 48.299 loading class com/google/wireless/android/sdk/stats/GradleTaskExecution$Builder
Event: 48.299 loading class com/google/wireless/android/sdk/stats/GradleTaskExecution$Builder done
Event: 48.302 loading class org/gradle/tooling/events/task/TaskSkippedResult
Event: 48.302 loading class org/gradle/tooling/events/task/TaskSkippedResult done
Event: 48.303 loading class org/gradle/tooling/events/task/TaskSkippedResult
Event: 48.303 loading class org/gradle/tooling/events/task/TaskSkippedResult done
Event: 48.303 loading class org/gradle/tooling/events/SkippedResult
Event: 48.303 loading class org/gradle/tooling/events/SkippedResult done
Event: 48.304 loading class org/gradle/tooling/events/task/TaskSuccessResult
Event: 48.304 loading class org/gradle/tooling/events/task/TaskSuccessResult done
Event: 48.304 loading class org/gradle/tooling/events/task/TaskFailureResult
Event: 48.304 loading class org/gradle/tooling/events/task/TaskFailureResult done
Event: 48.304 loading class org/gradle/tooling/events/task/TaskFailureResult
Event: 48.304 loading class org/gradle/tooling/events/task/TaskFailureResult done


Dynamic libraries:
0x00007ff7c07c0000 - 0x00007ff7c07cd000 	C:\Program Files\OpenJDK\openjdk-11.0.15_10\bin\java.exe
0x00007ffc2abd0000 - 0x00007ffc2ade4000 	C:\WINDOWS\SYSTEM32\ntdll.dll
0x00007ffc297e0000 - 0x00007ffc298a4000 	C:\WINDOWS\System32\KERNEL32.DLL
0x00007ffc28150000 - 0x00007ffc284f4000 	C:\WINDOWS\System32\KERNELBASE.dll
0x00007ffc28500000 - 0x00007ffc28611000 	C:\WINDOWS\System32\ucrtbase.dll
0x00007ffbf07b0000 - 0x00007ffbf07c6000 	C:\Program Files\OpenJDK\openjdk-11.0.15_10\bin\VCRUNTIME140.dll
0x00007ffbe97b0000 - 0x00007ffbe97c8000 	C:\Program Files\OpenJDK\openjdk-11.0.15_10\bin\jli.dll
0x00007ffc29b10000 - 0x00007ffc29cbe000 	C:\WINDOWS\System32\USER32.dll
0x00007ffc14260000 - 0x00007ffc144f3000 	C:\WINDOWS\WinSxS\amd64_microsoft.windows.common-controls_6595b64144ccf1df_6.0.22621.2215_none_270d72677387dfc3\COMCTL32.dll
0x00007ffc29a60000 - 0x00007ffc29b07000 	C:\WINDOWS\System32\msvcrt.dll
0x00007ffc28120000 - 0x00007ffc28146000 	C:\WINDOWS\System32\win32u.dll
0x00007ffc2aae0000 - 0x00007ffc2ab09000 	C:\WINDOWS\System32\GDI32.dll
0x00007ffc27f80000 - 0x00007ffc28098000 	C:\WINDOWS\System32\gdi32full.dll
0x00007ffc28690000 - 0x00007ffc2872a000 	C:\WINDOWS\System32\msvcp_win.dll
0x00007ffc28ab0000 - 0x00007ffc28ae1000 	C:\WINDOWS\System32\IMM32.DLL
0x00007ffbd1760000 - 0x00007ffbd180a000 	C:\Program Files\OpenJDK\openjdk-11.0.15_10\bin\msvcp140.dll
0x00007ffb81c30000 - 0x00007ffb82781000 	C:\Program Files\OpenJDK\openjdk-11.0.15_10\bin\server\jvm.dll
0x00007ffc29d40000 - 0x00007ffc29df0000 	C:\WINDOWS\System32\ADVAPI32.dll
0x00007ffc28de0000 - 0x00007ffc28e86000 	C:\WINDOWS\System32\sechost.dll
0x00007ffc28af0000 - 0x00007ffc28c07000 	C:\WINDOWS\System32\RPCRT4.dll
0x00007ffc29a50000 - 0x00007ffc29a58000 	C:\WINDOWS\System32\PSAPI.DLL
0x00007ffbe97a0000 - 0x00007ffbe97a9000 	C:\WINDOWS\SYSTEM32\WSOCK32.dll
0x00007ffc1f870000 - 0x00007ffc1f8a4000 	C:\WINDOWS\SYSTEM32\WINMM.dll
0x00007ffc1ffd0000 - 0x00007ffc1ffda000 	C:\WINDOWS\SYSTEM32\VERSION.dll
0x00007ffc29cc0000 - 0x00007ffc29d31000 	C:\WINDOWS\System32\WS2_32.dll
0x00007ffc26f50000 - 0x00007ffc26f68000 	C:\WINDOWS\SYSTEM32\kernel.appcore.dll
0x00007ffbe9780000 - 0x00007ffbe9791000 	C:\Program Files\OpenJDK\openjdk-11.0.15_10\bin\verify.dll
0x00007ffc25990000 - 0x00007ffc25bbe000 	C:\WINDOWS\SYSTEM32\DBGHELP.DLL
0x00007ffc28f50000 - 0x00007ffc292da000 	C:\WINDOWS\System32\combase.dll
0x00007ffc2a6e0000 - 0x00007ffc2a7b7000 	C:\WINDOWS\System32\OLEAUT32.dll
0x00007ffc06f70000 - 0x00007ffc06fa2000 	C:\WINDOWS\SYSTEM32\dbgcore.DLL
0x00007ffc280a0000 - 0x00007ffc2811a000 	C:\WINDOWS\System32\bcryptPrimitives.dll
0x00007ffbe7600000 - 0x00007ffbe7629000 	C:\Program Files\OpenJDK\openjdk-11.0.15_10\bin\java.dll
0x00007ffbd8900000 - 0x00007ffbd890a000 	C:\Program Files\OpenJDK\openjdk-11.0.15_10\bin\jimage.dll
0x00007ffbd88e0000 - 0x00007ffbd88f8000 	C:\Program Files\OpenJDK\openjdk-11.0.15_10\bin\zip.dll
0x00007ffc29e50000 - 0x00007ffc2a673000 	C:\WINDOWS\System32\SHELL32.dll
0x00007ffc25ec0000 - 0x00007ffc267aa000 	C:\WINDOWS\SYSTEM32\windows.storage.dll
0x00007ffc25d80000 - 0x00007ffc25ebe000 	C:\WINDOWS\SYSTEM32\wintypes.dll
0x00007ffc28c30000 - 0x00007ffc28d23000 	C:\WINDOWS\System32\SHCORE.dll
0x00007ffc29df0000 - 0x00007ffc29e4e000 	C:\WINDOWS\System32\shlwapi.dll
0x00007ffc27eb0000 - 0x00007ffc27ed6000 	C:\WINDOWS\SYSTEM32\profapi.dll
0x00007ffbd88c0000 - 0x00007ffbd88d9000 	C:\Program Files\OpenJDK\openjdk-11.0.15_10\bin\net.dll
0x00007ffc1f0f0000 - 0x00007ffc1f227000 	C:\WINDOWS\SYSTEM32\WINHTTP.dll
0x00007ffc27430000 - 0x00007ffc27499000 	C:\WINDOWS\system32\mswsock.dll
0x00007ffbd88a0000 - 0x00007ffbd88b3000 	C:\Program Files\OpenJDK\openjdk-11.0.15_10\bin\nio.dll
0x00007ffbbda70000 - 0x00007ffbbda97000 	C:\Users\hang\.gradle\native\68d5fa5c4cc2d200863cafc0d521ce42e7d3e7ee720ec0a83991735586a16f82\windows-amd64\native-platform.dll
0x00007ffb88cf0000 - 0x00007ffb88e34000 	C:\Users\hang\.gradle\native\e376f236ea51e6404a007f0833ffe2c6e607c4080706a723a18a27aeea778392\windows-amd64\native-platform-file-events.dll
0x00007ffbf33b0000 - 0x00007ffbf33b9000 	C:\Program Files\OpenJDK\openjdk-11.0.15_10\bin\management.dll
0x00007ffbf33a0000 - 0x00007ffbf33ac000 	C:\Program Files\OpenJDK\openjdk-11.0.15_10\bin\management_ext.dll
0x00007ffc276a0000 - 0x00007ffc276bb000 	C:\WINDOWS\SYSTEM32\CRYPTSP.dll
0x00007ffc26f10000 - 0x00007ffc26f45000 	C:\WINDOWS\system32\rsaenh.dll
0x00007ffc27540000 - 0x00007ffc2756c000 	C:\WINDOWS\SYSTEM32\USERENV.dll
0x00007ffc27840000 - 0x00007ffc27868000 	C:\WINDOWS\SYSTEM32\bcrypt.dll
0x00007ffc276c0000 - 0x00007ffc276cc000 	C:\WINDOWS\SYSTEM32\CRYPTBASE.dll
0x00007ffc26a50000 - 0x00007ffc26a7d000 	C:\WINDOWS\SYSTEM32\IPHLPAPI.DLL
0x00007ffc2a7c0000 - 0x00007ffc2a7c9000 	C:\WINDOWS\System32\NSI.dll
0x00007ffc1eea0000 - 0x00007ffc1eeb9000 	C:\WINDOWS\SYSTEM32\dhcpcsvc6.DLL
0x00007ffc1ee80000 - 0x00007ffc1ee9f000 	C:\WINDOWS\SYSTEM32\dhcpcsvc.DLL
0x00007ffc26a80000 - 0x00007ffc26b72000 	C:\WINDOWS\SYSTEM32\DNSAPI.dll

dbghelp: loaded successfully - version: 4.0.5 - missing functions: none
symbol engine: initialized successfully - sym options: 0x614 - pdb path: .;C:\Program Files\OpenJDK\openjdk-11.0.15_10\bin;C:\WINDOWS\SYSTEM32;C:\WINDOWS\WinSxS\amd64_microsoft.windows.common-controls_6595b64144ccf1df_6.0.22621.2215_none_270d72677387dfc3;C:\Program Files\OpenJDK\openjdk-11.0.15_10\bin\server;C:\Users\hang\.gradle\native\68d5fa5c4cc2d200863cafc0d521ce42e7d3e7ee720ec0a83991735586a16f82\windows-amd64;C:\Users\hang\.gradle\native\e376f236ea51e6404a007f0833ffe2c6e607c4080706a723a18a27aeea778392\windows-amd64

VM Arguments:
jvm_args: -XX:MaxMetaspaceSize=512m --add-opens=java.base/java.util=ALL-UNNAMED --add-opens=java.base/java.lang=ALL-UNNAMED --add-opens=java.base/java.lang.invoke=ALL-UNNAMED --add-opens=java.prefs/java.util.prefs=ALL-UNNAMED --add-opens=java.base/java.nio.charset=ALL-UNNAMED --add-opens=java.base/java.net=ALL-UNNAMED --add-opens=java.base/java.util.concurrent.atomic=ALL-UNNAMED -Xmx2048m -Dfile.encoding=windows-1252 -Duser.country=US -Duser.language=en -Duser.variant 
java_command: org.gradle.launcher.daemon.bootstrap.GradleDaemon 8.0.1
java_class_path (initial): C:\Users\hang\.gradle\wrapper\dists\gradle-8.0.1-all\aro4hu1c3oeioove7l0i4i14o\gradle-8.0.1\lib\gradle-launcher-8.0.1.jar
Launcher Type: SUN_STANDARD

[Global flags]
     intx CICompilerCount                          = 4                                         {product} {ergonomic}
   size_t CompressedClassSpaceSize                 = 528482304                                 {product} {ergonomic}
     uint ConcGCThreads                            = 3                                         {product} {ergonomic}
     uint G1ConcRefinementThreads                  = 10                                        {product} {ergonomic}
   size_t G1HeapRegionSize                         = 1048576                                   {product} {ergonomic}
    uintx GCDrainStackTargetSize                   = 64                                        {product} {ergonomic}
   size_t InitialHeapSize                          = 123731968                                 {product} {ergonomic}
   size_t MarkStackSize                            = 4194304                                   {product} {ergonomic}
   size_t MaxHeapSize                              = 2147483648                                {product} {command line}
   size_t MaxMetaspaceSize                         = 536870912                                 {product} {command line}
   size_t MaxNewSize                               = 1287651328                                {product} {ergonomic}
   size_t MinHeapDeltaBytes                        = 1048576                                   {product} {ergonomic}
    uintx NonNMethodCodeHeapSize                   = 5836300                                {pd product} {ergonomic}
    uintx NonProfiledCodeHeapSize                  = 122910970                              {pd product} {ergonomic}
    uintx ProfiledCodeHeapSize                     = 122910970                              {pd product} {ergonomic}
    uintx ReservedCodeCacheSize                    = 251658240                              {pd product} {ergonomic}
     bool SegmentedCodeCache                       = true                                      {product} {ergonomic}
     bool UseCompressedClassPointers               = true                                 {lp64_product} {ergonomic}
     bool UseCompressedOops                        = true                                 {lp64_product} {ergonomic}
     bool UseG1GC                                  = true                                      {product} {ergonomic}
     bool UseLargePagesIndividualAllocation        = false                                  {pd product} {ergonomic}

Logging:
Log output configuration:
 #0: stdout all=warning uptime,level,tags
 #1: stderr all=off uptime,level,tags

Environment Variables:
JAVA_HOME=C:\Program Files\OpenJDK\openjdk-11.0.15_10
CLASSPATH=C:\Users\hang\Documents\CLIPAPP\appclip\android\\gradle\wrapper\gradle-wrapper.jar
PATH=C:\Users\hang\Documents\CLIPAPP\appclip\node_modules\.bin;C:\Users\hang\Documents\CLIPAPP\node_modules\.bin;C:\Users\hang\Documents\node_modules\.bin;C:\Users\hang\node_modules\.bin;C:\Users\node_modules\.bin;C:\node_modules\.bin;C:\Program Files\nodejs\node_modules\npm\node_modules\@npmcli\run-script\lib\node-gyp-bin;C:\Program Files\Microsoft\jdk-11.0.18.10-hotspot\bin;C:\Program Files (x86)\Common Files\Oracle\Java\javapath;C:\Windows\system32;C:\Windows;C:\Windows\System32\Wbem;C:\Windows\System32\WindowsPowerShell\v1.0\;C:\Windows\System32\OpenSSH\;C:\Program Files\NVIDIA Corporation\NVIDIA NvDLISR;C:\Program Files\Microsoft SQL Server\150\Tools\Binn\;C:\Program Files\Microsoft SQL Server\Client SDK\ODBC\170\Tools\Binn\;C:\Program Files\nodejs\;C:\ProgramData\chocolatey\bin;C:\Program Files\OpenJDK\openjdk-11.0.15_10\bin;C:\Program Files (x86)\Microsoft SQL Server\150\DTS\Binn\;C:\Program Files\Azure Data Studio\bin;C:\Program Files (x86)\Microsoft SQL Server\150\Tools\Binn\;C:\Program Files\Microsoft SQL Server\150\DTS\Binn\;C:\Program Files\Git\cmd;C:\Program Files\dotnet\;C:\WINDOWS\system32;C:\WINDOWS;C:\WINDOWS\System32\Wbem;C:\WINDOWS\System32\WindowsPowerShell\v1.0\;C:\WINDOWS\System32\OpenSSH\;C:\Users\hang\AppData\Local\Pub\Cache\bin;C:\Users\hang\AppData\Local\Yarn\Data\global;C:\Users\hang\AppData\Roaming\npm\node_modules\@tensorflow\tfjs-converter;;C:\Program Files\Docker\Docker\resources\bin;C:\Users\hang\AppData\Local\Programs\Python\Python310\Scripts\;C:\Users\hang\AppData\Local\Programs\Python\Python310\;C:\Users\hang\AppData\Local\Microsoft\WindowsApps;C:\Users\hang\AppData\Local\Programs\Microsoft VS Code\bin;C:\Users\hang\AppData\Roaming\npm;C:\Users\hang\AppData\Local\Android\Sdk\platform-tools;C:\Program Files\Azure Data Studio\bin;C:\flutter\bin;
USERNAME=hang
LANG=en_US.UTF-8
OS=Windows_NT
PROCESSOR_IDENTIFIER=AMD64 Family 23 Model 104 Stepping 1, AuthenticAMD



---------------  S Y S T E M  ---------------

OS: Windows 11 , 64 bit Build 22621 (10.0.22621.2215)
OS uptime: 0 days 0:05 hours
Hyper-V role detected

CPU:total 12 (initial active 12) (12 cores per cpu, 2 threads per core) family 23 model 104 stepping 1 microcode 0x0, cmov, cx8, fxsr, mmx, sse, sse2, sse3, ssse3, sse4.1, sse4.2, popcnt, avx, avx2, aes, clmul, mmxext, 3dnowpref, lzcnt, sse4a, ht, tsc, tscinvbit, tscinv, bmi1, bmi2, adx, sha, fma

Memory: 4k page, system-wide physical 7530M (240M free)
TotalPageFile size 13392M (AvailPageFile size 2M)
current process WorkingSet (physical memory assigned to process): 485M, peak: 485M
current process commit charge ("private bytes"): 574M, peak: 576M

vm_info: OpenJDK 64-Bit Server VM (11.0.15+10) for windows-amd64 JRE (11.0.15+10), built on Apr 21 2022 21:29:46 by "tester" with MS VC++ 15.5 (VS2017)

END.
